[2024-09-29T05:12:02.781+0000] {processor.py:157} INFO - Started process (PID=29608) to work on /workspaces/hands-on-introduction-data-engineering-4395021/airflow/dags/one_task_dag.py
[2024-09-29T05:12:02.782+0000] {processor.py:826} INFO - Processing file /workspaces/hands-on-introduction-data-engineering-4395021/airflow/dags/one_task_dag.py for tasks to queue
[2024-09-29T05:12:02.782+0000] {logging_mixin.py:150} INFO - [2024-09-29T05:12:02.782+0000] {dagbag.py:541} INFO - Filling up the DagBag from /workspaces/hands-on-introduction-data-engineering-4395021/airflow/dags/one_task_dag.py
[2024-09-29T05:12:02.790+0000] {processor.py:836} INFO - DAG(s) dict_keys(['one_task_dag']) retrieved from /workspaces/hands-on-introduction-data-engineering-4395021/airflow/dags/one_task_dag.py
[2024-09-29T05:12:03.006+0000] {logging_mixin.py:150} INFO - [2024-09-29T05:12:03.005+0000] {manager.py:504} INFO - Created Permission View: can delete on DAG:one_task_dag
[2024-09-29T05:12:03.069+0000] {logging_mixin.py:150} INFO - [2024-09-29T05:12:03.068+0000] {manager.py:504} INFO - Created Permission View: can edit on DAG:one_task_dag
[2024-09-29T05:12:03.130+0000] {logging_mixin.py:150} INFO - [2024-09-29T05:12:03.130+0000] {manager.py:504} INFO - Created Permission View: can read on DAG:one_task_dag
[2024-09-29T05:12:03.138+0000] {logging_mixin.py:150} INFO - [2024-09-29T05:12:03.138+0000] {dag.py:2742} INFO - Sync 1 DAGs
[2024-09-29T05:12:03.145+0000] {logging_mixin.py:150} INFO - [2024-09-29T05:12:03.145+0000] {dag.py:2763} INFO - Creating ORM DAG for one_task_dag
[2024-09-29T05:12:03.151+0000] {logging_mixin.py:150} INFO - [2024-09-29T05:12:03.151+0000] {dag.py:3504} INFO - Setting next_dagrun for one_task_dag to None, run_after=None
[2024-09-29T05:12:03.209+0000] {processor.py:179} INFO - Processing /workspaces/hands-on-introduction-data-engineering-4395021/airflow/dags/one_task_dag.py took 0.430 seconds
[2024-09-29T05:12:33.548+0000] {processor.py:157} INFO - Started process (PID=29868) to work on /workspaces/hands-on-introduction-data-engineering-4395021/airflow/dags/one_task_dag.py
[2024-09-29T05:12:33.548+0000] {processor.py:826} INFO - Processing file /workspaces/hands-on-introduction-data-engineering-4395021/airflow/dags/one_task_dag.py for tasks to queue
[2024-09-29T05:12:33.549+0000] {logging_mixin.py:150} INFO - [2024-09-29T05:12:33.549+0000] {dagbag.py:541} INFO - Filling up the DagBag from /workspaces/hands-on-introduction-data-engineering-4395021/airflow/dags/one_task_dag.py
[2024-09-29T05:12:33.556+0000] {processor.py:836} INFO - DAG(s) dict_keys(['one_task_dag']) retrieved from /workspaces/hands-on-introduction-data-engineering-4395021/airflow/dags/one_task_dag.py
[2024-09-29T05:12:33.572+0000] {logging_mixin.py:150} INFO - [2024-09-29T05:12:33.572+0000] {dag.py:2742} INFO - Sync 1 DAGs
[2024-09-29T05:12:33.590+0000] {logging_mixin.py:150} INFO - [2024-09-29T05:12:33.590+0000] {dag.py:3504} INFO - Setting next_dagrun for one_task_dag to None, run_after=None
[2024-09-29T05:12:33.672+0000] {processor.py:179} INFO - Processing /workspaces/hands-on-introduction-data-engineering-4395021/airflow/dags/one_task_dag.py took 0.127 seconds
[2024-09-29T05:13:03.887+0000] {processor.py:157} INFO - Started process (PID=30151) to work on /workspaces/hands-on-introduction-data-engineering-4395021/airflow/dags/one_task_dag.py
[2024-09-29T05:13:03.888+0000] {processor.py:826} INFO - Processing file /workspaces/hands-on-introduction-data-engineering-4395021/airflow/dags/one_task_dag.py for tasks to queue
[2024-09-29T05:13:03.888+0000] {logging_mixin.py:150} INFO - [2024-09-29T05:13:03.888+0000] {dagbag.py:541} INFO - Filling up the DagBag from /workspaces/hands-on-introduction-data-engineering-4395021/airflow/dags/one_task_dag.py
[2024-09-29T05:13:03.896+0000] {processor.py:836} INFO - DAG(s) dict_keys(['one_task_dag']) retrieved from /workspaces/hands-on-introduction-data-engineering-4395021/airflow/dags/one_task_dag.py
[2024-09-29T05:13:03.912+0000] {logging_mixin.py:150} INFO - [2024-09-29T05:13:03.912+0000] {dag.py:2742} INFO - Sync 1 DAGs
[2024-09-29T05:13:03.926+0000] {logging_mixin.py:150} INFO - [2024-09-29T05:13:03.926+0000] {dag.py:3504} INFO - Setting next_dagrun for one_task_dag to None, run_after=None
[2024-09-29T05:13:03.985+0000] {processor.py:179} INFO - Processing /workspaces/hands-on-introduction-data-engineering-4395021/airflow/dags/one_task_dag.py took 0.100 seconds
[2024-09-29T05:13:34.479+0000] {processor.py:157} INFO - Started process (PID=30351) to work on /workspaces/hands-on-introduction-data-engineering-4395021/airflow/dags/one_task_dag.py
[2024-09-29T05:13:34.480+0000] {processor.py:826} INFO - Processing file /workspaces/hands-on-introduction-data-engineering-4395021/airflow/dags/one_task_dag.py for tasks to queue
[2024-09-29T05:13:34.480+0000] {logging_mixin.py:150} INFO - [2024-09-29T05:13:34.480+0000] {dagbag.py:541} INFO - Filling up the DagBag from /workspaces/hands-on-introduction-data-engineering-4395021/airflow/dags/one_task_dag.py
[2024-09-29T05:13:34.488+0000] {processor.py:836} INFO - DAG(s) dict_keys(['one_task_dag']) retrieved from /workspaces/hands-on-introduction-data-engineering-4395021/airflow/dags/one_task_dag.py
[2024-09-29T05:13:34.583+0000] {logging_mixin.py:150} INFO - [2024-09-29T05:13:34.583+0000] {dag.py:2742} INFO - Sync 1 DAGs
[2024-09-29T05:13:34.598+0000] {logging_mixin.py:150} INFO - [2024-09-29T05:13:34.598+0000] {dag.py:3504} INFO - Setting next_dagrun for one_task_dag to None, run_after=None
[2024-09-29T05:13:34.647+0000] {processor.py:179} INFO - Processing /workspaces/hands-on-introduction-data-engineering-4395021/airflow/dags/one_task_dag.py took 0.172 seconds
[2024-09-29T05:14:05.118+0000] {processor.py:157} INFO - Started process (PID=30553) to work on /workspaces/hands-on-introduction-data-engineering-4395021/airflow/dags/one_task_dag.py
[2024-09-29T05:14:05.119+0000] {processor.py:826} INFO - Processing file /workspaces/hands-on-introduction-data-engineering-4395021/airflow/dags/one_task_dag.py for tasks to queue
[2024-09-29T05:14:05.120+0000] {logging_mixin.py:150} INFO - [2024-09-29T05:14:05.119+0000] {dagbag.py:541} INFO - Filling up the DagBag from /workspaces/hands-on-introduction-data-engineering-4395021/airflow/dags/one_task_dag.py
[2024-09-29T05:14:05.127+0000] {processor.py:836} INFO - DAG(s) dict_keys(['one_task_dag']) retrieved from /workspaces/hands-on-introduction-data-engineering-4395021/airflow/dags/one_task_dag.py
[2024-09-29T05:14:05.143+0000] {logging_mixin.py:150} INFO - [2024-09-29T05:14:05.143+0000] {dag.py:2742} INFO - Sync 1 DAGs
[2024-09-29T05:14:05.158+0000] {logging_mixin.py:150} INFO - [2024-09-29T05:14:05.158+0000] {dag.py:3504} INFO - Setting next_dagrun for one_task_dag to None, run_after=None
[2024-09-29T05:14:05.217+0000] {processor.py:179} INFO - Processing /workspaces/hands-on-introduction-data-engineering-4395021/airflow/dags/one_task_dag.py took 0.101 seconds
[2024-09-29T05:14:35.378+0000] {processor.py:157} INFO - Started process (PID=30830) to work on /workspaces/hands-on-introduction-data-engineering-4395021/airflow/dags/one_task_dag.py
[2024-09-29T05:14:35.378+0000] {processor.py:826} INFO - Processing file /workspaces/hands-on-introduction-data-engineering-4395021/airflow/dags/one_task_dag.py for tasks to queue
[2024-09-29T05:14:35.379+0000] {logging_mixin.py:150} INFO - [2024-09-29T05:14:35.379+0000] {dagbag.py:541} INFO - Filling up the DagBag from /workspaces/hands-on-introduction-data-engineering-4395021/airflow/dags/one_task_dag.py
[2024-09-29T05:14:35.387+0000] {processor.py:836} INFO - DAG(s) dict_keys(['one_task_dag']) retrieved from /workspaces/hands-on-introduction-data-engineering-4395021/airflow/dags/one_task_dag.py
[2024-09-29T05:14:35.403+0000] {logging_mixin.py:150} INFO - [2024-09-29T05:14:35.403+0000] {dag.py:2742} INFO - Sync 1 DAGs
[2024-09-29T05:14:35.417+0000] {logging_mixin.py:150} INFO - [2024-09-29T05:14:35.417+0000] {dag.py:3504} INFO - Setting next_dagrun for one_task_dag to None, run_after=None
[2024-09-29T05:14:35.501+0000] {processor.py:179} INFO - Processing /workspaces/hands-on-introduction-data-engineering-4395021/airflow/dags/one_task_dag.py took 0.126 seconds
[2024-09-29T05:15:05.644+0000] {processor.py:157} INFO - Started process (PID=31047) to work on /workspaces/hands-on-introduction-data-engineering-4395021/airflow/dags/one_task_dag.py
[2024-09-29T05:15:05.645+0000] {processor.py:826} INFO - Processing file /workspaces/hands-on-introduction-data-engineering-4395021/airflow/dags/one_task_dag.py for tasks to queue
[2024-09-29T05:15:05.646+0000] {logging_mixin.py:150} INFO - [2024-09-29T05:15:05.645+0000] {dagbag.py:541} INFO - Filling up the DagBag from /workspaces/hands-on-introduction-data-engineering-4395021/airflow/dags/one_task_dag.py
[2024-09-29T05:15:05.657+0000] {processor.py:836} INFO - DAG(s) dict_keys(['one_task_dag']) retrieved from /workspaces/hands-on-introduction-data-engineering-4395021/airflow/dags/one_task_dag.py
[2024-09-29T05:15:05.684+0000] {logging_mixin.py:150} INFO - [2024-09-29T05:15:05.684+0000] {dag.py:2742} INFO - Sync 1 DAGs
[2024-09-29T05:15:05.699+0000] {logging_mixin.py:150} INFO - [2024-09-29T05:15:05.699+0000] {dag.py:3504} INFO - Setting next_dagrun for one_task_dag to None, run_after=None
[2024-09-29T05:15:05.799+0000] {processor.py:179} INFO - Processing /workspaces/hands-on-introduction-data-engineering-4395021/airflow/dags/one_task_dag.py took 0.159 seconds
[2024-09-29T05:15:35.901+0000] {processor.py:157} INFO - Started process (PID=31227) to work on /workspaces/hands-on-introduction-data-engineering-4395021/airflow/dags/one_task_dag.py
[2024-09-29T05:15:35.901+0000] {processor.py:826} INFO - Processing file /workspaces/hands-on-introduction-data-engineering-4395021/airflow/dags/one_task_dag.py for tasks to queue
[2024-09-29T05:15:35.902+0000] {logging_mixin.py:150} INFO - [2024-09-29T05:15:35.902+0000] {dagbag.py:541} INFO - Filling up the DagBag from /workspaces/hands-on-introduction-data-engineering-4395021/airflow/dags/one_task_dag.py
[2024-09-29T05:15:35.910+0000] {processor.py:836} INFO - DAG(s) dict_keys(['one_task_dag']) retrieved from /workspaces/hands-on-introduction-data-engineering-4395021/airflow/dags/one_task_dag.py
[2024-09-29T05:15:35.926+0000] {logging_mixin.py:150} INFO - [2024-09-29T05:15:35.926+0000] {dag.py:2742} INFO - Sync 1 DAGs
[2024-09-29T05:15:35.940+0000] {logging_mixin.py:150} INFO - [2024-09-29T05:15:35.940+0000] {dag.py:3504} INFO - Setting next_dagrun for one_task_dag to None, run_after=None
[2024-09-29T05:15:36.042+0000] {processor.py:179} INFO - Processing /workspaces/hands-on-introduction-data-engineering-4395021/airflow/dags/one_task_dag.py took 0.143 seconds
[2024-09-29T05:16:06.159+0000] {processor.py:157} INFO - Started process (PID=31430) to work on /workspaces/hands-on-introduction-data-engineering-4395021/airflow/dags/one_task_dag.py
[2024-09-29T05:16:06.160+0000] {processor.py:826} INFO - Processing file /workspaces/hands-on-introduction-data-engineering-4395021/airflow/dags/one_task_dag.py for tasks to queue
[2024-09-29T05:16:06.161+0000] {logging_mixin.py:150} INFO - [2024-09-29T05:16:06.160+0000] {dagbag.py:541} INFO - Filling up the DagBag from /workspaces/hands-on-introduction-data-engineering-4395021/airflow/dags/one_task_dag.py
[2024-09-29T05:16:06.168+0000] {processor.py:836} INFO - DAG(s) dict_keys(['one_task_dag']) retrieved from /workspaces/hands-on-introduction-data-engineering-4395021/airflow/dags/one_task_dag.py
[2024-09-29T05:16:06.184+0000] {logging_mixin.py:150} INFO - [2024-09-29T05:16:06.184+0000] {dag.py:2742} INFO - Sync 1 DAGs
[2024-09-29T05:16:06.198+0000] {logging_mixin.py:150} INFO - [2024-09-29T05:16:06.198+0000] {dag.py:3504} INFO - Setting next_dagrun for one_task_dag to None, run_after=None
[2024-09-29T05:16:06.278+0000] {processor.py:179} INFO - Processing /workspaces/hands-on-introduction-data-engineering-4395021/airflow/dags/one_task_dag.py took 0.121 seconds
