[2024-09-29T05:22:03.354+0000] {processor.py:157} INFO - Started process (PID=34285) to work on /workspaces/hands-on-introduction-data-engineering-4395021/airflow/dags/two_task_dag.py
[2024-09-29T05:22:03.355+0000] {processor.py:826} INFO - Processing file /workspaces/hands-on-introduction-data-engineering-4395021/airflow/dags/two_task_dag.py for tasks to queue
[2024-09-29T05:22:03.355+0000] {logging_mixin.py:150} INFO - [2024-09-29T05:22:03.355+0000] {dagbag.py:541} INFO - Filling up the DagBag from /workspaces/hands-on-introduction-data-engineering-4395021/airflow/dags/two_task_dag.py
[2024-09-29T05:22:03.363+0000] {processor.py:836} INFO - DAG(s) dict_keys(['two_task_dag']) retrieved from /workspaces/hands-on-introduction-data-engineering-4395021/airflow/dags/two_task_dag.py
[2024-09-29T05:22:03.533+0000] {logging_mixin.py:150} INFO - [2024-09-29T05:22:03.533+0000] {manager.py:504} INFO - Created Permission View: can delete on DAG:two_task_dag
[2024-09-29T05:22:03.617+0000] {logging_mixin.py:150} INFO - [2024-09-29T05:22:03.617+0000] {manager.py:504} INFO - Created Permission View: can edit on DAG:two_task_dag
[2024-09-29T05:22:03.668+0000] {logging_mixin.py:150} INFO - [2024-09-29T05:22:03.667+0000] {manager.py:504} INFO - Created Permission View: can read on DAG:two_task_dag
[2024-09-29T05:22:03.677+0000] {logging_mixin.py:150} INFO - [2024-09-29T05:22:03.677+0000] {dag.py:2742} INFO - Sync 1 DAGs
[2024-09-29T05:22:03.684+0000] {logging_mixin.py:150} INFO - [2024-09-29T05:22:03.684+0000] {dag.py:2763} INFO - Creating ORM DAG for two_task_dag
[2024-09-29T05:22:03.690+0000] {logging_mixin.py:150} INFO - [2024-09-29T05:22:03.690+0000] {dag.py:3504} INFO - Setting next_dagrun for two_task_dag to None, run_after=None
[2024-09-29T05:22:03.781+0000] {processor.py:179} INFO - Processing /workspaces/hands-on-introduction-data-engineering-4395021/airflow/dags/two_task_dag.py took 0.429 seconds
[2024-09-29T05:22:34.404+0000] {processor.py:157} INFO - Started process (PID=34488) to work on /workspaces/hands-on-introduction-data-engineering-4395021/airflow/dags/two_task_dag.py
[2024-09-29T05:22:34.405+0000] {processor.py:826} INFO - Processing file /workspaces/hands-on-introduction-data-engineering-4395021/airflow/dags/two_task_dag.py for tasks to queue
[2024-09-29T05:22:34.406+0000] {logging_mixin.py:150} INFO - [2024-09-29T05:22:34.406+0000] {dagbag.py:541} INFO - Filling up the DagBag from /workspaces/hands-on-introduction-data-engineering-4395021/airflow/dags/two_task_dag.py
[2024-09-29T05:22:34.414+0000] {processor.py:836} INFO - DAG(s) dict_keys(['two_task_dag']) retrieved from /workspaces/hands-on-introduction-data-engineering-4395021/airflow/dags/two_task_dag.py
[2024-09-29T05:22:34.430+0000] {logging_mixin.py:150} INFO - [2024-09-29T05:22:34.430+0000] {dag.py:2742} INFO - Sync 1 DAGs
[2024-09-29T05:22:34.444+0000] {logging_mixin.py:150} INFO - [2024-09-29T05:22:34.444+0000] {dag.py:3504} INFO - Setting next_dagrun for two_task_dag to None, run_after=None
[2024-09-29T05:22:34.532+0000] {processor.py:179} INFO - Processing /workspaces/hands-on-introduction-data-engineering-4395021/airflow/dags/two_task_dag.py took 0.130 seconds
[2024-09-29T05:23:04.920+0000] {processor.py:157} INFO - Started process (PID=34698) to work on /workspaces/hands-on-introduction-data-engineering-4395021/airflow/dags/two_task_dag.py
[2024-09-29T05:23:04.921+0000] {processor.py:826} INFO - Processing file /workspaces/hands-on-introduction-data-engineering-4395021/airflow/dags/two_task_dag.py for tasks to queue
[2024-09-29T05:23:04.922+0000] {logging_mixin.py:150} INFO - [2024-09-29T05:23:04.921+0000] {dagbag.py:541} INFO - Filling up the DagBag from /workspaces/hands-on-introduction-data-engineering-4395021/airflow/dags/two_task_dag.py
[2024-09-29T05:23:04.929+0000] {processor.py:836} INFO - DAG(s) dict_keys(['two_task_dag']) retrieved from /workspaces/hands-on-introduction-data-engineering-4395021/airflow/dags/two_task_dag.py
[2024-09-29T05:23:04.945+0000] {logging_mixin.py:150} INFO - [2024-09-29T05:23:04.945+0000] {dag.py:2742} INFO - Sync 1 DAGs
[2024-09-29T05:23:04.960+0000] {logging_mixin.py:150} INFO - [2024-09-29T05:23:04.960+0000] {dag.py:3504} INFO - Setting next_dagrun for two_task_dag to None, run_after=None
[2024-09-29T05:23:05.051+0000] {processor.py:179} INFO - Processing /workspaces/hands-on-introduction-data-engineering-4395021/airflow/dags/two_task_dag.py took 0.133 seconds
[2024-09-29T05:23:35.884+0000] {processor.py:157} INFO - Started process (PID=34926) to work on /workspaces/hands-on-introduction-data-engineering-4395021/airflow/dags/two_task_dag.py
[2024-09-29T05:23:35.885+0000] {processor.py:826} INFO - Processing file /workspaces/hands-on-introduction-data-engineering-4395021/airflow/dags/two_task_dag.py for tasks to queue
[2024-09-29T05:23:35.886+0000] {logging_mixin.py:150} INFO - [2024-09-29T05:23:35.885+0000] {dagbag.py:541} INFO - Filling up the DagBag from /workspaces/hands-on-introduction-data-engineering-4395021/airflow/dags/two_task_dag.py
[2024-09-29T05:23:35.894+0000] {processor.py:836} INFO - DAG(s) dict_keys(['two_task_dag']) retrieved from /workspaces/hands-on-introduction-data-engineering-4395021/airflow/dags/two_task_dag.py
[2024-09-29T05:23:35.912+0000] {logging_mixin.py:150} INFO - [2024-09-29T05:23:35.911+0000] {dag.py:2742} INFO - Sync 1 DAGs
[2024-09-29T05:23:35.926+0000] {logging_mixin.py:150} INFO - [2024-09-29T05:23:35.926+0000] {dag.py:3504} INFO - Setting next_dagrun for two_task_dag to None, run_after=None
[2024-09-29T05:23:35.980+0000] {processor.py:179} INFO - Processing /workspaces/hands-on-introduction-data-engineering-4395021/airflow/dags/two_task_dag.py took 0.098 seconds
[2024-09-29T05:24:06.447+0000] {processor.py:157} INFO - Started process (PID=35152) to work on /workspaces/hands-on-introduction-data-engineering-4395021/airflow/dags/two_task_dag.py
[2024-09-29T05:24:06.448+0000] {processor.py:826} INFO - Processing file /workspaces/hands-on-introduction-data-engineering-4395021/airflow/dags/two_task_dag.py for tasks to queue
[2024-09-29T05:24:06.448+0000] {logging_mixin.py:150} INFO - [2024-09-29T05:24:06.448+0000] {dagbag.py:541} INFO - Filling up the DagBag from /workspaces/hands-on-introduction-data-engineering-4395021/airflow/dags/two_task_dag.py
[2024-09-29T05:24:06.457+0000] {processor.py:836} INFO - DAG(s) dict_keys(['two_task_dag']) retrieved from /workspaces/hands-on-introduction-data-engineering-4395021/airflow/dags/two_task_dag.py
[2024-09-29T05:24:06.473+0000] {logging_mixin.py:150} INFO - [2024-09-29T05:24:06.473+0000] {dag.py:2742} INFO - Sync 1 DAGs
[2024-09-29T05:24:06.487+0000] {logging_mixin.py:150} INFO - [2024-09-29T05:24:06.487+0000] {dag.py:3504} INFO - Setting next_dagrun for two_task_dag to None, run_after=None
[2024-09-29T05:24:06.544+0000] {processor.py:179} INFO - Processing /workspaces/hands-on-introduction-data-engineering-4395021/airflow/dags/two_task_dag.py took 0.099 seconds
[2024-09-29T05:24:37.014+0000] {processor.py:157} INFO - Started process (PID=35399) to work on /workspaces/hands-on-introduction-data-engineering-4395021/airflow/dags/two_task_dag.py
[2024-09-29T05:24:37.014+0000] {processor.py:826} INFO - Processing file /workspaces/hands-on-introduction-data-engineering-4395021/airflow/dags/two_task_dag.py for tasks to queue
[2024-09-29T05:24:37.015+0000] {logging_mixin.py:150} INFO - [2024-09-29T05:24:37.015+0000] {dagbag.py:541} INFO - Filling up the DagBag from /workspaces/hands-on-introduction-data-engineering-4395021/airflow/dags/two_task_dag.py
[2024-09-29T05:24:37.023+0000] {processor.py:836} INFO - DAG(s) dict_keys(['two_task_dag']) retrieved from /workspaces/hands-on-introduction-data-engineering-4395021/airflow/dags/two_task_dag.py
[2024-09-29T05:24:37.039+0000] {logging_mixin.py:150} INFO - [2024-09-29T05:24:37.039+0000] {dag.py:2742} INFO - Sync 1 DAGs
[2024-09-29T05:24:37.053+0000] {logging_mixin.py:150} INFO - [2024-09-29T05:24:37.053+0000] {dag.py:3504} INFO - Setting next_dagrun for two_task_dag to None, run_after=None
[2024-09-29T05:24:37.117+0000] {processor.py:179} INFO - Processing /workspaces/hands-on-introduction-data-engineering-4395021/airflow/dags/two_task_dag.py took 0.105 seconds
[2024-09-29T05:25:07.481+0000] {processor.py:157} INFO - Started process (PID=35623) to work on /workspaces/hands-on-introduction-data-engineering-4395021/airflow/dags/two_task_dag.py
[2024-09-29T05:25:07.482+0000] {processor.py:826} INFO - Processing file /workspaces/hands-on-introduction-data-engineering-4395021/airflow/dags/two_task_dag.py for tasks to queue
[2024-09-29T05:25:07.483+0000] {logging_mixin.py:150} INFO - [2024-09-29T05:25:07.482+0000] {dagbag.py:541} INFO - Filling up the DagBag from /workspaces/hands-on-introduction-data-engineering-4395021/airflow/dags/two_task_dag.py
[2024-09-29T05:25:07.491+0000] {processor.py:836} INFO - DAG(s) dict_keys(['two_task_dag']) retrieved from /workspaces/hands-on-introduction-data-engineering-4395021/airflow/dags/two_task_dag.py
[2024-09-29T05:25:07.737+0000] {logging_mixin.py:150} INFO - [2024-09-29T05:25:07.737+0000] {dag.py:2742} INFO - Sync 1 DAGs
[2024-09-29T05:25:07.807+0000] {logging_mixin.py:150} INFO - [2024-09-29T05:25:07.807+0000] {dag.py:3504} INFO - Setting next_dagrun for two_task_dag to None, run_after=None
[2024-09-29T05:25:07.952+0000] {processor.py:179} INFO - Processing /workspaces/hands-on-introduction-data-engineering-4395021/airflow/dags/two_task_dag.py took 0.474 seconds
[2024-09-29T05:25:39.894+0000] {processor.py:157} INFO - Started process (PID=35818) to work on /workspaces/hands-on-introduction-data-engineering-4395021/airflow/dags/two_task_dag.py
[2024-09-29T05:25:39.895+0000] {processor.py:826} INFO - Processing file /workspaces/hands-on-introduction-data-engineering-4395021/airflow/dags/two_task_dag.py for tasks to queue
[2024-09-29T05:25:39.896+0000] {logging_mixin.py:150} INFO - [2024-09-29T05:25:39.895+0000] {dagbag.py:541} INFO - Filling up the DagBag from /workspaces/hands-on-introduction-data-engineering-4395021/airflow/dags/two_task_dag.py
[2024-09-29T05:25:39.904+0000] {processor.py:836} INFO - DAG(s) dict_keys(['two_task_dag']) retrieved from /workspaces/hands-on-introduction-data-engineering-4395021/airflow/dags/two_task_dag.py
[2024-09-29T05:25:40.732+0000] {logging_mixin.py:150} INFO - [2024-09-29T05:25:40.732+0000] {dag.py:2742} INFO - Sync 1 DAGs
[2024-09-29T05:25:40.810+0000] {logging_mixin.py:150} INFO - [2024-09-29T05:25:40.810+0000] {dag.py:3504} INFO - Setting next_dagrun for two_task_dag to None, run_after=None
[2024-09-29T05:25:40.955+0000] {processor.py:179} INFO - Processing /workspaces/hands-on-introduction-data-engineering-4395021/airflow/dags/two_task_dag.py took 1.064 seconds
[2024-09-29T05:26:11.047+0000] {processor.py:157} INFO - Started process (PID=35995) to work on /workspaces/hands-on-introduction-data-engineering-4395021/airflow/dags/two_task_dag.py
[2024-09-29T05:26:11.048+0000] {processor.py:826} INFO - Processing file /workspaces/hands-on-introduction-data-engineering-4395021/airflow/dags/two_task_dag.py for tasks to queue
[2024-09-29T05:26:11.049+0000] {logging_mixin.py:150} INFO - [2024-09-29T05:26:11.049+0000] {dagbag.py:541} INFO - Filling up the DagBag from /workspaces/hands-on-introduction-data-engineering-4395021/airflow/dags/two_task_dag.py
[2024-09-29T05:26:11.061+0000] {processor.py:836} INFO - DAG(s) dict_keys(['two_task_dag']) retrieved from /workspaces/hands-on-introduction-data-engineering-4395021/airflow/dags/two_task_dag.py
[2024-09-29T05:26:11.083+0000] {logging_mixin.py:150} INFO - [2024-09-29T05:26:11.083+0000] {dag.py:2742} INFO - Sync 1 DAGs
[2024-09-29T05:26:11.097+0000] {logging_mixin.py:150} INFO - [2024-09-29T05:26:11.097+0000] {dag.py:3504} INFO - Setting next_dagrun for two_task_dag to None, run_after=None
[2024-09-29T05:26:11.170+0000] {processor.py:179} INFO - Processing /workspaces/hands-on-introduction-data-engineering-4395021/airflow/dags/two_task_dag.py took 0.125 seconds
[2024-09-29T05:26:41.850+0000] {processor.py:157} INFO - Started process (PID=36208) to work on /workspaces/hands-on-introduction-data-engineering-4395021/airflow/dags/two_task_dag.py
[2024-09-29T05:26:41.851+0000] {processor.py:826} INFO - Processing file /workspaces/hands-on-introduction-data-engineering-4395021/airflow/dags/two_task_dag.py for tasks to queue
[2024-09-29T05:26:41.851+0000] {logging_mixin.py:150} INFO - [2024-09-29T05:26:41.851+0000] {dagbag.py:541} INFO - Filling up the DagBag from /workspaces/hands-on-introduction-data-engineering-4395021/airflow/dags/two_task_dag.py
[2024-09-29T05:26:41.861+0000] {processor.py:836} INFO - DAG(s) dict_keys(['two_task_dag']) retrieved from /workspaces/hands-on-introduction-data-engineering-4395021/airflow/dags/two_task_dag.py
[2024-09-29T05:26:41.881+0000] {logging_mixin.py:150} INFO - [2024-09-29T05:26:41.880+0000] {dag.py:2742} INFO - Sync 1 DAGs
[2024-09-29T05:26:41.894+0000] {logging_mixin.py:150} INFO - [2024-09-29T05:26:41.894+0000] {dag.py:3504} INFO - Setting next_dagrun for two_task_dag to None, run_after=None
[2024-09-29T05:26:41.949+0000] {processor.py:179} INFO - Processing /workspaces/hands-on-introduction-data-engineering-4395021/airflow/dags/two_task_dag.py took 0.101 seconds
[2024-09-29T05:27:12.767+0000] {processor.py:157} INFO - Started process (PID=36432) to work on /workspaces/hands-on-introduction-data-engineering-4395021/airflow/dags/two_task_dag.py
[2024-09-29T05:27:12.768+0000] {processor.py:826} INFO - Processing file /workspaces/hands-on-introduction-data-engineering-4395021/airflow/dags/two_task_dag.py for tasks to queue
[2024-09-29T05:27:12.769+0000] {logging_mixin.py:150} INFO - [2024-09-29T05:27:12.768+0000] {dagbag.py:541} INFO - Filling up the DagBag from /workspaces/hands-on-introduction-data-engineering-4395021/airflow/dags/two_task_dag.py
[2024-09-29T05:27:12.778+0000] {processor.py:836} INFO - DAG(s) dict_keys(['two_task_dag']) retrieved from /workspaces/hands-on-introduction-data-engineering-4395021/airflow/dags/two_task_dag.py
[2024-09-29T05:27:12.795+0000] {logging_mixin.py:150} INFO - [2024-09-29T05:27:12.795+0000] {dag.py:2742} INFO - Sync 1 DAGs
[2024-09-29T05:27:12.809+0000] {logging_mixin.py:150} INFO - [2024-09-29T05:27:12.809+0000] {dag.py:3504} INFO - Setting next_dagrun for two_task_dag to None, run_after=None
[2024-09-29T05:27:12.868+0000] {processor.py:179} INFO - Processing /workspaces/hands-on-introduction-data-engineering-4395021/airflow/dags/two_task_dag.py took 0.103 seconds
[2024-09-29T05:27:43.102+0000] {processor.py:157} INFO - Started process (PID=36655) to work on /workspaces/hands-on-introduction-data-engineering-4395021/airflow/dags/two_task_dag.py
[2024-09-29T05:27:43.103+0000] {processor.py:826} INFO - Processing file /workspaces/hands-on-introduction-data-engineering-4395021/airflow/dags/two_task_dag.py for tasks to queue
[2024-09-29T05:27:43.104+0000] {logging_mixin.py:150} INFO - [2024-09-29T05:27:43.103+0000] {dagbag.py:541} INFO - Filling up the DagBag from /workspaces/hands-on-introduction-data-engineering-4395021/airflow/dags/two_task_dag.py
[2024-09-29T05:27:43.112+0000] {processor.py:836} INFO - DAG(s) dict_keys(['two_task_dag']) retrieved from /workspaces/hands-on-introduction-data-engineering-4395021/airflow/dags/two_task_dag.py
[2024-09-29T05:27:43.128+0000] {logging_mixin.py:150} INFO - [2024-09-29T05:27:43.128+0000] {dag.py:2742} INFO - Sync 1 DAGs
[2024-09-29T05:27:43.142+0000] {logging_mixin.py:150} INFO - [2024-09-29T05:27:43.142+0000] {dag.py:3504} INFO - Setting next_dagrun for two_task_dag to None, run_after=None
[2024-09-29T05:27:43.219+0000] {processor.py:179} INFO - Processing /workspaces/hands-on-introduction-data-engineering-4395021/airflow/dags/two_task_dag.py took 0.119 seconds
[2024-09-29T05:28:14.190+0000] {processor.py:157} INFO - Started process (PID=36874) to work on /workspaces/hands-on-introduction-data-engineering-4395021/airflow/dags/two_task_dag.py
[2024-09-29T05:28:14.191+0000] {processor.py:826} INFO - Processing file /workspaces/hands-on-introduction-data-engineering-4395021/airflow/dags/two_task_dag.py for tasks to queue
[2024-09-29T05:28:14.191+0000] {logging_mixin.py:150} INFO - [2024-09-29T05:28:14.191+0000] {dagbag.py:541} INFO - Filling up the DagBag from /workspaces/hands-on-introduction-data-engineering-4395021/airflow/dags/two_task_dag.py
[2024-09-29T05:28:14.199+0000] {processor.py:836} INFO - DAG(s) dict_keys(['two_task_dag']) retrieved from /workspaces/hands-on-introduction-data-engineering-4395021/airflow/dags/two_task_dag.py
[2024-09-29T05:28:14.216+0000] {logging_mixin.py:150} INFO - [2024-09-29T05:28:14.216+0000] {dag.py:2742} INFO - Sync 1 DAGs
[2024-09-29T05:28:14.230+0000] {logging_mixin.py:150} INFO - [2024-09-29T05:28:14.230+0000] {dag.py:3504} INFO - Setting next_dagrun for two_task_dag to None, run_after=None
[2024-09-29T05:28:14.304+0000] {processor.py:179} INFO - Processing /workspaces/hands-on-introduction-data-engineering-4395021/airflow/dags/two_task_dag.py took 0.116 seconds
[2024-09-29T05:28:44.781+0000] {processor.py:157} INFO - Started process (PID=37097) to work on /workspaces/hands-on-introduction-data-engineering-4395021/airflow/dags/two_task_dag.py
[2024-09-29T05:28:44.782+0000] {processor.py:826} INFO - Processing file /workspaces/hands-on-introduction-data-engineering-4395021/airflow/dags/two_task_dag.py for tasks to queue
[2024-09-29T05:28:44.783+0000] {logging_mixin.py:150} INFO - [2024-09-29T05:28:44.783+0000] {dagbag.py:541} INFO - Filling up the DagBag from /workspaces/hands-on-introduction-data-engineering-4395021/airflow/dags/two_task_dag.py
[2024-09-29T05:28:44.791+0000] {processor.py:836} INFO - DAG(s) dict_keys(['two_task_dag']) retrieved from /workspaces/hands-on-introduction-data-engineering-4395021/airflow/dags/two_task_dag.py
[2024-09-29T05:28:44.807+0000] {logging_mixin.py:150} INFO - [2024-09-29T05:28:44.807+0000] {dag.py:2742} INFO - Sync 1 DAGs
[2024-09-29T05:28:44.820+0000] {logging_mixin.py:150} INFO - [2024-09-29T05:28:44.820+0000] {dag.py:3504} INFO - Setting next_dagrun for two_task_dag to None, run_after=None
[2024-09-29T05:28:44.884+0000] {processor.py:179} INFO - Processing /workspaces/hands-on-introduction-data-engineering-4395021/airflow/dags/two_task_dag.py took 0.105 seconds
[2024-09-29T05:29:15.040+0000] {processor.py:157} INFO - Started process (PID=37322) to work on /workspaces/hands-on-introduction-data-engineering-4395021/airflow/dags/two_task_dag.py
[2024-09-29T05:29:15.041+0000] {processor.py:826} INFO - Processing file /workspaces/hands-on-introduction-data-engineering-4395021/airflow/dags/two_task_dag.py for tasks to queue
[2024-09-29T05:29:15.042+0000] {logging_mixin.py:150} INFO - [2024-09-29T05:29:15.041+0000] {dagbag.py:541} INFO - Filling up the DagBag from /workspaces/hands-on-introduction-data-engineering-4395021/airflow/dags/two_task_dag.py
[2024-09-29T05:29:15.050+0000] {processor.py:836} INFO - DAG(s) dict_keys(['two_task_dag']) retrieved from /workspaces/hands-on-introduction-data-engineering-4395021/airflow/dags/two_task_dag.py
[2024-09-29T05:29:15.066+0000] {logging_mixin.py:150} INFO - [2024-09-29T05:29:15.066+0000] {dag.py:2742} INFO - Sync 1 DAGs
[2024-09-29T05:29:15.091+0000] {logging_mixin.py:150} INFO - [2024-09-29T05:29:15.091+0000] {dag.py:3504} INFO - Setting next_dagrun for two_task_dag to None, run_after=None
[2024-09-29T05:29:15.151+0000] {processor.py:179} INFO - Processing /workspaces/hands-on-introduction-data-engineering-4395021/airflow/dags/two_task_dag.py took 0.113 seconds
[2024-09-29T05:29:45.303+0000] {processor.py:157} INFO - Started process (PID=37540) to work on /workspaces/hands-on-introduction-data-engineering-4395021/airflow/dags/two_task_dag.py
[2024-09-29T05:29:45.304+0000] {processor.py:826} INFO - Processing file /workspaces/hands-on-introduction-data-engineering-4395021/airflow/dags/two_task_dag.py for tasks to queue
[2024-09-29T05:29:45.304+0000] {logging_mixin.py:150} INFO - [2024-09-29T05:29:45.304+0000] {dagbag.py:541} INFO - Filling up the DagBag from /workspaces/hands-on-introduction-data-engineering-4395021/airflow/dags/two_task_dag.py
[2024-09-29T05:29:45.312+0000] {processor.py:836} INFO - DAG(s) dict_keys(['two_task_dag']) retrieved from /workspaces/hands-on-introduction-data-engineering-4395021/airflow/dags/two_task_dag.py
[2024-09-29T05:29:45.329+0000] {logging_mixin.py:150} INFO - [2024-09-29T05:29:45.329+0000] {dag.py:2742} INFO - Sync 1 DAGs
[2024-09-29T05:29:45.343+0000] {logging_mixin.py:150} INFO - [2024-09-29T05:29:45.343+0000] {dag.py:3504} INFO - Setting next_dagrun for two_task_dag to None, run_after=None
[2024-09-29T05:29:45.406+0000] {processor.py:179} INFO - Processing /workspaces/hands-on-introduction-data-engineering-4395021/airflow/dags/two_task_dag.py took 0.105 seconds
[2024-09-29T05:30:15.561+0000] {processor.py:157} INFO - Started process (PID=37762) to work on /workspaces/hands-on-introduction-data-engineering-4395021/airflow/dags/two_task_dag.py
[2024-09-29T05:30:15.562+0000] {processor.py:826} INFO - Processing file /workspaces/hands-on-introduction-data-engineering-4395021/airflow/dags/two_task_dag.py for tasks to queue
[2024-09-29T05:30:15.562+0000] {logging_mixin.py:150} INFO - [2024-09-29T05:30:15.562+0000] {dagbag.py:541} INFO - Filling up the DagBag from /workspaces/hands-on-introduction-data-engineering-4395021/airflow/dags/two_task_dag.py
[2024-09-29T05:30:15.570+0000] {processor.py:836} INFO - DAG(s) dict_keys(['two_task_dag']) retrieved from /workspaces/hands-on-introduction-data-engineering-4395021/airflow/dags/two_task_dag.py
[2024-09-29T05:30:15.587+0000] {logging_mixin.py:150} INFO - [2024-09-29T05:30:15.587+0000] {dag.py:2742} INFO - Sync 1 DAGs
[2024-09-29T05:30:15.602+0000] {logging_mixin.py:150} INFO - [2024-09-29T05:30:15.602+0000] {dag.py:3504} INFO - Setting next_dagrun for two_task_dag to None, run_after=None
[2024-09-29T05:30:15.699+0000] {processor.py:179} INFO - Processing /workspaces/hands-on-introduction-data-engineering-4395021/airflow/dags/two_task_dag.py took 0.140 seconds
[2024-09-29T05:30:45.820+0000] {processor.py:157} INFO - Started process (PID=37979) to work on /workspaces/hands-on-introduction-data-engineering-4395021/airflow/dags/two_task_dag.py
[2024-09-29T05:30:45.820+0000] {processor.py:826} INFO - Processing file /workspaces/hands-on-introduction-data-engineering-4395021/airflow/dags/two_task_dag.py for tasks to queue
[2024-09-29T05:30:45.821+0000] {logging_mixin.py:150} INFO - [2024-09-29T05:30:45.821+0000] {dagbag.py:541} INFO - Filling up the DagBag from /workspaces/hands-on-introduction-data-engineering-4395021/airflow/dags/two_task_dag.py
[2024-09-29T05:30:45.829+0000] {processor.py:836} INFO - DAG(s) dict_keys(['two_task_dag']) retrieved from /workspaces/hands-on-introduction-data-engineering-4395021/airflow/dags/two_task_dag.py
[2024-09-29T05:30:45.845+0000] {logging_mixin.py:150} INFO - [2024-09-29T05:30:45.845+0000] {dag.py:2742} INFO - Sync 1 DAGs
[2024-09-29T05:30:45.861+0000] {logging_mixin.py:150} INFO - [2024-09-29T05:30:45.861+0000] {dag.py:3504} INFO - Setting next_dagrun for two_task_dag to None, run_after=None
[2024-09-29T05:30:45.924+0000] {processor.py:179} INFO - Processing /workspaces/hands-on-introduction-data-engineering-4395021/airflow/dags/two_task_dag.py took 0.106 seconds
[2024-09-29T05:31:16.079+0000] {processor.py:157} INFO - Started process (PID=38196) to work on /workspaces/hands-on-introduction-data-engineering-4395021/airflow/dags/two_task_dag.py
[2024-09-29T05:31:16.080+0000] {processor.py:826} INFO - Processing file /workspaces/hands-on-introduction-data-engineering-4395021/airflow/dags/two_task_dag.py for tasks to queue
[2024-09-29T05:31:16.080+0000] {logging_mixin.py:150} INFO - [2024-09-29T05:31:16.080+0000] {dagbag.py:541} INFO - Filling up the DagBag from /workspaces/hands-on-introduction-data-engineering-4395021/airflow/dags/two_task_dag.py
[2024-09-29T05:31:16.088+0000] {processor.py:836} INFO - DAG(s) dict_keys(['two_task_dag']) retrieved from /workspaces/hands-on-introduction-data-engineering-4395021/airflow/dags/two_task_dag.py
[2024-09-29T05:31:16.104+0000] {logging_mixin.py:150} INFO - [2024-09-29T05:31:16.104+0000] {dag.py:2742} INFO - Sync 1 DAGs
[2024-09-29T05:31:16.122+0000] {logging_mixin.py:150} INFO - [2024-09-29T05:31:16.122+0000] {dag.py:3504} INFO - Setting next_dagrun for two_task_dag to None, run_after=None
[2024-09-29T05:31:16.188+0000] {processor.py:179} INFO - Processing /workspaces/hands-on-introduction-data-engineering-4395021/airflow/dags/two_task_dag.py took 0.112 seconds
[2024-09-29T05:31:46.345+0000] {processor.py:157} INFO - Started process (PID=38413) to work on /workspaces/hands-on-introduction-data-engineering-4395021/airflow/dags/two_task_dag.py
[2024-09-29T05:31:46.348+0000] {processor.py:826} INFO - Processing file /workspaces/hands-on-introduction-data-engineering-4395021/airflow/dags/two_task_dag.py for tasks to queue
[2024-09-29T05:31:46.349+0000] {logging_mixin.py:150} INFO - [2024-09-29T05:31:46.348+0000] {dagbag.py:541} INFO - Filling up the DagBag from /workspaces/hands-on-introduction-data-engineering-4395021/airflow/dags/two_task_dag.py
[2024-09-29T05:31:46.362+0000] {processor.py:836} INFO - DAG(s) dict_keys(['two_task_dag']) retrieved from /workspaces/hands-on-introduction-data-engineering-4395021/airflow/dags/two_task_dag.py
[2024-09-29T05:31:46.385+0000] {logging_mixin.py:150} INFO - [2024-09-29T05:31:46.385+0000] {dag.py:2742} INFO - Sync 1 DAGs
[2024-09-29T05:31:46.402+0000] {logging_mixin.py:150} INFO - [2024-09-29T05:31:46.402+0000] {dag.py:3504} INFO - Setting next_dagrun for two_task_dag to None, run_after=None
[2024-09-29T05:31:46.458+0000] {processor.py:179} INFO - Processing /workspaces/hands-on-introduction-data-engineering-4395021/airflow/dags/two_task_dag.py took 0.117 seconds
[2024-09-29T05:32:16.612+0000] {processor.py:157} INFO - Started process (PID=38636) to work on /workspaces/hands-on-introduction-data-engineering-4395021/airflow/dags/two_task_dag.py
[2024-09-29T05:32:16.613+0000] {processor.py:826} INFO - Processing file /workspaces/hands-on-introduction-data-engineering-4395021/airflow/dags/two_task_dag.py for tasks to queue
[2024-09-29T05:32:16.614+0000] {logging_mixin.py:150} INFO - [2024-09-29T05:32:16.613+0000] {dagbag.py:541} INFO - Filling up the DagBag from /workspaces/hands-on-introduction-data-engineering-4395021/airflow/dags/two_task_dag.py
[2024-09-29T05:32:16.625+0000] {processor.py:836} INFO - DAG(s) dict_keys(['two_task_dag']) retrieved from /workspaces/hands-on-introduction-data-engineering-4395021/airflow/dags/two_task_dag.py
[2024-09-29T05:32:16.649+0000] {logging_mixin.py:150} INFO - [2024-09-29T05:32:16.649+0000] {dag.py:2742} INFO - Sync 1 DAGs
[2024-09-29T05:32:16.669+0000] {logging_mixin.py:150} INFO - [2024-09-29T05:32:16.669+0000] {dag.py:3504} INFO - Setting next_dagrun for two_task_dag to None, run_after=None
[2024-09-29T05:32:16.747+0000] {processor.py:179} INFO - Processing /workspaces/hands-on-introduction-data-engineering-4395021/airflow/dags/two_task_dag.py took 0.139 seconds
[2024-09-29T05:32:46.870+0000] {processor.py:157} INFO - Started process (PID=38860) to work on /workspaces/hands-on-introduction-data-engineering-4395021/airflow/dags/two_task_dag.py
[2024-09-29T05:32:46.871+0000] {processor.py:826} INFO - Processing file /workspaces/hands-on-introduction-data-engineering-4395021/airflow/dags/two_task_dag.py for tasks to queue
[2024-09-29T05:32:46.872+0000] {logging_mixin.py:150} INFO - [2024-09-29T05:32:46.871+0000] {dagbag.py:541} INFO - Filling up the DagBag from /workspaces/hands-on-introduction-data-engineering-4395021/airflow/dags/two_task_dag.py
[2024-09-29T05:32:46.879+0000] {processor.py:836} INFO - DAG(s) dict_keys(['two_task_dag']) retrieved from /workspaces/hands-on-introduction-data-engineering-4395021/airflow/dags/two_task_dag.py
[2024-09-29T05:32:46.896+0000] {logging_mixin.py:150} INFO - [2024-09-29T05:32:46.896+0000] {dag.py:2742} INFO - Sync 1 DAGs
[2024-09-29T05:32:46.910+0000] {logging_mixin.py:150} INFO - [2024-09-29T05:32:46.910+0000] {dag.py:3504} INFO - Setting next_dagrun for two_task_dag to None, run_after=None
[2024-09-29T05:32:46.976+0000] {processor.py:179} INFO - Processing /workspaces/hands-on-introduction-data-engineering-4395021/airflow/dags/two_task_dag.py took 0.108 seconds
[2024-09-29T05:33:17.130+0000] {processor.py:157} INFO - Started process (PID=39072) to work on /workspaces/hands-on-introduction-data-engineering-4395021/airflow/dags/two_task_dag.py
[2024-09-29T05:33:17.131+0000] {processor.py:826} INFO - Processing file /workspaces/hands-on-introduction-data-engineering-4395021/airflow/dags/two_task_dag.py for tasks to queue
[2024-09-29T05:33:17.131+0000] {logging_mixin.py:150} INFO - [2024-09-29T05:33:17.131+0000] {dagbag.py:541} INFO - Filling up the DagBag from /workspaces/hands-on-introduction-data-engineering-4395021/airflow/dags/two_task_dag.py
[2024-09-29T05:33:17.142+0000] {processor.py:836} INFO - DAG(s) dict_keys(['two_task_dag']) retrieved from /workspaces/hands-on-introduction-data-engineering-4395021/airflow/dags/two_task_dag.py
[2024-09-29T05:33:17.169+0000] {logging_mixin.py:150} INFO - [2024-09-29T05:33:17.169+0000] {dag.py:2742} INFO - Sync 1 DAGs
[2024-09-29T05:33:17.191+0000] {logging_mixin.py:150} INFO - [2024-09-29T05:33:17.191+0000] {dag.py:3504} INFO - Setting next_dagrun for two_task_dag to None, run_after=None
[2024-09-29T05:33:17.289+0000] {processor.py:179} INFO - Processing /workspaces/hands-on-introduction-data-engineering-4395021/airflow/dags/two_task_dag.py took 0.161 seconds
[2024-09-29T05:33:47.395+0000] {processor.py:157} INFO - Started process (PID=39295) to work on /workspaces/hands-on-introduction-data-engineering-4395021/airflow/dags/two_task_dag.py
[2024-09-29T05:33:47.395+0000] {processor.py:826} INFO - Processing file /workspaces/hands-on-introduction-data-engineering-4395021/airflow/dags/two_task_dag.py for tasks to queue
[2024-09-29T05:33:47.396+0000] {logging_mixin.py:150} INFO - [2024-09-29T05:33:47.396+0000] {dagbag.py:541} INFO - Filling up the DagBag from /workspaces/hands-on-introduction-data-engineering-4395021/airflow/dags/two_task_dag.py
[2024-09-29T05:33:47.404+0000] {processor.py:836} INFO - DAG(s) dict_keys(['two_task_dag']) retrieved from /workspaces/hands-on-introduction-data-engineering-4395021/airflow/dags/two_task_dag.py
[2024-09-29T05:33:47.422+0000] {logging_mixin.py:150} INFO - [2024-09-29T05:33:47.421+0000] {dag.py:2742} INFO - Sync 1 DAGs
[2024-09-29T05:33:47.436+0000] {logging_mixin.py:150} INFO - [2024-09-29T05:33:47.436+0000] {dag.py:3504} INFO - Setting next_dagrun for two_task_dag to None, run_after=None
[2024-09-29T05:33:47.502+0000] {processor.py:179} INFO - Processing /workspaces/hands-on-introduction-data-engineering-4395021/airflow/dags/two_task_dag.py took 0.109 seconds
[2024-09-29T05:34:17.653+0000] {processor.py:157} INFO - Started process (PID=39510) to work on /workspaces/hands-on-introduction-data-engineering-4395021/airflow/dags/two_task_dag.py
[2024-09-29T05:34:17.654+0000] {processor.py:826} INFO - Processing file /workspaces/hands-on-introduction-data-engineering-4395021/airflow/dags/two_task_dag.py for tasks to queue
[2024-09-29T05:34:17.654+0000] {logging_mixin.py:150} INFO - [2024-09-29T05:34:17.654+0000] {dagbag.py:541} INFO - Filling up the DagBag from /workspaces/hands-on-introduction-data-engineering-4395021/airflow/dags/two_task_dag.py
[2024-09-29T05:34:17.662+0000] {processor.py:836} INFO - DAG(s) dict_keys(['two_task_dag']) retrieved from /workspaces/hands-on-introduction-data-engineering-4395021/airflow/dags/two_task_dag.py
[2024-09-29T05:34:17.677+0000] {logging_mixin.py:150} INFO - [2024-09-29T05:34:17.677+0000] {dag.py:2742} INFO - Sync 1 DAGs
[2024-09-29T05:34:17.691+0000] {logging_mixin.py:150} INFO - [2024-09-29T05:34:17.691+0000] {dag.py:3504} INFO - Setting next_dagrun for two_task_dag to None, run_after=None
[2024-09-29T05:34:17.747+0000] {processor.py:179} INFO - Processing /workspaces/hands-on-introduction-data-engineering-4395021/airflow/dags/two_task_dag.py took 0.097 seconds
[2024-09-29T05:34:47.806+0000] {processor.py:157} INFO - Started process (PID=39734) to work on /workspaces/hands-on-introduction-data-engineering-4395021/airflow/dags/two_task_dag.py
[2024-09-29T05:34:47.807+0000] {processor.py:826} INFO - Processing file /workspaces/hands-on-introduction-data-engineering-4395021/airflow/dags/two_task_dag.py for tasks to queue
[2024-09-29T05:34:47.808+0000] {logging_mixin.py:150} INFO - [2024-09-29T05:34:47.808+0000] {dagbag.py:541} INFO - Filling up the DagBag from /workspaces/hands-on-introduction-data-engineering-4395021/airflow/dags/two_task_dag.py
[2024-09-29T05:34:47.816+0000] {processor.py:836} INFO - DAG(s) dict_keys(['two_task_dag']) retrieved from /workspaces/hands-on-introduction-data-engineering-4395021/airflow/dags/two_task_dag.py
[2024-09-29T05:34:47.833+0000] {logging_mixin.py:150} INFO - [2024-09-29T05:34:47.833+0000] {dag.py:2742} INFO - Sync 1 DAGs
[2024-09-29T05:34:47.846+0000] {logging_mixin.py:150} INFO - [2024-09-29T05:34:47.846+0000] {dag.py:3504} INFO - Setting next_dagrun for two_task_dag to None, run_after=None
[2024-09-29T05:34:47.902+0000] {processor.py:179} INFO - Processing /workspaces/hands-on-introduction-data-engineering-4395021/airflow/dags/two_task_dag.py took 0.098 seconds
[2024-09-29T05:35:17.976+0000] {processor.py:157} INFO - Started process (PID=39953) to work on /workspaces/hands-on-introduction-data-engineering-4395021/airflow/dags/two_task_dag.py
[2024-09-29T05:35:17.977+0000] {processor.py:826} INFO - Processing file /workspaces/hands-on-introduction-data-engineering-4395021/airflow/dags/two_task_dag.py for tasks to queue
[2024-09-29T05:35:17.978+0000] {logging_mixin.py:150} INFO - [2024-09-29T05:35:17.978+0000] {dagbag.py:541} INFO - Filling up the DagBag from /workspaces/hands-on-introduction-data-engineering-4395021/airflow/dags/two_task_dag.py
[2024-09-29T05:35:17.989+0000] {processor.py:836} INFO - DAG(s) dict_keys(['two_task_dag']) retrieved from /workspaces/hands-on-introduction-data-engineering-4395021/airflow/dags/two_task_dag.py
[2024-09-29T05:35:18.009+0000] {logging_mixin.py:150} INFO - [2024-09-29T05:35:18.009+0000] {dag.py:2742} INFO - Sync 1 DAGs
[2024-09-29T05:35:18.023+0000] {logging_mixin.py:150} INFO - [2024-09-29T05:35:18.023+0000] {dag.py:3504} INFO - Setting next_dagrun for two_task_dag to None, run_after=None
[2024-09-29T05:35:18.096+0000] {processor.py:179} INFO - Processing /workspaces/hands-on-introduction-data-engineering-4395021/airflow/dags/two_task_dag.py took 0.123 seconds
[2024-09-29T05:35:49.281+0000] {processor.py:157} INFO - Started process (PID=40175) to work on /workspaces/hands-on-introduction-data-engineering-4395021/airflow/dags/two_task_dag.py
[2024-09-29T05:35:49.281+0000] {processor.py:826} INFO - Processing file /workspaces/hands-on-introduction-data-engineering-4395021/airflow/dags/two_task_dag.py for tasks to queue
[2024-09-29T05:35:49.282+0000] {logging_mixin.py:150} INFO - [2024-09-29T05:35:49.282+0000] {dagbag.py:541} INFO - Filling up the DagBag from /workspaces/hands-on-introduction-data-engineering-4395021/airflow/dags/two_task_dag.py
[2024-09-29T05:35:49.290+0000] {processor.py:836} INFO - DAG(s) dict_keys(['two_task_dag']) retrieved from /workspaces/hands-on-introduction-data-engineering-4395021/airflow/dags/two_task_dag.py
[2024-09-29T05:35:49.305+0000] {logging_mixin.py:150} INFO - [2024-09-29T05:35:49.305+0000] {dag.py:2742} INFO - Sync 1 DAGs
[2024-09-29T05:35:49.319+0000] {logging_mixin.py:150} INFO - [2024-09-29T05:35:49.319+0000] {dag.py:3504} INFO - Setting next_dagrun for two_task_dag to None, run_after=None
[2024-09-29T05:35:49.374+0000] {processor.py:179} INFO - Processing /workspaces/hands-on-introduction-data-engineering-4395021/airflow/dags/two_task_dag.py took 0.096 seconds
[2024-09-29T05:36:19.846+0000] {processor.py:157} INFO - Started process (PID=40396) to work on /workspaces/hands-on-introduction-data-engineering-4395021/airflow/dags/two_task_dag.py
[2024-09-29T05:36:19.846+0000] {processor.py:826} INFO - Processing file /workspaces/hands-on-introduction-data-engineering-4395021/airflow/dags/two_task_dag.py for tasks to queue
[2024-09-29T05:36:19.847+0000] {logging_mixin.py:150} INFO - [2024-09-29T05:36:19.847+0000] {dagbag.py:541} INFO - Filling up the DagBag from /workspaces/hands-on-introduction-data-engineering-4395021/airflow/dags/two_task_dag.py
[2024-09-29T05:36:19.855+0000] {processor.py:836} INFO - DAG(s) dict_keys(['two_task_dag']) retrieved from /workspaces/hands-on-introduction-data-engineering-4395021/airflow/dags/two_task_dag.py
[2024-09-29T05:36:19.871+0000] {logging_mixin.py:150} INFO - [2024-09-29T05:36:19.871+0000] {dag.py:2742} INFO - Sync 1 DAGs
[2024-09-29T05:36:19.885+0000] {logging_mixin.py:150} INFO - [2024-09-29T05:36:19.885+0000] {dag.py:3504} INFO - Setting next_dagrun for two_task_dag to None, run_after=None
[2024-09-29T05:36:19.944+0000] {processor.py:179} INFO - Processing /workspaces/hands-on-introduction-data-engineering-4395021/airflow/dags/two_task_dag.py took 0.101 seconds
[2024-09-29T05:36:50.437+0000] {processor.py:157} INFO - Started process (PID=40621) to work on /workspaces/hands-on-introduction-data-engineering-4395021/airflow/dags/two_task_dag.py
[2024-09-29T05:36:50.437+0000] {processor.py:826} INFO - Processing file /workspaces/hands-on-introduction-data-engineering-4395021/airflow/dags/two_task_dag.py for tasks to queue
[2024-09-29T05:36:50.438+0000] {logging_mixin.py:150} INFO - [2024-09-29T05:36:50.438+0000] {dagbag.py:541} INFO - Filling up the DagBag from /workspaces/hands-on-introduction-data-engineering-4395021/airflow/dags/two_task_dag.py
[2024-09-29T05:36:50.446+0000] {processor.py:836} INFO - DAG(s) dict_keys(['two_task_dag']) retrieved from /workspaces/hands-on-introduction-data-engineering-4395021/airflow/dags/two_task_dag.py
[2024-09-29T05:36:50.462+0000] {logging_mixin.py:150} INFO - [2024-09-29T05:36:50.462+0000] {dag.py:2742} INFO - Sync 1 DAGs
[2024-09-29T05:36:50.475+0000] {logging_mixin.py:150} INFO - [2024-09-29T05:36:50.475+0000] {dag.py:3504} INFO - Setting next_dagrun for two_task_dag to None, run_after=None
[2024-09-29T05:36:50.564+0000] {processor.py:179} INFO - Processing /workspaces/hands-on-introduction-data-engineering-4395021/airflow/dags/two_task_dag.py took 0.129 seconds
[2024-09-29T05:37:20.944+0000] {processor.py:157} INFO - Started process (PID=40835) to work on /workspaces/hands-on-introduction-data-engineering-4395021/airflow/dags/two_task_dag.py
[2024-09-29T05:37:20.945+0000] {processor.py:826} INFO - Processing file /workspaces/hands-on-introduction-data-engineering-4395021/airflow/dags/two_task_dag.py for tasks to queue
[2024-09-29T05:37:20.946+0000] {logging_mixin.py:150} INFO - [2024-09-29T05:37:20.945+0000] {dagbag.py:541} INFO - Filling up the DagBag from /workspaces/hands-on-introduction-data-engineering-4395021/airflow/dags/two_task_dag.py
[2024-09-29T05:37:20.953+0000] {processor.py:836} INFO - DAG(s) dict_keys(['two_task_dag']) retrieved from /workspaces/hands-on-introduction-data-engineering-4395021/airflow/dags/two_task_dag.py
[2024-09-29T05:37:20.970+0000] {logging_mixin.py:150} INFO - [2024-09-29T05:37:20.969+0000] {dag.py:2742} INFO - Sync 1 DAGs
[2024-09-29T05:37:20.984+0000] {logging_mixin.py:150} INFO - [2024-09-29T05:37:20.983+0000] {dag.py:3504} INFO - Setting next_dagrun for two_task_dag to None, run_after=None
[2024-09-29T05:37:21.034+0000] {processor.py:179} INFO - Processing /workspaces/hands-on-introduction-data-engineering-4395021/airflow/dags/two_task_dag.py took 0.092 seconds
[2024-09-29T05:37:51.635+0000] {processor.py:157} INFO - Started process (PID=41058) to work on /workspaces/hands-on-introduction-data-engineering-4395021/airflow/dags/two_task_dag.py
[2024-09-29T05:37:51.635+0000] {processor.py:826} INFO - Processing file /workspaces/hands-on-introduction-data-engineering-4395021/airflow/dags/two_task_dag.py for tasks to queue
[2024-09-29T05:37:51.636+0000] {logging_mixin.py:150} INFO - [2024-09-29T05:37:51.636+0000] {dagbag.py:541} INFO - Filling up the DagBag from /workspaces/hands-on-introduction-data-engineering-4395021/airflow/dags/two_task_dag.py
[2024-09-29T05:37:51.644+0000] {processor.py:836} INFO - DAG(s) dict_keys(['two_task_dag']) retrieved from /workspaces/hands-on-introduction-data-engineering-4395021/airflow/dags/two_task_dag.py
[2024-09-29T05:37:51.661+0000] {logging_mixin.py:150} INFO - [2024-09-29T05:37:51.660+0000] {dag.py:2742} INFO - Sync 1 DAGs
[2024-09-29T05:37:51.674+0000] {logging_mixin.py:150} INFO - [2024-09-29T05:37:51.674+0000] {dag.py:3504} INFO - Setting next_dagrun for two_task_dag to None, run_after=None
[2024-09-29T05:37:51.735+0000] {processor.py:179} INFO - Processing /workspaces/hands-on-introduction-data-engineering-4395021/airflow/dags/two_task_dag.py took 0.103 seconds
[2024-09-29T05:38:22.153+0000] {processor.py:157} INFO - Started process (PID=41289) to work on /workspaces/hands-on-introduction-data-engineering-4395021/airflow/dags/two_task_dag.py
[2024-09-29T05:38:22.154+0000] {processor.py:826} INFO - Processing file /workspaces/hands-on-introduction-data-engineering-4395021/airflow/dags/two_task_dag.py for tasks to queue
[2024-09-29T05:38:22.155+0000] {logging_mixin.py:150} INFO - [2024-09-29T05:38:22.154+0000] {dagbag.py:541} INFO - Filling up the DagBag from /workspaces/hands-on-introduction-data-engineering-4395021/airflow/dags/two_task_dag.py
[2024-09-29T05:38:22.163+0000] {processor.py:836} INFO - DAG(s) dict_keys(['two_task_dag']) retrieved from /workspaces/hands-on-introduction-data-engineering-4395021/airflow/dags/two_task_dag.py
[2024-09-29T05:38:22.179+0000] {logging_mixin.py:150} INFO - [2024-09-29T05:38:22.179+0000] {dag.py:2742} INFO - Sync 1 DAGs
[2024-09-29T05:38:22.193+0000] {logging_mixin.py:150} INFO - [2024-09-29T05:38:22.192+0000] {dag.py:3504} INFO - Setting next_dagrun for two_task_dag to None, run_after=None
[2024-09-29T05:38:22.251+0000] {processor.py:179} INFO - Processing /workspaces/hands-on-introduction-data-engineering-4395021/airflow/dags/two_task_dag.py took 0.100 seconds
[2024-09-29T05:38:52.688+0000] {processor.py:157} INFO - Started process (PID=41501) to work on /workspaces/hands-on-introduction-data-engineering-4395021/airflow/dags/two_task_dag.py
[2024-09-29T05:38:52.688+0000] {processor.py:826} INFO - Processing file /workspaces/hands-on-introduction-data-engineering-4395021/airflow/dags/two_task_dag.py for tasks to queue
[2024-09-29T05:38:52.689+0000] {logging_mixin.py:150} INFO - [2024-09-29T05:38:52.689+0000] {dagbag.py:541} INFO - Filling up the DagBag from /workspaces/hands-on-introduction-data-engineering-4395021/airflow/dags/two_task_dag.py
[2024-09-29T05:38:52.697+0000] {processor.py:836} INFO - DAG(s) dict_keys(['two_task_dag']) retrieved from /workspaces/hands-on-introduction-data-engineering-4395021/airflow/dags/two_task_dag.py
[2024-09-29T05:38:52.713+0000] {logging_mixin.py:150} INFO - [2024-09-29T05:38:52.713+0000] {dag.py:2742} INFO - Sync 1 DAGs
[2024-09-29T05:38:52.727+0000] {logging_mixin.py:150} INFO - [2024-09-29T05:38:52.727+0000] {dag.py:3504} INFO - Setting next_dagrun for two_task_dag to None, run_after=None
[2024-09-29T05:38:52.791+0000] {processor.py:179} INFO - Processing /workspaces/hands-on-introduction-data-engineering-4395021/airflow/dags/two_task_dag.py took 0.106 seconds
[2024-09-29T05:39:23.275+0000] {processor.py:157} INFO - Started process (PID=41725) to work on /workspaces/hands-on-introduction-data-engineering-4395021/airflow/dags/two_task_dag.py
[2024-09-29T05:39:23.276+0000] {processor.py:826} INFO - Processing file /workspaces/hands-on-introduction-data-engineering-4395021/airflow/dags/two_task_dag.py for tasks to queue
[2024-09-29T05:39:23.277+0000] {logging_mixin.py:150} INFO - [2024-09-29T05:39:23.276+0000] {dagbag.py:541} INFO - Filling up the DagBag from /workspaces/hands-on-introduction-data-engineering-4395021/airflow/dags/two_task_dag.py
[2024-09-29T05:39:23.286+0000] {processor.py:836} INFO - DAG(s) dict_keys(['two_task_dag']) retrieved from /workspaces/hands-on-introduction-data-engineering-4395021/airflow/dags/two_task_dag.py
[2024-09-29T05:39:23.301+0000] {logging_mixin.py:150} INFO - [2024-09-29T05:39:23.301+0000] {dag.py:2742} INFO - Sync 1 DAGs
[2024-09-29T05:39:23.315+0000] {logging_mixin.py:150} INFO - [2024-09-29T05:39:23.315+0000] {dag.py:3504} INFO - Setting next_dagrun for two_task_dag to None, run_after=None
[2024-09-29T05:39:23.383+0000] {processor.py:179} INFO - Processing /workspaces/hands-on-introduction-data-engineering-4395021/airflow/dags/two_task_dag.py took 0.110 seconds
[2024-09-29T05:39:53.872+0000] {processor.py:157} INFO - Started process (PID=41949) to work on /workspaces/hands-on-introduction-data-engineering-4395021/airflow/dags/two_task_dag.py
[2024-09-29T05:39:53.872+0000] {processor.py:826} INFO - Processing file /workspaces/hands-on-introduction-data-engineering-4395021/airflow/dags/two_task_dag.py for tasks to queue
[2024-09-29T05:39:53.873+0000] {logging_mixin.py:150} INFO - [2024-09-29T05:39:53.873+0000] {dagbag.py:541} INFO - Filling up the DagBag from /workspaces/hands-on-introduction-data-engineering-4395021/airflow/dags/two_task_dag.py
[2024-09-29T05:39:53.881+0000] {processor.py:836} INFO - DAG(s) dict_keys(['two_task_dag']) retrieved from /workspaces/hands-on-introduction-data-engineering-4395021/airflow/dags/two_task_dag.py
[2024-09-29T05:39:53.898+0000] {logging_mixin.py:150} INFO - [2024-09-29T05:39:53.898+0000] {dag.py:2742} INFO - Sync 1 DAGs
[2024-09-29T05:39:53.912+0000] {logging_mixin.py:150} INFO - [2024-09-29T05:39:53.912+0000] {dag.py:3504} INFO - Setting next_dagrun for two_task_dag to None, run_after=None
[2024-09-29T05:39:53.975+0000] {processor.py:179} INFO - Processing /workspaces/hands-on-introduction-data-engineering-4395021/airflow/dags/two_task_dag.py took 0.106 seconds
[2024-09-29T05:40:24.475+0000] {processor.py:157} INFO - Started process (PID=42166) to work on /workspaces/hands-on-introduction-data-engineering-4395021/airflow/dags/two_task_dag.py
[2024-09-29T05:40:24.475+0000] {processor.py:826} INFO - Processing file /workspaces/hands-on-introduction-data-engineering-4395021/airflow/dags/two_task_dag.py for tasks to queue
[2024-09-29T05:40:24.476+0000] {logging_mixin.py:150} INFO - [2024-09-29T05:40:24.476+0000] {dagbag.py:541} INFO - Filling up the DagBag from /workspaces/hands-on-introduction-data-engineering-4395021/airflow/dags/two_task_dag.py
[2024-09-29T05:40:24.484+0000] {processor.py:836} INFO - DAG(s) dict_keys(['two_task_dag']) retrieved from /workspaces/hands-on-introduction-data-engineering-4395021/airflow/dags/two_task_dag.py
[2024-09-29T05:40:24.501+0000] {logging_mixin.py:150} INFO - [2024-09-29T05:40:24.501+0000] {dag.py:2742} INFO - Sync 1 DAGs
[2024-09-29T05:40:24.515+0000] {logging_mixin.py:150} INFO - [2024-09-29T05:40:24.515+0000] {dag.py:3504} INFO - Setting next_dagrun for two_task_dag to None, run_after=None
[2024-09-29T05:40:24.582+0000] {processor.py:179} INFO - Processing /workspaces/hands-on-introduction-data-engineering-4395021/airflow/dags/two_task_dag.py took 0.109 seconds
[2024-09-29T05:40:54.997+0000] {processor.py:157} INFO - Started process (PID=42391) to work on /workspaces/hands-on-introduction-data-engineering-4395021/airflow/dags/two_task_dag.py
[2024-09-29T05:40:54.998+0000] {processor.py:826} INFO - Processing file /workspaces/hands-on-introduction-data-engineering-4395021/airflow/dags/two_task_dag.py for tasks to queue
[2024-09-29T05:40:54.999+0000] {logging_mixin.py:150} INFO - [2024-09-29T05:40:54.998+0000] {dagbag.py:541} INFO - Filling up the DagBag from /workspaces/hands-on-introduction-data-engineering-4395021/airflow/dags/two_task_dag.py
[2024-09-29T05:40:55.006+0000] {processor.py:836} INFO - DAG(s) dict_keys(['two_task_dag']) retrieved from /workspaces/hands-on-introduction-data-engineering-4395021/airflow/dags/two_task_dag.py
[2024-09-29T05:40:55.022+0000] {logging_mixin.py:150} INFO - [2024-09-29T05:40:55.022+0000] {dag.py:2742} INFO - Sync 1 DAGs
[2024-09-29T05:40:55.036+0000] {logging_mixin.py:150} INFO - [2024-09-29T05:40:55.036+0000] {dag.py:3504} INFO - Setting next_dagrun for two_task_dag to None, run_after=None
[2024-09-29T05:40:55.092+0000] {processor.py:179} INFO - Processing /workspaces/hands-on-introduction-data-engineering-4395021/airflow/dags/two_task_dag.py took 0.097 seconds
[2024-09-29T05:41:25.685+0000] {processor.py:157} INFO - Started process (PID=42566) to work on /workspaces/hands-on-introduction-data-engineering-4395021/airflow/dags/two_task_dag.py
[2024-09-29T05:41:25.685+0000] {processor.py:826} INFO - Processing file /workspaces/hands-on-introduction-data-engineering-4395021/airflow/dags/two_task_dag.py for tasks to queue
[2024-09-29T05:41:25.686+0000] {logging_mixin.py:150} INFO - [2024-09-29T05:41:25.686+0000] {dagbag.py:541} INFO - Filling up the DagBag from /workspaces/hands-on-introduction-data-engineering-4395021/airflow/dags/two_task_dag.py
[2024-09-29T05:41:25.694+0000] {processor.py:836} INFO - DAG(s) dict_keys(['two_task_dag']) retrieved from /workspaces/hands-on-introduction-data-engineering-4395021/airflow/dags/two_task_dag.py
[2024-09-29T05:41:25.711+0000] {logging_mixin.py:150} INFO - [2024-09-29T05:41:25.711+0000] {dag.py:2742} INFO - Sync 1 DAGs
[2024-09-29T05:41:25.726+0000] {logging_mixin.py:150} INFO - [2024-09-29T05:41:25.726+0000] {dag.py:3504} INFO - Setting next_dagrun for two_task_dag to None, run_after=None
[2024-09-29T05:41:25.775+0000] {processor.py:179} INFO - Processing /workspaces/hands-on-introduction-data-engineering-4395021/airflow/dags/two_task_dag.py took 0.093 seconds
[2024-09-29T05:41:56.161+0000] {processor.py:157} INFO - Started process (PID=42734) to work on /workspaces/hands-on-introduction-data-engineering-4395021/airflow/dags/two_task_dag.py
[2024-09-29T05:41:56.162+0000] {processor.py:826} INFO - Processing file /workspaces/hands-on-introduction-data-engineering-4395021/airflow/dags/two_task_dag.py for tasks to queue
[2024-09-29T05:41:56.163+0000] {logging_mixin.py:150} INFO - [2024-09-29T05:41:56.162+0000] {dagbag.py:541} INFO - Filling up the DagBag from /workspaces/hands-on-introduction-data-engineering-4395021/airflow/dags/two_task_dag.py
[2024-09-29T05:41:56.171+0000] {processor.py:836} INFO - DAG(s) dict_keys(['two_task_dag']) retrieved from /workspaces/hands-on-introduction-data-engineering-4395021/airflow/dags/two_task_dag.py
[2024-09-29T05:41:56.188+0000] {logging_mixin.py:150} INFO - [2024-09-29T05:41:56.188+0000] {dag.py:2742} INFO - Sync 1 DAGs
[2024-09-29T05:41:56.202+0000] {logging_mixin.py:150} INFO - [2024-09-29T05:41:56.202+0000] {dag.py:3504} INFO - Setting next_dagrun for two_task_dag to None, run_after=None
[2024-09-29T05:41:56.274+0000] {processor.py:179} INFO - Processing /workspaces/hands-on-introduction-data-engineering-4395021/airflow/dags/two_task_dag.py took 0.115 seconds
[2024-09-29T05:42:26.754+0000] {processor.py:157} INFO - Started process (PID=42908) to work on /workspaces/hands-on-introduction-data-engineering-4395021/airflow/dags/two_task_dag.py
[2024-09-29T05:42:26.755+0000] {processor.py:826} INFO - Processing file /workspaces/hands-on-introduction-data-engineering-4395021/airflow/dags/two_task_dag.py for tasks to queue
[2024-09-29T05:42:26.756+0000] {logging_mixin.py:150} INFO - [2024-09-29T05:42:26.755+0000] {dagbag.py:541} INFO - Filling up the DagBag from /workspaces/hands-on-introduction-data-engineering-4395021/airflow/dags/two_task_dag.py
[2024-09-29T05:42:26.763+0000] {processor.py:836} INFO - DAG(s) dict_keys(['two_task_dag']) retrieved from /workspaces/hands-on-introduction-data-engineering-4395021/airflow/dags/two_task_dag.py
[2024-09-29T05:42:26.780+0000] {logging_mixin.py:150} INFO - [2024-09-29T05:42:26.780+0000] {dag.py:2742} INFO - Sync 1 DAGs
[2024-09-29T05:42:26.793+0000] {logging_mixin.py:150} INFO - [2024-09-29T05:42:26.793+0000] {dag.py:3504} INFO - Setting next_dagrun for two_task_dag to None, run_after=None
[2024-09-29T05:42:26.855+0000] {processor.py:179} INFO - Processing /workspaces/hands-on-introduction-data-engineering-4395021/airflow/dags/two_task_dag.py took 0.103 seconds
[2024-09-29T05:42:57.374+0000] {processor.py:157} INFO - Started process (PID=43085) to work on /workspaces/hands-on-introduction-data-engineering-4395021/airflow/dags/two_task_dag.py
[2024-09-29T05:42:57.374+0000] {processor.py:826} INFO - Processing file /workspaces/hands-on-introduction-data-engineering-4395021/airflow/dags/two_task_dag.py for tasks to queue
[2024-09-29T05:42:57.375+0000] {logging_mixin.py:150} INFO - [2024-09-29T05:42:57.375+0000] {dagbag.py:541} INFO - Filling up the DagBag from /workspaces/hands-on-introduction-data-engineering-4395021/airflow/dags/two_task_dag.py
[2024-09-29T05:42:57.383+0000] {processor.py:836} INFO - DAG(s) dict_keys(['two_task_dag']) retrieved from /workspaces/hands-on-introduction-data-engineering-4395021/airflow/dags/two_task_dag.py
[2024-09-29T05:42:57.400+0000] {logging_mixin.py:150} INFO - [2024-09-29T05:42:57.400+0000] {dag.py:2742} INFO - Sync 1 DAGs
[2024-09-29T05:42:57.418+0000] {logging_mixin.py:150} INFO - [2024-09-29T05:42:57.418+0000] {dag.py:3504} INFO - Setting next_dagrun for two_task_dag to None, run_after=None
[2024-09-29T05:42:57.469+0000] {processor.py:179} INFO - Processing /workspaces/hands-on-introduction-data-engineering-4395021/airflow/dags/two_task_dag.py took 0.097 seconds
[2024-09-29T05:43:27.952+0000] {processor.py:157} INFO - Started process (PID=43257) to work on /workspaces/hands-on-introduction-data-engineering-4395021/airflow/dags/two_task_dag.py
[2024-09-29T05:43:27.952+0000] {processor.py:826} INFO - Processing file /workspaces/hands-on-introduction-data-engineering-4395021/airflow/dags/two_task_dag.py for tasks to queue
[2024-09-29T05:43:27.953+0000] {logging_mixin.py:150} INFO - [2024-09-29T05:43:27.953+0000] {dagbag.py:541} INFO - Filling up the DagBag from /workspaces/hands-on-introduction-data-engineering-4395021/airflow/dags/two_task_dag.py
[2024-09-29T05:43:27.961+0000] {processor.py:836} INFO - DAG(s) dict_keys(['two_task_dag']) retrieved from /workspaces/hands-on-introduction-data-engineering-4395021/airflow/dags/two_task_dag.py
[2024-09-29T05:43:27.977+0000] {logging_mixin.py:150} INFO - [2024-09-29T05:43:27.977+0000] {dag.py:2742} INFO - Sync 1 DAGs
[2024-09-29T05:43:27.991+0000] {logging_mixin.py:150} INFO - [2024-09-29T05:43:27.990+0000] {dag.py:3504} INFO - Setting next_dagrun for two_task_dag to None, run_after=None
[2024-09-29T05:43:28.074+0000] {processor.py:179} INFO - Processing /workspaces/hands-on-introduction-data-engineering-4395021/airflow/dags/two_task_dag.py took 0.124 seconds
[2024-09-29T05:43:58.516+0000] {processor.py:157} INFO - Started process (PID=43433) to work on /workspaces/hands-on-introduction-data-engineering-4395021/airflow/dags/two_task_dag.py
[2024-09-29T05:43:58.517+0000] {processor.py:826} INFO - Processing file /workspaces/hands-on-introduction-data-engineering-4395021/airflow/dags/two_task_dag.py for tasks to queue
[2024-09-29T05:43:58.518+0000] {logging_mixin.py:150} INFO - [2024-09-29T05:43:58.517+0000] {dagbag.py:541} INFO - Filling up the DagBag from /workspaces/hands-on-introduction-data-engineering-4395021/airflow/dags/two_task_dag.py
[2024-09-29T05:43:58.526+0000] {processor.py:836} INFO - DAG(s) dict_keys(['two_task_dag']) retrieved from /workspaces/hands-on-introduction-data-engineering-4395021/airflow/dags/two_task_dag.py
[2024-09-29T05:43:58.542+0000] {logging_mixin.py:150} INFO - [2024-09-29T05:43:58.542+0000] {dag.py:2742} INFO - Sync 1 DAGs
[2024-09-29T05:43:58.556+0000] {logging_mixin.py:150} INFO - [2024-09-29T05:43:58.556+0000] {dag.py:3504} INFO - Setting next_dagrun for two_task_dag to None, run_after=None
[2024-09-29T05:43:58.621+0000] {processor.py:179} INFO - Processing /workspaces/hands-on-introduction-data-engineering-4395021/airflow/dags/two_task_dag.py took 0.107 seconds
[2024-09-29T05:44:29.027+0000] {processor.py:157} INFO - Started process (PID=43600) to work on /workspaces/hands-on-introduction-data-engineering-4395021/airflow/dags/two_task_dag.py
[2024-09-29T05:44:29.028+0000] {processor.py:826} INFO - Processing file /workspaces/hands-on-introduction-data-engineering-4395021/airflow/dags/two_task_dag.py for tasks to queue
[2024-09-29T05:44:29.029+0000] {logging_mixin.py:150} INFO - [2024-09-29T05:44:29.028+0000] {dagbag.py:541} INFO - Filling up the DagBag from /workspaces/hands-on-introduction-data-engineering-4395021/airflow/dags/two_task_dag.py
[2024-09-29T05:44:29.036+0000] {processor.py:836} INFO - DAG(s) dict_keys(['two_task_dag']) retrieved from /workspaces/hands-on-introduction-data-engineering-4395021/airflow/dags/two_task_dag.py
[2024-09-29T05:44:29.053+0000] {logging_mixin.py:150} INFO - [2024-09-29T05:44:29.052+0000] {dag.py:2742} INFO - Sync 1 DAGs
[2024-09-29T05:44:29.067+0000] {logging_mixin.py:150} INFO - [2024-09-29T05:44:29.067+0000] {dag.py:3504} INFO - Setting next_dagrun for two_task_dag to None, run_after=None
[2024-09-29T05:44:29.130+0000] {processor.py:179} INFO - Processing /workspaces/hands-on-introduction-data-engineering-4395021/airflow/dags/two_task_dag.py took 0.105 seconds
[2024-09-29T05:44:59.312+0000] {processor.py:157} INFO - Started process (PID=43775) to work on /workspaces/hands-on-introduction-data-engineering-4395021/airflow/dags/two_task_dag.py
[2024-09-29T05:44:59.312+0000] {processor.py:826} INFO - Processing file /workspaces/hands-on-introduction-data-engineering-4395021/airflow/dags/two_task_dag.py for tasks to queue
[2024-09-29T05:44:59.313+0000] {logging_mixin.py:150} INFO - [2024-09-29T05:44:59.313+0000] {dagbag.py:541} INFO - Filling up the DagBag from /workspaces/hands-on-introduction-data-engineering-4395021/airflow/dags/two_task_dag.py
[2024-09-29T05:44:59.321+0000] {processor.py:836} INFO - DAG(s) dict_keys(['two_task_dag']) retrieved from /workspaces/hands-on-introduction-data-engineering-4395021/airflow/dags/two_task_dag.py
[2024-09-29T05:44:59.337+0000] {logging_mixin.py:150} INFO - [2024-09-29T05:44:59.337+0000] {dag.py:2742} INFO - Sync 1 DAGs
[2024-09-29T05:44:59.351+0000] {logging_mixin.py:150} INFO - [2024-09-29T05:44:59.351+0000] {dag.py:3504} INFO - Setting next_dagrun for two_task_dag to None, run_after=None
[2024-09-29T05:44:59.428+0000] {processor.py:179} INFO - Processing /workspaces/hands-on-introduction-data-engineering-4395021/airflow/dags/two_task_dag.py took 0.119 seconds
[2024-09-29T05:45:29.597+0000] {processor.py:157} INFO - Started process (PID=43950) to work on /workspaces/hands-on-introduction-data-engineering-4395021/airflow/dags/two_task_dag.py
[2024-09-29T05:45:29.598+0000] {processor.py:826} INFO - Processing file /workspaces/hands-on-introduction-data-engineering-4395021/airflow/dags/two_task_dag.py for tasks to queue
[2024-09-29T05:45:29.599+0000] {logging_mixin.py:150} INFO - [2024-09-29T05:45:29.599+0000] {dagbag.py:541} INFO - Filling up the DagBag from /workspaces/hands-on-introduction-data-engineering-4395021/airflow/dags/two_task_dag.py
[2024-09-29T05:45:29.607+0000] {processor.py:836} INFO - DAG(s) dict_keys(['two_task_dag']) retrieved from /workspaces/hands-on-introduction-data-engineering-4395021/airflow/dags/two_task_dag.py
[2024-09-29T05:45:29.623+0000] {logging_mixin.py:150} INFO - [2024-09-29T05:45:29.623+0000] {dag.py:2742} INFO - Sync 1 DAGs
[2024-09-29T05:45:29.637+0000] {logging_mixin.py:150} INFO - [2024-09-29T05:45:29.637+0000] {dag.py:3504} INFO - Setting next_dagrun for two_task_dag to None, run_after=None
[2024-09-29T05:45:29.701+0000] {processor.py:179} INFO - Processing /workspaces/hands-on-introduction-data-engineering-4395021/airflow/dags/two_task_dag.py took 0.105 seconds
[2024-09-29T05:45:59.883+0000] {processor.py:157} INFO - Started process (PID=44113) to work on /workspaces/hands-on-introduction-data-engineering-4395021/airflow/dags/two_task_dag.py
[2024-09-29T05:45:59.884+0000] {processor.py:826} INFO - Processing file /workspaces/hands-on-introduction-data-engineering-4395021/airflow/dags/two_task_dag.py for tasks to queue
[2024-09-29T05:45:59.885+0000] {logging_mixin.py:150} INFO - [2024-09-29T05:45:59.884+0000] {dagbag.py:541} INFO - Filling up the DagBag from /workspaces/hands-on-introduction-data-engineering-4395021/airflow/dags/two_task_dag.py
[2024-09-29T05:45:59.892+0000] {processor.py:836} INFO - DAG(s) dict_keys(['two_task_dag']) retrieved from /workspaces/hands-on-introduction-data-engineering-4395021/airflow/dags/two_task_dag.py
[2024-09-29T05:45:59.909+0000] {logging_mixin.py:150} INFO - [2024-09-29T05:45:59.909+0000] {dag.py:2742} INFO - Sync 1 DAGs
[2024-09-29T05:45:59.923+0000] {logging_mixin.py:150} INFO - [2024-09-29T05:45:59.923+0000] {dag.py:3504} INFO - Setting next_dagrun for two_task_dag to None, run_after=None
[2024-09-29T05:45:59.979+0000] {processor.py:179} INFO - Processing /workspaces/hands-on-introduction-data-engineering-4395021/airflow/dags/two_task_dag.py took 0.098 seconds
[2024-09-29T05:46:30.072+0000] {processor.py:157} INFO - Started process (PID=44288) to work on /workspaces/hands-on-introduction-data-engineering-4395021/airflow/dags/two_task_dag.py
[2024-09-29T05:46:30.073+0000] {processor.py:826} INFO - Processing file /workspaces/hands-on-introduction-data-engineering-4395021/airflow/dags/two_task_dag.py for tasks to queue
[2024-09-29T05:46:30.074+0000] {logging_mixin.py:150} INFO - [2024-09-29T05:46:30.073+0000] {dagbag.py:541} INFO - Filling up the DagBag from /workspaces/hands-on-introduction-data-engineering-4395021/airflow/dags/two_task_dag.py
[2024-09-29T05:46:30.082+0000] {processor.py:836} INFO - DAG(s) dict_keys(['two_task_dag']) retrieved from /workspaces/hands-on-introduction-data-engineering-4395021/airflow/dags/two_task_dag.py
[2024-09-29T05:46:30.098+0000] {logging_mixin.py:150} INFO - [2024-09-29T05:46:30.098+0000] {dag.py:2742} INFO - Sync 1 DAGs
[2024-09-29T05:46:30.112+0000] {logging_mixin.py:150} INFO - [2024-09-29T05:46:30.112+0000] {dag.py:3504} INFO - Setting next_dagrun for two_task_dag to None, run_after=None
[2024-09-29T05:46:30.160+0000] {processor.py:179} INFO - Processing /workspaces/hands-on-introduction-data-engineering-4395021/airflow/dags/two_task_dag.py took 0.090 seconds
[2024-09-29T05:47:00.323+0000] {processor.py:157} INFO - Started process (PID=44455) to work on /workspaces/hands-on-introduction-data-engineering-4395021/airflow/dags/two_task_dag.py
[2024-09-29T05:47:00.324+0000] {processor.py:826} INFO - Processing file /workspaces/hands-on-introduction-data-engineering-4395021/airflow/dags/two_task_dag.py for tasks to queue
[2024-09-29T05:47:00.324+0000] {logging_mixin.py:150} INFO - [2024-09-29T05:47:00.324+0000] {dagbag.py:541} INFO - Filling up the DagBag from /workspaces/hands-on-introduction-data-engineering-4395021/airflow/dags/two_task_dag.py
[2024-09-29T05:47:00.332+0000] {processor.py:836} INFO - DAG(s) dict_keys(['two_task_dag']) retrieved from /workspaces/hands-on-introduction-data-engineering-4395021/airflow/dags/two_task_dag.py
[2024-09-29T05:47:00.348+0000] {logging_mixin.py:150} INFO - [2024-09-29T05:47:00.348+0000] {dag.py:2742} INFO - Sync 1 DAGs
[2024-09-29T05:47:00.362+0000] {logging_mixin.py:150} INFO - [2024-09-29T05:47:00.362+0000] {dag.py:3504} INFO - Setting next_dagrun for two_task_dag to None, run_after=None
[2024-09-29T05:47:00.430+0000] {processor.py:179} INFO - Processing /workspaces/hands-on-introduction-data-engineering-4395021/airflow/dags/two_task_dag.py took 0.109 seconds
[2024-09-29T05:47:30.608+0000] {processor.py:157} INFO - Started process (PID=44631) to work on /workspaces/hands-on-introduction-data-engineering-4395021/airflow/dags/two_task_dag.py
[2024-09-29T05:47:30.608+0000] {processor.py:826} INFO - Processing file /workspaces/hands-on-introduction-data-engineering-4395021/airflow/dags/two_task_dag.py for tasks to queue
[2024-09-29T05:47:30.609+0000] {logging_mixin.py:150} INFO - [2024-09-29T05:47:30.609+0000] {dagbag.py:541} INFO - Filling up the DagBag from /workspaces/hands-on-introduction-data-engineering-4395021/airflow/dags/two_task_dag.py
[2024-09-29T05:47:30.617+0000] {processor.py:836} INFO - DAG(s) dict_keys(['two_task_dag']) retrieved from /workspaces/hands-on-introduction-data-engineering-4395021/airflow/dags/two_task_dag.py
[2024-09-29T05:47:30.633+0000] {logging_mixin.py:150} INFO - [2024-09-29T05:47:30.633+0000] {dag.py:2742} INFO - Sync 1 DAGs
[2024-09-29T05:47:30.646+0000] {logging_mixin.py:150} INFO - [2024-09-29T05:47:30.646+0000] {dag.py:3504} INFO - Setting next_dagrun for two_task_dag to None, run_after=None
[2024-09-29T05:47:30.709+0000] {processor.py:179} INFO - Processing /workspaces/hands-on-introduction-data-engineering-4395021/airflow/dags/two_task_dag.py took 0.104 seconds
[2024-09-29T05:48:00.905+0000] {processor.py:157} INFO - Started process (PID=44804) to work on /workspaces/hands-on-introduction-data-engineering-4395021/airflow/dags/two_task_dag.py
[2024-09-29T05:48:00.906+0000] {processor.py:826} INFO - Processing file /workspaces/hands-on-introduction-data-engineering-4395021/airflow/dags/two_task_dag.py for tasks to queue
[2024-09-29T05:48:00.907+0000] {logging_mixin.py:150} INFO - [2024-09-29T05:48:00.906+0000] {dagbag.py:541} INFO - Filling up the DagBag from /workspaces/hands-on-introduction-data-engineering-4395021/airflow/dags/two_task_dag.py
[2024-09-29T05:48:00.915+0000] {processor.py:836} INFO - DAG(s) dict_keys(['two_task_dag']) retrieved from /workspaces/hands-on-introduction-data-engineering-4395021/airflow/dags/two_task_dag.py
[2024-09-29T05:48:00.932+0000] {logging_mixin.py:150} INFO - [2024-09-29T05:48:00.931+0000] {dag.py:2742} INFO - Sync 1 DAGs
[2024-09-29T05:48:00.946+0000] {logging_mixin.py:150} INFO - [2024-09-29T05:48:00.946+0000] {dag.py:3504} INFO - Setting next_dagrun for two_task_dag to None, run_after=None
[2024-09-29T05:48:01.019+0000] {processor.py:179} INFO - Processing /workspaces/hands-on-introduction-data-engineering-4395021/airflow/dags/two_task_dag.py took 0.118 seconds
[2024-09-29T05:48:31.202+0000] {processor.py:157} INFO - Started process (PID=44968) to work on /workspaces/hands-on-introduction-data-engineering-4395021/airflow/dags/two_task_dag.py
[2024-09-29T05:48:31.202+0000] {processor.py:826} INFO - Processing file /workspaces/hands-on-introduction-data-engineering-4395021/airflow/dags/two_task_dag.py for tasks to queue
[2024-09-29T05:48:31.203+0000] {logging_mixin.py:150} INFO - [2024-09-29T05:48:31.203+0000] {dagbag.py:541} INFO - Filling up the DagBag from /workspaces/hands-on-introduction-data-engineering-4395021/airflow/dags/two_task_dag.py
[2024-09-29T05:48:31.211+0000] {processor.py:836} INFO - DAG(s) dict_keys(['two_task_dag']) retrieved from /workspaces/hands-on-introduction-data-engineering-4395021/airflow/dags/two_task_dag.py
[2024-09-29T05:48:31.227+0000] {logging_mixin.py:150} INFO - [2024-09-29T05:48:31.227+0000] {dag.py:2742} INFO - Sync 1 DAGs
[2024-09-29T05:48:31.241+0000] {logging_mixin.py:150} INFO - [2024-09-29T05:48:31.241+0000] {dag.py:3504} INFO - Setting next_dagrun for two_task_dag to None, run_after=None
[2024-09-29T05:48:31.305+0000] {processor.py:179} INFO - Processing /workspaces/hands-on-introduction-data-engineering-4395021/airflow/dags/two_task_dag.py took 0.106 seconds
[2024-09-29T05:49:01.486+0000] {processor.py:157} INFO - Started process (PID=45145) to work on /workspaces/hands-on-introduction-data-engineering-4395021/airflow/dags/two_task_dag.py
[2024-09-29T05:49:01.487+0000] {processor.py:826} INFO - Processing file /workspaces/hands-on-introduction-data-engineering-4395021/airflow/dags/two_task_dag.py for tasks to queue
[2024-09-29T05:49:01.487+0000] {logging_mixin.py:150} INFO - [2024-09-29T05:49:01.487+0000] {dagbag.py:541} INFO - Filling up the DagBag from /workspaces/hands-on-introduction-data-engineering-4395021/airflow/dags/two_task_dag.py
[2024-09-29T05:49:01.495+0000] {processor.py:836} INFO - DAG(s) dict_keys(['two_task_dag']) retrieved from /workspaces/hands-on-introduction-data-engineering-4395021/airflow/dags/two_task_dag.py
[2024-09-29T05:49:01.512+0000] {logging_mixin.py:150} INFO - [2024-09-29T05:49:01.512+0000] {dag.py:2742} INFO - Sync 1 DAGs
[2024-09-29T05:49:01.526+0000] {logging_mixin.py:150} INFO - [2024-09-29T05:49:01.526+0000] {dag.py:3504} INFO - Setting next_dagrun for two_task_dag to None, run_after=None
[2024-09-29T05:49:01.598+0000] {processor.py:179} INFO - Processing /workspaces/hands-on-introduction-data-engineering-4395021/airflow/dags/two_task_dag.py took 0.114 seconds
[2024-09-29T05:49:31.771+0000] {processor.py:157} INFO - Started process (PID=45314) to work on /workspaces/hands-on-introduction-data-engineering-4395021/airflow/dags/two_task_dag.py
[2024-09-29T05:49:31.772+0000] {processor.py:826} INFO - Processing file /workspaces/hands-on-introduction-data-engineering-4395021/airflow/dags/two_task_dag.py for tasks to queue
[2024-09-29T05:49:31.773+0000] {logging_mixin.py:150} INFO - [2024-09-29T05:49:31.772+0000] {dagbag.py:541} INFO - Filling up the DagBag from /workspaces/hands-on-introduction-data-engineering-4395021/airflow/dags/two_task_dag.py
[2024-09-29T05:49:31.780+0000] {processor.py:836} INFO - DAG(s) dict_keys(['two_task_dag']) retrieved from /workspaces/hands-on-introduction-data-engineering-4395021/airflow/dags/two_task_dag.py
[2024-09-29T05:49:31.798+0000] {logging_mixin.py:150} INFO - [2024-09-29T05:49:31.797+0000] {dag.py:2742} INFO - Sync 1 DAGs
[2024-09-29T05:49:31.811+0000] {logging_mixin.py:150} INFO - [2024-09-29T05:49:31.811+0000] {dag.py:3504} INFO - Setting next_dagrun for two_task_dag to None, run_after=None
[2024-09-29T05:49:31.865+0000] {processor.py:179} INFO - Processing /workspaces/hands-on-introduction-data-engineering-4395021/airflow/dags/two_task_dag.py took 0.095 seconds
[2024-09-29T05:50:01.959+0000] {processor.py:157} INFO - Started process (PID=45488) to work on /workspaces/hands-on-introduction-data-engineering-4395021/airflow/dags/two_task_dag.py
[2024-09-29T05:50:01.960+0000] {processor.py:826} INFO - Processing file /workspaces/hands-on-introduction-data-engineering-4395021/airflow/dags/two_task_dag.py for tasks to queue
[2024-09-29T05:50:01.960+0000] {logging_mixin.py:150} INFO - [2024-09-29T05:50:01.960+0000] {dagbag.py:541} INFO - Filling up the DagBag from /workspaces/hands-on-introduction-data-engineering-4395021/airflow/dags/two_task_dag.py
[2024-09-29T05:50:01.968+0000] {processor.py:836} INFO - DAG(s) dict_keys(['two_task_dag']) retrieved from /workspaces/hands-on-introduction-data-engineering-4395021/airflow/dags/two_task_dag.py
[2024-09-29T05:50:01.985+0000] {logging_mixin.py:150} INFO - [2024-09-29T05:50:01.985+0000] {dag.py:2742} INFO - Sync 1 DAGs
[2024-09-29T05:50:01.998+0000] {logging_mixin.py:150} INFO - [2024-09-29T05:50:01.998+0000] {dag.py:3504} INFO - Setting next_dagrun for two_task_dag to None, run_after=None
[2024-09-29T05:50:02.052+0000] {processor.py:179} INFO - Processing /workspaces/hands-on-introduction-data-engineering-4395021/airflow/dags/two_task_dag.py took 0.095 seconds
[2024-09-29T05:50:32.146+0000] {processor.py:157} INFO - Started process (PID=45657) to work on /workspaces/hands-on-introduction-data-engineering-4395021/airflow/dags/two_task_dag.py
[2024-09-29T05:50:32.146+0000] {processor.py:826} INFO - Processing file /workspaces/hands-on-introduction-data-engineering-4395021/airflow/dags/two_task_dag.py for tasks to queue
[2024-09-29T05:50:32.147+0000] {logging_mixin.py:150} INFO - [2024-09-29T05:50:32.147+0000] {dagbag.py:541} INFO - Filling up the DagBag from /workspaces/hands-on-introduction-data-engineering-4395021/airflow/dags/two_task_dag.py
[2024-09-29T05:50:32.155+0000] {processor.py:836} INFO - DAG(s) dict_keys(['two_task_dag']) retrieved from /workspaces/hands-on-introduction-data-engineering-4395021/airflow/dags/two_task_dag.py
[2024-09-29T05:50:32.171+0000] {logging_mixin.py:150} INFO - [2024-09-29T05:50:32.171+0000] {dag.py:2742} INFO - Sync 1 DAGs
[2024-09-29T05:50:32.184+0000] {logging_mixin.py:150} INFO - [2024-09-29T05:50:32.184+0000] {dag.py:3504} INFO - Setting next_dagrun for two_task_dag to None, run_after=None
[2024-09-29T05:50:32.249+0000] {processor.py:179} INFO - Processing /workspaces/hands-on-introduction-data-engineering-4395021/airflow/dags/two_task_dag.py took 0.106 seconds
[2024-09-29T05:51:02.439+0000] {processor.py:157} INFO - Started process (PID=45825) to work on /workspaces/hands-on-introduction-data-engineering-4395021/airflow/dags/two_task_dag.py
[2024-09-29T05:51:02.440+0000] {processor.py:826} INFO - Processing file /workspaces/hands-on-introduction-data-engineering-4395021/airflow/dags/two_task_dag.py for tasks to queue
[2024-09-29T05:51:02.441+0000] {logging_mixin.py:150} INFO - [2024-09-29T05:51:02.440+0000] {dagbag.py:541} INFO - Filling up the DagBag from /workspaces/hands-on-introduction-data-engineering-4395021/airflow/dags/two_task_dag.py
[2024-09-29T05:51:02.448+0000] {processor.py:836} INFO - DAG(s) dict_keys(['two_task_dag']) retrieved from /workspaces/hands-on-introduction-data-engineering-4395021/airflow/dags/two_task_dag.py
[2024-09-29T05:51:02.465+0000] {logging_mixin.py:150} INFO - [2024-09-29T05:51:02.464+0000] {dag.py:2742} INFO - Sync 1 DAGs
[2024-09-29T05:51:02.478+0000] {logging_mixin.py:150} INFO - [2024-09-29T05:51:02.478+0000] {dag.py:3504} INFO - Setting next_dagrun for two_task_dag to None, run_after=None
[2024-09-29T05:51:02.528+0000] {processor.py:179} INFO - Processing /workspaces/hands-on-introduction-data-engineering-4395021/airflow/dags/two_task_dag.py took 0.092 seconds
[2024-09-29T05:51:32.625+0000] {processor.py:157} INFO - Started process (PID=46001) to work on /workspaces/hands-on-introduction-data-engineering-4395021/airflow/dags/two_task_dag.py
[2024-09-29T05:51:32.625+0000] {processor.py:826} INFO - Processing file /workspaces/hands-on-introduction-data-engineering-4395021/airflow/dags/two_task_dag.py for tasks to queue
[2024-09-29T05:51:32.626+0000] {logging_mixin.py:150} INFO - [2024-09-29T05:51:32.626+0000] {dagbag.py:541} INFO - Filling up the DagBag from /workspaces/hands-on-introduction-data-engineering-4395021/airflow/dags/two_task_dag.py
[2024-09-29T05:51:32.634+0000] {processor.py:836} INFO - DAG(s) dict_keys(['two_task_dag']) retrieved from /workspaces/hands-on-introduction-data-engineering-4395021/airflow/dags/two_task_dag.py
[2024-09-29T05:51:32.650+0000] {logging_mixin.py:150} INFO - [2024-09-29T05:51:32.650+0000] {dag.py:2742} INFO - Sync 1 DAGs
[2024-09-29T05:51:32.663+0000] {logging_mixin.py:150} INFO - [2024-09-29T05:51:32.663+0000] {dag.py:3504} INFO - Setting next_dagrun for two_task_dag to None, run_after=None
[2024-09-29T05:51:32.718+0000] {processor.py:179} INFO - Processing /workspaces/hands-on-introduction-data-engineering-4395021/airflow/dags/two_task_dag.py took 0.096 seconds
[2024-09-29T05:52:02.805+0000] {processor.py:157} INFO - Started process (PID=46168) to work on /workspaces/hands-on-introduction-data-engineering-4395021/airflow/dags/two_task_dag.py
[2024-09-29T05:52:02.806+0000] {processor.py:826} INFO - Processing file /workspaces/hands-on-introduction-data-engineering-4395021/airflow/dags/two_task_dag.py for tasks to queue
[2024-09-29T05:52:02.807+0000] {logging_mixin.py:150} INFO - [2024-09-29T05:52:02.806+0000] {dagbag.py:541} INFO - Filling up the DagBag from /workspaces/hands-on-introduction-data-engineering-4395021/airflow/dags/two_task_dag.py
[2024-09-29T05:52:02.814+0000] {processor.py:836} INFO - DAG(s) dict_keys(['two_task_dag']) retrieved from /workspaces/hands-on-introduction-data-engineering-4395021/airflow/dags/two_task_dag.py
[2024-09-29T05:52:02.831+0000] {logging_mixin.py:150} INFO - [2024-09-29T05:52:02.830+0000] {dag.py:2742} INFO - Sync 1 DAGs
[2024-09-29T05:52:02.844+0000] {logging_mixin.py:150} INFO - [2024-09-29T05:52:02.844+0000] {dag.py:3504} INFO - Setting next_dagrun for two_task_dag to None, run_after=None
[2024-09-29T05:52:02.911+0000] {processor.py:179} INFO - Processing /workspaces/hands-on-introduction-data-engineering-4395021/airflow/dags/two_task_dag.py took 0.108 seconds
[2024-09-29T05:52:33.094+0000] {processor.py:157} INFO - Started process (PID=46339) to work on /workspaces/hands-on-introduction-data-engineering-4395021/airflow/dags/two_task_dag.py
[2024-09-29T05:52:33.095+0000] {processor.py:826} INFO - Processing file /workspaces/hands-on-introduction-data-engineering-4395021/airflow/dags/two_task_dag.py for tasks to queue
[2024-09-29T05:52:33.096+0000] {logging_mixin.py:150} INFO - [2024-09-29T05:52:33.095+0000] {dagbag.py:541} INFO - Filling up the DagBag from /workspaces/hands-on-introduction-data-engineering-4395021/airflow/dags/two_task_dag.py
[2024-09-29T05:52:33.106+0000] {processor.py:836} INFO - DAG(s) dict_keys(['two_task_dag']) retrieved from /workspaces/hands-on-introduction-data-engineering-4395021/airflow/dags/two_task_dag.py
[2024-09-29T05:52:33.125+0000] {logging_mixin.py:150} INFO - [2024-09-29T05:52:33.124+0000] {dag.py:2742} INFO - Sync 1 DAGs
[2024-09-29T05:52:33.138+0000] {logging_mixin.py:150} INFO - [2024-09-29T05:52:33.138+0000] {dag.py:3504} INFO - Setting next_dagrun for two_task_dag to None, run_after=None
[2024-09-29T05:52:33.202+0000] {processor.py:179} INFO - Processing /workspaces/hands-on-introduction-data-engineering-4395021/airflow/dags/two_task_dag.py took 0.111 seconds
[2024-09-29T05:53:03.388+0000] {processor.py:157} INFO - Started process (PID=46512) to work on /workspaces/hands-on-introduction-data-engineering-4395021/airflow/dags/two_task_dag.py
[2024-09-29T05:53:03.389+0000] {processor.py:826} INFO - Processing file /workspaces/hands-on-introduction-data-engineering-4395021/airflow/dags/two_task_dag.py for tasks to queue
[2024-09-29T05:53:03.390+0000] {logging_mixin.py:150} INFO - [2024-09-29T05:53:03.389+0000] {dagbag.py:541} INFO - Filling up the DagBag from /workspaces/hands-on-introduction-data-engineering-4395021/airflow/dags/two_task_dag.py
[2024-09-29T05:53:03.398+0000] {processor.py:836} INFO - DAG(s) dict_keys(['two_task_dag']) retrieved from /workspaces/hands-on-introduction-data-engineering-4395021/airflow/dags/two_task_dag.py
[2024-09-29T05:53:03.414+0000] {logging_mixin.py:150} INFO - [2024-09-29T05:53:03.414+0000] {dag.py:2742} INFO - Sync 1 DAGs
[2024-09-29T05:53:03.427+0000] {logging_mixin.py:150} INFO - [2024-09-29T05:53:03.427+0000] {dag.py:3504} INFO - Setting next_dagrun for two_task_dag to None, run_after=None
[2024-09-29T05:53:03.482+0000] {processor.py:179} INFO - Processing /workspaces/hands-on-introduction-data-engineering-4395021/airflow/dags/two_task_dag.py took 0.095 seconds
[2024-09-29T05:53:33.574+0000] {processor.py:157} INFO - Started process (PID=46681) to work on /workspaces/hands-on-introduction-data-engineering-4395021/airflow/dags/two_task_dag.py
[2024-09-29T05:53:33.575+0000] {processor.py:826} INFO - Processing file /workspaces/hands-on-introduction-data-engineering-4395021/airflow/dags/two_task_dag.py for tasks to queue
[2024-09-29T05:53:33.575+0000] {logging_mixin.py:150} INFO - [2024-09-29T05:53:33.575+0000] {dagbag.py:541} INFO - Filling up the DagBag from /workspaces/hands-on-introduction-data-engineering-4395021/airflow/dags/two_task_dag.py
[2024-09-29T05:53:33.583+0000] {processor.py:836} INFO - DAG(s) dict_keys(['two_task_dag']) retrieved from /workspaces/hands-on-introduction-data-engineering-4395021/airflow/dags/two_task_dag.py
[2024-09-29T05:53:33.600+0000] {logging_mixin.py:150} INFO - [2024-09-29T05:53:33.600+0000] {dag.py:2742} INFO - Sync 1 DAGs
[2024-09-29T05:53:33.613+0000] {logging_mixin.py:150} INFO - [2024-09-29T05:53:33.613+0000] {dag.py:3504} INFO - Setting next_dagrun for two_task_dag to None, run_after=None
[2024-09-29T05:53:33.685+0000] {processor.py:179} INFO - Processing /workspaces/hands-on-introduction-data-engineering-4395021/airflow/dags/two_task_dag.py took 0.113 seconds
[2024-09-29T05:54:03.844+0000] {processor.py:157} INFO - Started process (PID=46856) to work on /workspaces/hands-on-introduction-data-engineering-4395021/airflow/dags/two_task_dag.py
[2024-09-29T05:54:03.844+0000] {processor.py:826} INFO - Processing file /workspaces/hands-on-introduction-data-engineering-4395021/airflow/dags/two_task_dag.py for tasks to queue
[2024-09-29T05:54:03.845+0000] {logging_mixin.py:150} INFO - [2024-09-29T05:54:03.845+0000] {dagbag.py:541} INFO - Filling up the DagBag from /workspaces/hands-on-introduction-data-engineering-4395021/airflow/dags/two_task_dag.py
[2024-09-29T05:54:03.853+0000] {processor.py:836} INFO - DAG(s) dict_keys(['two_task_dag']) retrieved from /workspaces/hands-on-introduction-data-engineering-4395021/airflow/dags/two_task_dag.py
[2024-09-29T05:54:03.869+0000] {logging_mixin.py:150} INFO - [2024-09-29T05:54:03.869+0000] {dag.py:2742} INFO - Sync 1 DAGs
[2024-09-29T05:54:03.883+0000] {logging_mixin.py:150} INFO - [2024-09-29T05:54:03.883+0000] {dag.py:3504} INFO - Setting next_dagrun for two_task_dag to None, run_after=None
[2024-09-29T05:54:03.965+0000] {processor.py:179} INFO - Processing /workspaces/hands-on-introduction-data-engineering-4395021/airflow/dags/two_task_dag.py took 0.123 seconds
[2024-09-29T05:54:34.183+0000] {processor.py:157} INFO - Started process (PID=47024) to work on /workspaces/hands-on-introduction-data-engineering-4395021/airflow/dags/two_task_dag.py
[2024-09-29T05:54:34.184+0000] {processor.py:826} INFO - Processing file /workspaces/hands-on-introduction-data-engineering-4395021/airflow/dags/two_task_dag.py for tasks to queue
[2024-09-29T05:54:34.185+0000] {logging_mixin.py:150} INFO - [2024-09-29T05:54:34.184+0000] {dagbag.py:541} INFO - Filling up the DagBag from /workspaces/hands-on-introduction-data-engineering-4395021/airflow/dags/two_task_dag.py
[2024-09-29T05:54:34.193+0000] {processor.py:836} INFO - DAG(s) dict_keys(['two_task_dag']) retrieved from /workspaces/hands-on-introduction-data-engineering-4395021/airflow/dags/two_task_dag.py
[2024-09-29T05:54:34.209+0000] {logging_mixin.py:150} INFO - [2024-09-29T05:54:34.208+0000] {dag.py:2742} INFO - Sync 1 DAGs
[2024-09-29T05:54:34.222+0000] {logging_mixin.py:150} INFO - [2024-09-29T05:54:34.222+0000] {dag.py:3504} INFO - Setting next_dagrun for two_task_dag to None, run_after=None
[2024-09-29T05:54:34.281+0000] {processor.py:179} INFO - Processing /workspaces/hands-on-introduction-data-engineering-4395021/airflow/dags/two_task_dag.py took 0.100 seconds
