[2024-09-29T04:34:38.161+0000] {processor.py:157} INFO - Started process (PID=14011) to work on /home/vscode/.local/lib/python3.10/site-packages/airflow/example_dags/example_params_ui_tutorial.py
[2024-09-29T04:34:38.162+0000] {processor.py:826} INFO - Processing file /home/vscode/.local/lib/python3.10/site-packages/airflow/example_dags/example_params_ui_tutorial.py for tasks to queue
[2024-09-29T04:34:38.163+0000] {logging_mixin.py:150} INFO - [2024-09-29T04:34:38.162+0000] {dagbag.py:541} INFO - Filling up the DagBag from /home/vscode/.local/lib/python3.10/site-packages/airflow/example_dags/example_params_ui_tutorial.py
[2024-09-29T04:34:38.180+0000] {processor.py:836} INFO - DAG(s) dict_keys(['example_params_ui_tutorial']) retrieved from /home/vscode/.local/lib/python3.10/site-packages/airflow/example_dags/example_params_ui_tutorial.py
[2024-09-29T04:34:38.285+0000] {logging_mixin.py:150} INFO - [2024-09-29T04:34:38.285+0000] {dag.py:2742} INFO - Sync 1 DAGs
[2024-09-29T04:34:38.298+0000] {logging_mixin.py:150} INFO - [2024-09-29T04:34:38.298+0000] {dag.py:3504} INFO - Setting next_dagrun for example_params_ui_tutorial to None, run_after=None
[2024-09-29T04:34:38.376+0000] {processor.py:179} INFO - Processing /home/vscode/.local/lib/python3.10/site-packages/airflow/example_dags/example_params_ui_tutorial.py took 0.216 seconds
[2024-09-29T04:35:26.011+0000] {processor.py:157} INFO - Started process (PID=14332) to work on /home/vscode/.local/lib/python3.10/site-packages/airflow/example_dags/example_params_ui_tutorial.py
[2024-09-29T04:35:26.011+0000] {processor.py:826} INFO - Processing file /home/vscode/.local/lib/python3.10/site-packages/airflow/example_dags/example_params_ui_tutorial.py for tasks to queue
[2024-09-29T04:35:26.012+0000] {logging_mixin.py:150} INFO - [2024-09-29T04:35:26.012+0000] {dagbag.py:541} INFO - Filling up the DagBag from /home/vscode/.local/lib/python3.10/site-packages/airflow/example_dags/example_params_ui_tutorial.py
[2024-09-29T04:35:26.030+0000] {processor.py:836} INFO - DAG(s) dict_keys(['example_params_ui_tutorial']) retrieved from /home/vscode/.local/lib/python3.10/site-packages/airflow/example_dags/example_params_ui_tutorial.py
[2024-09-29T04:35:26.056+0000] {logging_mixin.py:150} INFO - [2024-09-29T04:35:26.055+0000] {dag.py:2742} INFO - Sync 1 DAGs
[2024-09-29T04:35:26.070+0000] {logging_mixin.py:150} INFO - [2024-09-29T04:35:26.070+0000] {dag.py:3504} INFO - Setting next_dagrun for example_params_ui_tutorial to None, run_after=None
[2024-09-29T04:35:26.138+0000] {processor.py:179} INFO - Processing /home/vscode/.local/lib/python3.10/site-packages/airflow/example_dags/example_params_ui_tutorial.py took 0.130 seconds
[2024-09-29T04:36:19.186+0000] {processor.py:157} INFO - Started process (PID=14737) to work on /home/vscode/.local/lib/python3.10/site-packages/airflow/example_dags/example_params_ui_tutorial.py
[2024-09-29T04:36:19.186+0000] {processor.py:826} INFO - Processing file /home/vscode/.local/lib/python3.10/site-packages/airflow/example_dags/example_params_ui_tutorial.py for tasks to queue
[2024-09-29T04:36:19.187+0000] {logging_mixin.py:150} INFO - [2024-09-29T04:36:19.187+0000] {dagbag.py:541} INFO - Filling up the DagBag from /home/vscode/.local/lib/python3.10/site-packages/airflow/example_dags/example_params_ui_tutorial.py
[2024-09-29T04:36:19.205+0000] {processor.py:836} INFO - DAG(s) dict_keys(['example_params_ui_tutorial']) retrieved from /home/vscode/.local/lib/python3.10/site-packages/airflow/example_dags/example_params_ui_tutorial.py
[2024-09-29T04:36:19.231+0000] {logging_mixin.py:150} INFO - [2024-09-29T04:36:19.230+0000] {dag.py:2742} INFO - Sync 1 DAGs
[2024-09-29T04:36:19.245+0000] {logging_mixin.py:150} INFO - [2024-09-29T04:36:19.245+0000] {dag.py:3504} INFO - Setting next_dagrun for example_params_ui_tutorial to None, run_after=None
[2024-09-29T04:36:19.298+0000] {processor.py:179} INFO - Processing /home/vscode/.local/lib/python3.10/site-packages/airflow/example_dags/example_params_ui_tutorial.py took 0.114 seconds
[2024-09-29T04:37:12.493+0000] {processor.py:157} INFO - Started process (PID=15157) to work on /home/vscode/.local/lib/python3.10/site-packages/airflow/example_dags/example_params_ui_tutorial.py
[2024-09-29T04:37:12.494+0000] {processor.py:826} INFO - Processing file /home/vscode/.local/lib/python3.10/site-packages/airflow/example_dags/example_params_ui_tutorial.py for tasks to queue
[2024-09-29T04:37:12.495+0000] {logging_mixin.py:150} INFO - [2024-09-29T04:37:12.494+0000] {dagbag.py:541} INFO - Filling up the DagBag from /home/vscode/.local/lib/python3.10/site-packages/airflow/example_dags/example_params_ui_tutorial.py
[2024-09-29T04:37:12.512+0000] {processor.py:836} INFO - DAG(s) dict_keys(['example_params_ui_tutorial']) retrieved from /home/vscode/.local/lib/python3.10/site-packages/airflow/example_dags/example_params_ui_tutorial.py
[2024-09-29T04:37:12.537+0000] {logging_mixin.py:150} INFO - [2024-09-29T04:37:12.537+0000] {dag.py:2742} INFO - Sync 1 DAGs
[2024-09-29T04:37:12.552+0000] {logging_mixin.py:150} INFO - [2024-09-29T04:37:12.551+0000] {dag.py:3504} INFO - Setting next_dagrun for example_params_ui_tutorial to None, run_after=None
[2024-09-29T04:37:12.620+0000] {processor.py:179} INFO - Processing /home/vscode/.local/lib/python3.10/site-packages/airflow/example_dags/example_params_ui_tutorial.py took 0.129 seconds
[2024-09-29T04:38:03.782+0000] {processor.py:157} INFO - Started process (PID=15601) to work on /home/vscode/.local/lib/python3.10/site-packages/airflow/example_dags/example_params_ui_tutorial.py
[2024-09-29T04:38:03.782+0000] {processor.py:826} INFO - Processing file /home/vscode/.local/lib/python3.10/site-packages/airflow/example_dags/example_params_ui_tutorial.py for tasks to queue
[2024-09-29T04:38:03.783+0000] {logging_mixin.py:150} INFO - [2024-09-29T04:38:03.783+0000] {dagbag.py:541} INFO - Filling up the DagBag from /home/vscode/.local/lib/python3.10/site-packages/airflow/example_dags/example_params_ui_tutorial.py
[2024-09-29T04:38:03.801+0000] {processor.py:836} INFO - DAG(s) dict_keys(['example_params_ui_tutorial']) retrieved from /home/vscode/.local/lib/python3.10/site-packages/airflow/example_dags/example_params_ui_tutorial.py
[2024-09-29T04:38:03.829+0000] {logging_mixin.py:150} INFO - [2024-09-29T04:38:03.829+0000] {dag.py:2742} INFO - Sync 1 DAGs
[2024-09-29T04:38:03.844+0000] {logging_mixin.py:150} INFO - [2024-09-29T04:38:03.844+0000] {dag.py:3504} INFO - Setting next_dagrun for example_params_ui_tutorial to None, run_after=None
[2024-09-29T04:38:03.907+0000] {processor.py:179} INFO - Processing /home/vscode/.local/lib/python3.10/site-packages/airflow/example_dags/example_params_ui_tutorial.py took 0.127 seconds
[2024-09-29T04:38:53.200+0000] {processor.py:157} INFO - Started process (PID=16145) to work on /home/vscode/.local/lib/python3.10/site-packages/airflow/example_dags/example_params_ui_tutorial.py
[2024-09-29T04:38:53.201+0000] {processor.py:826} INFO - Processing file /home/vscode/.local/lib/python3.10/site-packages/airflow/example_dags/example_params_ui_tutorial.py for tasks to queue
[2024-09-29T04:38:53.202+0000] {logging_mixin.py:150} INFO - [2024-09-29T04:38:53.201+0000] {dagbag.py:541} INFO - Filling up the DagBag from /home/vscode/.local/lib/python3.10/site-packages/airflow/example_dags/example_params_ui_tutorial.py
[2024-09-29T04:38:53.219+0000] {processor.py:836} INFO - DAG(s) dict_keys(['example_params_ui_tutorial']) retrieved from /home/vscode/.local/lib/python3.10/site-packages/airflow/example_dags/example_params_ui_tutorial.py
[2024-09-29T04:38:53.245+0000] {logging_mixin.py:150} INFO - [2024-09-29T04:38:53.245+0000] {dag.py:2742} INFO - Sync 1 DAGs
[2024-09-29T04:38:53.263+0000] {logging_mixin.py:150} INFO - [2024-09-29T04:38:53.263+0000] {dag.py:3504} INFO - Setting next_dagrun for example_params_ui_tutorial to None, run_after=None
[2024-09-29T04:38:53.318+0000] {processor.py:179} INFO - Processing /home/vscode/.local/lib/python3.10/site-packages/airflow/example_dags/example_params_ui_tutorial.py took 0.120 seconds
[2024-09-29T04:39:48.316+0000] {processor.py:157} INFO - Started process (PID=16670) to work on /home/vscode/.local/lib/python3.10/site-packages/airflow/example_dags/example_params_ui_tutorial.py
[2024-09-29T04:39:48.317+0000] {processor.py:826} INFO - Processing file /home/vscode/.local/lib/python3.10/site-packages/airflow/example_dags/example_params_ui_tutorial.py for tasks to queue
[2024-09-29T04:39:48.318+0000] {logging_mixin.py:150} INFO - [2024-09-29T04:39:48.317+0000] {dagbag.py:541} INFO - Filling up the DagBag from /home/vscode/.local/lib/python3.10/site-packages/airflow/example_dags/example_params_ui_tutorial.py
[2024-09-29T04:39:48.335+0000] {processor.py:836} INFO - DAG(s) dict_keys(['example_params_ui_tutorial']) retrieved from /home/vscode/.local/lib/python3.10/site-packages/airflow/example_dags/example_params_ui_tutorial.py
[2024-09-29T04:39:48.362+0000] {logging_mixin.py:150} INFO - [2024-09-29T04:39:48.362+0000] {dag.py:2742} INFO - Sync 1 DAGs
[2024-09-29T04:39:48.376+0000] {logging_mixin.py:150} INFO - [2024-09-29T04:39:48.376+0000] {dag.py:3504} INFO - Setting next_dagrun for example_params_ui_tutorial to None, run_after=None
[2024-09-29T04:39:48.436+0000] {processor.py:179} INFO - Processing /home/vscode/.local/lib/python3.10/site-packages/airflow/example_dags/example_params_ui_tutorial.py took 0.122 seconds
[2024-09-29T04:58:55.907+0000] {processor.py:157} INFO - Started process (PID=23802) to work on /home/vscode/.local/lib/python3.10/site-packages/airflow/example_dags/example_params_ui_tutorial.py
[2024-09-29T04:58:55.908+0000] {processor.py:826} INFO - Processing file /home/vscode/.local/lib/python3.10/site-packages/airflow/example_dags/example_params_ui_tutorial.py for tasks to queue
[2024-09-29T04:58:55.909+0000] {logging_mixin.py:150} INFO - [2024-09-29T04:58:55.909+0000] {dagbag.py:541} INFO - Filling up the DagBag from /home/vscode/.local/lib/python3.10/site-packages/airflow/example_dags/example_params_ui_tutorial.py
[2024-09-29T04:58:55.926+0000] {processor.py:836} INFO - DAG(s) dict_keys(['example_params_ui_tutorial']) retrieved from /home/vscode/.local/lib/python3.10/site-packages/airflow/example_dags/example_params_ui_tutorial.py
[2024-09-29T04:58:56.039+0000] {logging_mixin.py:150} INFO - [2024-09-29T04:58:56.039+0000] {dag.py:2742} INFO - Sync 1 DAGs
[2024-09-29T04:58:56.051+0000] {logging_mixin.py:150} INFO - [2024-09-29T04:58:56.051+0000] {dag.py:3504} INFO - Setting next_dagrun for example_params_ui_tutorial to None, run_after=None
[2024-09-29T04:58:56.106+0000] {processor.py:179} INFO - Processing /home/vscode/.local/lib/python3.10/site-packages/airflow/example_dags/example_params_ui_tutorial.py took 0.201 seconds
[2024-09-29T04:59:44.621+0000] {processor.py:157} INFO - Started process (PID=24124) to work on /home/vscode/.local/lib/python3.10/site-packages/airflow/example_dags/example_params_ui_tutorial.py
[2024-09-29T04:59:44.622+0000] {processor.py:826} INFO - Processing file /home/vscode/.local/lib/python3.10/site-packages/airflow/example_dags/example_params_ui_tutorial.py for tasks to queue
[2024-09-29T04:59:44.623+0000] {logging_mixin.py:150} INFO - [2024-09-29T04:59:44.622+0000] {dagbag.py:541} INFO - Filling up the DagBag from /home/vscode/.local/lib/python3.10/site-packages/airflow/example_dags/example_params_ui_tutorial.py
[2024-09-29T04:59:44.641+0000] {processor.py:836} INFO - DAG(s) dict_keys(['example_params_ui_tutorial']) retrieved from /home/vscode/.local/lib/python3.10/site-packages/airflow/example_dags/example_params_ui_tutorial.py
[2024-09-29T04:59:44.669+0000] {logging_mixin.py:150} INFO - [2024-09-29T04:59:44.669+0000] {dag.py:2742} INFO - Sync 1 DAGs
[2024-09-29T04:59:44.684+0000] {logging_mixin.py:150} INFO - [2024-09-29T04:59:44.684+0000] {dag.py:3504} INFO - Setting next_dagrun for example_params_ui_tutorial to None, run_after=None
[2024-09-29T04:59:44.752+0000] {processor.py:179} INFO - Processing /home/vscode/.local/lib/python3.10/site-packages/airflow/example_dags/example_params_ui_tutorial.py took 0.133 seconds
[2024-09-29T05:00:33.819+0000] {processor.py:157} INFO - Started process (PID=24519) to work on /home/vscode/.local/lib/python3.10/site-packages/airflow/example_dags/example_params_ui_tutorial.py
[2024-09-29T05:00:33.820+0000] {processor.py:826} INFO - Processing file /home/vscode/.local/lib/python3.10/site-packages/airflow/example_dags/example_params_ui_tutorial.py for tasks to queue
[2024-09-29T05:00:33.820+0000] {logging_mixin.py:150} INFO - [2024-09-29T05:00:33.820+0000] {dagbag.py:541} INFO - Filling up the DagBag from /home/vscode/.local/lib/python3.10/site-packages/airflow/example_dags/example_params_ui_tutorial.py
[2024-09-29T05:00:33.843+0000] {processor.py:836} INFO - DAG(s) dict_keys(['example_params_ui_tutorial']) retrieved from /home/vscode/.local/lib/python3.10/site-packages/airflow/example_dags/example_params_ui_tutorial.py
[2024-09-29T05:00:33.869+0000] {logging_mixin.py:150} INFO - [2024-09-29T05:00:33.869+0000] {dag.py:2742} INFO - Sync 1 DAGs
[2024-09-29T05:00:33.883+0000] {logging_mixin.py:150} INFO - [2024-09-29T05:00:33.883+0000] {dag.py:3504} INFO - Setting next_dagrun for example_params_ui_tutorial to None, run_after=None
[2024-09-29T05:00:33.935+0000] {processor.py:179} INFO - Processing /home/vscode/.local/lib/python3.10/site-packages/airflow/example_dags/example_params_ui_tutorial.py took 0.118 seconds
