[2024-09-29T04:34:34.487+0000] {processor.py:157} INFO - Started process (PID=13987) to work on /home/vscode/.local/lib/python3.10/site-packages/airflow/example_dags/example_python_operator.py
[2024-09-29T04:34:34.488+0000] {processor.py:826} INFO - Processing file /home/vscode/.local/lib/python3.10/site-packages/airflow/example_dags/example_python_operator.py for tasks to queue
[2024-09-29T04:34:34.489+0000] {logging_mixin.py:150} INFO - [2024-09-29T04:34:34.488+0000] {dagbag.py:541} INFO - Filling up the DagBag from /home/vscode/.local/lib/python3.10/site-packages/airflow/example_dags/example_python_operator.py
[2024-09-29T04:34:34.496+0000] {processor.py:836} INFO - DAG(s) dict_keys(['example_python_operator']) retrieved from /home/vscode/.local/lib/python3.10/site-packages/airflow/example_dags/example_python_operator.py
[2024-09-29T04:34:34.673+0000] {logging_mixin.py:150} INFO - [2024-09-29T04:34:34.673+0000] {dag.py:2742} INFO - Sync 1 DAGs
[2024-09-29T04:34:34.685+0000] {logging_mixin.py:150} INFO - [2024-09-29T04:34:34.685+0000] {dag.py:3504} INFO - Setting next_dagrun for example_python_operator to None, run_after=None
[2024-09-29T04:34:34.754+0000] {processor.py:179} INFO - Processing /home/vscode/.local/lib/python3.10/site-packages/airflow/example_dags/example_python_operator.py took 0.269 seconds
[2024-09-29T04:35:22.959+0000] {processor.py:157} INFO - Started process (PID=14308) to work on /home/vscode/.local/lib/python3.10/site-packages/airflow/example_dags/example_python_operator.py
[2024-09-29T04:35:22.960+0000] {processor.py:826} INFO - Processing file /home/vscode/.local/lib/python3.10/site-packages/airflow/example_dags/example_python_operator.py for tasks to queue
[2024-09-29T04:35:22.961+0000] {logging_mixin.py:150} INFO - [2024-09-29T04:35:22.961+0000] {dagbag.py:541} INFO - Filling up the DagBag from /home/vscode/.local/lib/python3.10/site-packages/airflow/example_dags/example_python_operator.py
[2024-09-29T04:35:22.969+0000] {processor.py:836} INFO - DAG(s) dict_keys(['example_python_operator']) retrieved from /home/vscode/.local/lib/python3.10/site-packages/airflow/example_dags/example_python_operator.py
[2024-09-29T04:35:22.983+0000] {logging_mixin.py:150} INFO - [2024-09-29T04:35:22.983+0000] {dag.py:2742} INFO - Sync 1 DAGs
[2024-09-29T04:35:22.997+0000] {logging_mixin.py:150} INFO - [2024-09-29T04:35:22.997+0000] {dag.py:3504} INFO - Setting next_dagrun for example_python_operator to None, run_after=None
[2024-09-29T04:35:23.076+0000] {processor.py:179} INFO - Processing /home/vscode/.local/lib/python3.10/site-packages/airflow/example_dags/example_python_operator.py took 0.118 seconds
[2024-09-29T04:36:10.401+0000] {processor.py:157} INFO - Started process (PID=14655) to work on /home/vscode/.local/lib/python3.10/site-packages/airflow/example_dags/example_python_operator.py
[2024-09-29T04:36:10.402+0000] {processor.py:826} INFO - Processing file /home/vscode/.local/lib/python3.10/site-packages/airflow/example_dags/example_python_operator.py for tasks to queue
[2024-09-29T04:36:10.403+0000] {logging_mixin.py:150} INFO - [2024-09-29T04:36:10.402+0000] {dagbag.py:541} INFO - Filling up the DagBag from /home/vscode/.local/lib/python3.10/site-packages/airflow/example_dags/example_python_operator.py
[2024-09-29T04:36:10.416+0000] {processor.py:836} INFO - DAG(s) dict_keys(['example_python_operator']) retrieved from /home/vscode/.local/lib/python3.10/site-packages/airflow/example_dags/example_python_operator.py
[2024-09-29T04:36:10.431+0000] {logging_mixin.py:150} INFO - [2024-09-29T04:36:10.430+0000] {dag.py:2742} INFO - Sync 1 DAGs
[2024-09-29T04:36:10.445+0000] {logging_mixin.py:150} INFO - [2024-09-29T04:36:10.445+0000] {dag.py:3504} INFO - Setting next_dagrun for example_python_operator to None, run_after=None
[2024-09-29T04:36:10.510+0000] {processor.py:179} INFO - Processing /home/vscode/.local/lib/python3.10/site-packages/airflow/example_dags/example_python_operator.py took 0.112 seconds
[2024-09-29T04:37:04.727+0000] {processor.py:157} INFO - Started process (PID=15098) to work on /home/vscode/.local/lib/python3.10/site-packages/airflow/example_dags/example_python_operator.py
[2024-09-29T04:37:04.727+0000] {processor.py:826} INFO - Processing file /home/vscode/.local/lib/python3.10/site-packages/airflow/example_dags/example_python_operator.py for tasks to queue
[2024-09-29T04:37:04.728+0000] {logging_mixin.py:150} INFO - [2024-09-29T04:37:04.728+0000] {dagbag.py:541} INFO - Filling up the DagBag from /home/vscode/.local/lib/python3.10/site-packages/airflow/example_dags/example_python_operator.py
[2024-09-29T04:37:04.736+0000] {processor.py:836} INFO - DAG(s) dict_keys(['example_python_operator']) retrieved from /home/vscode/.local/lib/python3.10/site-packages/airflow/example_dags/example_python_operator.py
[2024-09-29T04:37:04.752+0000] {logging_mixin.py:150} INFO - [2024-09-29T04:37:04.752+0000] {dag.py:2742} INFO - Sync 1 DAGs
[2024-09-29T04:37:04.767+0000] {logging_mixin.py:150} INFO - [2024-09-29T04:37:04.767+0000] {dag.py:3504} INFO - Setting next_dagrun for example_python_operator to None, run_after=None
[2024-09-29T04:37:04.822+0000] {processor.py:179} INFO - Processing /home/vscode/.local/lib/python3.10/site-packages/airflow/example_dags/example_python_operator.py took 0.098 seconds
[2024-09-29T04:37:53.290+0000] {processor.py:157} INFO - Started process (PID=15484) to work on /home/vscode/.local/lib/python3.10/site-packages/airflow/example_dags/example_python_operator.py
[2024-09-29T04:37:53.291+0000] {processor.py:826} INFO - Processing file /home/vscode/.local/lib/python3.10/site-packages/airflow/example_dags/example_python_operator.py for tasks to queue
[2024-09-29T04:37:53.291+0000] {logging_mixin.py:150} INFO - [2024-09-29T04:37:53.291+0000] {dagbag.py:541} INFO - Filling up the DagBag from /home/vscode/.local/lib/python3.10/site-packages/airflow/example_dags/example_python_operator.py
[2024-09-29T04:37:53.299+0000] {processor.py:836} INFO - DAG(s) dict_keys(['example_python_operator']) retrieved from /home/vscode/.local/lib/python3.10/site-packages/airflow/example_dags/example_python_operator.py
[2024-09-29T04:37:53.314+0000] {logging_mixin.py:150} INFO - [2024-09-29T04:37:53.313+0000] {dag.py:2742} INFO - Sync 1 DAGs
[2024-09-29T04:37:53.329+0000] {logging_mixin.py:150} INFO - [2024-09-29T04:37:53.328+0000] {dag.py:3504} INFO - Setting next_dagrun for example_python_operator to None, run_after=None
[2024-09-29T04:37:53.396+0000] {processor.py:179} INFO - Processing /home/vscode/.local/lib/python3.10/site-packages/airflow/example_dags/example_python_operator.py took 0.107 seconds
[2024-09-29T04:38:45.378+0000] {processor.py:157} INFO - Started process (PID=16055) to work on /home/vscode/.local/lib/python3.10/site-packages/airflow/example_dags/example_python_operator.py
[2024-09-29T04:38:45.379+0000] {processor.py:826} INFO - Processing file /home/vscode/.local/lib/python3.10/site-packages/airflow/example_dags/example_python_operator.py for tasks to queue
[2024-09-29T04:38:45.380+0000] {logging_mixin.py:150} INFO - [2024-09-29T04:38:45.379+0000] {dagbag.py:541} INFO - Filling up the DagBag from /home/vscode/.local/lib/python3.10/site-packages/airflow/example_dags/example_python_operator.py
[2024-09-29T04:38:45.387+0000] {processor.py:836} INFO - DAG(s) dict_keys(['example_python_operator']) retrieved from /home/vscode/.local/lib/python3.10/site-packages/airflow/example_dags/example_python_operator.py
[2024-09-29T04:38:45.401+0000] {logging_mixin.py:150} INFO - [2024-09-29T04:38:45.401+0000] {dag.py:2742} INFO - Sync 1 DAGs
[2024-09-29T04:38:45.415+0000] {logging_mixin.py:150} INFO - [2024-09-29T04:38:45.415+0000] {dag.py:3504} INFO - Setting next_dagrun for example_python_operator to None, run_after=None
[2024-09-29T04:38:45.474+0000] {processor.py:179} INFO - Processing /home/vscode/.local/lib/python3.10/site-packages/airflow/example_dags/example_python_operator.py took 0.098 seconds
[2024-09-29T04:39:37.830+0000] {processor.py:157} INFO - Started process (PID=16539) to work on /home/vscode/.local/lib/python3.10/site-packages/airflow/example_dags/example_python_operator.py
[2024-09-29T04:39:37.831+0000] {processor.py:826} INFO - Processing file /home/vscode/.local/lib/python3.10/site-packages/airflow/example_dags/example_python_operator.py for tasks to queue
[2024-09-29T04:39:37.832+0000] {logging_mixin.py:150} INFO - [2024-09-29T04:39:37.831+0000] {dagbag.py:541} INFO - Filling up the DagBag from /home/vscode/.local/lib/python3.10/site-packages/airflow/example_dags/example_python_operator.py
[2024-09-29T04:39:37.839+0000] {processor.py:836} INFO - DAG(s) dict_keys(['example_python_operator']) retrieved from /home/vscode/.local/lib/python3.10/site-packages/airflow/example_dags/example_python_operator.py
[2024-09-29T04:39:37.854+0000] {logging_mixin.py:150} INFO - [2024-09-29T04:39:37.854+0000] {dag.py:2742} INFO - Sync 1 DAGs
[2024-09-29T04:39:37.868+0000] {logging_mixin.py:150} INFO - [2024-09-29T04:39:37.868+0000] {dag.py:3504} INFO - Setting next_dagrun for example_python_operator to None, run_after=None
[2024-09-29T04:39:37.931+0000] {processor.py:179} INFO - Processing /home/vscode/.local/lib/python3.10/site-packages/airflow/example_dags/example_python_operator.py took 0.103 seconds
[2024-09-29T04:58:52.236+0000] {processor.py:157} INFO - Started process (PID=23770) to work on /home/vscode/.local/lib/python3.10/site-packages/airflow/example_dags/example_python_operator.py
[2024-09-29T04:58:52.237+0000] {processor.py:826} INFO - Processing file /home/vscode/.local/lib/python3.10/site-packages/airflow/example_dags/example_python_operator.py for tasks to queue
[2024-09-29T04:58:52.238+0000] {logging_mixin.py:150} INFO - [2024-09-29T04:58:52.237+0000] {dagbag.py:541} INFO - Filling up the DagBag from /home/vscode/.local/lib/python3.10/site-packages/airflow/example_dags/example_python_operator.py
[2024-09-29T04:58:52.245+0000] {processor.py:836} INFO - DAG(s) dict_keys(['example_python_operator']) retrieved from /home/vscode/.local/lib/python3.10/site-packages/airflow/example_dags/example_python_operator.py
[2024-09-29T04:58:52.399+0000] {logging_mixin.py:150} INFO - [2024-09-29T04:58:52.398+0000] {dag.py:2742} INFO - Sync 1 DAGs
[2024-09-29T04:58:52.411+0000] {logging_mixin.py:150} INFO - [2024-09-29T04:58:52.411+0000] {dag.py:3504} INFO - Setting next_dagrun for example_python_operator to None, run_after=None
[2024-09-29T04:58:52.464+0000] {processor.py:179} INFO - Processing /home/vscode/.local/lib/python3.10/site-packages/airflow/example_dags/example_python_operator.py took 0.230 seconds
[2024-09-29T04:59:41.416+0000] {processor.py:157} INFO - Started process (PID=24106) to work on /home/vscode/.local/lib/python3.10/site-packages/airflow/example_dags/example_python_operator.py
[2024-09-29T04:59:41.416+0000] {processor.py:826} INFO - Processing file /home/vscode/.local/lib/python3.10/site-packages/airflow/example_dags/example_python_operator.py for tasks to queue
[2024-09-29T04:59:41.417+0000] {logging_mixin.py:150} INFO - [2024-09-29T04:59:41.417+0000] {dagbag.py:541} INFO - Filling up the DagBag from /home/vscode/.local/lib/python3.10/site-packages/airflow/example_dags/example_python_operator.py
[2024-09-29T04:59:41.425+0000] {processor.py:836} INFO - DAG(s) dict_keys(['example_python_operator']) retrieved from /home/vscode/.local/lib/python3.10/site-packages/airflow/example_dags/example_python_operator.py
[2024-09-29T04:59:41.439+0000] {logging_mixin.py:150} INFO - [2024-09-29T04:59:41.438+0000] {dag.py:2742} INFO - Sync 1 DAGs
[2024-09-29T04:59:41.453+0000] {logging_mixin.py:150} INFO - [2024-09-29T04:59:41.453+0000] {dag.py:3504} INFO - Setting next_dagrun for example_python_operator to None, run_after=None
[2024-09-29T04:59:41.505+0000] {processor.py:179} INFO - Processing /home/vscode/.local/lib/python3.10/site-packages/airflow/example_dags/example_python_operator.py took 0.091 seconds
[2024-09-29T05:00:27.689+0000] {processor.py:157} INFO - Started process (PID=24469) to work on /home/vscode/.local/lib/python3.10/site-packages/airflow/example_dags/example_python_operator.py
[2024-09-29T05:00:27.690+0000] {processor.py:826} INFO - Processing file /home/vscode/.local/lib/python3.10/site-packages/airflow/example_dags/example_python_operator.py for tasks to queue
[2024-09-29T05:00:27.691+0000] {logging_mixin.py:150} INFO - [2024-09-29T05:00:27.690+0000] {dagbag.py:541} INFO - Filling up the DagBag from /home/vscode/.local/lib/python3.10/site-packages/airflow/example_dags/example_python_operator.py
[2024-09-29T05:00:27.698+0000] {processor.py:836} INFO - DAG(s) dict_keys(['example_python_operator']) retrieved from /home/vscode/.local/lib/python3.10/site-packages/airflow/example_dags/example_python_operator.py
[2024-09-29T05:00:27.713+0000] {logging_mixin.py:150} INFO - [2024-09-29T05:00:27.713+0000] {dag.py:2742} INFO - Sync 1 DAGs
[2024-09-29T05:00:27.727+0000] {logging_mixin.py:150} INFO - [2024-09-29T05:00:27.727+0000] {dag.py:3504} INFO - Setting next_dagrun for example_python_operator to None, run_after=None
[2024-09-29T05:00:27.786+0000] {processor.py:179} INFO - Processing /home/vscode/.local/lib/python3.10/site-packages/airflow/example_dags/example_python_operator.py took 0.099 seconds
[2024-09-29T05:01:16.162+0000] {processor.py:157} INFO - Started process (PID=24975) to work on /home/vscode/.local/lib/python3.10/site-packages/airflow/example_dags/example_python_operator.py
[2024-09-29T05:01:16.163+0000] {processor.py:826} INFO - Processing file /home/vscode/.local/lib/python3.10/site-packages/airflow/example_dags/example_python_operator.py for tasks to queue
[2024-09-29T05:01:16.164+0000] {logging_mixin.py:150} INFO - [2024-09-29T05:01:16.163+0000] {dagbag.py:541} INFO - Filling up the DagBag from /home/vscode/.local/lib/python3.10/site-packages/airflow/example_dags/example_python_operator.py
[2024-09-29T05:01:16.171+0000] {processor.py:836} INFO - DAG(s) dict_keys(['example_python_operator']) retrieved from /home/vscode/.local/lib/python3.10/site-packages/airflow/example_dags/example_python_operator.py
[2024-09-29T05:01:16.185+0000] {logging_mixin.py:150} INFO - [2024-09-29T05:01:16.185+0000] {dag.py:2742} INFO - Sync 1 DAGs
[2024-09-29T05:01:16.200+0000] {logging_mixin.py:150} INFO - [2024-09-29T05:01:16.200+0000] {dag.py:3504} INFO - Setting next_dagrun for example_python_operator to None, run_after=None
[2024-09-29T05:01:16.265+0000] {processor.py:179} INFO - Processing /home/vscode/.local/lib/python3.10/site-packages/airflow/example_dags/example_python_operator.py took 0.104 seconds
