[2024-09-29T04:34:55.401+0000] {processor.py:157} INFO - Started process (PID=14127) to work on /home/vscode/.local/lib/python3.10/site-packages/airflow/example_dags/example_branch_operator_decorator.py
[2024-09-29T04:34:55.401+0000] {processor.py:826} INFO - Processing file /home/vscode/.local/lib/python3.10/site-packages/airflow/example_dags/example_branch_operator_decorator.py for tasks to queue
[2024-09-29T04:34:55.402+0000] {logging_mixin.py:150} INFO - [2024-09-29T04:34:55.402+0000] {dagbag.py:541} INFO - Filling up the DagBag from /home/vscode/.local/lib/python3.10/site-packages/airflow/example_dags/example_branch_operator_decorator.py
[2024-09-29T04:34:55.410+0000] {processor.py:836} INFO - DAG(s) dict_keys(['example_branch_python_operator_decorator']) retrieved from /home/vscode/.local/lib/python3.10/site-packages/airflow/example_dags/example_branch_operator_decorator.py
[2024-09-29T04:34:55.423+0000] {logging_mixin.py:150} INFO - [2024-09-29T04:34:55.423+0000] {dag.py:2742} INFO - Sync 1 DAGs
[2024-09-29T04:34:55.439+0000] {logging_mixin.py:150} INFO - [2024-09-29T04:34:55.439+0000] {dag.py:3504} INFO - Setting next_dagrun for example_branch_python_operator_decorator to 2024-09-28T00:00:00+00:00, run_after=2024-09-29T00:00:00+00:00
[2024-09-29T04:34:55.514+0000] {processor.py:179} INFO - Processing /home/vscode/.local/lib/python3.10/site-packages/airflow/example_dags/example_branch_operator_decorator.py took 0.115 seconds
[2024-09-29T04:35:49.049+0000] {processor.py:157} INFO - Started process (PID=14490) to work on /home/vscode/.local/lib/python3.10/site-packages/airflow/example_dags/example_branch_operator_decorator.py
[2024-09-29T04:35:49.050+0000] {processor.py:826} INFO - Processing file /home/vscode/.local/lib/python3.10/site-packages/airflow/example_dags/example_branch_operator_decorator.py for tasks to queue
[2024-09-29T04:35:49.051+0000] {logging_mixin.py:150} INFO - [2024-09-29T04:35:49.051+0000] {dagbag.py:541} INFO - Filling up the DagBag from /home/vscode/.local/lib/python3.10/site-packages/airflow/example_dags/example_branch_operator_decorator.py
[2024-09-29T04:35:49.058+0000] {processor.py:836} INFO - DAG(s) dict_keys(['example_branch_python_operator_decorator']) retrieved from /home/vscode/.local/lib/python3.10/site-packages/airflow/example_dags/example_branch_operator_decorator.py
[2024-09-29T04:35:49.072+0000] {logging_mixin.py:150} INFO - [2024-09-29T04:35:49.072+0000] {dag.py:2742} INFO - Sync 1 DAGs
[2024-09-29T04:35:49.094+0000] {logging_mixin.py:150} INFO - [2024-09-29T04:35:49.093+0000] {dag.py:3504} INFO - Setting next_dagrun for example_branch_python_operator_decorator to 2024-09-28T00:00:00+00:00, run_after=2024-09-29T00:00:00+00:00
[2024-09-29T04:35:49.146+0000] {processor.py:179} INFO - Processing /home/vscode/.local/lib/python3.10/site-packages/airflow/example_dags/example_branch_operator_decorator.py took 0.098 seconds
[2024-09-29T04:36:43.051+0000] {processor.py:157} INFO - Started process (PID=14920) to work on /home/vscode/.local/lib/python3.10/site-packages/airflow/example_dags/example_branch_operator_decorator.py
[2024-09-29T04:36:43.052+0000] {processor.py:826} INFO - Processing file /home/vscode/.local/lib/python3.10/site-packages/airflow/example_dags/example_branch_operator_decorator.py for tasks to queue
[2024-09-29T04:36:43.053+0000] {logging_mixin.py:150} INFO - [2024-09-29T04:36:43.052+0000] {dagbag.py:541} INFO - Filling up the DagBag from /home/vscode/.local/lib/python3.10/site-packages/airflow/example_dags/example_branch_operator_decorator.py
[2024-09-29T04:36:43.060+0000] {processor.py:836} INFO - DAG(s) dict_keys(['example_branch_python_operator_decorator']) retrieved from /home/vscode/.local/lib/python3.10/site-packages/airflow/example_dags/example_branch_operator_decorator.py
[2024-09-29T04:36:43.074+0000] {logging_mixin.py:150} INFO - [2024-09-29T04:36:43.074+0000] {dag.py:2742} INFO - Sync 1 DAGs
[2024-09-29T04:36:43.096+0000] {logging_mixin.py:150} INFO - [2024-09-29T04:36:43.096+0000] {dag.py:3504} INFO - Setting next_dagrun for example_branch_python_operator_decorator to 2024-09-28T00:00:00+00:00, run_after=2024-09-29T00:00:00+00:00
[2024-09-29T04:36:43.179+0000] {processor.py:179} INFO - Processing /home/vscode/.local/lib/python3.10/site-packages/airflow/example_dags/example_branch_operator_decorator.py took 0.129 seconds
[2024-09-29T04:37:34.096+0000] {processor.py:157} INFO - Started process (PID=15318) to work on /home/vscode/.local/lib/python3.10/site-packages/airflow/example_dags/example_branch_operator_decorator.py
[2024-09-29T04:37:34.097+0000] {processor.py:826} INFO - Processing file /home/vscode/.local/lib/python3.10/site-packages/airflow/example_dags/example_branch_operator_decorator.py for tasks to queue
[2024-09-29T04:37:34.097+0000] {logging_mixin.py:150} INFO - [2024-09-29T04:37:34.097+0000] {dagbag.py:541} INFO - Filling up the DagBag from /home/vscode/.local/lib/python3.10/site-packages/airflow/example_dags/example_branch_operator_decorator.py
[2024-09-29T04:37:34.105+0000] {processor.py:836} INFO - DAG(s) dict_keys(['example_branch_python_operator_decorator']) retrieved from /home/vscode/.local/lib/python3.10/site-packages/airflow/example_dags/example_branch_operator_decorator.py
[2024-09-29T04:37:34.118+0000] {logging_mixin.py:150} INFO - [2024-09-29T04:37:34.118+0000] {dag.py:2742} INFO - Sync 1 DAGs
[2024-09-29T04:37:34.133+0000] {logging_mixin.py:150} INFO - [2024-09-29T04:37:34.133+0000] {dag.py:3504} INFO - Setting next_dagrun for example_branch_python_operator_decorator to 2024-09-28T00:00:00+00:00, run_after=2024-09-29T00:00:00+00:00
[2024-09-29T04:37:34.183+0000] {processor.py:179} INFO - Processing /home/vscode/.local/lib/python3.10/site-packages/airflow/example_dags/example_branch_operator_decorator.py took 0.090 seconds
[2024-09-29T04:38:27.164+0000] {processor.py:157} INFO - Started process (PID=15848) to work on /home/vscode/.local/lib/python3.10/site-packages/airflow/example_dags/example_branch_operator_decorator.py
[2024-09-29T04:38:27.165+0000] {processor.py:826} INFO - Processing file /home/vscode/.local/lib/python3.10/site-packages/airflow/example_dags/example_branch_operator_decorator.py for tasks to queue
[2024-09-29T04:38:27.166+0000] {logging_mixin.py:150} INFO - [2024-09-29T04:38:27.166+0000] {dagbag.py:541} INFO - Filling up the DagBag from /home/vscode/.local/lib/python3.10/site-packages/airflow/example_dags/example_branch_operator_decorator.py
[2024-09-29T04:38:27.173+0000] {processor.py:836} INFO - DAG(s) dict_keys(['example_branch_python_operator_decorator']) retrieved from /home/vscode/.local/lib/python3.10/site-packages/airflow/example_dags/example_branch_operator_decorator.py
[2024-09-29T04:38:27.186+0000] {logging_mixin.py:150} INFO - [2024-09-29T04:38:27.186+0000] {dag.py:2742} INFO - Sync 1 DAGs
[2024-09-29T04:38:27.202+0000] {logging_mixin.py:150} INFO - [2024-09-29T04:38:27.202+0000] {dag.py:3504} INFO - Setting next_dagrun for example_branch_python_operator_decorator to 2024-09-28T00:00:00+00:00, run_after=2024-09-29T00:00:00+00:00
[2024-09-29T04:38:27.275+0000] {processor.py:179} INFO - Processing /home/vscode/.local/lib/python3.10/site-packages/airflow/example_dags/example_branch_operator_decorator.py took 0.113 seconds
[2024-09-29T04:39:17.017+0000] {processor.py:157} INFO - Started process (PID=16359) to work on /home/vscode/.local/lib/python3.10/site-packages/airflow/example_dags/example_branch_operator_decorator.py
[2024-09-29T04:39:17.018+0000] {processor.py:826} INFO - Processing file /home/vscode/.local/lib/python3.10/site-packages/airflow/example_dags/example_branch_operator_decorator.py for tasks to queue
[2024-09-29T04:39:17.019+0000] {logging_mixin.py:150} INFO - [2024-09-29T04:39:17.019+0000] {dagbag.py:541} INFO - Filling up the DagBag from /home/vscode/.local/lib/python3.10/site-packages/airflow/example_dags/example_branch_operator_decorator.py
[2024-09-29T04:39:17.026+0000] {processor.py:836} INFO - DAG(s) dict_keys(['example_branch_python_operator_decorator']) retrieved from /home/vscode/.local/lib/python3.10/site-packages/airflow/example_dags/example_branch_operator_decorator.py
[2024-09-29T04:39:17.040+0000] {logging_mixin.py:150} INFO - [2024-09-29T04:39:17.039+0000] {dag.py:2742} INFO - Sync 1 DAGs
[2024-09-29T04:39:17.055+0000] {logging_mixin.py:150} INFO - [2024-09-29T04:39:17.055+0000] {dag.py:3504} INFO - Setting next_dagrun for example_branch_python_operator_decorator to 2024-09-28T00:00:00+00:00, run_after=2024-09-29T00:00:00+00:00
[2024-09-29T04:39:17.135+0000] {processor.py:179} INFO - Processing /home/vscode/.local/lib/python3.10/site-packages/airflow/example_dags/example_branch_operator_decorator.py took 0.120 seconds
[2024-09-29T04:40:11.220+0000] {processor.py:157} INFO - Started process (PID=16876) to work on /home/vscode/.local/lib/python3.10/site-packages/airflow/example_dags/example_branch_operator_decorator.py
[2024-09-29T04:40:11.220+0000] {processor.py:826} INFO - Processing file /home/vscode/.local/lib/python3.10/site-packages/airflow/example_dags/example_branch_operator_decorator.py for tasks to queue
[2024-09-29T04:40:11.221+0000] {logging_mixin.py:150} INFO - [2024-09-29T04:40:11.221+0000] {dagbag.py:541} INFO - Filling up the DagBag from /home/vscode/.local/lib/python3.10/site-packages/airflow/example_dags/example_branch_operator_decorator.py
[2024-09-29T04:40:11.229+0000] {processor.py:836} INFO - DAG(s) dict_keys(['example_branch_python_operator_decorator']) retrieved from /home/vscode/.local/lib/python3.10/site-packages/airflow/example_dags/example_branch_operator_decorator.py
[2024-09-29T04:40:11.242+0000] {logging_mixin.py:150} INFO - [2024-09-29T04:40:11.242+0000] {dag.py:2742} INFO - Sync 1 DAGs
[2024-09-29T04:40:11.260+0000] {logging_mixin.py:150} INFO - [2024-09-29T04:40:11.260+0000] {dag.py:3504} INFO - Setting next_dagrun for example_branch_python_operator_decorator to 2024-09-28T00:00:00+00:00, run_after=2024-09-29T00:00:00+00:00
[2024-09-29T04:40:11.346+0000] {processor.py:179} INFO - Processing /home/vscode/.local/lib/python3.10/site-packages/airflow/example_dags/example_branch_operator_decorator.py took 0.128 seconds
[2024-09-29T04:59:14.242+0000] {processor.py:157} INFO - Started process (PID=23920) to work on /home/vscode/.local/lib/python3.10/site-packages/airflow/example_dags/example_branch_operator_decorator.py
[2024-09-29T04:59:14.242+0000] {processor.py:826} INFO - Processing file /home/vscode/.local/lib/python3.10/site-packages/airflow/example_dags/example_branch_operator_decorator.py for tasks to queue
[2024-09-29T04:59:14.243+0000] {logging_mixin.py:150} INFO - [2024-09-29T04:59:14.243+0000] {dagbag.py:541} INFO - Filling up the DagBag from /home/vscode/.local/lib/python3.10/site-packages/airflow/example_dags/example_branch_operator_decorator.py
[2024-09-29T04:59:14.251+0000] {processor.py:836} INFO - DAG(s) dict_keys(['example_branch_python_operator_decorator']) retrieved from /home/vscode/.local/lib/python3.10/site-packages/airflow/example_dags/example_branch_operator_decorator.py
[2024-09-29T04:59:14.264+0000] {logging_mixin.py:150} INFO - [2024-09-29T04:59:14.264+0000] {dag.py:2742} INFO - Sync 1 DAGs
[2024-09-29T04:59:14.280+0000] {logging_mixin.py:150} INFO - [2024-09-29T04:59:14.280+0000] {dag.py:3504} INFO - Setting next_dagrun for example_branch_python_operator_decorator to 2024-09-28T00:00:00+00:00, run_after=2024-09-29T00:00:00+00:00
[2024-09-29T04:59:14.353+0000] {processor.py:179} INFO - Processing /home/vscode/.local/lib/python3.10/site-packages/airflow/example_dags/example_branch_operator_decorator.py took 0.114 seconds
[2024-09-29T05:00:07.493+0000] {processor.py:157} INFO - Started process (PID=24307) to work on /home/vscode/.local/lib/python3.10/site-packages/airflow/example_dags/example_branch_operator_decorator.py
[2024-09-29T05:00:07.494+0000] {processor.py:826} INFO - Processing file /home/vscode/.local/lib/python3.10/site-packages/airflow/example_dags/example_branch_operator_decorator.py for tasks to queue
[2024-09-29T05:00:07.495+0000] {logging_mixin.py:150} INFO - [2024-09-29T05:00:07.495+0000] {dagbag.py:541} INFO - Filling up the DagBag from /home/vscode/.local/lib/python3.10/site-packages/airflow/example_dags/example_branch_operator_decorator.py
[2024-09-29T05:00:07.506+0000] {processor.py:836} INFO - DAG(s) dict_keys(['example_branch_python_operator_decorator']) retrieved from /home/vscode/.local/lib/python3.10/site-packages/airflow/example_dags/example_branch_operator_decorator.py
[2024-09-29T05:00:07.529+0000] {logging_mixin.py:150} INFO - [2024-09-29T05:00:07.529+0000] {dag.py:2742} INFO - Sync 1 DAGs
[2024-09-29T05:00:07.553+0000] {logging_mixin.py:150} INFO - [2024-09-29T05:00:07.552+0000] {dag.py:3504} INFO - Setting next_dagrun for example_branch_python_operator_decorator to 2024-09-28T00:00:00+00:00, run_after=2024-09-29T00:00:00+00:00
[2024-09-29T05:00:07.611+0000] {processor.py:179} INFO - Processing /home/vscode/.local/lib/python3.10/site-packages/airflow/example_dags/example_branch_operator_decorator.py took 0.120 seconds
[2024-09-29T05:00:54.848+0000] {processor.py:157} INFO - Started process (PID=24761) to work on /home/vscode/.local/lib/python3.10/site-packages/airflow/example_dags/example_branch_operator_decorator.py
[2024-09-29T05:00:54.849+0000] {processor.py:826} INFO - Processing file /home/vscode/.local/lib/python3.10/site-packages/airflow/example_dags/example_branch_operator_decorator.py for tasks to queue
[2024-09-29T05:00:54.850+0000] {logging_mixin.py:150} INFO - [2024-09-29T05:00:54.850+0000] {dagbag.py:541} INFO - Filling up the DagBag from /home/vscode/.local/lib/python3.10/site-packages/airflow/example_dags/example_branch_operator_decorator.py
[2024-09-29T05:00:54.857+0000] {processor.py:836} INFO - DAG(s) dict_keys(['example_branch_python_operator_decorator']) retrieved from /home/vscode/.local/lib/python3.10/site-packages/airflow/example_dags/example_branch_operator_decorator.py
[2024-09-29T05:00:54.871+0000] {logging_mixin.py:150} INFO - [2024-09-29T05:00:54.871+0000] {dag.py:2742} INFO - Sync 1 DAGs
[2024-09-29T05:00:54.886+0000] {logging_mixin.py:150} INFO - [2024-09-29T05:00:54.886+0000] {dag.py:3504} INFO - Setting next_dagrun for example_branch_python_operator_decorator to 2024-09-28T00:00:00+00:00, run_after=2024-09-29T00:00:00+00:00
[2024-09-29T05:00:54.959+0000] {processor.py:179} INFO - Processing /home/vscode/.local/lib/python3.10/site-packages/airflow/example_dags/example_branch_operator_decorator.py took 0.112 seconds
