[2024-09-29T04:34:47.503+0000] {processor.py:157} INFO - Started process (PID=14076) to work on /home/vscode/.local/lib/python3.10/site-packages/airflow/example_dags/example_datasets.py
[2024-09-29T04:34:47.503+0000] {processor.py:826} INFO - Processing file /home/vscode/.local/lib/python3.10/site-packages/airflow/example_dags/example_datasets.py for tasks to queue
[2024-09-29T04:34:47.504+0000] {logging_mixin.py:150} INFO - [2024-09-29T04:34:47.504+0000] {dagbag.py:541} INFO - Filling up the DagBag from /home/vscode/.local/lib/python3.10/site-packages/airflow/example_dags/example_datasets.py
[2024-09-29T04:34:47.512+0000] {processor.py:836} INFO - DAG(s) dict_keys(['dataset_consumes_1', 'dataset_produces_2', 'dataset_consumes_1_never_scheduled', 'dataset_consumes_unknown_never_scheduled', 'dataset_produces_1', 'dataset_consumes_1_and_2']) retrieved from /home/vscode/.local/lib/python3.10/site-packages/airflow/example_dags/example_datasets.py
[2024-09-29T04:34:47.614+0000] {logging_mixin.py:150} INFO - [2024-09-29T04:34:47.614+0000] {dag.py:2742} INFO - Sync 6 DAGs
[2024-09-29T04:34:47.629+0000] {logging_mixin.py:150} INFO - [2024-09-29T04:34:47.628+0000] {dag.py:3504} INFO - Setting next_dagrun for dataset_consumes_1 to None, run_after=None
[2024-09-29T04:34:47.631+0000] {logging_mixin.py:150} INFO - [2024-09-29T04:34:47.631+0000] {dag.py:3504} INFO - Setting next_dagrun for dataset_consumes_1_and_2 to None, run_after=None
[2024-09-29T04:34:47.631+0000] {logging_mixin.py:150} INFO - [2024-09-29T04:34:47.631+0000] {dag.py:3504} INFO - Setting next_dagrun for dataset_consumes_1_never_scheduled to None, run_after=None
[2024-09-29T04:34:47.632+0000] {logging_mixin.py:150} INFO - [2024-09-29T04:34:47.632+0000] {dag.py:3504} INFO - Setting next_dagrun for dataset_consumes_unknown_never_scheduled to None, run_after=None
[2024-09-29T04:34:47.634+0000] {logging_mixin.py:150} INFO - [2024-09-29T04:34:47.634+0000] {dag.py:3504} INFO - Setting next_dagrun for dataset_produces_1 to 2024-09-28T00:00:00+00:00, run_after=2024-09-29T00:00:00+00:00
[2024-09-29T04:34:47.635+0000] {logging_mixin.py:150} INFO - [2024-09-29T04:34:47.635+0000] {dag.py:3504} INFO - Setting next_dagrun for dataset_produces_2 to None, run_after=None
[2024-09-29T04:34:47.702+0000] {processor.py:179} INFO - Processing /home/vscode/.local/lib/python3.10/site-packages/airflow/example_dags/example_datasets.py took 0.201 seconds
[2024-09-29T04:35:34.721+0000] {processor.py:157} INFO - Started process (PID=14384) to work on /home/vscode/.local/lib/python3.10/site-packages/airflow/example_dags/example_datasets.py
[2024-09-29T04:35:34.722+0000] {processor.py:826} INFO - Processing file /home/vscode/.local/lib/python3.10/site-packages/airflow/example_dags/example_datasets.py for tasks to queue
[2024-09-29T04:35:34.722+0000] {logging_mixin.py:150} INFO - [2024-09-29T04:35:34.722+0000] {dagbag.py:541} INFO - Filling up the DagBag from /home/vscode/.local/lib/python3.10/site-packages/airflow/example_dags/example_datasets.py
[2024-09-29T04:35:34.730+0000] {processor.py:836} INFO - DAG(s) dict_keys(['dataset_consumes_1_never_scheduled', 'dataset_consumes_1_and_2', 'dataset_consumes_1', 'dataset_produces_1', 'dataset_consumes_unknown_never_scheduled', 'dataset_produces_2']) retrieved from /home/vscode/.local/lib/python3.10/site-packages/airflow/example_dags/example_datasets.py
[2024-09-29T04:35:34.751+0000] {logging_mixin.py:150} INFO - [2024-09-29T04:35:34.751+0000] {dag.py:2742} INFO - Sync 6 DAGs
[2024-09-29T04:35:34.767+0000] {logging_mixin.py:150} INFO - [2024-09-29T04:35:34.767+0000] {dag.py:3504} INFO - Setting next_dagrun for dataset_consumes_1 to None, run_after=None
[2024-09-29T04:35:34.769+0000] {logging_mixin.py:150} INFO - [2024-09-29T04:35:34.769+0000] {dag.py:3504} INFO - Setting next_dagrun for dataset_consumes_1_and_2 to None, run_after=None
[2024-09-29T04:35:34.770+0000] {logging_mixin.py:150} INFO - [2024-09-29T04:35:34.770+0000] {dag.py:3504} INFO - Setting next_dagrun for dataset_consumes_1_never_scheduled to None, run_after=None
[2024-09-29T04:35:34.771+0000] {logging_mixin.py:150} INFO - [2024-09-29T04:35:34.771+0000] {dag.py:3504} INFO - Setting next_dagrun for dataset_consumes_unknown_never_scheduled to None, run_after=None
[2024-09-29T04:35:34.773+0000] {logging_mixin.py:150} INFO - [2024-09-29T04:35:34.772+0000] {dag.py:3504} INFO - Setting next_dagrun for dataset_produces_1 to 2024-09-28T00:00:00+00:00, run_after=2024-09-29T00:00:00+00:00
[2024-09-29T04:35:34.773+0000] {logging_mixin.py:150} INFO - [2024-09-29T04:35:34.773+0000] {dag.py:3504} INFO - Setting next_dagrun for dataset_produces_2 to None, run_after=None
[2024-09-29T04:35:34.835+0000] {processor.py:179} INFO - Processing /home/vscode/.local/lib/python3.10/site-packages/airflow/example_dags/example_datasets.py took 0.116 seconds
[2024-09-29T04:36:28.011+0000] {processor.py:157} INFO - Started process (PID=14802) to work on /home/vscode/.local/lib/python3.10/site-packages/airflow/example_dags/example_datasets.py
[2024-09-29T04:36:28.012+0000] {processor.py:826} INFO - Processing file /home/vscode/.local/lib/python3.10/site-packages/airflow/example_dags/example_datasets.py for tasks to queue
[2024-09-29T04:36:28.013+0000] {logging_mixin.py:150} INFO - [2024-09-29T04:36:28.013+0000] {dagbag.py:541} INFO - Filling up the DagBag from /home/vscode/.local/lib/python3.10/site-packages/airflow/example_dags/example_datasets.py
[2024-09-29T04:36:28.024+0000] {processor.py:836} INFO - DAG(s) dict_keys(['dataset_produces_2', 'dataset_consumes_1', 'dataset_consumes_1_never_scheduled', 'dataset_produces_1', 'dataset_consumes_1_and_2', 'dataset_consumes_unknown_never_scheduled']) retrieved from /home/vscode/.local/lib/python3.10/site-packages/airflow/example_dags/example_datasets.py
[2024-09-29T04:36:28.047+0000] {logging_mixin.py:150} INFO - [2024-09-29T04:36:28.047+0000] {dag.py:2742} INFO - Sync 6 DAGs
[2024-09-29T04:36:28.062+0000] {logging_mixin.py:150} INFO - [2024-09-29T04:36:28.062+0000] {dag.py:3504} INFO - Setting next_dagrun for dataset_consumes_1 to None, run_after=None
[2024-09-29T04:36:28.065+0000] {logging_mixin.py:150} INFO - [2024-09-29T04:36:28.065+0000] {dag.py:3504} INFO - Setting next_dagrun for dataset_consumes_1_and_2 to None, run_after=None
[2024-09-29T04:36:28.066+0000] {logging_mixin.py:150} INFO - [2024-09-29T04:36:28.065+0000] {dag.py:3504} INFO - Setting next_dagrun for dataset_consumes_1_never_scheduled to None, run_after=None
[2024-09-29T04:36:28.066+0000] {logging_mixin.py:150} INFO - [2024-09-29T04:36:28.066+0000] {dag.py:3504} INFO - Setting next_dagrun for dataset_consumes_unknown_never_scheduled to None, run_after=None
[2024-09-29T04:36:28.069+0000] {logging_mixin.py:150} INFO - [2024-09-29T04:36:28.069+0000] {dag.py:3504} INFO - Setting next_dagrun for dataset_produces_1 to 2024-09-28T00:00:00+00:00, run_after=2024-09-29T00:00:00+00:00
[2024-09-29T04:36:28.070+0000] {logging_mixin.py:150} INFO - [2024-09-29T04:36:28.070+0000] {dag.py:3504} INFO - Setting next_dagrun for dataset_produces_2 to None, run_after=None
[2024-09-29T04:36:28.159+0000] {processor.py:179} INFO - Processing /home/vscode/.local/lib/python3.10/site-packages/airflow/example_dags/example_datasets.py took 0.151 seconds
[2024-09-29T04:37:21.638+0000] {processor.py:157} INFO - Started process (PID=15230) to work on /home/vscode/.local/lib/python3.10/site-packages/airflow/example_dags/example_datasets.py
[2024-09-29T04:37:21.639+0000] {processor.py:826} INFO - Processing file /home/vscode/.local/lib/python3.10/site-packages/airflow/example_dags/example_datasets.py for tasks to queue
[2024-09-29T04:37:21.639+0000] {logging_mixin.py:150} INFO - [2024-09-29T04:37:21.639+0000] {dagbag.py:541} INFO - Filling up the DagBag from /home/vscode/.local/lib/python3.10/site-packages/airflow/example_dags/example_datasets.py
[2024-09-29T04:37:21.646+0000] {processor.py:836} INFO - DAG(s) dict_keys(['dataset_produces_2', 'dataset_consumes_1', 'dataset_consumes_1_never_scheduled', 'dataset_consumes_unknown_never_scheduled', 'dataset_produces_1', 'dataset_consumes_1_and_2']) retrieved from /home/vscode/.local/lib/python3.10/site-packages/airflow/example_dags/example_datasets.py
[2024-09-29T04:37:21.667+0000] {logging_mixin.py:150} INFO - [2024-09-29T04:37:21.667+0000] {dag.py:2742} INFO - Sync 6 DAGs
[2024-09-29T04:37:21.682+0000] {logging_mixin.py:150} INFO - [2024-09-29T04:37:21.682+0000] {dag.py:3504} INFO - Setting next_dagrun for dataset_consumes_1 to None, run_after=None
[2024-09-29T04:37:21.684+0000] {logging_mixin.py:150} INFO - [2024-09-29T04:37:21.684+0000] {dag.py:3504} INFO - Setting next_dagrun for dataset_consumes_1_and_2 to None, run_after=None
[2024-09-29T04:37:21.685+0000] {logging_mixin.py:150} INFO - [2024-09-29T04:37:21.684+0000] {dag.py:3504} INFO - Setting next_dagrun for dataset_consumes_1_never_scheduled to None, run_after=None
[2024-09-29T04:37:21.685+0000] {logging_mixin.py:150} INFO - [2024-09-29T04:37:21.685+0000] {dag.py:3504} INFO - Setting next_dagrun for dataset_consumes_unknown_never_scheduled to None, run_after=None
[2024-09-29T04:37:21.687+0000] {logging_mixin.py:150} INFO - [2024-09-29T04:37:21.687+0000] {dag.py:3504} INFO - Setting next_dagrun for dataset_produces_1 to 2024-09-28T00:00:00+00:00, run_after=2024-09-29T00:00:00+00:00
[2024-09-29T04:37:21.688+0000] {logging_mixin.py:150} INFO - [2024-09-29T04:37:21.688+0000] {dag.py:3504} INFO - Setting next_dagrun for dataset_produces_2 to None, run_after=None
[2024-09-29T04:37:21.746+0000] {processor.py:179} INFO - Processing /home/vscode/.local/lib/python3.10/site-packages/airflow/example_dags/example_datasets.py took 0.110 seconds
[2024-09-29T04:38:11.944+0000] {processor.py:157} INFO - Started process (PID=15668) to work on /home/vscode/.local/lib/python3.10/site-packages/airflow/example_dags/example_datasets.py
[2024-09-29T04:38:11.944+0000] {processor.py:826} INFO - Processing file /home/vscode/.local/lib/python3.10/site-packages/airflow/example_dags/example_datasets.py for tasks to queue
[2024-09-29T04:38:11.945+0000] {logging_mixin.py:150} INFO - [2024-09-29T04:38:11.945+0000] {dagbag.py:541} INFO - Filling up the DagBag from /home/vscode/.local/lib/python3.10/site-packages/airflow/example_dags/example_datasets.py
[2024-09-29T04:38:11.952+0000] {processor.py:836} INFO - DAG(s) dict_keys(['dataset_produces_2', 'dataset_consumes_unknown_never_scheduled', 'dataset_consumes_1_never_scheduled', 'dataset_produces_1', 'dataset_consumes_1_and_2', 'dataset_consumes_1']) retrieved from /home/vscode/.local/lib/python3.10/site-packages/airflow/example_dags/example_datasets.py
[2024-09-29T04:38:11.973+0000] {logging_mixin.py:150} INFO - [2024-09-29T04:38:11.972+0000] {dag.py:2742} INFO - Sync 6 DAGs
[2024-09-29T04:38:11.988+0000] {logging_mixin.py:150} INFO - [2024-09-29T04:38:11.988+0000] {dag.py:3504} INFO - Setting next_dagrun for dataset_consumes_1 to None, run_after=None
[2024-09-29T04:38:11.990+0000] {logging_mixin.py:150} INFO - [2024-09-29T04:38:11.990+0000] {dag.py:3504} INFO - Setting next_dagrun for dataset_consumes_1_and_2 to None, run_after=None
[2024-09-29T04:38:11.991+0000] {logging_mixin.py:150} INFO - [2024-09-29T04:38:11.990+0000] {dag.py:3504} INFO - Setting next_dagrun for dataset_consumes_1_never_scheduled to None, run_after=None
[2024-09-29T04:38:11.991+0000] {logging_mixin.py:150} INFO - [2024-09-29T04:38:11.991+0000] {dag.py:3504} INFO - Setting next_dagrun for dataset_consumes_unknown_never_scheduled to None, run_after=None
[2024-09-29T04:38:11.993+0000] {logging_mixin.py:150} INFO - [2024-09-29T04:38:11.993+0000] {dag.py:3504} INFO - Setting next_dagrun for dataset_produces_1 to 2024-09-28T00:00:00+00:00, run_after=2024-09-29T00:00:00+00:00
[2024-09-29T04:38:11.994+0000] {logging_mixin.py:150} INFO - [2024-09-29T04:38:11.994+0000] {dag.py:3504} INFO - Setting next_dagrun for dataset_produces_2 to None, run_after=None
[2024-09-29T04:38:12.070+0000] {processor.py:179} INFO - Processing /home/vscode/.local/lib/python3.10/site-packages/airflow/example_dags/example_datasets.py took 0.129 seconds
[2024-09-29T04:39:01.234+0000] {processor.py:157} INFO - Started process (PID=16243) to work on /home/vscode/.local/lib/python3.10/site-packages/airflow/example_dags/example_datasets.py
[2024-09-29T04:39:01.235+0000] {processor.py:826} INFO - Processing file /home/vscode/.local/lib/python3.10/site-packages/airflow/example_dags/example_datasets.py for tasks to queue
[2024-09-29T04:39:01.236+0000] {logging_mixin.py:150} INFO - [2024-09-29T04:39:01.235+0000] {dagbag.py:541} INFO - Filling up the DagBag from /home/vscode/.local/lib/python3.10/site-packages/airflow/example_dags/example_datasets.py
[2024-09-29T04:39:01.243+0000] {processor.py:836} INFO - DAG(s) dict_keys(['dataset_produces_2', 'dataset_consumes_1_and_2', 'dataset_produces_1', 'dataset_consumes_1', 'dataset_consumes_unknown_never_scheduled', 'dataset_consumes_1_never_scheduled']) retrieved from /home/vscode/.local/lib/python3.10/site-packages/airflow/example_dags/example_datasets.py
[2024-09-29T04:39:01.264+0000] {logging_mixin.py:150} INFO - [2024-09-29T04:39:01.264+0000] {dag.py:2742} INFO - Sync 6 DAGs
[2024-09-29T04:39:01.279+0000] {logging_mixin.py:150} INFO - [2024-09-29T04:39:01.279+0000] {dag.py:3504} INFO - Setting next_dagrun for dataset_consumes_1 to None, run_after=None
[2024-09-29T04:39:01.281+0000] {logging_mixin.py:150} INFO - [2024-09-29T04:39:01.281+0000] {dag.py:3504} INFO - Setting next_dagrun for dataset_consumes_1_and_2 to None, run_after=None
[2024-09-29T04:39:01.282+0000] {logging_mixin.py:150} INFO - [2024-09-29T04:39:01.282+0000] {dag.py:3504} INFO - Setting next_dagrun for dataset_consumes_1_never_scheduled to None, run_after=None
[2024-09-29T04:39:01.282+0000] {logging_mixin.py:150} INFO - [2024-09-29T04:39:01.282+0000] {dag.py:3504} INFO - Setting next_dagrun for dataset_consumes_unknown_never_scheduled to None, run_after=None
[2024-09-29T04:39:01.284+0000] {logging_mixin.py:150} INFO - [2024-09-29T04:39:01.284+0000] {dag.py:3504} INFO - Setting next_dagrun for dataset_produces_1 to 2024-09-28T00:00:00+00:00, run_after=2024-09-29T00:00:00+00:00
[2024-09-29T04:39:01.285+0000] {logging_mixin.py:150} INFO - [2024-09-29T04:39:01.285+0000] {dag.py:3504} INFO - Setting next_dagrun for dataset_produces_2 to None, run_after=None
[2024-09-29T04:39:01.356+0000] {processor.py:179} INFO - Processing /home/vscode/.local/lib/python3.10/site-packages/airflow/example_dags/example_datasets.py took 0.124 seconds
[2024-09-29T04:39:56.535+0000] {processor.py:157} INFO - Started process (PID=16742) to work on /home/vscode/.local/lib/python3.10/site-packages/airflow/example_dags/example_datasets.py
[2024-09-29T04:39:56.535+0000] {processor.py:826} INFO - Processing file /home/vscode/.local/lib/python3.10/site-packages/airflow/example_dags/example_datasets.py for tasks to queue
[2024-09-29T04:39:56.536+0000] {logging_mixin.py:150} INFO - [2024-09-29T04:39:56.536+0000] {dagbag.py:541} INFO - Filling up the DagBag from /home/vscode/.local/lib/python3.10/site-packages/airflow/example_dags/example_datasets.py
[2024-09-29T04:39:56.543+0000] {processor.py:836} INFO - DAG(s) dict_keys(['dataset_consumes_1_never_scheduled', 'dataset_consumes_unknown_never_scheduled', 'dataset_consumes_1', 'dataset_consumes_1_and_2', 'dataset_produces_2', 'dataset_produces_1']) retrieved from /home/vscode/.local/lib/python3.10/site-packages/airflow/example_dags/example_datasets.py
[2024-09-29T04:39:56.564+0000] {logging_mixin.py:150} INFO - [2024-09-29T04:39:56.564+0000] {dag.py:2742} INFO - Sync 6 DAGs
[2024-09-29T04:39:56.579+0000] {logging_mixin.py:150} INFO - [2024-09-29T04:39:56.579+0000] {dag.py:3504} INFO - Setting next_dagrun for dataset_consumes_1 to None, run_after=None
[2024-09-29T04:39:56.581+0000] {logging_mixin.py:150} INFO - [2024-09-29T04:39:56.581+0000] {dag.py:3504} INFO - Setting next_dagrun for dataset_consumes_1_and_2 to None, run_after=None
[2024-09-29T04:39:56.582+0000] {logging_mixin.py:150} INFO - [2024-09-29T04:39:56.582+0000] {dag.py:3504} INFO - Setting next_dagrun for dataset_consumes_1_never_scheduled to None, run_after=None
[2024-09-29T04:39:56.583+0000] {logging_mixin.py:150} INFO - [2024-09-29T04:39:56.583+0000] {dag.py:3504} INFO - Setting next_dagrun for dataset_consumes_unknown_never_scheduled to None, run_after=None
[2024-09-29T04:39:56.585+0000] {logging_mixin.py:150} INFO - [2024-09-29T04:39:56.584+0000] {dag.py:3504} INFO - Setting next_dagrun for dataset_produces_1 to 2024-09-28T00:00:00+00:00, run_after=2024-09-29T00:00:00+00:00
[2024-09-29T04:39:56.585+0000] {logging_mixin.py:150} INFO - [2024-09-29T04:39:56.585+0000] {dag.py:3504} INFO - Setting next_dagrun for dataset_produces_2 to None, run_after=None
[2024-09-29T04:39:56.644+0000] {processor.py:179} INFO - Processing /home/vscode/.local/lib/python3.10/site-packages/airflow/example_dags/example_datasets.py took 0.112 seconds
[2024-09-29T04:59:05.945+0000] {processor.py:157} INFO - Started process (PID=23856) to work on /home/vscode/.local/lib/python3.10/site-packages/airflow/example_dags/example_datasets.py
[2024-09-29T04:59:05.945+0000] {processor.py:826} INFO - Processing file /home/vscode/.local/lib/python3.10/site-packages/airflow/example_dags/example_datasets.py for tasks to queue
[2024-09-29T04:59:05.946+0000] {logging_mixin.py:150} INFO - [2024-09-29T04:59:05.946+0000] {dagbag.py:541} INFO - Filling up the DagBag from /home/vscode/.local/lib/python3.10/site-packages/airflow/example_dags/example_datasets.py
[2024-09-29T04:59:05.957+0000] {processor.py:836} INFO - DAG(s) dict_keys(['dataset_consumes_1_never_scheduled', 'dataset_consumes_1_and_2', 'dataset_produces_1', 'dataset_consumes_unknown_never_scheduled', 'dataset_consumes_1', 'dataset_produces_2']) retrieved from /home/vscode/.local/lib/python3.10/site-packages/airflow/example_dags/example_datasets.py
[2024-09-29T04:59:06.079+0000] {logging_mixin.py:150} INFO - [2024-09-29T04:59:06.079+0000] {dag.py:2742} INFO - Sync 6 DAGs
[2024-09-29T04:59:06.092+0000] {logging_mixin.py:150} INFO - [2024-09-29T04:59:06.092+0000] {dag.py:3504} INFO - Setting next_dagrun for dataset_consumes_1 to None, run_after=None
[2024-09-29T04:59:06.094+0000] {logging_mixin.py:150} INFO - [2024-09-29T04:59:06.094+0000] {dag.py:3504} INFO - Setting next_dagrun for dataset_consumes_1_and_2 to None, run_after=None
[2024-09-29T04:59:06.095+0000] {logging_mixin.py:150} INFO - [2024-09-29T04:59:06.095+0000] {dag.py:3504} INFO - Setting next_dagrun for dataset_consumes_1_never_scheduled to None, run_after=None
[2024-09-29T04:59:06.096+0000] {logging_mixin.py:150} INFO - [2024-09-29T04:59:06.096+0000] {dag.py:3504} INFO - Setting next_dagrun for dataset_consumes_unknown_never_scheduled to None, run_after=None
[2024-09-29T04:59:06.098+0000] {logging_mixin.py:150} INFO - [2024-09-29T04:59:06.098+0000] {dag.py:3504} INFO - Setting next_dagrun for dataset_produces_1 to 2024-09-28T00:00:00+00:00, run_after=2024-09-29T00:00:00+00:00
[2024-09-29T04:59:06.098+0000] {logging_mixin.py:150} INFO - [2024-09-29T04:59:06.098+0000] {dag.py:3504} INFO - Setting next_dagrun for dataset_produces_2 to None, run_after=None
[2024-09-29T04:59:06.186+0000] {processor.py:179} INFO - Processing /home/vscode/.local/lib/python3.10/site-packages/airflow/example_dags/example_datasets.py took 0.244 seconds
[2024-09-29T04:59:52.993+0000] {processor.py:157} INFO - Started process (PID=24191) to work on /home/vscode/.local/lib/python3.10/site-packages/airflow/example_dags/example_datasets.py
[2024-09-29T04:59:52.994+0000] {processor.py:826} INFO - Processing file /home/vscode/.local/lib/python3.10/site-packages/airflow/example_dags/example_datasets.py for tasks to queue
[2024-09-29T04:59:52.994+0000] {logging_mixin.py:150} INFO - [2024-09-29T04:59:52.994+0000] {dagbag.py:541} INFO - Filling up the DagBag from /home/vscode/.local/lib/python3.10/site-packages/airflow/example_dags/example_datasets.py
[2024-09-29T04:59:53.003+0000] {processor.py:836} INFO - DAG(s) dict_keys(['dataset_consumes_1_never_scheduled', 'dataset_produces_1', 'dataset_produces_2', 'dataset_consumes_1_and_2', 'dataset_consumes_1', 'dataset_consumes_unknown_never_scheduled']) retrieved from /home/vscode/.local/lib/python3.10/site-packages/airflow/example_dags/example_datasets.py
[2024-09-29T04:59:53.032+0000] {logging_mixin.py:150} INFO - [2024-09-29T04:59:53.032+0000] {dag.py:2742} INFO - Sync 6 DAGs
[2024-09-29T04:59:53.056+0000] {logging_mixin.py:150} INFO - [2024-09-29T04:59:53.056+0000] {dag.py:3504} INFO - Setting next_dagrun for dataset_consumes_1 to None, run_after=None
[2024-09-29T04:59:53.059+0000] {logging_mixin.py:150} INFO - [2024-09-29T04:59:53.059+0000] {dag.py:3504} INFO - Setting next_dagrun for dataset_consumes_1_and_2 to None, run_after=None
[2024-09-29T04:59:53.060+0000] {logging_mixin.py:150} INFO - [2024-09-29T04:59:53.060+0000] {dag.py:3504} INFO - Setting next_dagrun for dataset_consumes_1_never_scheduled to None, run_after=None
[2024-09-29T04:59:53.061+0000] {logging_mixin.py:150} INFO - [2024-09-29T04:59:53.061+0000] {dag.py:3504} INFO - Setting next_dagrun for dataset_consumes_unknown_never_scheduled to None, run_after=None
[2024-09-29T04:59:53.063+0000] {logging_mixin.py:150} INFO - [2024-09-29T04:59:53.063+0000] {dag.py:3504} INFO - Setting next_dagrun for dataset_produces_1 to 2024-09-28T00:00:00+00:00, run_after=2024-09-29T00:00:00+00:00
[2024-09-29T04:59:53.064+0000] {logging_mixin.py:150} INFO - [2024-09-29T04:59:53.064+0000] {dag.py:3504} INFO - Setting next_dagrun for dataset_produces_2 to None, run_after=None
[2024-09-29T04:59:53.151+0000] {processor.py:179} INFO - Processing /home/vscode/.local/lib/python3.10/site-packages/airflow/example_dags/example_datasets.py took 0.161 seconds
[2024-09-29T05:00:42.381+0000] {processor.py:157} INFO - Started process (PID=24615) to work on /home/vscode/.local/lib/python3.10/site-packages/airflow/example_dags/example_datasets.py
[2024-09-29T05:00:42.382+0000] {processor.py:826} INFO - Processing file /home/vscode/.local/lib/python3.10/site-packages/airflow/example_dags/example_datasets.py for tasks to queue
[2024-09-29T05:00:42.382+0000] {logging_mixin.py:150} INFO - [2024-09-29T05:00:42.382+0000] {dagbag.py:541} INFO - Filling up the DagBag from /home/vscode/.local/lib/python3.10/site-packages/airflow/example_dags/example_datasets.py
[2024-09-29T05:00:42.391+0000] {processor.py:836} INFO - DAG(s) dict_keys(['dataset_consumes_unknown_never_scheduled', 'dataset_consumes_1', 'dataset_consumes_1_and_2', 'dataset_consumes_1_never_scheduled', 'dataset_produces_1', 'dataset_produces_2']) retrieved from /home/vscode/.local/lib/python3.10/site-packages/airflow/example_dags/example_datasets.py
[2024-09-29T05:00:42.412+0000] {logging_mixin.py:150} INFO - [2024-09-29T05:00:42.412+0000] {dag.py:2742} INFO - Sync 6 DAGs
[2024-09-29T05:00:42.427+0000] {logging_mixin.py:150} INFO - [2024-09-29T05:00:42.427+0000] {dag.py:3504} INFO - Setting next_dagrun for dataset_consumes_1 to None, run_after=None
[2024-09-29T05:00:42.429+0000] {logging_mixin.py:150} INFO - [2024-09-29T05:00:42.429+0000] {dag.py:3504} INFO - Setting next_dagrun for dataset_consumes_1_and_2 to None, run_after=None
[2024-09-29T05:00:42.430+0000] {logging_mixin.py:150} INFO - [2024-09-29T05:00:42.430+0000] {dag.py:3504} INFO - Setting next_dagrun for dataset_consumes_1_never_scheduled to None, run_after=None
[2024-09-29T05:00:42.431+0000] {logging_mixin.py:150} INFO - [2024-09-29T05:00:42.431+0000] {dag.py:3504} INFO - Setting next_dagrun for dataset_consumes_unknown_never_scheduled to None, run_after=None
[2024-09-29T05:00:42.433+0000] {logging_mixin.py:150} INFO - [2024-09-29T05:00:42.433+0000] {dag.py:3504} INFO - Setting next_dagrun for dataset_produces_1 to 2024-09-28T00:00:00+00:00, run_after=2024-09-29T00:00:00+00:00
[2024-09-29T05:00:42.433+0000] {logging_mixin.py:150} INFO - [2024-09-29T05:00:42.433+0000] {dag.py:3504} INFO - Setting next_dagrun for dataset_produces_2 to None, run_after=None
[2024-09-29T05:00:42.519+0000] {processor.py:179} INFO - Processing /home/vscode/.local/lib/python3.10/site-packages/airflow/example_dags/example_datasets.py took 0.140 seconds
