[2024-09-29T04:34:50.167+0000] {processor.py:157} INFO - Started process (PID=14088) to work on /home/vscode/.local/lib/python3.10/site-packages/airflow/example_dags/example_dynamic_task_mapping_with_no_taskflow_operators.py
[2024-09-29T04:34:50.167+0000] {processor.py:826} INFO - Processing file /home/vscode/.local/lib/python3.10/site-packages/airflow/example_dags/example_dynamic_task_mapping_with_no_taskflow_operators.py for tasks to queue
[2024-09-29T04:34:50.168+0000] {logging_mixin.py:150} INFO - [2024-09-29T04:34:50.168+0000] {dagbag.py:541} INFO - Filling up the DagBag from /home/vscode/.local/lib/python3.10/site-packages/airflow/example_dags/example_dynamic_task_mapping_with_no_taskflow_operators.py
[2024-09-29T04:34:50.251+0000] {processor.py:836} INFO - DAG(s) dict_keys(['example_dynamic_task_mapping_with_no_taskflow_operators']) retrieved from /home/vscode/.local/lib/python3.10/site-packages/airflow/example_dags/example_dynamic_task_mapping_with_no_taskflow_operators.py
[2024-09-29T04:34:50.260+0000] {logging_mixin.py:150} INFO - [2024-09-29T04:34:50.259+0000] {dag.py:2742} INFO - Sync 1 DAGs
[2024-09-29T04:34:50.272+0000] {logging_mixin.py:150} INFO - [2024-09-29T04:34:50.272+0000] {dag.py:3504} INFO - Setting next_dagrun for example_dynamic_task_mapping_with_no_taskflow_operators to 2024-09-28T04:34:50.272628+00:00, run_after=2024-09-29T04:34:50.272628+00:00
[2024-09-29T04:34:50.342+0000] {processor.py:179} INFO - Processing /home/vscode/.local/lib/python3.10/site-packages/airflow/example_dags/example_dynamic_task_mapping_with_no_taskflow_operators.py took 0.178 seconds
[2024-09-29T04:35:42.663+0000] {processor.py:157} INFO - Started process (PID=14442) to work on /home/vscode/.local/lib/python3.10/site-packages/airflow/example_dags/example_dynamic_task_mapping_with_no_taskflow_operators.py
[2024-09-29T04:35:42.664+0000] {processor.py:826} INFO - Processing file /home/vscode/.local/lib/python3.10/site-packages/airflow/example_dags/example_dynamic_task_mapping_with_no_taskflow_operators.py for tasks to queue
[2024-09-29T04:35:42.664+0000] {logging_mixin.py:150} INFO - [2024-09-29T04:35:42.664+0000] {dagbag.py:541} INFO - Filling up the DagBag from /home/vscode/.local/lib/python3.10/site-packages/airflow/example_dags/example_dynamic_task_mapping_with_no_taskflow_operators.py
[2024-09-29T04:35:42.670+0000] {processor.py:836} INFO - DAG(s) dict_keys(['example_dynamic_task_mapping_with_no_taskflow_operators']) retrieved from /home/vscode/.local/lib/python3.10/site-packages/airflow/example_dags/example_dynamic_task_mapping_with_no_taskflow_operators.py
[2024-09-29T04:35:42.681+0000] {logging_mixin.py:150} INFO - [2024-09-29T04:35:42.681+0000] {dag.py:2742} INFO - Sync 1 DAGs
[2024-09-29T04:35:42.698+0000] {logging_mixin.py:150} INFO - [2024-09-29T04:35:42.698+0000] {dag.py:3504} INFO - Setting next_dagrun for example_dynamic_task_mapping_with_no_taskflow_operators to 2024-09-28T04:35:42.698018+00:00, run_after=2024-09-29T04:35:42.698018+00:00
[2024-09-29T04:35:42.817+0000] {processor.py:179} INFO - Processing /home/vscode/.local/lib/python3.10/site-packages/airflow/example_dags/example_dynamic_task_mapping_with_no_taskflow_operators.py took 0.156 seconds
[2024-09-29T04:36:38.721+0000] {processor.py:157} INFO - Started process (PID=14888) to work on /home/vscode/.local/lib/python3.10/site-packages/airflow/example_dags/example_dynamic_task_mapping_with_no_taskflow_operators.py
[2024-09-29T04:36:38.721+0000] {processor.py:826} INFO - Processing file /home/vscode/.local/lib/python3.10/site-packages/airflow/example_dags/example_dynamic_task_mapping_with_no_taskflow_operators.py for tasks to queue
[2024-09-29T04:36:38.722+0000] {logging_mixin.py:150} INFO - [2024-09-29T04:36:38.722+0000] {dagbag.py:541} INFO - Filling up the DagBag from /home/vscode/.local/lib/python3.10/site-packages/airflow/example_dags/example_dynamic_task_mapping_with_no_taskflow_operators.py
[2024-09-29T04:36:38.727+0000] {processor.py:836} INFO - DAG(s) dict_keys(['example_dynamic_task_mapping_with_no_taskflow_operators']) retrieved from /home/vscode/.local/lib/python3.10/site-packages/airflow/example_dags/example_dynamic_task_mapping_with_no_taskflow_operators.py
[2024-09-29T04:36:38.738+0000] {logging_mixin.py:150} INFO - [2024-09-29T04:36:38.738+0000] {dag.py:2742} INFO - Sync 1 DAGs
[2024-09-29T04:36:38.752+0000] {logging_mixin.py:150} INFO - [2024-09-29T04:36:38.752+0000] {dag.py:3504} INFO - Setting next_dagrun for example_dynamic_task_mapping_with_no_taskflow_operators to 2024-09-28T04:36:38.752184+00:00, run_after=2024-09-29T04:36:38.752184+00:00
[2024-09-29T04:36:38.807+0000] {processor.py:179} INFO - Processing /home/vscode/.local/lib/python3.10/site-packages/airflow/example_dags/example_dynamic_task_mapping_with_no_taskflow_operators.py took 0.088 seconds
[2024-09-29T04:37:29.531+0000] {processor.py:157} INFO - Started process (PID=15290) to work on /home/vscode/.local/lib/python3.10/site-packages/airflow/example_dags/example_dynamic_task_mapping_with_no_taskflow_operators.py
[2024-09-29T04:37:29.532+0000] {processor.py:826} INFO - Processing file /home/vscode/.local/lib/python3.10/site-packages/airflow/example_dags/example_dynamic_task_mapping_with_no_taskflow_operators.py for tasks to queue
[2024-09-29T04:37:29.533+0000] {logging_mixin.py:150} INFO - [2024-09-29T04:37:29.533+0000] {dagbag.py:541} INFO - Filling up the DagBag from /home/vscode/.local/lib/python3.10/site-packages/airflow/example_dags/example_dynamic_task_mapping_with_no_taskflow_operators.py
[2024-09-29T04:37:29.539+0000] {processor.py:836} INFO - DAG(s) dict_keys(['example_dynamic_task_mapping_with_no_taskflow_operators']) retrieved from /home/vscode/.local/lib/python3.10/site-packages/airflow/example_dags/example_dynamic_task_mapping_with_no_taskflow_operators.py
[2024-09-29T04:37:29.551+0000] {logging_mixin.py:150} INFO - [2024-09-29T04:37:29.551+0000] {dag.py:2742} INFO - Sync 1 DAGs
[2024-09-29T04:37:29.565+0000] {logging_mixin.py:150} INFO - [2024-09-29T04:37:29.565+0000] {dag.py:3504} INFO - Setting next_dagrun for example_dynamic_task_mapping_with_no_taskflow_operators to 2024-09-28T04:37:29.565394+00:00, run_after=2024-09-29T04:37:29.565394+00:00
[2024-09-29T04:37:29.659+0000] {processor.py:179} INFO - Processing /home/vscode/.local/lib/python3.10/site-packages/airflow/example_dags/example_dynamic_task_mapping_with_no_taskflow_operators.py took 0.129 seconds
[2024-09-29T04:38:21.781+0000] {processor.py:157} INFO - Started process (PID=15803) to work on /home/vscode/.local/lib/python3.10/site-packages/airflow/example_dags/example_dynamic_task_mapping_with_no_taskflow_operators.py
[2024-09-29T04:38:21.782+0000] {processor.py:826} INFO - Processing file /home/vscode/.local/lib/python3.10/site-packages/airflow/example_dags/example_dynamic_task_mapping_with_no_taskflow_operators.py for tasks to queue
[2024-09-29T04:38:21.783+0000] {logging_mixin.py:150} INFO - [2024-09-29T04:38:21.783+0000] {dagbag.py:541} INFO - Filling up the DagBag from /home/vscode/.local/lib/python3.10/site-packages/airflow/example_dags/example_dynamic_task_mapping_with_no_taskflow_operators.py
[2024-09-29T04:38:21.788+0000] {processor.py:836} INFO - DAG(s) dict_keys(['example_dynamic_task_mapping_with_no_taskflow_operators']) retrieved from /home/vscode/.local/lib/python3.10/site-packages/airflow/example_dags/example_dynamic_task_mapping_with_no_taskflow_operators.py
[2024-09-29T04:38:21.799+0000] {logging_mixin.py:150} INFO - [2024-09-29T04:38:21.799+0000] {dag.py:2742} INFO - Sync 1 DAGs
[2024-09-29T04:38:21.814+0000] {logging_mixin.py:150} INFO - [2024-09-29T04:38:21.814+0000] {dag.py:3504} INFO - Setting next_dagrun for example_dynamic_task_mapping_with_no_taskflow_operators to 2024-09-28T04:38:21.813851+00:00, run_after=2024-09-29T04:38:21.813851+00:00
[2024-09-29T04:38:21.891+0000] {processor.py:179} INFO - Processing /home/vscode/.local/lib/python3.10/site-packages/airflow/example_dags/example_dynamic_task_mapping_with_no_taskflow_operators.py took 0.112 seconds
[2024-09-29T04:39:11.730+0000] {processor.py:157} INFO - Started process (PID=16317) to work on /home/vscode/.local/lib/python3.10/site-packages/airflow/example_dags/example_dynamic_task_mapping_with_no_taskflow_operators.py
[2024-09-29T04:39:11.731+0000] {processor.py:826} INFO - Processing file /home/vscode/.local/lib/python3.10/site-packages/airflow/example_dags/example_dynamic_task_mapping_with_no_taskflow_operators.py for tasks to queue
[2024-09-29T04:39:11.732+0000] {logging_mixin.py:150} INFO - [2024-09-29T04:39:11.732+0000] {dagbag.py:541} INFO - Filling up the DagBag from /home/vscode/.local/lib/python3.10/site-packages/airflow/example_dags/example_dynamic_task_mapping_with_no_taskflow_operators.py
[2024-09-29T04:39:11.737+0000] {processor.py:836} INFO - DAG(s) dict_keys(['example_dynamic_task_mapping_with_no_taskflow_operators']) retrieved from /home/vscode/.local/lib/python3.10/site-packages/airflow/example_dags/example_dynamic_task_mapping_with_no_taskflow_operators.py
[2024-09-29T04:39:11.748+0000] {logging_mixin.py:150} INFO - [2024-09-29T04:39:11.748+0000] {dag.py:2742} INFO - Sync 1 DAGs
[2024-09-29T04:39:11.762+0000] {logging_mixin.py:150} INFO - [2024-09-29T04:39:11.762+0000] {dag.py:3504} INFO - Setting next_dagrun for example_dynamic_task_mapping_with_no_taskflow_operators to 2024-09-28T04:39:11.762446+00:00, run_after=2024-09-29T04:39:11.762446+00:00
[2024-09-29T04:39:11.888+0000] {processor.py:179} INFO - Processing /home/vscode/.local/lib/python3.10/site-packages/airflow/example_dags/example_dynamic_task_mapping_with_no_taskflow_operators.py took 0.160 seconds
[2024-09-29T04:40:06.673+0000] {processor.py:157} INFO - Started process (PID=16844) to work on /home/vscode/.local/lib/python3.10/site-packages/airflow/example_dags/example_dynamic_task_mapping_with_no_taskflow_operators.py
[2024-09-29T04:40:06.673+0000] {processor.py:826} INFO - Processing file /home/vscode/.local/lib/python3.10/site-packages/airflow/example_dags/example_dynamic_task_mapping_with_no_taskflow_operators.py for tasks to queue
[2024-09-29T04:40:06.674+0000] {logging_mixin.py:150} INFO - [2024-09-29T04:40:06.674+0000] {dagbag.py:541} INFO - Filling up the DagBag from /home/vscode/.local/lib/python3.10/site-packages/airflow/example_dags/example_dynamic_task_mapping_with_no_taskflow_operators.py
[2024-09-29T04:40:06.679+0000] {processor.py:836} INFO - DAG(s) dict_keys(['example_dynamic_task_mapping_with_no_taskflow_operators']) retrieved from /home/vscode/.local/lib/python3.10/site-packages/airflow/example_dags/example_dynamic_task_mapping_with_no_taskflow_operators.py
[2024-09-29T04:40:06.690+0000] {logging_mixin.py:150} INFO - [2024-09-29T04:40:06.690+0000] {dag.py:2742} INFO - Sync 1 DAGs
[2024-09-29T04:40:06.704+0000] {logging_mixin.py:150} INFO - [2024-09-29T04:40:06.704+0000] {dag.py:3504} INFO - Setting next_dagrun for example_dynamic_task_mapping_with_no_taskflow_operators to 2024-09-28T04:40:06.704306+00:00, run_after=2024-09-29T04:40:06.704306+00:00
[2024-09-29T04:40:06.768+0000] {processor.py:179} INFO - Processing /home/vscode/.local/lib/python3.10/site-packages/airflow/example_dags/example_dynamic_task_mapping_with_no_taskflow_operators.py took 0.098 seconds
[2024-09-29T04:59:09.643+0000] {processor.py:157} INFO - Started process (PID=23886) to work on /home/vscode/.local/lib/python3.10/site-packages/airflow/example_dags/example_dynamic_task_mapping_with_no_taskflow_operators.py
[2024-09-29T04:59:09.644+0000] {processor.py:826} INFO - Processing file /home/vscode/.local/lib/python3.10/site-packages/airflow/example_dags/example_dynamic_task_mapping_with_no_taskflow_operators.py for tasks to queue
[2024-09-29T04:59:09.644+0000] {logging_mixin.py:150} INFO - [2024-09-29T04:59:09.644+0000] {dagbag.py:541} INFO - Filling up the DagBag from /home/vscode/.local/lib/python3.10/site-packages/airflow/example_dags/example_dynamic_task_mapping_with_no_taskflow_operators.py
[2024-09-29T04:59:09.741+0000] {processor.py:836} INFO - DAG(s) dict_keys(['example_dynamic_task_mapping_with_no_taskflow_operators']) retrieved from /home/vscode/.local/lib/python3.10/site-packages/airflow/example_dags/example_dynamic_task_mapping_with_no_taskflow_operators.py
[2024-09-29T04:59:09.750+0000] {logging_mixin.py:150} INFO - [2024-09-29T04:59:09.749+0000] {dag.py:2742} INFO - Sync 1 DAGs
[2024-09-29T04:59:09.763+0000] {logging_mixin.py:150} INFO - [2024-09-29T04:59:09.763+0000] {dag.py:3504} INFO - Setting next_dagrun for example_dynamic_task_mapping_with_no_taskflow_operators to 2024-09-28T04:59:09.763063+00:00, run_after=2024-09-29T04:59:09.763063+00:00
[2024-09-29T04:59:09.816+0000] {processor.py:179} INFO - Processing /home/vscode/.local/lib/python3.10/site-packages/airflow/example_dags/example_dynamic_task_mapping_with_no_taskflow_operators.py took 0.175 seconds
[2024-09-29T05:00:02.209+0000] {processor.py:157} INFO - Started process (PID=24272) to work on /home/vscode/.local/lib/python3.10/site-packages/airflow/example_dags/example_dynamic_task_mapping_with_no_taskflow_operators.py
[2024-09-29T05:00:02.209+0000] {processor.py:826} INFO - Processing file /home/vscode/.local/lib/python3.10/site-packages/airflow/example_dags/example_dynamic_task_mapping_with_no_taskflow_operators.py for tasks to queue
[2024-09-29T05:00:02.210+0000] {logging_mixin.py:150} INFO - [2024-09-29T05:00:02.210+0000] {dagbag.py:541} INFO - Filling up the DagBag from /home/vscode/.local/lib/python3.10/site-packages/airflow/example_dags/example_dynamic_task_mapping_with_no_taskflow_operators.py
[2024-09-29T05:00:02.216+0000] {processor.py:836} INFO - DAG(s) dict_keys(['example_dynamic_task_mapping_with_no_taskflow_operators']) retrieved from /home/vscode/.local/lib/python3.10/site-packages/airflow/example_dags/example_dynamic_task_mapping_with_no_taskflow_operators.py
[2024-09-29T05:00:02.227+0000] {logging_mixin.py:150} INFO - [2024-09-29T05:00:02.227+0000] {dag.py:2742} INFO - Sync 1 DAGs
[2024-09-29T05:00:02.242+0000] {logging_mixin.py:150} INFO - [2024-09-29T05:00:02.242+0000] {dag.py:3504} INFO - Setting next_dagrun for example_dynamic_task_mapping_with_no_taskflow_operators to 2024-09-28T05:00:02.241912+00:00, run_after=2024-09-29T05:00:02.241912+00:00
[2024-09-29T05:00:02.350+0000] {processor.py:179} INFO - Processing /home/vscode/.local/lib/python3.10/site-packages/airflow/example_dags/example_dynamic_task_mapping_with_no_taskflow_operators.py took 0.143 seconds
[2024-09-29T05:00:49.647+0000] {processor.py:157} INFO - Started process (PID=24684) to work on /home/vscode/.local/lib/python3.10/site-packages/airflow/example_dags/example_dynamic_task_mapping_with_no_taskflow_operators.py
[2024-09-29T05:00:49.647+0000] {processor.py:826} INFO - Processing file /home/vscode/.local/lib/python3.10/site-packages/airflow/example_dags/example_dynamic_task_mapping_with_no_taskflow_operators.py for tasks to queue
[2024-09-29T05:00:49.648+0000] {logging_mixin.py:150} INFO - [2024-09-29T05:00:49.648+0000] {dagbag.py:541} INFO - Filling up the DagBag from /home/vscode/.local/lib/python3.10/site-packages/airflow/example_dags/example_dynamic_task_mapping_with_no_taskflow_operators.py
[2024-09-29T05:00:49.653+0000] {processor.py:836} INFO - DAG(s) dict_keys(['example_dynamic_task_mapping_with_no_taskflow_operators']) retrieved from /home/vscode/.local/lib/python3.10/site-packages/airflow/example_dags/example_dynamic_task_mapping_with_no_taskflow_operators.py
[2024-09-29T05:00:49.664+0000] {logging_mixin.py:150} INFO - [2024-09-29T05:00:49.664+0000] {dag.py:2742} INFO - Sync 1 DAGs
[2024-09-29T05:00:49.678+0000] {logging_mixin.py:150} INFO - [2024-09-29T05:00:49.678+0000] {dag.py:3504} INFO - Setting next_dagrun for example_dynamic_task_mapping_with_no_taskflow_operators to 2024-09-28T05:00:49.678509+00:00, run_after=2024-09-29T05:00:49.678509+00:00
[2024-09-29T05:00:49.742+0000] {processor.py:179} INFO - Processing /home/vscode/.local/lib/python3.10/site-packages/airflow/example_dags/example_dynamic_task_mapping_with_no_taskflow_operators.py took 0.098 seconds
