[2024-09-29T04:34:51.481+0000] {processor.py:157} INFO - Started process (PID=14102) to work on /home/vscode/.local/lib/python3.10/site-packages/airflow/example_dags/example_complex.py
[2024-09-29T04:34:51.481+0000] {processor.py:826} INFO - Processing file /home/vscode/.local/lib/python3.10/site-packages/airflow/example_dags/example_complex.py for tasks to queue
[2024-09-29T04:34:51.482+0000] {logging_mixin.py:150} INFO - [2024-09-29T04:34:51.482+0000] {dagbag.py:541} INFO - Filling up the DagBag from /home/vscode/.local/lib/python3.10/site-packages/airflow/example_dags/example_complex.py
[2024-09-29T04:34:51.490+0000] {processor.py:836} INFO - DAG(s) dict_keys(['example_complex']) retrieved from /home/vscode/.local/lib/python3.10/site-packages/airflow/example_dags/example_complex.py
[2024-09-29T04:34:51.509+0000] {logging_mixin.py:150} INFO - [2024-09-29T04:34:51.509+0000] {dag.py:2742} INFO - Sync 1 DAGs
[2024-09-29T04:34:51.524+0000] {logging_mixin.py:150} INFO - [2024-09-29T04:34:51.524+0000] {dag.py:3504} INFO - Setting next_dagrun for example_complex to None, run_after=None
[2024-09-29T04:34:51.583+0000] {processor.py:179} INFO - Processing /home/vscode/.local/lib/python3.10/site-packages/airflow/example_dags/example_complex.py took 0.105 seconds
[2024-09-29T04:35:43.945+0000] {processor.py:157} INFO - Started process (PID=14451) to work on /home/vscode/.local/lib/python3.10/site-packages/airflow/example_dags/example_complex.py
[2024-09-29T04:35:43.946+0000] {processor.py:826} INFO - Processing file /home/vscode/.local/lib/python3.10/site-packages/airflow/example_dags/example_complex.py for tasks to queue
[2024-09-29T04:35:43.947+0000] {logging_mixin.py:150} INFO - [2024-09-29T04:35:43.946+0000] {dagbag.py:541} INFO - Filling up the DagBag from /home/vscode/.local/lib/python3.10/site-packages/airflow/example_dags/example_complex.py
[2024-09-29T04:35:43.955+0000] {processor.py:836} INFO - DAG(s) dict_keys(['example_complex']) retrieved from /home/vscode/.local/lib/python3.10/site-packages/airflow/example_dags/example_complex.py
[2024-09-29T04:35:43.975+0000] {logging_mixin.py:150} INFO - [2024-09-29T04:35:43.974+0000] {dag.py:2742} INFO - Sync 1 DAGs
[2024-09-29T04:35:43.989+0000] {logging_mixin.py:150} INFO - [2024-09-29T04:35:43.989+0000] {dag.py:3504} INFO - Setting next_dagrun for example_complex to None, run_after=None
[2024-09-29T04:35:44.059+0000] {processor.py:179} INFO - Processing /home/vscode/.local/lib/python3.10/site-packages/airflow/example_dags/example_complex.py took 0.116 seconds
[2024-09-29T04:36:39.854+0000] {processor.py:157} INFO - Started process (PID=14896) to work on /home/vscode/.local/lib/python3.10/site-packages/airflow/example_dags/example_complex.py
[2024-09-29T04:36:39.855+0000] {processor.py:826} INFO - Processing file /home/vscode/.local/lib/python3.10/site-packages/airflow/example_dags/example_complex.py for tasks to queue
[2024-09-29T04:36:39.856+0000] {logging_mixin.py:150} INFO - [2024-09-29T04:36:39.855+0000] {dagbag.py:541} INFO - Filling up the DagBag from /home/vscode/.local/lib/python3.10/site-packages/airflow/example_dags/example_complex.py
[2024-09-29T04:36:39.864+0000] {processor.py:836} INFO - DAG(s) dict_keys(['example_complex']) retrieved from /home/vscode/.local/lib/python3.10/site-packages/airflow/example_dags/example_complex.py
[2024-09-29T04:36:39.883+0000] {logging_mixin.py:150} INFO - [2024-09-29T04:36:39.883+0000] {dag.py:2742} INFO - Sync 1 DAGs
[2024-09-29T04:36:39.897+0000] {logging_mixin.py:150} INFO - [2024-09-29T04:36:39.897+0000] {dag.py:3504} INFO - Setting next_dagrun for example_complex to None, run_after=None
[2024-09-29T04:36:39.949+0000] {processor.py:179} INFO - Processing /home/vscode/.local/lib/python3.10/site-packages/airflow/example_dags/example_complex.py took 0.097 seconds
[2024-09-29T04:37:30.766+0000] {processor.py:157} INFO - Started process (PID=15299) to work on /home/vscode/.local/lib/python3.10/site-packages/airflow/example_dags/example_complex.py
[2024-09-29T04:37:30.767+0000] {processor.py:826} INFO - Processing file /home/vscode/.local/lib/python3.10/site-packages/airflow/example_dags/example_complex.py for tasks to queue
[2024-09-29T04:37:30.768+0000] {logging_mixin.py:150} INFO - [2024-09-29T04:37:30.767+0000] {dagbag.py:541} INFO - Filling up the DagBag from /home/vscode/.local/lib/python3.10/site-packages/airflow/example_dags/example_complex.py
[2024-09-29T04:37:30.776+0000] {processor.py:836} INFO - DAG(s) dict_keys(['example_complex']) retrieved from /home/vscode/.local/lib/python3.10/site-packages/airflow/example_dags/example_complex.py
[2024-09-29T04:37:30.796+0000] {logging_mixin.py:150} INFO - [2024-09-29T04:37:30.796+0000] {dag.py:2742} INFO - Sync 1 DAGs
[2024-09-29T04:37:30.810+0000] {logging_mixin.py:150} INFO - [2024-09-29T04:37:30.810+0000] {dag.py:3504} INFO - Setting next_dagrun for example_complex to None, run_after=None
[2024-09-29T04:37:30.878+0000] {processor.py:179} INFO - Processing /home/vscode/.local/lib/python3.10/site-packages/airflow/example_dags/example_complex.py took 0.114 seconds
[2024-09-29T04:38:23.020+0000] {processor.py:157} INFO - Started process (PID=15815) to work on /home/vscode/.local/lib/python3.10/site-packages/airflow/example_dags/example_complex.py
[2024-09-29T04:38:23.021+0000] {processor.py:826} INFO - Processing file /home/vscode/.local/lib/python3.10/site-packages/airflow/example_dags/example_complex.py for tasks to queue
[2024-09-29T04:38:23.022+0000] {logging_mixin.py:150} INFO - [2024-09-29T04:38:23.022+0000] {dagbag.py:541} INFO - Filling up the DagBag from /home/vscode/.local/lib/python3.10/site-packages/airflow/example_dags/example_complex.py
[2024-09-29T04:38:23.032+0000] {processor.py:836} INFO - DAG(s) dict_keys(['example_complex']) retrieved from /home/vscode/.local/lib/python3.10/site-packages/airflow/example_dags/example_complex.py
[2024-09-29T04:38:23.052+0000] {logging_mixin.py:150} INFO - [2024-09-29T04:38:23.052+0000] {dag.py:2742} INFO - Sync 1 DAGs
[2024-09-29T04:38:23.067+0000] {logging_mixin.py:150} INFO - [2024-09-29T04:38:23.067+0000] {dag.py:3504} INFO - Setting next_dagrun for example_complex to None, run_after=None
[2024-09-29T04:38:23.124+0000] {processor.py:179} INFO - Processing /home/vscode/.local/lib/python3.10/site-packages/airflow/example_dags/example_complex.py took 0.106 seconds
[2024-09-29T04:39:12.869+0000] {processor.py:157} INFO - Started process (PID=16338) to work on /home/vscode/.local/lib/python3.10/site-packages/airflow/example_dags/example_complex.py
[2024-09-29T04:39:12.870+0000] {processor.py:826} INFO - Processing file /home/vscode/.local/lib/python3.10/site-packages/airflow/example_dags/example_complex.py for tasks to queue
[2024-09-29T04:39:12.870+0000] {logging_mixin.py:150} INFO - [2024-09-29T04:39:12.870+0000] {dagbag.py:541} INFO - Filling up the DagBag from /home/vscode/.local/lib/python3.10/site-packages/airflow/example_dags/example_complex.py
[2024-09-29T04:39:12.879+0000] {processor.py:836} INFO - DAG(s) dict_keys(['example_complex']) retrieved from /home/vscode/.local/lib/python3.10/site-packages/airflow/example_dags/example_complex.py
[2024-09-29T04:39:12.897+0000] {logging_mixin.py:150} INFO - [2024-09-29T04:39:12.897+0000] {dag.py:2742} INFO - Sync 1 DAGs
[2024-09-29T04:39:12.912+0000] {logging_mixin.py:150} INFO - [2024-09-29T04:39:12.911+0000] {dag.py:3504} INFO - Setting next_dagrun for example_complex to None, run_after=None
[2024-09-29T04:39:12.965+0000] {processor.py:179} INFO - Processing /home/vscode/.local/lib/python3.10/site-packages/airflow/example_dags/example_complex.py took 0.098 seconds
[2024-09-29T04:40:07.811+0000] {processor.py:157} INFO - Started process (PID=16849) to work on /home/vscode/.local/lib/python3.10/site-packages/airflow/example_dags/example_complex.py
[2024-09-29T04:40:07.811+0000] {processor.py:826} INFO - Processing file /home/vscode/.local/lib/python3.10/site-packages/airflow/example_dags/example_complex.py for tasks to queue
[2024-09-29T04:40:07.812+0000] {logging_mixin.py:150} INFO - [2024-09-29T04:40:07.812+0000] {dagbag.py:541} INFO - Filling up the DagBag from /home/vscode/.local/lib/python3.10/site-packages/airflow/example_dags/example_complex.py
[2024-09-29T04:40:07.820+0000] {processor.py:836} INFO - DAG(s) dict_keys(['example_complex']) retrieved from /home/vscode/.local/lib/python3.10/site-packages/airflow/example_dags/example_complex.py
[2024-09-29T04:40:07.839+0000] {logging_mixin.py:150} INFO - [2024-09-29T04:40:07.839+0000] {dag.py:2742} INFO - Sync 1 DAGs
[2024-09-29T04:40:07.853+0000] {logging_mixin.py:150} INFO - [2024-09-29T04:40:07.853+0000] {dag.py:3504} INFO - Setting next_dagrun for example_complex to None, run_after=None
[2024-09-29T04:40:07.913+0000] {processor.py:179} INFO - Processing /home/vscode/.local/lib/python3.10/site-packages/airflow/example_dags/example_complex.py took 0.105 seconds
[2024-09-29T04:59:10.014+0000] {processor.py:157} INFO - Started process (PID=23888) to work on /home/vscode/.local/lib/python3.10/site-packages/airflow/example_dags/example_complex.py
[2024-09-29T04:59:10.015+0000] {processor.py:826} INFO - Processing file /home/vscode/.local/lib/python3.10/site-packages/airflow/example_dags/example_complex.py for tasks to queue
[2024-09-29T04:59:10.015+0000] {logging_mixin.py:150} INFO - [2024-09-29T04:59:10.015+0000] {dagbag.py:541} INFO - Filling up the DagBag from /home/vscode/.local/lib/python3.10/site-packages/airflow/example_dags/example_complex.py
[2024-09-29T04:59:10.024+0000] {processor.py:836} INFO - DAG(s) dict_keys(['example_complex']) retrieved from /home/vscode/.local/lib/python3.10/site-packages/airflow/example_dags/example_complex.py
[2024-09-29T04:59:10.052+0000] {logging_mixin.py:150} INFO - [2024-09-29T04:59:10.052+0000] {dag.py:2742} INFO - Sync 1 DAGs
[2024-09-29T04:59:10.074+0000] {logging_mixin.py:150} INFO - [2024-09-29T04:59:10.074+0000] {dag.py:3504} INFO - Setting next_dagrun for example_complex to None, run_after=None
[2024-09-29T04:59:10.141+0000] {processor.py:179} INFO - Processing /home/vscode/.local/lib/python3.10/site-packages/airflow/example_dags/example_complex.py took 0.129 seconds
[2024-09-29T05:00:03.494+0000] {processor.py:157} INFO - Started process (PID=24280) to work on /home/vscode/.local/lib/python3.10/site-packages/airflow/example_dags/example_complex.py
[2024-09-29T05:00:03.495+0000] {processor.py:826} INFO - Processing file /home/vscode/.local/lib/python3.10/site-packages/airflow/example_dags/example_complex.py for tasks to queue
[2024-09-29T05:00:03.495+0000] {logging_mixin.py:150} INFO - [2024-09-29T05:00:03.495+0000] {dagbag.py:541} INFO - Filling up the DagBag from /home/vscode/.local/lib/python3.10/site-packages/airflow/example_dags/example_complex.py
[2024-09-29T05:00:03.503+0000] {processor.py:836} INFO - DAG(s) dict_keys(['example_complex']) retrieved from /home/vscode/.local/lib/python3.10/site-packages/airflow/example_dags/example_complex.py
[2024-09-29T05:00:03.523+0000] {logging_mixin.py:150} INFO - [2024-09-29T05:00:03.523+0000] {dag.py:2742} INFO - Sync 1 DAGs
[2024-09-29T05:00:03.537+0000] {logging_mixin.py:150} INFO - [2024-09-29T05:00:03.537+0000] {dag.py:3504} INFO - Setting next_dagrun for example_complex to None, run_after=None
[2024-09-29T05:00:03.598+0000] {processor.py:179} INFO - Processing /home/vscode/.local/lib/python3.10/site-packages/airflow/example_dags/example_complex.py took 0.106 seconds
[2024-09-29T05:00:50.850+0000] {processor.py:157} INFO - Started process (PID=24692) to work on /home/vscode/.local/lib/python3.10/site-packages/airflow/example_dags/example_complex.py
[2024-09-29T05:00:50.851+0000] {processor.py:826} INFO - Processing file /home/vscode/.local/lib/python3.10/site-packages/airflow/example_dags/example_complex.py for tasks to queue
[2024-09-29T05:00:50.852+0000] {logging_mixin.py:150} INFO - [2024-09-29T05:00:50.852+0000] {dagbag.py:541} INFO - Filling up the DagBag from /home/vscode/.local/lib/python3.10/site-packages/airflow/example_dags/example_complex.py
[2024-09-29T05:00:50.866+0000] {processor.py:836} INFO - DAG(s) dict_keys(['example_complex']) retrieved from /home/vscode/.local/lib/python3.10/site-packages/airflow/example_dags/example_complex.py
[2024-09-29T05:00:50.896+0000] {logging_mixin.py:150} INFO - [2024-09-29T05:00:50.896+0000] {dag.py:2742} INFO - Sync 1 DAGs
[2024-09-29T05:00:50.913+0000] {logging_mixin.py:150} INFO - [2024-09-29T05:00:50.913+0000] {dag.py:3504} INFO - Setting next_dagrun for example_complex to None, run_after=None
[2024-09-29T05:00:50.993+0000] {processor.py:179} INFO - Processing /home/vscode/.local/lib/python3.10/site-packages/airflow/example_dags/example_complex.py took 0.145 seconds
