[2024-09-29T04:34:39.155+0000] {processor.py:157} INFO - Started process (PID=14019) to work on /home/vscode/.local/lib/python3.10/site-packages/airflow/example_dags/example_latest_only_with_trigger.py
[2024-09-29T04:34:39.156+0000] {processor.py:826} INFO - Processing file /home/vscode/.local/lib/python3.10/site-packages/airflow/example_dags/example_latest_only_with_trigger.py for tasks to queue
[2024-09-29T04:34:39.157+0000] {logging_mixin.py:150} INFO - [2024-09-29T04:34:39.156+0000] {dagbag.py:541} INFO - Filling up the DagBag from /home/vscode/.local/lib/python3.10/site-packages/airflow/example_dags/example_latest_only_with_trigger.py
[2024-09-29T04:34:39.161+0000] {processor.py:836} INFO - DAG(s) dict_keys(['latest_only_with_trigger']) retrieved from /home/vscode/.local/lib/python3.10/site-packages/airflow/example_dags/example_latest_only_with_trigger.py
[2024-09-29T04:34:39.253+0000] {logging_mixin.py:150} INFO - [2024-09-29T04:34:39.253+0000] {dag.py:2742} INFO - Sync 1 DAGs
[2024-09-29T04:34:39.270+0000] {logging_mixin.py:150} INFO - [2024-09-29T04:34:39.270+0000] {dag.py:3504} INFO - Setting next_dagrun for latest_only_with_trigger to 2024-09-29T00:34:39.270421+00:00, run_after=2024-09-29T04:34:39.270421+00:00
[2024-09-29T04:34:39.343+0000] {processor.py:179} INFO - Processing /home/vscode/.local/lib/python3.10/site-packages/airflow/example_dags/example_latest_only_with_trigger.py took 0.190 seconds
[2024-09-29T04:35:26.959+0000] {processor.py:157} INFO - Started process (PID=14334) to work on /home/vscode/.local/lib/python3.10/site-packages/airflow/example_dags/example_latest_only_with_trigger.py
[2024-09-29T04:35:26.959+0000] {processor.py:826} INFO - Processing file /home/vscode/.local/lib/python3.10/site-packages/airflow/example_dags/example_latest_only_with_trigger.py for tasks to queue
[2024-09-29T04:35:26.960+0000] {logging_mixin.py:150} INFO - [2024-09-29T04:35:26.960+0000] {dagbag.py:541} INFO - Filling up the DagBag from /home/vscode/.local/lib/python3.10/site-packages/airflow/example_dags/example_latest_only_with_trigger.py
[2024-09-29T04:35:26.965+0000] {processor.py:836} INFO - DAG(s) dict_keys(['latest_only_with_trigger']) retrieved from /home/vscode/.local/lib/python3.10/site-packages/airflow/example_dags/example_latest_only_with_trigger.py
[2024-09-29T04:35:26.977+0000] {logging_mixin.py:150} INFO - [2024-09-29T04:35:26.977+0000] {dag.py:2742} INFO - Sync 1 DAGs
[2024-09-29T04:35:26.992+0000] {logging_mixin.py:150} INFO - [2024-09-29T04:35:26.992+0000] {dag.py:3504} INFO - Setting next_dagrun for latest_only_with_trigger to 2024-09-29T00:35:26.991847+00:00, run_after=2024-09-29T04:35:26.991847+00:00
[2024-09-29T04:35:27.045+0000] {processor.py:179} INFO - Processing /home/vscode/.local/lib/python3.10/site-packages/airflow/example_dags/example_latest_only_with_trigger.py took 0.088 seconds
[2024-09-29T04:36:20.468+0000] {processor.py:157} INFO - Started process (PID=14739) to work on /home/vscode/.local/lib/python3.10/site-packages/airflow/example_dags/example_latest_only_with_trigger.py
[2024-09-29T04:36:20.469+0000] {processor.py:826} INFO - Processing file /home/vscode/.local/lib/python3.10/site-packages/airflow/example_dags/example_latest_only_with_trigger.py for tasks to queue
[2024-09-29T04:36:20.470+0000] {logging_mixin.py:150} INFO - [2024-09-29T04:36:20.469+0000] {dagbag.py:541} INFO - Filling up the DagBag from /home/vscode/.local/lib/python3.10/site-packages/airflow/example_dags/example_latest_only_with_trigger.py
[2024-09-29T04:36:20.476+0000] {processor.py:836} INFO - DAG(s) dict_keys(['latest_only_with_trigger']) retrieved from /home/vscode/.local/lib/python3.10/site-packages/airflow/example_dags/example_latest_only_with_trigger.py
[2024-09-29T04:36:20.500+0000] {logging_mixin.py:150} INFO - [2024-09-29T04:36:20.500+0000] {dag.py:2742} INFO - Sync 1 DAGs
[2024-09-29T04:36:20.528+0000] {logging_mixin.py:150} INFO - [2024-09-29T04:36:20.528+0000] {dag.py:3504} INFO - Setting next_dagrun for latest_only_with_trigger to 2024-09-29T00:36:20.528455+00:00, run_after=2024-09-29T04:36:20.528455+00:00
[2024-09-29T04:36:20.592+0000] {processor.py:179} INFO - Processing /home/vscode/.local/lib/python3.10/site-packages/airflow/example_dags/example_latest_only_with_trigger.py took 0.127 seconds
[2024-09-29T04:37:13.728+0000] {processor.py:157} INFO - Started process (PID=15172) to work on /home/vscode/.local/lib/python3.10/site-packages/airflow/example_dags/example_latest_only_with_trigger.py
[2024-09-29T04:37:13.729+0000] {processor.py:826} INFO - Processing file /home/vscode/.local/lib/python3.10/site-packages/airflow/example_dags/example_latest_only_with_trigger.py for tasks to queue
[2024-09-29T04:37:13.729+0000] {logging_mixin.py:150} INFO - [2024-09-29T04:37:13.729+0000] {dagbag.py:541} INFO - Filling up the DagBag from /home/vscode/.local/lib/python3.10/site-packages/airflow/example_dags/example_latest_only_with_trigger.py
[2024-09-29T04:37:13.734+0000] {processor.py:836} INFO - DAG(s) dict_keys(['latest_only_with_trigger']) retrieved from /home/vscode/.local/lib/python3.10/site-packages/airflow/example_dags/example_latest_only_with_trigger.py
[2024-09-29T04:37:13.746+0000] {logging_mixin.py:150} INFO - [2024-09-29T04:37:13.746+0000] {dag.py:2742} INFO - Sync 1 DAGs
[2024-09-29T04:37:13.760+0000] {logging_mixin.py:150} INFO - [2024-09-29T04:37:13.759+0000] {dag.py:3504} INFO - Setting next_dagrun for latest_only_with_trigger to 2024-09-29T00:37:13.759813+00:00, run_after=2024-09-29T04:37:13.759813+00:00
[2024-09-29T04:37:13.810+0000] {processor.py:179} INFO - Processing /home/vscode/.local/lib/python3.10/site-packages/airflow/example_dags/example_latest_only_with_trigger.py took 0.084 seconds
[2024-09-29T04:38:05.093+0000] {processor.py:157} INFO - Started process (PID=15604) to work on /home/vscode/.local/lib/python3.10/site-packages/airflow/example_dags/example_latest_only_with_trigger.py
[2024-09-29T04:38:05.094+0000] {processor.py:826} INFO - Processing file /home/vscode/.local/lib/python3.10/site-packages/airflow/example_dags/example_latest_only_with_trigger.py for tasks to queue
[2024-09-29T04:38:05.094+0000] {logging_mixin.py:150} INFO - [2024-09-29T04:38:05.094+0000] {dagbag.py:541} INFO - Filling up the DagBag from /home/vscode/.local/lib/python3.10/site-packages/airflow/example_dags/example_latest_only_with_trigger.py
[2024-09-29T04:38:05.099+0000] {processor.py:836} INFO - DAG(s) dict_keys(['latest_only_with_trigger']) retrieved from /home/vscode/.local/lib/python3.10/site-packages/airflow/example_dags/example_latest_only_with_trigger.py
[2024-09-29T04:38:05.111+0000] {logging_mixin.py:150} INFO - [2024-09-29T04:38:05.111+0000] {dag.py:2742} INFO - Sync 1 DAGs
[2024-09-29T04:38:05.125+0000] {logging_mixin.py:150} INFO - [2024-09-29T04:38:05.125+0000] {dag.py:3504} INFO - Setting next_dagrun for latest_only_with_trigger to 2024-09-29T00:38:05.125236+00:00, run_after=2024-09-29T04:38:05.125236+00:00
[2024-09-29T04:38:05.176+0000] {processor.py:179} INFO - Processing /home/vscode/.local/lib/python3.10/site-packages/airflow/example_dags/example_latest_only_with_trigger.py took 0.085 seconds
[2024-09-29T04:38:54.382+0000] {processor.py:157} INFO - Started process (PID=16151) to work on /home/vscode/.local/lib/python3.10/site-packages/airflow/example_dags/example_latest_only_with_trigger.py
[2024-09-29T04:38:54.383+0000] {processor.py:826} INFO - Processing file /home/vscode/.local/lib/python3.10/site-packages/airflow/example_dags/example_latest_only_with_trigger.py for tasks to queue
[2024-09-29T04:38:54.384+0000] {logging_mixin.py:150} INFO - [2024-09-29T04:38:54.383+0000] {dagbag.py:541} INFO - Filling up the DagBag from /home/vscode/.local/lib/python3.10/site-packages/airflow/example_dags/example_latest_only_with_trigger.py
[2024-09-29T04:38:54.390+0000] {processor.py:836} INFO - DAG(s) dict_keys(['latest_only_with_trigger']) retrieved from /home/vscode/.local/lib/python3.10/site-packages/airflow/example_dags/example_latest_only_with_trigger.py
[2024-09-29T04:38:54.402+0000] {logging_mixin.py:150} INFO - [2024-09-29T04:38:54.402+0000] {dag.py:2742} INFO - Sync 1 DAGs
[2024-09-29T04:38:54.416+0000] {logging_mixin.py:150} INFO - [2024-09-29T04:38:54.416+0000] {dag.py:3504} INFO - Setting next_dagrun for latest_only_with_trigger to 2024-09-29T00:38:54.416515+00:00, run_after=2024-09-29T04:38:54.416515+00:00
[2024-09-29T04:38:54.481+0000] {processor.py:179} INFO - Processing /home/vscode/.local/lib/python3.10/site-packages/airflow/example_dags/example_latest_only_with_trigger.py took 0.102 seconds
[2024-09-29T04:39:49.590+0000] {processor.py:157} INFO - Started process (PID=16679) to work on /home/vscode/.local/lib/python3.10/site-packages/airflow/example_dags/example_latest_only_with_trigger.py
[2024-09-29T04:39:49.591+0000] {processor.py:826} INFO - Processing file /home/vscode/.local/lib/python3.10/site-packages/airflow/example_dags/example_latest_only_with_trigger.py for tasks to queue
[2024-09-29T04:39:49.592+0000] {logging_mixin.py:150} INFO - [2024-09-29T04:39:49.591+0000] {dagbag.py:541} INFO - Filling up the DagBag from /home/vscode/.local/lib/python3.10/site-packages/airflow/example_dags/example_latest_only_with_trigger.py
[2024-09-29T04:39:49.597+0000] {processor.py:836} INFO - DAG(s) dict_keys(['latest_only_with_trigger']) retrieved from /home/vscode/.local/lib/python3.10/site-packages/airflow/example_dags/example_latest_only_with_trigger.py
[2024-09-29T04:39:49.608+0000] {logging_mixin.py:150} INFO - [2024-09-29T04:39:49.608+0000] {dag.py:2742} INFO - Sync 1 DAGs
[2024-09-29T04:39:49.622+0000] {logging_mixin.py:150} INFO - [2024-09-29T04:39:49.622+0000] {dag.py:3504} INFO - Setting next_dagrun for latest_only_with_trigger to 2024-09-29T00:39:49.622231+00:00, run_after=2024-09-29T04:39:49.622231+00:00
[2024-09-29T04:39:49.688+0000] {processor.py:179} INFO - Processing /home/vscode/.local/lib/python3.10/site-packages/airflow/example_dags/example_latest_only_with_trigger.py took 0.099 seconds
[2024-09-29T04:58:57.261+0000] {processor.py:157} INFO - Started process (PID=23804) to work on /home/vscode/.local/lib/python3.10/site-packages/airflow/example_dags/example_latest_only_with_trigger.py
[2024-09-29T04:58:57.262+0000] {processor.py:826} INFO - Processing file /home/vscode/.local/lib/python3.10/site-packages/airflow/example_dags/example_latest_only_with_trigger.py for tasks to queue
[2024-09-29T04:58:57.263+0000] {logging_mixin.py:150} INFO - [2024-09-29T04:58:57.262+0000] {dagbag.py:541} INFO - Filling up the DagBag from /home/vscode/.local/lib/python3.10/site-packages/airflow/example_dags/example_latest_only_with_trigger.py
[2024-09-29T04:58:57.267+0000] {processor.py:836} INFO - DAG(s) dict_keys(['latest_only_with_trigger']) retrieved from /home/vscode/.local/lib/python3.10/site-packages/airflow/example_dags/example_latest_only_with_trigger.py
[2024-09-29T04:58:57.376+0000] {logging_mixin.py:150} INFO - [2024-09-29T04:58:57.376+0000] {dag.py:2742} INFO - Sync 1 DAGs
[2024-09-29T04:58:57.394+0000] {logging_mixin.py:150} INFO - [2024-09-29T04:58:57.393+0000] {dag.py:3504} INFO - Setting next_dagrun for latest_only_with_trigger to 2024-09-29T00:58:57.393693+00:00, run_after=2024-09-29T04:58:57.393693+00:00
[2024-09-29T04:58:57.459+0000] {processor.py:179} INFO - Processing /home/vscode/.local/lib/python3.10/site-packages/airflow/example_dags/example_latest_only_with_trigger.py took 0.200 seconds
[2024-09-29T04:59:45.859+0000] {processor.py:157} INFO - Started process (PID=24140) to work on /home/vscode/.local/lib/python3.10/site-packages/airflow/example_dags/example_latest_only_with_trigger.py
[2024-09-29T04:59:45.859+0000] {processor.py:826} INFO - Processing file /home/vscode/.local/lib/python3.10/site-packages/airflow/example_dags/example_latest_only_with_trigger.py for tasks to queue
[2024-09-29T04:59:45.860+0000] {logging_mixin.py:150} INFO - [2024-09-29T04:59:45.860+0000] {dagbag.py:541} INFO - Filling up the DagBag from /home/vscode/.local/lib/python3.10/site-packages/airflow/example_dags/example_latest_only_with_trigger.py
[2024-09-29T04:59:45.865+0000] {processor.py:836} INFO - DAG(s) dict_keys(['latest_only_with_trigger']) retrieved from /home/vscode/.local/lib/python3.10/site-packages/airflow/example_dags/example_latest_only_with_trigger.py
[2024-09-29T04:59:45.876+0000] {logging_mixin.py:150} INFO - [2024-09-29T04:59:45.876+0000] {dag.py:2742} INFO - Sync 1 DAGs
[2024-09-29T04:59:45.890+0000] {logging_mixin.py:150} INFO - [2024-09-29T04:59:45.890+0000] {dag.py:3504} INFO - Setting next_dagrun for latest_only_with_trigger to 2024-09-29T00:59:45.890427+00:00, run_after=2024-09-29T04:59:45.890427+00:00
[2024-09-29T04:59:45.962+0000] {processor.py:179} INFO - Processing /home/vscode/.local/lib/python3.10/site-packages/airflow/example_dags/example_latest_only_with_trigger.py took 0.106 seconds
[2024-09-29T05:00:35.162+0000] {processor.py:157} INFO - Started process (PID=24537) to work on /home/vscode/.local/lib/python3.10/site-packages/airflow/example_dags/example_latest_only_with_trigger.py
[2024-09-29T05:00:35.163+0000] {processor.py:826} INFO - Processing file /home/vscode/.local/lib/python3.10/site-packages/airflow/example_dags/example_latest_only_with_trigger.py for tasks to queue
[2024-09-29T05:00:35.163+0000] {logging_mixin.py:150} INFO - [2024-09-29T05:00:35.163+0000] {dagbag.py:541} INFO - Filling up the DagBag from /home/vscode/.local/lib/python3.10/site-packages/airflow/example_dags/example_latest_only_with_trigger.py
[2024-09-29T05:00:35.168+0000] {processor.py:836} INFO - DAG(s) dict_keys(['latest_only_with_trigger']) retrieved from /home/vscode/.local/lib/python3.10/site-packages/airflow/example_dags/example_latest_only_with_trigger.py
[2024-09-29T05:00:35.180+0000] {logging_mixin.py:150} INFO - [2024-09-29T05:00:35.180+0000] {dag.py:2742} INFO - Sync 1 DAGs
[2024-09-29T05:00:35.194+0000] {logging_mixin.py:150} INFO - [2024-09-29T05:00:35.194+0000] {dag.py:3504} INFO - Setting next_dagrun for latest_only_with_trigger to 2024-09-29T01:00:35.194300+00:00, run_after=2024-09-29T05:00:35.194300+00:00
[2024-09-29T05:00:35.253+0000] {processor.py:179} INFO - Processing /home/vscode/.local/lib/python3.10/site-packages/airflow/example_dags/example_latest_only_with_trigger.py took 0.093 seconds
