[2024-09-29T04:34:40.882+0000] {processor.py:157} INFO - Started process (PID=14035) to work on /home/vscode/.local/lib/python3.10/site-packages/airflow/example_dags/example_params_trigger_ui.py
[2024-09-29T04:34:40.882+0000] {processor.py:826} INFO - Processing file /home/vscode/.local/lib/python3.10/site-packages/airflow/example_dags/example_params_trigger_ui.py for tasks to queue
[2024-09-29T04:34:40.883+0000] {logging_mixin.py:150} INFO - [2024-09-29T04:34:40.883+0000] {dagbag.py:541} INFO - Filling up the DagBag from /home/vscode/.local/lib/python3.10/site-packages/airflow/example_dags/example_params_trigger_ui.py
[2024-09-29T04:34:40.896+0000] {processor.py:836} INFO - DAG(s) dict_keys(['example_params_trigger_ui']) retrieved from /home/vscode/.local/lib/python3.10/site-packages/airflow/example_dags/example_params_trigger_ui.py
[2024-09-29T04:34:41.017+0000] {logging_mixin.py:150} INFO - [2024-09-29T04:34:41.017+0000] {dag.py:2742} INFO - Sync 1 DAGs
[2024-09-29T04:34:41.031+0000] {logging_mixin.py:150} INFO - [2024-09-29T04:34:41.030+0000] {dag.py:3504} INFO - Setting next_dagrun for example_params_trigger_ui to None, run_after=None
[2024-09-29T04:34:41.087+0000] {processor.py:179} INFO - Processing /home/vscode/.local/lib/python3.10/site-packages/airflow/example_dags/example_params_trigger_ui.py took 0.208 seconds
[2024-09-29T04:35:29.333+0000] {processor.py:157} INFO - Started process (PID=14344) to work on /home/vscode/.local/lib/python3.10/site-packages/airflow/example_dags/example_params_trigger_ui.py
[2024-09-29T04:35:29.333+0000] {processor.py:826} INFO - Processing file /home/vscode/.local/lib/python3.10/site-packages/airflow/example_dags/example_params_trigger_ui.py for tasks to queue
[2024-09-29T04:35:29.334+0000] {logging_mixin.py:150} INFO - [2024-09-29T04:35:29.334+0000] {dagbag.py:541} INFO - Filling up the DagBag from /home/vscode/.local/lib/python3.10/site-packages/airflow/example_dags/example_params_trigger_ui.py
[2024-09-29T04:35:29.346+0000] {processor.py:836} INFO - DAG(s) dict_keys(['example_params_trigger_ui']) retrieved from /home/vscode/.local/lib/python3.10/site-packages/airflow/example_dags/example_params_trigger_ui.py
[2024-09-29T04:35:29.378+0000] {logging_mixin.py:150} INFO - [2024-09-29T04:35:29.377+0000] {dag.py:2742} INFO - Sync 1 DAGs
[2024-09-29T04:35:29.392+0000] {logging_mixin.py:150} INFO - [2024-09-29T04:35:29.392+0000] {dag.py:3504} INFO - Setting next_dagrun for example_params_trigger_ui to None, run_after=None
[2024-09-29T04:35:29.463+0000] {processor.py:179} INFO - Processing /home/vscode/.local/lib/python3.10/site-packages/airflow/example_dags/example_params_trigger_ui.py took 0.132 seconds
[2024-09-29T04:36:22.682+0000] {processor.py:157} INFO - Started process (PID=14756) to work on /home/vscode/.local/lib/python3.10/site-packages/airflow/example_dags/example_params_trigger_ui.py
[2024-09-29T04:36:22.683+0000] {processor.py:826} INFO - Processing file /home/vscode/.local/lib/python3.10/site-packages/airflow/example_dags/example_params_trigger_ui.py for tasks to queue
[2024-09-29T04:36:22.683+0000] {logging_mixin.py:150} INFO - [2024-09-29T04:36:22.683+0000] {dagbag.py:541} INFO - Filling up the DagBag from /home/vscode/.local/lib/python3.10/site-packages/airflow/example_dags/example_params_trigger_ui.py
[2024-09-29T04:36:22.695+0000] {processor.py:836} INFO - DAG(s) dict_keys(['example_params_trigger_ui']) retrieved from /home/vscode/.local/lib/python3.10/site-packages/airflow/example_dags/example_params_trigger_ui.py
[2024-09-29T04:36:22.726+0000] {logging_mixin.py:150} INFO - [2024-09-29T04:36:22.726+0000] {dag.py:2742} INFO - Sync 1 DAGs
[2024-09-29T04:36:22.740+0000] {logging_mixin.py:150} INFO - [2024-09-29T04:36:22.740+0000] {dag.py:3504} INFO - Setting next_dagrun for example_params_trigger_ui to None, run_after=None
[2024-09-29T04:36:22.822+0000] {processor.py:179} INFO - Processing /home/vscode/.local/lib/python3.10/site-packages/airflow/example_dags/example_params_trigger_ui.py took 0.142 seconds
[2024-09-29T04:37:15.993+0000] {processor.py:157} INFO - Started process (PID=15183) to work on /home/vscode/.local/lib/python3.10/site-packages/airflow/example_dags/example_params_trigger_ui.py
[2024-09-29T04:37:15.994+0000] {processor.py:826} INFO - Processing file /home/vscode/.local/lib/python3.10/site-packages/airflow/example_dags/example_params_trigger_ui.py for tasks to queue
[2024-09-29T04:37:15.995+0000] {logging_mixin.py:150} INFO - [2024-09-29T04:37:15.994+0000] {dagbag.py:541} INFO - Filling up the DagBag from /home/vscode/.local/lib/python3.10/site-packages/airflow/example_dags/example_params_trigger_ui.py
[2024-09-29T04:37:16.007+0000] {processor.py:836} INFO - DAG(s) dict_keys(['example_params_trigger_ui']) retrieved from /home/vscode/.local/lib/python3.10/site-packages/airflow/example_dags/example_params_trigger_ui.py
[2024-09-29T04:37:16.039+0000] {logging_mixin.py:150} INFO - [2024-09-29T04:37:16.039+0000] {dag.py:2742} INFO - Sync 1 DAGs
[2024-09-29T04:37:16.053+0000] {logging_mixin.py:150} INFO - [2024-09-29T04:37:16.053+0000] {dag.py:3504} INFO - Setting next_dagrun for example_params_trigger_ui to None, run_after=None
[2024-09-29T04:37:16.128+0000] {processor.py:179} INFO - Processing /home/vscode/.local/lib/python3.10/site-packages/airflow/example_dags/example_params_trigger_ui.py took 0.137 seconds
[2024-09-29T04:38:07.360+0000] {processor.py:157} INFO - Started process (PID=15627) to work on /home/vscode/.local/lib/python3.10/site-packages/airflow/example_dags/example_params_trigger_ui.py
[2024-09-29T04:38:07.360+0000] {processor.py:826} INFO - Processing file /home/vscode/.local/lib/python3.10/site-packages/airflow/example_dags/example_params_trigger_ui.py for tasks to queue
[2024-09-29T04:38:07.361+0000] {logging_mixin.py:150} INFO - [2024-09-29T04:38:07.361+0000] {dagbag.py:541} INFO - Filling up the DagBag from /home/vscode/.local/lib/python3.10/site-packages/airflow/example_dags/example_params_trigger_ui.py
[2024-09-29T04:38:07.373+0000] {processor.py:836} INFO - DAG(s) dict_keys(['example_params_trigger_ui']) retrieved from /home/vscode/.local/lib/python3.10/site-packages/airflow/example_dags/example_params_trigger_ui.py
[2024-09-29T04:38:07.412+0000] {logging_mixin.py:150} INFO - [2024-09-29T04:38:07.412+0000] {dag.py:2742} INFO - Sync 1 DAGs
[2024-09-29T04:38:07.435+0000] {logging_mixin.py:150} INFO - [2024-09-29T04:38:07.435+0000] {dag.py:3504} INFO - Setting next_dagrun for example_params_trigger_ui to None, run_after=None
[2024-09-29T04:38:07.512+0000] {processor.py:179} INFO - Processing /home/vscode/.local/lib/python3.10/site-packages/airflow/example_dags/example_params_trigger_ui.py took 0.155 seconds
[2024-09-29T04:38:55.967+0000] {processor.py:157} INFO - Started process (PID=16174) to work on /home/vscode/.local/lib/python3.10/site-packages/airflow/example_dags/example_params_trigger_ui.py
[2024-09-29T04:38:55.968+0000] {processor.py:826} INFO - Processing file /home/vscode/.local/lib/python3.10/site-packages/airflow/example_dags/example_params_trigger_ui.py for tasks to queue
[2024-09-29T04:38:55.968+0000] {logging_mixin.py:150} INFO - [2024-09-29T04:38:55.968+0000] {dagbag.py:541} INFO - Filling up the DagBag from /home/vscode/.local/lib/python3.10/site-packages/airflow/example_dags/example_params_trigger_ui.py
[2024-09-29T04:38:55.981+0000] {processor.py:836} INFO - DAG(s) dict_keys(['example_params_trigger_ui']) retrieved from /home/vscode/.local/lib/python3.10/site-packages/airflow/example_dags/example_params_trigger_ui.py
[2024-09-29T04:38:56.013+0000] {logging_mixin.py:150} INFO - [2024-09-29T04:38:56.013+0000] {dag.py:2742} INFO - Sync 1 DAGs
[2024-09-29T04:38:56.028+0000] {logging_mixin.py:150} INFO - [2024-09-29T04:38:56.028+0000] {dag.py:3504} INFO - Setting next_dagrun for example_params_trigger_ui to None, run_after=None
[2024-09-29T04:38:56.115+0000] {processor.py:179} INFO - Processing /home/vscode/.local/lib/python3.10/site-packages/airflow/example_dags/example_params_trigger_ui.py took 0.150 seconds
[2024-09-29T04:39:51.956+0000] {processor.py:157} INFO - Started process (PID=16695) to work on /home/vscode/.local/lib/python3.10/site-packages/airflow/example_dags/example_params_trigger_ui.py
[2024-09-29T04:39:51.957+0000] {processor.py:826} INFO - Processing file /home/vscode/.local/lib/python3.10/site-packages/airflow/example_dags/example_params_trigger_ui.py for tasks to queue
[2024-09-29T04:39:51.957+0000] {logging_mixin.py:150} INFO - [2024-09-29T04:39:51.957+0000] {dagbag.py:541} INFO - Filling up the DagBag from /home/vscode/.local/lib/python3.10/site-packages/airflow/example_dags/example_params_trigger_ui.py
[2024-09-29T04:39:51.970+0000] {processor.py:836} INFO - DAG(s) dict_keys(['example_params_trigger_ui']) retrieved from /home/vscode/.local/lib/python3.10/site-packages/airflow/example_dags/example_params_trigger_ui.py
[2024-09-29T04:39:52.004+0000] {logging_mixin.py:150} INFO - [2024-09-29T04:39:52.004+0000] {dag.py:2742} INFO - Sync 1 DAGs
[2024-09-29T04:39:52.026+0000] {logging_mixin.py:150} INFO - [2024-09-29T04:39:52.026+0000] {dag.py:3504} INFO - Setting next_dagrun for example_params_trigger_ui to None, run_after=None
[2024-09-29T04:39:52.111+0000] {processor.py:179} INFO - Processing /home/vscode/.local/lib/python3.10/site-packages/airflow/example_dags/example_params_trigger_ui.py took 0.157 seconds
[2024-09-29T04:58:58.225+0000] {processor.py:157} INFO - Started process (PID=23813) to work on /home/vscode/.local/lib/python3.10/site-packages/airflow/example_dags/example_params_trigger_ui.py
[2024-09-29T04:58:58.227+0000] {processor.py:826} INFO - Processing file /home/vscode/.local/lib/python3.10/site-packages/airflow/example_dags/example_params_trigger_ui.py for tasks to queue
[2024-09-29T04:58:58.231+0000] {logging_mixin.py:150} INFO - [2024-09-29T04:58:58.227+0000] {dagbag.py:541} INFO - Filling up the DagBag from /home/vscode/.local/lib/python3.10/site-packages/airflow/example_dags/example_params_trigger_ui.py
[2024-09-29T04:58:58.258+0000] {processor.py:836} INFO - DAG(s) dict_keys(['example_params_trigger_ui']) retrieved from /home/vscode/.local/lib/python3.10/site-packages/airflow/example_dags/example_params_trigger_ui.py
[2024-09-29T04:58:58.577+0000] {logging_mixin.py:150} INFO - [2024-09-29T04:58:58.575+0000] {dag.py:2742} INFO - Sync 1 DAGs
[2024-09-29T04:58:58.601+0000] {logging_mixin.py:150} INFO - [2024-09-29T04:58:58.600+0000] {dag.py:3504} INFO - Setting next_dagrun for example_params_trigger_ui to None, run_after=None
[2024-09-29T04:58:59.471+0000] {processor.py:179} INFO - Processing /home/vscode/.local/lib/python3.10/site-packages/airflow/example_dags/example_params_trigger_ui.py took 1.257 seconds
[2024-09-29T04:59:47.789+0000] {processor.py:157} INFO - Started process (PID=24150) to work on /home/vscode/.local/lib/python3.10/site-packages/airflow/example_dags/example_params_trigger_ui.py
[2024-09-29T04:59:47.789+0000] {processor.py:826} INFO - Processing file /home/vscode/.local/lib/python3.10/site-packages/airflow/example_dags/example_params_trigger_ui.py for tasks to queue
[2024-09-29T04:59:47.790+0000] {logging_mixin.py:150} INFO - [2024-09-29T04:59:47.790+0000] {dagbag.py:541} INFO - Filling up the DagBag from /home/vscode/.local/lib/python3.10/site-packages/airflow/example_dags/example_params_trigger_ui.py
[2024-09-29T04:59:47.804+0000] {processor.py:836} INFO - DAG(s) dict_keys(['example_params_trigger_ui']) retrieved from /home/vscode/.local/lib/python3.10/site-packages/airflow/example_dags/example_params_trigger_ui.py
[2024-09-29T04:59:47.835+0000] {logging_mixin.py:150} INFO - [2024-09-29T04:59:47.835+0000] {dag.py:2742} INFO - Sync 1 DAGs
[2024-09-29T04:59:47.850+0000] {logging_mixin.py:150} INFO - [2024-09-29T04:59:47.849+0000] {dag.py:3504} INFO - Setting next_dagrun for example_params_trigger_ui to None, run_after=None
[2024-09-29T04:59:47.976+0000] {processor.py:179} INFO - Processing /home/vscode/.local/lib/python3.10/site-packages/airflow/example_dags/example_params_trigger_ui.py took 0.189 seconds
[2024-09-29T05:00:37.429+0000] {processor.py:157} INFO - Started process (PID=24566) to work on /home/vscode/.local/lib/python3.10/site-packages/airflow/example_dags/example_params_trigger_ui.py
[2024-09-29T05:00:37.430+0000] {processor.py:826} INFO - Processing file /home/vscode/.local/lib/python3.10/site-packages/airflow/example_dags/example_params_trigger_ui.py for tasks to queue
[2024-09-29T05:00:37.430+0000] {logging_mixin.py:150} INFO - [2024-09-29T05:00:37.430+0000] {dagbag.py:541} INFO - Filling up the DagBag from /home/vscode/.local/lib/python3.10/site-packages/airflow/example_dags/example_params_trigger_ui.py
[2024-09-29T05:00:37.444+0000] {processor.py:836} INFO - DAG(s) dict_keys(['example_params_trigger_ui']) retrieved from /home/vscode/.local/lib/python3.10/site-packages/airflow/example_dags/example_params_trigger_ui.py
[2024-09-29T05:00:37.476+0000] {logging_mixin.py:150} INFO - [2024-09-29T05:00:37.476+0000] {dag.py:2742} INFO - Sync 1 DAGs
[2024-09-29T05:00:37.490+0000] {logging_mixin.py:150} INFO - [2024-09-29T05:00:37.490+0000] {dag.py:3504} INFO - Setting next_dagrun for example_params_trigger_ui to None, run_after=None
[2024-09-29T05:00:37.549+0000] {processor.py:179} INFO - Processing /home/vscode/.local/lib/python3.10/site-packages/airflow/example_dags/example_params_trigger_ui.py took 0.123 seconds
