[2024-09-29T04:34:53.946+0000] {processor.py:157} INFO - Started process (PID=14118) to work on /home/vscode/.local/lib/python3.10/site-packages/airflow/example_dags/example_branch_python_dop_operator_3.py
[2024-09-29T04:34:53.946+0000] {processor.py:826} INFO - Processing file /home/vscode/.local/lib/python3.10/site-packages/airflow/example_dags/example_branch_python_dop_operator_3.py for tasks to queue
[2024-09-29T04:34:53.947+0000] {logging_mixin.py:150} INFO - [2024-09-29T04:34:53.947+0000] {dagbag.py:541} INFO - Filling up the DagBag from /home/vscode/.local/lib/python3.10/site-packages/airflow/example_dags/example_branch_python_dop_operator_3.py
[2024-09-29T04:34:53.956+0000] {processor.py:836} INFO - DAG(s) dict_keys(['example_branch_dop_operator_v3']) retrieved from /home/vscode/.local/lib/python3.10/site-packages/airflow/example_dags/example_branch_python_dop_operator_3.py
[2024-09-29T04:34:53.969+0000] {logging_mixin.py:150} INFO - [2024-09-29T04:34:53.969+0000] {dag.py:2742} INFO - Sync 1 DAGs
[2024-09-29T04:34:53.987+0000] {logging_mixin.py:150} INFO - [2024-09-29T04:34:53.987+0000] {dag.py:3504} INFO - Setting next_dagrun for example_branch_dop_operator_v3 to 2024-09-29T04:33:00+00:00, run_after=2024-09-29T04:34:00+00:00
[2024-09-29T04:34:54.043+0000] {processor.py:179} INFO - Processing /home/vscode/.local/lib/python3.10/site-packages/airflow/example_dags/example_branch_python_dop_operator_3.py took 0.099 seconds
[2024-09-29T04:35:46.412+0000] {processor.py:157} INFO - Started process (PID=14472) to work on /home/vscode/.local/lib/python3.10/site-packages/airflow/example_dags/example_branch_python_dop_operator_3.py
[2024-09-29T04:35:46.412+0000] {processor.py:826} INFO - Processing file /home/vscode/.local/lib/python3.10/site-packages/airflow/example_dags/example_branch_python_dop_operator_3.py for tasks to queue
[2024-09-29T04:35:46.413+0000] {logging_mixin.py:150} INFO - [2024-09-29T04:35:46.413+0000] {dagbag.py:541} INFO - Filling up the DagBag from /home/vscode/.local/lib/python3.10/site-packages/airflow/example_dags/example_branch_python_dop_operator_3.py
[2024-09-29T04:35:46.422+0000] {processor.py:836} INFO - DAG(s) dict_keys(['example_branch_dop_operator_v3']) retrieved from /home/vscode/.local/lib/python3.10/site-packages/airflow/example_dags/example_branch_python_dop_operator_3.py
[2024-09-29T04:35:46.436+0000] {logging_mixin.py:150} INFO - [2024-09-29T04:35:46.436+0000] {dag.py:2742} INFO - Sync 1 DAGs
[2024-09-29T04:35:46.454+0000] {logging_mixin.py:150} INFO - [2024-09-29T04:35:46.454+0000] {dag.py:3504} INFO - Setting next_dagrun for example_branch_dop_operator_v3 to 2024-09-29T04:34:00+00:00, run_after=2024-09-29T04:35:00+00:00
[2024-09-29T04:35:46.510+0000] {processor.py:179} INFO - Processing /home/vscode/.local/lib/python3.10/site-packages/airflow/example_dags/example_branch_python_dop_operator_3.py took 0.101 seconds
[2024-09-29T04:36:40.775+0000] {processor.py:157} INFO - Started process (PID=14905) to work on /home/vscode/.local/lib/python3.10/site-packages/airflow/example_dags/example_branch_python_dop_operator_3.py
[2024-09-29T04:36:40.776+0000] {processor.py:826} INFO - Processing file /home/vscode/.local/lib/python3.10/site-packages/airflow/example_dags/example_branch_python_dop_operator_3.py for tasks to queue
[2024-09-29T04:36:40.777+0000] {logging_mixin.py:150} INFO - [2024-09-29T04:36:40.777+0000] {dagbag.py:541} INFO - Filling up the DagBag from /home/vscode/.local/lib/python3.10/site-packages/airflow/example_dags/example_branch_python_dop_operator_3.py
[2024-09-29T04:36:40.783+0000] {processor.py:836} INFO - DAG(s) dict_keys(['example_branch_dop_operator_v3']) retrieved from /home/vscode/.local/lib/python3.10/site-packages/airflow/example_dags/example_branch_python_dop_operator_3.py
[2024-09-29T04:36:40.795+0000] {logging_mixin.py:150} INFO - [2024-09-29T04:36:40.795+0000] {dag.py:2742} INFO - Sync 1 DAGs
[2024-09-29T04:36:40.813+0000] {logging_mixin.py:150} INFO - [2024-09-29T04:36:40.813+0000] {dag.py:3504} INFO - Setting next_dagrun for example_branch_dop_operator_v3 to 2024-09-29T04:35:00+00:00, run_after=2024-09-29T04:36:00+00:00
[2024-09-29T04:36:40.870+0000] {processor.py:179} INFO - Processing /home/vscode/.local/lib/python3.10/site-packages/airflow/example_dags/example_branch_python_dop_operator_3.py took 0.097 seconds
[2024-09-29T04:37:32.395+0000] {processor.py:157} INFO - Started process (PID=15308) to work on /home/vscode/.local/lib/python3.10/site-packages/airflow/example_dags/example_branch_python_dop_operator_3.py
[2024-09-29T04:37:32.396+0000] {processor.py:826} INFO - Processing file /home/vscode/.local/lib/python3.10/site-packages/airflow/example_dags/example_branch_python_dop_operator_3.py for tasks to queue
[2024-09-29T04:37:32.397+0000] {logging_mixin.py:150} INFO - [2024-09-29T04:37:32.396+0000] {dagbag.py:541} INFO - Filling up the DagBag from /home/vscode/.local/lib/python3.10/site-packages/airflow/example_dags/example_branch_python_dop_operator_3.py
[2024-09-29T04:37:32.403+0000] {processor.py:836} INFO - DAG(s) dict_keys(['example_branch_dop_operator_v3']) retrieved from /home/vscode/.local/lib/python3.10/site-packages/airflow/example_dags/example_branch_python_dop_operator_3.py
[2024-09-29T04:37:32.415+0000] {logging_mixin.py:150} INFO - [2024-09-29T04:37:32.415+0000] {dag.py:2742} INFO - Sync 1 DAGs
[2024-09-29T04:37:32.437+0000] {logging_mixin.py:150} INFO - [2024-09-29T04:37:32.437+0000] {dag.py:3504} INFO - Setting next_dagrun for example_branch_dop_operator_v3 to 2024-09-29T04:36:00+00:00, run_after=2024-09-29T04:37:00+00:00
[2024-09-29T04:37:32.513+0000] {processor.py:179} INFO - Processing /home/vscode/.local/lib/python3.10/site-packages/airflow/example_dags/example_branch_python_dop_operator_3.py took 0.120 seconds
[2024-09-29T04:38:24.548+0000] {processor.py:157} INFO - Started process (PID=15830) to work on /home/vscode/.local/lib/python3.10/site-packages/airflow/example_dags/example_branch_python_dop_operator_3.py
[2024-09-29T04:38:24.549+0000] {processor.py:826} INFO - Processing file /home/vscode/.local/lib/python3.10/site-packages/airflow/example_dags/example_branch_python_dop_operator_3.py for tasks to queue
[2024-09-29T04:38:24.550+0000] {logging_mixin.py:150} INFO - [2024-09-29T04:38:24.549+0000] {dagbag.py:541} INFO - Filling up the DagBag from /home/vscode/.local/lib/python3.10/site-packages/airflow/example_dags/example_branch_python_dop_operator_3.py
[2024-09-29T04:38:24.556+0000] {processor.py:836} INFO - DAG(s) dict_keys(['example_branch_dop_operator_v3']) retrieved from /home/vscode/.local/lib/python3.10/site-packages/airflow/example_dags/example_branch_python_dop_operator_3.py
[2024-09-29T04:38:24.568+0000] {logging_mixin.py:150} INFO - [2024-09-29T04:38:24.568+0000] {dag.py:2742} INFO - Sync 1 DAGs
[2024-09-29T04:38:24.586+0000] {logging_mixin.py:150} INFO - [2024-09-29T04:38:24.585+0000] {dag.py:3504} INFO - Setting next_dagrun for example_branch_dop_operator_v3 to 2024-09-29T04:37:00+00:00, run_after=2024-09-29T04:38:00+00:00
[2024-09-29T04:38:24.650+0000] {processor.py:179} INFO - Processing /home/vscode/.local/lib/python3.10/site-packages/airflow/example_dags/example_branch_python_dop_operator_3.py took 0.104 seconds
[2024-09-29T04:39:14.756+0000] {processor.py:157} INFO - Started process (PID=16348) to work on /home/vscode/.local/lib/python3.10/site-packages/airflow/example_dags/example_branch_python_dop_operator_3.py
[2024-09-29T04:39:14.757+0000] {processor.py:826} INFO - Processing file /home/vscode/.local/lib/python3.10/site-packages/airflow/example_dags/example_branch_python_dop_operator_3.py for tasks to queue
[2024-09-29T04:39:14.758+0000] {logging_mixin.py:150} INFO - [2024-09-29T04:39:14.757+0000] {dagbag.py:541} INFO - Filling up the DagBag from /home/vscode/.local/lib/python3.10/site-packages/airflow/example_dags/example_branch_python_dop_operator_3.py
[2024-09-29T04:39:14.764+0000] {processor.py:836} INFO - DAG(s) dict_keys(['example_branch_dop_operator_v3']) retrieved from /home/vscode/.local/lib/python3.10/site-packages/airflow/example_dags/example_branch_python_dop_operator_3.py
[2024-09-29T04:39:14.776+0000] {logging_mixin.py:150} INFO - [2024-09-29T04:39:14.776+0000] {dag.py:2742} INFO - Sync 1 DAGs
[2024-09-29T04:39:14.794+0000] {logging_mixin.py:150} INFO - [2024-09-29T04:39:14.793+0000] {dag.py:3504} INFO - Setting next_dagrun for example_branch_dop_operator_v3 to 2024-09-29T04:38:00+00:00, run_after=2024-09-29T04:39:00+00:00
[2024-09-29T04:39:14.847+0000] {processor.py:179} INFO - Processing /home/vscode/.local/lib/python3.10/site-packages/airflow/example_dags/example_branch_python_dop_operator_3.py took 0.093 seconds
[2024-09-29T04:40:09.550+0000] {processor.py:157} INFO - Started process (PID=16866) to work on /home/vscode/.local/lib/python3.10/site-packages/airflow/example_dags/example_branch_python_dop_operator_3.py
[2024-09-29T04:40:09.551+0000] {processor.py:826} INFO - Processing file /home/vscode/.local/lib/python3.10/site-packages/airflow/example_dags/example_branch_python_dop_operator_3.py for tasks to queue
[2024-09-29T04:40:09.551+0000] {logging_mixin.py:150} INFO - [2024-09-29T04:40:09.551+0000] {dagbag.py:541} INFO - Filling up the DagBag from /home/vscode/.local/lib/python3.10/site-packages/airflow/example_dags/example_branch_python_dop_operator_3.py
[2024-09-29T04:40:09.558+0000] {processor.py:836} INFO - DAG(s) dict_keys(['example_branch_dop_operator_v3']) retrieved from /home/vscode/.local/lib/python3.10/site-packages/airflow/example_dags/example_branch_python_dop_operator_3.py
[2024-09-29T04:40:09.570+0000] {logging_mixin.py:150} INFO - [2024-09-29T04:40:09.570+0000] {dag.py:2742} INFO - Sync 1 DAGs
[2024-09-29T04:40:09.588+0000] {logging_mixin.py:150} INFO - [2024-09-29T04:40:09.588+0000] {dag.py:3504} INFO - Setting next_dagrun for example_branch_dop_operator_v3 to 2024-09-29T04:39:00+00:00, run_after=2024-09-29T04:40:00+00:00
[2024-09-29T04:40:09.654+0000] {processor.py:179} INFO - Processing /home/vscode/.local/lib/python3.10/site-packages/airflow/example_dags/example_branch_python_dop_operator_3.py took 0.107 seconds
[2024-09-29T04:59:12.381+0000] {processor.py:157} INFO - Started process (PID=23910) to work on /home/vscode/.local/lib/python3.10/site-packages/airflow/example_dags/example_branch_python_dop_operator_3.py
[2024-09-29T04:59:12.382+0000] {processor.py:826} INFO - Processing file /home/vscode/.local/lib/python3.10/site-packages/airflow/example_dags/example_branch_python_dop_operator_3.py for tasks to queue
[2024-09-29T04:59:12.382+0000] {logging_mixin.py:150} INFO - [2024-09-29T04:59:12.382+0000] {dagbag.py:541} INFO - Filling up the DagBag from /home/vscode/.local/lib/python3.10/site-packages/airflow/example_dags/example_branch_python_dop_operator_3.py
[2024-09-29T04:59:12.389+0000] {processor.py:836} INFO - DAG(s) dict_keys(['example_branch_dop_operator_v3']) retrieved from /home/vscode/.local/lib/python3.10/site-packages/airflow/example_dags/example_branch_python_dop_operator_3.py
[2024-09-29T04:59:12.400+0000] {logging_mixin.py:150} INFO - [2024-09-29T04:59:12.400+0000] {dag.py:2742} INFO - Sync 1 DAGs
[2024-09-29T04:59:12.417+0000] {logging_mixin.py:150} INFO - [2024-09-29T04:59:12.417+0000] {dag.py:3504} INFO - Setting next_dagrun for example_branch_dop_operator_v3 to 2024-09-29T04:58:00+00:00, run_after=2024-09-29T04:59:00+00:00
[2024-09-29T04:59:12.465+0000] {processor.py:179} INFO - Processing /home/vscode/.local/lib/python3.10/site-packages/airflow/example_dags/example_branch_python_dop_operator_3.py took 0.087 seconds
[2024-09-29T05:00:05.962+0000] {processor.py:157} INFO - Started process (PID=24304) to work on /home/vscode/.local/lib/python3.10/site-packages/airflow/example_dags/example_branch_python_dop_operator_3.py
[2024-09-29T05:00:05.962+0000] {processor.py:826} INFO - Processing file /home/vscode/.local/lib/python3.10/site-packages/airflow/example_dags/example_branch_python_dop_operator_3.py for tasks to queue
[2024-09-29T05:00:05.963+0000] {logging_mixin.py:150} INFO - [2024-09-29T05:00:05.963+0000] {dagbag.py:541} INFO - Filling up the DagBag from /home/vscode/.local/lib/python3.10/site-packages/airflow/example_dags/example_branch_python_dop_operator_3.py
[2024-09-29T05:00:05.970+0000] {processor.py:836} INFO - DAG(s) dict_keys(['example_branch_dop_operator_v3']) retrieved from /home/vscode/.local/lib/python3.10/site-packages/airflow/example_dags/example_branch_python_dop_operator_3.py
[2024-09-29T05:00:05.983+0000] {logging_mixin.py:150} INFO - [2024-09-29T05:00:05.983+0000] {dag.py:2742} INFO - Sync 1 DAGs
[2024-09-29T05:00:06.001+0000] {logging_mixin.py:150} INFO - [2024-09-29T05:00:06.001+0000] {dag.py:3504} INFO - Setting next_dagrun for example_branch_dop_operator_v3 to 2024-09-29T04:59:00+00:00, run_after=2024-09-29T05:00:00+00:00
[2024-09-29T05:00:06.140+0000] {processor.py:179} INFO - Processing /home/vscode/.local/lib/python3.10/site-packages/airflow/example_dags/example_branch_python_dop_operator_3.py took 0.181 seconds
[2024-09-29T05:00:52.615+0000] {processor.py:157} INFO - Started process (PID=24742) to work on /home/vscode/.local/lib/python3.10/site-packages/airflow/example_dags/example_branch_python_dop_operator_3.py
[2024-09-29T05:00:52.616+0000] {processor.py:826} INFO - Processing file /home/vscode/.local/lib/python3.10/site-packages/airflow/example_dags/example_branch_python_dop_operator_3.py for tasks to queue
[2024-09-29T05:00:52.617+0000] {logging_mixin.py:150} INFO - [2024-09-29T05:00:52.616+0000] {dagbag.py:541} INFO - Filling up the DagBag from /home/vscode/.local/lib/python3.10/site-packages/airflow/example_dags/example_branch_python_dop_operator_3.py
[2024-09-29T05:00:52.623+0000] {processor.py:836} INFO - DAG(s) dict_keys(['example_branch_dop_operator_v3']) retrieved from /home/vscode/.local/lib/python3.10/site-packages/airflow/example_dags/example_branch_python_dop_operator_3.py
[2024-09-29T05:00:52.637+0000] {logging_mixin.py:150} INFO - [2024-09-29T05:00:52.637+0000] {dag.py:2742} INFO - Sync 1 DAGs
[2024-09-29T05:00:52.654+0000] {logging_mixin.py:150} INFO - [2024-09-29T05:00:52.654+0000] {dag.py:3504} INFO - Setting next_dagrun for example_branch_dop_operator_v3 to 2024-09-29T04:59:00+00:00, run_after=2024-09-29T05:00:00+00:00
[2024-09-29T05:00:52.709+0000] {processor.py:179} INFO - Processing /home/vscode/.local/lib/python3.10/site-packages/airflow/example_dags/example_branch_python_dop_operator_3.py took 0.096 seconds
