[2024-09-29T04:34:24.307+0000] {processor.py:157} INFO - Started process (PID=13910) to work on /home/vscode/.local/lib/python3.10/site-packages/airflow/example_dags/example_time_delta_sensor_async.py
[2024-09-29T04:34:24.308+0000] {processor.py:826} INFO - Processing file /home/vscode/.local/lib/python3.10/site-packages/airflow/example_dags/example_time_delta_sensor_async.py for tasks to queue
[2024-09-29T04:34:24.309+0000] {logging_mixin.py:150} INFO - [2024-09-29T04:34:24.309+0000] {dagbag.py:541} INFO - Filling up the DagBag from /home/vscode/.local/lib/python3.10/site-packages/airflow/example_dags/example_time_delta_sensor_async.py
[2024-09-29T04:34:24.317+0000] {processor.py:836} INFO - DAG(s) dict_keys(['example_time_delta_sensor_async']) retrieved from /home/vscode/.local/lib/python3.10/site-packages/airflow/example_dags/example_time_delta_sensor_async.py
[2024-09-29T04:34:24.335+0000] {logging_mixin.py:150} INFO - [2024-09-29T04:34:24.335+0000] {dag.py:2742} INFO - Sync 1 DAGs
[2024-09-29T04:34:24.436+0000] {logging_mixin.py:150} INFO - [2024-09-29T04:34:24.436+0000] {dag.py:3504} INFO - Setting next_dagrun for example_time_delta_sensor_async to None, run_after=None
[2024-09-29T04:34:24.497+0000] {processor.py:179} INFO - Processing /home/vscode/.local/lib/python3.10/site-packages/airflow/example_dags/example_time_delta_sensor_async.py took 0.193 seconds
[2024-09-29T04:35:14.643+0000] {processor.py:157} INFO - Started process (PID=14256) to work on /home/vscode/.local/lib/python3.10/site-packages/airflow/example_dags/example_time_delta_sensor_async.py
[2024-09-29T04:35:14.644+0000] {processor.py:826} INFO - Processing file /home/vscode/.local/lib/python3.10/site-packages/airflow/example_dags/example_time_delta_sensor_async.py for tasks to queue
[2024-09-29T04:35:14.645+0000] {logging_mixin.py:150} INFO - [2024-09-29T04:35:14.644+0000] {dagbag.py:541} INFO - Filling up the DagBag from /home/vscode/.local/lib/python3.10/site-packages/airflow/example_dags/example_time_delta_sensor_async.py
[2024-09-29T04:35:14.648+0000] {processor.py:836} INFO - DAG(s) dict_keys(['example_time_delta_sensor_async']) retrieved from /home/vscode/.local/lib/python3.10/site-packages/airflow/example_dags/example_time_delta_sensor_async.py
[2024-09-29T04:35:14.660+0000] {logging_mixin.py:150} INFO - [2024-09-29T04:35:14.660+0000] {dag.py:2742} INFO - Sync 1 DAGs
[2024-09-29T04:35:14.677+0000] {logging_mixin.py:150} INFO - [2024-09-29T04:35:14.677+0000] {dag.py:3504} INFO - Setting next_dagrun for example_time_delta_sensor_async to None, run_after=None
[2024-09-29T04:35:14.755+0000] {processor.py:179} INFO - Processing /home/vscode/.local/lib/python3.10/site-packages/airflow/example_dags/example_time_delta_sensor_async.py took 0.114 seconds
[2024-09-29T04:36:02.412+0000] {processor.py:157} INFO - Started process (PID=14595) to work on /home/vscode/.local/lib/python3.10/site-packages/airflow/example_dags/example_time_delta_sensor_async.py
[2024-09-29T04:36:02.412+0000] {processor.py:826} INFO - Processing file /home/vscode/.local/lib/python3.10/site-packages/airflow/example_dags/example_time_delta_sensor_async.py for tasks to queue
[2024-09-29T04:36:02.413+0000] {logging_mixin.py:150} INFO - [2024-09-29T04:36:02.413+0000] {dagbag.py:541} INFO - Filling up the DagBag from /home/vscode/.local/lib/python3.10/site-packages/airflow/example_dags/example_time_delta_sensor_async.py
[2024-09-29T04:36:02.416+0000] {processor.py:836} INFO - DAG(s) dict_keys(['example_time_delta_sensor_async']) retrieved from /home/vscode/.local/lib/python3.10/site-packages/airflow/example_dags/example_time_delta_sensor_async.py
[2024-09-29T04:36:02.428+0000] {logging_mixin.py:150} INFO - [2024-09-29T04:36:02.428+0000] {dag.py:2742} INFO - Sync 1 DAGs
[2024-09-29T04:36:02.443+0000] {logging_mixin.py:150} INFO - [2024-09-29T04:36:02.443+0000] {dag.py:3504} INFO - Setting next_dagrun for example_time_delta_sensor_async to None, run_after=None
[2024-09-29T04:36:02.522+0000] {processor.py:179} INFO - Processing /home/vscode/.local/lib/python3.10/site-packages/airflow/example_dags/example_time_delta_sensor_async.py took 0.113 seconds
[2024-09-29T04:36:55.921+0000] {processor.py:157} INFO - Started process (PID=15026) to work on /home/vscode/.local/lib/python3.10/site-packages/airflow/example_dags/example_time_delta_sensor_async.py
[2024-09-29T04:36:55.922+0000] {processor.py:826} INFO - Processing file /home/vscode/.local/lib/python3.10/site-packages/airflow/example_dags/example_time_delta_sensor_async.py for tasks to queue
[2024-09-29T04:36:55.923+0000] {logging_mixin.py:150} INFO - [2024-09-29T04:36:55.922+0000] {dagbag.py:541} INFO - Filling up the DagBag from /home/vscode/.local/lib/python3.10/site-packages/airflow/example_dags/example_time_delta_sensor_async.py
[2024-09-29T04:36:55.927+0000] {processor.py:836} INFO - DAG(s) dict_keys(['example_time_delta_sensor_async']) retrieved from /home/vscode/.local/lib/python3.10/site-packages/airflow/example_dags/example_time_delta_sensor_async.py
[2024-09-29T04:36:55.944+0000] {logging_mixin.py:150} INFO - [2024-09-29T04:36:55.944+0000] {dag.py:2742} INFO - Sync 1 DAGs
[2024-09-29T04:36:55.965+0000] {logging_mixin.py:150} INFO - [2024-09-29T04:36:55.965+0000] {dag.py:3504} INFO - Setting next_dagrun for example_time_delta_sensor_async to None, run_after=None
[2024-09-29T04:36:56.052+0000] {processor.py:179} INFO - Processing /home/vscode/.local/lib/python3.10/site-packages/airflow/example_dags/example_time_delta_sensor_async.py took 0.134 seconds
[2024-09-29T04:37:44.329+0000] {processor.py:157} INFO - Started process (PID=15395) to work on /home/vscode/.local/lib/python3.10/site-packages/airflow/example_dags/example_time_delta_sensor_async.py
[2024-09-29T04:37:44.330+0000] {processor.py:826} INFO - Processing file /home/vscode/.local/lib/python3.10/site-packages/airflow/example_dags/example_time_delta_sensor_async.py for tasks to queue
[2024-09-29T04:37:44.331+0000] {logging_mixin.py:150} INFO - [2024-09-29T04:37:44.330+0000] {dagbag.py:541} INFO - Filling up the DagBag from /home/vscode/.local/lib/python3.10/site-packages/airflow/example_dags/example_time_delta_sensor_async.py
[2024-09-29T04:37:44.334+0000] {processor.py:836} INFO - DAG(s) dict_keys(['example_time_delta_sensor_async']) retrieved from /home/vscode/.local/lib/python3.10/site-packages/airflow/example_dags/example_time_delta_sensor_async.py
[2024-09-29T04:37:44.346+0000] {logging_mixin.py:150} INFO - [2024-09-29T04:37:44.346+0000] {dag.py:2742} INFO - Sync 1 DAGs
[2024-09-29T04:37:44.360+0000] {logging_mixin.py:150} INFO - [2024-09-29T04:37:44.360+0000] {dag.py:3504} INFO - Setting next_dagrun for example_time_delta_sensor_async to None, run_after=None
[2024-09-29T04:37:44.434+0000] {processor.py:179} INFO - Processing /home/vscode/.local/lib/python3.10/site-packages/airflow/example_dags/example_time_delta_sensor_async.py took 0.107 seconds
[2024-09-29T04:38:37.434+0000] {processor.py:157} INFO - Started process (PID=15978) to work on /home/vscode/.local/lib/python3.10/site-packages/airflow/example_dags/example_time_delta_sensor_async.py
[2024-09-29T04:38:37.434+0000] {processor.py:826} INFO - Processing file /home/vscode/.local/lib/python3.10/site-packages/airflow/example_dags/example_time_delta_sensor_async.py for tasks to queue
[2024-09-29T04:38:37.435+0000] {logging_mixin.py:150} INFO - [2024-09-29T04:38:37.435+0000] {dagbag.py:541} INFO - Filling up the DagBag from /home/vscode/.local/lib/python3.10/site-packages/airflow/example_dags/example_time_delta_sensor_async.py
[2024-09-29T04:38:37.438+0000] {processor.py:836} INFO - DAG(s) dict_keys(['example_time_delta_sensor_async']) retrieved from /home/vscode/.local/lib/python3.10/site-packages/airflow/example_dags/example_time_delta_sensor_async.py
[2024-09-29T04:38:37.451+0000] {logging_mixin.py:150} INFO - [2024-09-29T04:38:37.451+0000] {dag.py:2742} INFO - Sync 1 DAGs
[2024-09-29T04:38:37.465+0000] {logging_mixin.py:150} INFO - [2024-09-29T04:38:37.465+0000] {dag.py:3504} INFO - Setting next_dagrun for example_time_delta_sensor_async to None, run_after=None
[2024-09-29T04:38:37.554+0000] {processor.py:179} INFO - Processing /home/vscode/.local/lib/python3.10/site-packages/airflow/example_dags/example_time_delta_sensor_async.py took 0.123 seconds
[2024-09-29T04:39:29.258+0000] {processor.py:157} INFO - Started process (PID=16463) to work on /home/vscode/.local/lib/python3.10/site-packages/airflow/example_dags/example_time_delta_sensor_async.py
[2024-09-29T04:39:29.259+0000] {processor.py:826} INFO - Processing file /home/vscode/.local/lib/python3.10/site-packages/airflow/example_dags/example_time_delta_sensor_async.py for tasks to queue
[2024-09-29T04:39:29.259+0000] {logging_mixin.py:150} INFO - [2024-09-29T04:39:29.259+0000] {dagbag.py:541} INFO - Filling up the DagBag from /home/vscode/.local/lib/python3.10/site-packages/airflow/example_dags/example_time_delta_sensor_async.py
[2024-09-29T04:39:29.263+0000] {processor.py:836} INFO - DAG(s) dict_keys(['example_time_delta_sensor_async']) retrieved from /home/vscode/.local/lib/python3.10/site-packages/airflow/example_dags/example_time_delta_sensor_async.py
[2024-09-29T04:39:29.275+0000] {logging_mixin.py:150} INFO - [2024-09-29T04:39:29.275+0000] {dag.py:2742} INFO - Sync 1 DAGs
[2024-09-29T04:39:29.290+0000] {logging_mixin.py:150} INFO - [2024-09-29T04:39:29.290+0000] {dag.py:3504} INFO - Setting next_dagrun for example_time_delta_sensor_async to None, run_after=None
[2024-09-29T04:39:29.346+0000] {processor.py:179} INFO - Processing /home/vscode/.local/lib/python3.10/site-packages/airflow/example_dags/example_time_delta_sensor_async.py took 0.090 seconds
[2024-09-29T04:58:42.848+0000] {processor.py:157} INFO - Started process (PID=23638) to work on /home/vscode/.local/lib/python3.10/site-packages/airflow/example_dags/example_time_delta_sensor_async.py
[2024-09-29T04:58:42.849+0000] {processor.py:826} INFO - Processing file /home/vscode/.local/lib/python3.10/site-packages/airflow/example_dags/example_time_delta_sensor_async.py for tasks to queue
[2024-09-29T04:58:42.850+0000] {logging_mixin.py:150} INFO - [2024-09-29T04:58:42.850+0000] {dagbag.py:541} INFO - Filling up the DagBag from /home/vscode/.local/lib/python3.10/site-packages/airflow/example_dags/example_time_delta_sensor_async.py
[2024-09-29T04:58:42.855+0000] {processor.py:836} INFO - DAG(s) dict_keys(['example_time_delta_sensor_async']) retrieved from /home/vscode/.local/lib/python3.10/site-packages/airflow/example_dags/example_time_delta_sensor_async.py
[2024-09-29T04:58:42.868+0000] {logging_mixin.py:150} INFO - [2024-09-29T04:58:42.868+0000] {dag.py:2742} INFO - Sync 1 DAGs
[2024-09-29T04:58:42.986+0000] {logging_mixin.py:150} INFO - [2024-09-29T04:58:42.986+0000] {dag.py:3504} INFO - Setting next_dagrun for example_time_delta_sensor_async to None, run_after=None
[2024-09-29T04:58:43.088+0000] {processor.py:179} INFO - Processing /home/vscode/.local/lib/python3.10/site-packages/airflow/example_dags/example_time_delta_sensor_async.py took 0.242 seconds
[2024-09-29T04:59:33.357+0000] {processor.py:157} INFO - Started process (PID=24041) to work on /home/vscode/.local/lib/python3.10/site-packages/airflow/example_dags/example_time_delta_sensor_async.py
[2024-09-29T04:59:33.358+0000] {processor.py:826} INFO - Processing file /home/vscode/.local/lib/python3.10/site-packages/airflow/example_dags/example_time_delta_sensor_async.py for tasks to queue
[2024-09-29T04:59:33.359+0000] {logging_mixin.py:150} INFO - [2024-09-29T04:59:33.358+0000] {dagbag.py:541} INFO - Filling up the DagBag from /home/vscode/.local/lib/python3.10/site-packages/airflow/example_dags/example_time_delta_sensor_async.py
[2024-09-29T04:59:33.363+0000] {processor.py:836} INFO - DAG(s) dict_keys(['example_time_delta_sensor_async']) retrieved from /home/vscode/.local/lib/python3.10/site-packages/airflow/example_dags/example_time_delta_sensor_async.py
[2024-09-29T04:59:33.380+0000] {logging_mixin.py:150} INFO - [2024-09-29T04:59:33.380+0000] {dag.py:2742} INFO - Sync 1 DAGs
[2024-09-29T04:59:33.401+0000] {logging_mixin.py:150} INFO - [2024-09-29T04:59:33.401+0000] {dag.py:3504} INFO - Setting next_dagrun for example_time_delta_sensor_async to None, run_after=None
[2024-09-29T04:59:33.454+0000] {processor.py:179} INFO - Processing /home/vscode/.local/lib/python3.10/site-packages/airflow/example_dags/example_time_delta_sensor_async.py took 0.101 seconds
[2024-09-29T05:00:20.477+0000] {processor.py:157} INFO - Started process (PID=24411) to work on /home/vscode/.local/lib/python3.10/site-packages/airflow/example_dags/example_time_delta_sensor_async.py
[2024-09-29T05:00:20.477+0000] {processor.py:826} INFO - Processing file /home/vscode/.local/lib/python3.10/site-packages/airflow/example_dags/example_time_delta_sensor_async.py for tasks to queue
[2024-09-29T05:00:20.478+0000] {logging_mixin.py:150} INFO - [2024-09-29T05:00:20.478+0000] {dagbag.py:541} INFO - Filling up the DagBag from /home/vscode/.local/lib/python3.10/site-packages/airflow/example_dags/example_time_delta_sensor_async.py
[2024-09-29T05:00:20.482+0000] {processor.py:836} INFO - DAG(s) dict_keys(['example_time_delta_sensor_async']) retrieved from /home/vscode/.local/lib/python3.10/site-packages/airflow/example_dags/example_time_delta_sensor_async.py
[2024-09-29T05:00:20.496+0000] {logging_mixin.py:150} INFO - [2024-09-29T05:00:20.496+0000] {dag.py:2742} INFO - Sync 1 DAGs
[2024-09-29T05:00:20.513+0000] {logging_mixin.py:150} INFO - [2024-09-29T05:00:20.513+0000] {dag.py:3504} INFO - Setting next_dagrun for example_time_delta_sensor_async to None, run_after=None
[2024-09-29T05:00:20.566+0000] {processor.py:179} INFO - Processing /home/vscode/.local/lib/python3.10/site-packages/airflow/example_dags/example_time_delta_sensor_async.py took 0.092 seconds
[2024-09-29T05:01:07.862+0000] {processor.py:157} INFO - Started process (PID=24881) to work on /home/vscode/.local/lib/python3.10/site-packages/airflow/example_dags/example_time_delta_sensor_async.py
[2024-09-29T05:01:07.863+0000] {processor.py:826} INFO - Processing file /home/vscode/.local/lib/python3.10/site-packages/airflow/example_dags/example_time_delta_sensor_async.py for tasks to queue
[2024-09-29T05:01:07.863+0000] {logging_mixin.py:150} INFO - [2024-09-29T05:01:07.863+0000] {dagbag.py:541} INFO - Filling up the DagBag from /home/vscode/.local/lib/python3.10/site-packages/airflow/example_dags/example_time_delta_sensor_async.py
[2024-09-29T05:01:07.867+0000] {processor.py:836} INFO - DAG(s) dict_keys(['example_time_delta_sensor_async']) retrieved from /home/vscode/.local/lib/python3.10/site-packages/airflow/example_dags/example_time_delta_sensor_async.py
[2024-09-29T05:01:07.879+0000] {logging_mixin.py:150} INFO - [2024-09-29T05:01:07.878+0000] {dag.py:2742} INFO - Sync 1 DAGs
[2024-09-29T05:01:07.893+0000] {logging_mixin.py:150} INFO - [2024-09-29T05:01:07.893+0000] {dag.py:3504} INFO - Setting next_dagrun for example_time_delta_sensor_async to None, run_after=None
[2024-09-29T05:01:07.955+0000] {processor.py:179} INFO - Processing /home/vscode/.local/lib/python3.10/site-packages/airflow/example_dags/example_time_delta_sensor_async.py took 0.095 seconds
