[2024-09-29T04:34:17.811+0000] {processor.py:157} INFO - Started process (PID=13865) to work on /home/vscode/.local/lib/python3.10/site-packages/airflow/example_dags/example_trigger_target_dag.py
[2024-09-29T04:34:17.812+0000] {processor.py:826} INFO - Processing file /home/vscode/.local/lib/python3.10/site-packages/airflow/example_dags/example_trigger_target_dag.py for tasks to queue
[2024-09-29T04:34:17.812+0000] {logging_mixin.py:150} INFO - [2024-09-29T04:34:17.812+0000] {dagbag.py:541} INFO - Filling up the DagBag from /home/vscode/.local/lib/python3.10/site-packages/airflow/example_dags/example_trigger_target_dag.py
[2024-09-29T04:34:17.818+0000] {processor.py:836} INFO - DAG(s) dict_keys(['example_trigger_target_dag']) retrieved from /home/vscode/.local/lib/python3.10/site-packages/airflow/example_dags/example_trigger_target_dag.py
[2024-09-29T04:34:17.835+0000] {logging_mixin.py:150} INFO - [2024-09-29T04:34:17.835+0000] {dag.py:2742} INFO - Sync 1 DAGs
[2024-09-29T04:34:17.932+0000] {logging_mixin.py:150} INFO - [2024-09-29T04:34:17.932+0000] {dag.py:3504} INFO - Setting next_dagrun for example_trigger_target_dag to None, run_after=None
[2024-09-29T04:34:18.018+0000] {processor.py:179} INFO - Processing /home/vscode/.local/lib/python3.10/site-packages/airflow/example_dags/example_trigger_target_dag.py took 0.209 seconds
[2024-09-29T04:35:08.908+0000] {processor.py:157} INFO - Started process (PID=14214) to work on /home/vscode/.local/lib/python3.10/site-packages/airflow/example_dags/example_trigger_target_dag.py
[2024-09-29T04:35:08.908+0000] {processor.py:826} INFO - Processing file /home/vscode/.local/lib/python3.10/site-packages/airflow/example_dags/example_trigger_target_dag.py for tasks to queue
[2024-09-29T04:35:08.909+0000] {logging_mixin.py:150} INFO - [2024-09-29T04:35:08.909+0000] {dagbag.py:541} INFO - Filling up the DagBag from /home/vscode/.local/lib/python3.10/site-packages/airflow/example_dags/example_trigger_target_dag.py
[2024-09-29T04:35:08.914+0000] {processor.py:836} INFO - DAG(s) dict_keys(['example_trigger_target_dag']) retrieved from /home/vscode/.local/lib/python3.10/site-packages/airflow/example_dags/example_trigger_target_dag.py
[2024-09-29T04:35:08.924+0000] {logging_mixin.py:150} INFO - [2024-09-29T04:35:08.924+0000] {dag.py:2742} INFO - Sync 1 DAGs
[2024-09-29T04:35:08.938+0000] {logging_mixin.py:150} INFO - [2024-09-29T04:35:08.938+0000] {dag.py:3504} INFO - Setting next_dagrun for example_trigger_target_dag to None, run_after=None
[2024-09-29T04:35:09.021+0000] {processor.py:179} INFO - Processing /home/vscode/.local/lib/python3.10/site-packages/airflow/example_dags/example_trigger_target_dag.py took 0.115 seconds
[2024-09-29T04:35:56.384+0000] {processor.py:157} INFO - Started process (PID=14541) to work on /home/vscode/.local/lib/python3.10/site-packages/airflow/example_dags/example_trigger_target_dag.py
[2024-09-29T04:35:56.385+0000] {processor.py:826} INFO - Processing file /home/vscode/.local/lib/python3.10/site-packages/airflow/example_dags/example_trigger_target_dag.py for tasks to queue
[2024-09-29T04:35:56.386+0000] {logging_mixin.py:150} INFO - [2024-09-29T04:35:56.385+0000] {dagbag.py:541} INFO - Filling up the DagBag from /home/vscode/.local/lib/python3.10/site-packages/airflow/example_dags/example_trigger_target_dag.py
[2024-09-29T04:35:56.390+0000] {processor.py:836} INFO - DAG(s) dict_keys(['example_trigger_target_dag']) retrieved from /home/vscode/.local/lib/python3.10/site-packages/airflow/example_dags/example_trigger_target_dag.py
[2024-09-29T04:35:56.401+0000] {logging_mixin.py:150} INFO - [2024-09-29T04:35:56.401+0000] {dag.py:2742} INFO - Sync 1 DAGs
[2024-09-29T04:35:56.416+0000] {logging_mixin.py:150} INFO - [2024-09-29T04:35:56.416+0000] {dag.py:3504} INFO - Setting next_dagrun for example_trigger_target_dag to None, run_after=None
[2024-09-29T04:35:56.478+0000] {processor.py:179} INFO - Processing /home/vscode/.local/lib/python3.10/site-packages/airflow/example_dags/example_trigger_target_dag.py took 0.096 seconds
[2024-09-29T04:36:32.817+0000] {processor.py:157} INFO - Started process (PID=14840) to work on /home/vscode/.local/lib/python3.10/site-packages/airflow/example_dags/example_trigger_target_dag.py
[2024-09-29T04:36:32.817+0000] {processor.py:826} INFO - Processing file /home/vscode/.local/lib/python3.10/site-packages/airflow/example_dags/example_trigger_target_dag.py for tasks to queue
[2024-09-29T04:36:32.818+0000] {logging_mixin.py:150} INFO - [2024-09-29T04:36:32.818+0000] {dagbag.py:541} INFO - Filling up the DagBag from /home/vscode/.local/lib/python3.10/site-packages/airflow/example_dags/example_trigger_target_dag.py
[2024-09-29T04:36:32.822+0000] {processor.py:836} INFO - DAG(s) dict_keys(['example_trigger_target_dag']) retrieved from /home/vscode/.local/lib/python3.10/site-packages/airflow/example_dags/example_trigger_target_dag.py
[2024-09-29T04:36:32.833+0000] {logging_mixin.py:150} INFO - [2024-09-29T04:36:32.833+0000] {dag.py:2742} INFO - Sync 1 DAGs
[2024-09-29T04:36:32.847+0000] {logging_mixin.py:150} INFO - [2024-09-29T04:36:32.847+0000] {dag.py:3504} INFO - Setting next_dagrun for example_trigger_target_dag to None, run_after=None
[2024-09-29T04:36:32.922+0000] {processor.py:179} INFO - Processing /home/vscode/.local/lib/python3.10/site-packages/airflow/example_dags/example_trigger_target_dag.py took 0.107 seconds
[2024-09-29T04:37:09.379+0000] {processor.py:157} INFO - Started process (PID=15132) to work on /home/vscode/.local/lib/python3.10/site-packages/airflow/example_dags/example_trigger_target_dag.py
[2024-09-29T04:37:09.380+0000] {processor.py:826} INFO - Processing file /home/vscode/.local/lib/python3.10/site-packages/airflow/example_dags/example_trigger_target_dag.py for tasks to queue
[2024-09-29T04:37:09.380+0000] {logging_mixin.py:150} INFO - [2024-09-29T04:37:09.380+0000] {dagbag.py:541} INFO - Filling up the DagBag from /home/vscode/.local/lib/python3.10/site-packages/airflow/example_dags/example_trigger_target_dag.py
[2024-09-29T04:37:09.384+0000] {processor.py:836} INFO - DAG(s) dict_keys(['example_trigger_target_dag']) retrieved from /home/vscode/.local/lib/python3.10/site-packages/airflow/example_dags/example_trigger_target_dag.py
[2024-09-29T04:37:09.395+0000] {logging_mixin.py:150} INFO - [2024-09-29T04:37:09.395+0000] {dag.py:2742} INFO - Sync 1 DAGs
[2024-09-29T04:37:09.409+0000] {logging_mixin.py:150} INFO - [2024-09-29T04:37:09.409+0000] {dag.py:3504} INFO - Setting next_dagrun for example_trigger_target_dag to None, run_after=None
[2024-09-29T04:37:09.471+0000] {processor.py:179} INFO - Processing /home/vscode/.local/lib/python3.10/site-packages/airflow/example_dags/example_trigger_target_dag.py took 0.094 seconds
[2024-09-29T04:37:42.808+0000] {processor.py:157} INFO - Started process (PID=15386) to work on /home/vscode/.local/lib/python3.10/site-packages/airflow/example_dags/example_trigger_target_dag.py
[2024-09-29T04:37:42.809+0000] {processor.py:826} INFO - Processing file /home/vscode/.local/lib/python3.10/site-packages/airflow/example_dags/example_trigger_target_dag.py for tasks to queue
[2024-09-29T04:37:42.810+0000] {logging_mixin.py:150} INFO - [2024-09-29T04:37:42.809+0000] {dagbag.py:541} INFO - Filling up the DagBag from /home/vscode/.local/lib/python3.10/site-packages/airflow/example_dags/example_trigger_target_dag.py
[2024-09-29T04:37:42.814+0000] {processor.py:836} INFO - DAG(s) dict_keys(['example_trigger_target_dag']) retrieved from /home/vscode/.local/lib/python3.10/site-packages/airflow/example_dags/example_trigger_target_dag.py
[2024-09-29T04:37:42.825+0000] {logging_mixin.py:150} INFO - [2024-09-29T04:37:42.825+0000] {dag.py:2742} INFO - Sync 1 DAGs
[2024-09-29T04:37:42.841+0000] {logging_mixin.py:150} INFO - [2024-09-29T04:37:42.841+0000] {dag.py:3504} INFO - Setting next_dagrun for example_trigger_target_dag to None, run_after=None
[2024-09-29T04:37:42.899+0000] {processor.py:179} INFO - Processing /home/vscode/.local/lib/python3.10/site-packages/airflow/example_dags/example_trigger_target_dag.py took 0.093 seconds
[2024-09-29T04:38:18.982+0000] {processor.py:157} INFO - Started process (PID=15770) to work on /home/vscode/.local/lib/python3.10/site-packages/airflow/example_dags/example_trigger_target_dag.py
[2024-09-29T04:38:18.982+0000] {processor.py:826} INFO - Processing file /home/vscode/.local/lib/python3.10/site-packages/airflow/example_dags/example_trigger_target_dag.py for tasks to queue
[2024-09-29T04:38:18.983+0000] {logging_mixin.py:150} INFO - [2024-09-29T04:38:18.983+0000] {dagbag.py:541} INFO - Filling up the DagBag from /home/vscode/.local/lib/python3.10/site-packages/airflow/example_dags/example_trigger_target_dag.py
[2024-09-29T04:38:18.988+0000] {processor.py:836} INFO - DAG(s) dict_keys(['example_trigger_target_dag']) retrieved from /home/vscode/.local/lib/python3.10/site-packages/airflow/example_dags/example_trigger_target_dag.py
[2024-09-29T04:38:19.000+0000] {logging_mixin.py:150} INFO - [2024-09-29T04:38:19.000+0000] {dag.py:2742} INFO - Sync 1 DAGs
[2024-09-29T04:38:19.015+0000] {logging_mixin.py:150} INFO - [2024-09-29T04:38:19.015+0000] {dag.py:3504} INFO - Setting next_dagrun for example_trigger_target_dag to None, run_after=None
[2024-09-29T04:38:19.130+0000] {processor.py:179} INFO - Processing /home/vscode/.local/lib/python3.10/site-packages/airflow/example_dags/example_trigger_target_dag.py took 0.150 seconds
[2024-09-29T04:39:08.939+0000] {processor.py:157} INFO - Started process (PID=16306) to work on /home/vscode/.local/lib/python3.10/site-packages/airflow/example_dags/example_trigger_target_dag.py
[2024-09-29T04:39:08.940+0000] {processor.py:826} INFO - Processing file /home/vscode/.local/lib/python3.10/site-packages/airflow/example_dags/example_trigger_target_dag.py for tasks to queue
[2024-09-29T04:39:08.940+0000] {logging_mixin.py:150} INFO - [2024-09-29T04:39:08.940+0000] {dagbag.py:541} INFO - Filling up the DagBag from /home/vscode/.local/lib/python3.10/site-packages/airflow/example_dags/example_trigger_target_dag.py
[2024-09-29T04:39:08.945+0000] {processor.py:836} INFO - DAG(s) dict_keys(['example_trigger_target_dag']) retrieved from /home/vscode/.local/lib/python3.10/site-packages/airflow/example_dags/example_trigger_target_dag.py
[2024-09-29T04:39:08.956+0000] {logging_mixin.py:150} INFO - [2024-09-29T04:39:08.955+0000] {dag.py:2742} INFO - Sync 1 DAGs
[2024-09-29T04:39:08.970+0000] {logging_mixin.py:150} INFO - [2024-09-29T04:39:08.970+0000] {dag.py:3504} INFO - Setting next_dagrun for example_trigger_target_dag to None, run_after=None
[2024-09-29T04:39:09.040+0000] {processor.py:179} INFO - Processing /home/vscode/.local/lib/python3.10/site-packages/airflow/example_dags/example_trigger_target_dag.py took 0.103 seconds
[2024-09-29T04:39:45.163+0000] {processor.py:157} INFO - Started process (PID=16640) to work on /home/vscode/.local/lib/python3.10/site-packages/airflow/example_dags/example_trigger_target_dag.py
[2024-09-29T04:39:45.163+0000] {processor.py:826} INFO - Processing file /home/vscode/.local/lib/python3.10/site-packages/airflow/example_dags/example_trigger_target_dag.py for tasks to queue
[2024-09-29T04:39:45.164+0000] {logging_mixin.py:150} INFO - [2024-09-29T04:39:45.164+0000] {dagbag.py:541} INFO - Filling up the DagBag from /home/vscode/.local/lib/python3.10/site-packages/airflow/example_dags/example_trigger_target_dag.py
[2024-09-29T04:39:45.168+0000] {processor.py:836} INFO - DAG(s) dict_keys(['example_trigger_target_dag']) retrieved from /home/vscode/.local/lib/python3.10/site-packages/airflow/example_dags/example_trigger_target_dag.py
[2024-09-29T04:39:45.179+0000] {logging_mixin.py:150} INFO - [2024-09-29T04:39:45.179+0000] {dag.py:2742} INFO - Sync 1 DAGs
[2024-09-29T04:39:45.193+0000] {logging_mixin.py:150} INFO - [2024-09-29T04:39:45.193+0000] {dag.py:3504} INFO - Setting next_dagrun for example_trigger_target_dag to None, run_after=None
[2024-09-29T04:39:45.257+0000] {processor.py:179} INFO - Processing /home/vscode/.local/lib/python3.10/site-packages/airflow/example_dags/example_trigger_target_dag.py took 0.097 seconds
[2024-09-29T04:58:36.365+0000] {processor.py:157} INFO - Started process (PID=23579) to work on /home/vscode/.local/lib/python3.10/site-packages/airflow/example_dags/example_trigger_target_dag.py
[2024-09-29T04:58:36.365+0000] {processor.py:826} INFO - Processing file /home/vscode/.local/lib/python3.10/site-packages/airflow/example_dags/example_trigger_target_dag.py for tasks to queue
[2024-09-29T04:58:36.366+0000] {logging_mixin.py:150} INFO - [2024-09-29T04:58:36.366+0000] {dagbag.py:541} INFO - Filling up the DagBag from /home/vscode/.local/lib/python3.10/site-packages/airflow/example_dags/example_trigger_target_dag.py
[2024-09-29T04:58:36.372+0000] {processor.py:836} INFO - DAG(s) dict_keys(['example_trigger_target_dag']) retrieved from /home/vscode/.local/lib/python3.10/site-packages/airflow/example_dags/example_trigger_target_dag.py
[2024-09-29T04:58:36.389+0000] {logging_mixin.py:150} INFO - [2024-09-29T04:58:36.389+0000] {dag.py:2742} INFO - Sync 1 DAGs
[2024-09-29T04:58:36.486+0000] {logging_mixin.py:150} INFO - [2024-09-29T04:58:36.486+0000] {dag.py:3504} INFO - Setting next_dagrun for example_trigger_target_dag to None, run_after=None
[2024-09-29T04:58:36.552+0000] {processor.py:179} INFO - Processing /home/vscode/.local/lib/python3.10/site-packages/airflow/example_dags/example_trigger_target_dag.py took 0.190 seconds
[2024-09-29T04:59:27.449+0000] {processor.py:157} INFO - Started process (PID=24000) to work on /home/vscode/.local/lib/python3.10/site-packages/airflow/example_dags/example_trigger_target_dag.py
[2024-09-29T04:59:27.450+0000] {processor.py:826} INFO - Processing file /home/vscode/.local/lib/python3.10/site-packages/airflow/example_dags/example_trigger_target_dag.py for tasks to queue
[2024-09-29T04:59:27.451+0000] {logging_mixin.py:150} INFO - [2024-09-29T04:59:27.450+0000] {dagbag.py:541} INFO - Filling up the DagBag from /home/vscode/.local/lib/python3.10/site-packages/airflow/example_dags/example_trigger_target_dag.py
[2024-09-29T04:59:27.455+0000] {processor.py:836} INFO - DAG(s) dict_keys(['example_trigger_target_dag']) retrieved from /home/vscode/.local/lib/python3.10/site-packages/airflow/example_dags/example_trigger_target_dag.py
[2024-09-29T04:59:27.466+0000] {logging_mixin.py:150} INFO - [2024-09-29T04:59:27.466+0000] {dag.py:2742} INFO - Sync 1 DAGs
[2024-09-29T04:59:27.480+0000] {logging_mixin.py:150} INFO - [2024-09-29T04:59:27.479+0000] {dag.py:3504} INFO - Setting next_dagrun for example_trigger_target_dag to None, run_after=None
[2024-09-29T04:59:27.558+0000] {processor.py:179} INFO - Processing /home/vscode/.local/lib/python3.10/site-packages/airflow/example_dags/example_trigger_target_dag.py took 0.111 seconds
[2024-09-29T05:00:13.858+0000] {processor.py:157} INFO - Started process (PID=24363) to work on /home/vscode/.local/lib/python3.10/site-packages/airflow/example_dags/example_trigger_target_dag.py
[2024-09-29T05:00:13.859+0000] {processor.py:826} INFO - Processing file /home/vscode/.local/lib/python3.10/site-packages/airflow/example_dags/example_trigger_target_dag.py for tasks to queue
[2024-09-29T05:00:13.859+0000] {logging_mixin.py:150} INFO - [2024-09-29T05:00:13.859+0000] {dagbag.py:541} INFO - Filling up the DagBag from /home/vscode/.local/lib/python3.10/site-packages/airflow/example_dags/example_trigger_target_dag.py
[2024-09-29T05:00:13.864+0000] {processor.py:836} INFO - DAG(s) dict_keys(['example_trigger_target_dag']) retrieved from /home/vscode/.local/lib/python3.10/site-packages/airflow/example_dags/example_trigger_target_dag.py
[2024-09-29T05:00:13.875+0000] {logging_mixin.py:150} INFO - [2024-09-29T05:00:13.875+0000] {dag.py:2742} INFO - Sync 1 DAGs
[2024-09-29T05:00:13.889+0000] {logging_mixin.py:150} INFO - [2024-09-29T05:00:13.889+0000] {dag.py:3504} INFO - Setting next_dagrun for example_trigger_target_dag to None, run_after=None
[2024-09-29T05:00:13.963+0000] {processor.py:179} INFO - Processing /home/vscode/.local/lib/python3.10/site-packages/airflow/example_dags/example_trigger_target_dag.py took 0.107 seconds
[2024-09-29T05:00:49.249+0000] {processor.py:157} INFO - Started process (PID=24677) to work on /home/vscode/.local/lib/python3.10/site-packages/airflow/example_dags/example_trigger_target_dag.py
[2024-09-29T05:00:49.249+0000] {processor.py:826} INFO - Processing file /home/vscode/.local/lib/python3.10/site-packages/airflow/example_dags/example_trigger_target_dag.py for tasks to queue
[2024-09-29T05:00:49.250+0000] {logging_mixin.py:150} INFO - [2024-09-29T05:00:49.250+0000] {dagbag.py:541} INFO - Filling up the DagBag from /home/vscode/.local/lib/python3.10/site-packages/airflow/example_dags/example_trigger_target_dag.py
[2024-09-29T05:00:49.255+0000] {processor.py:836} INFO - DAG(s) dict_keys(['example_trigger_target_dag']) retrieved from /home/vscode/.local/lib/python3.10/site-packages/airflow/example_dags/example_trigger_target_dag.py
[2024-09-29T05:00:49.271+0000] {logging_mixin.py:150} INFO - [2024-09-29T05:00:49.270+0000] {dag.py:2742} INFO - Sync 1 DAGs
[2024-09-29T05:00:49.296+0000] {logging_mixin.py:150} INFO - [2024-09-29T05:00:49.296+0000] {dag.py:3504} INFO - Setting next_dagrun for example_trigger_target_dag to None, run_after=None
[2024-09-29T05:00:49.374+0000] {processor.py:179} INFO - Processing /home/vscode/.local/lib/python3.10/site-packages/airflow/example_dags/example_trigger_target_dag.py took 0.128 seconds
