[2024-09-29T04:35:00.165+0000] {processor.py:157} INFO - Started process (PID=14154) to work on /home/vscode/.local/lib/python3.10/site-packages/airflow/example_dags/example_branch_datetime_operator.py
[2024-09-29T04:35:00.166+0000] {processor.py:826} INFO - Processing file /home/vscode/.local/lib/python3.10/site-packages/airflow/example_dags/example_branch_datetime_operator.py for tasks to queue
[2024-09-29T04:35:00.166+0000] {logging_mixin.py:150} INFO - [2024-09-29T04:35:00.166+0000] {dagbag.py:541} INFO - Filling up the DagBag from /home/vscode/.local/lib/python3.10/site-packages/airflow/example_dags/example_branch_datetime_operator.py
[2024-09-29T04:35:00.173+0000] {processor.py:836} INFO - DAG(s) dict_keys(['example_branch_datetime_operator_2', 'example_branch_datetime_operator', 'example_branch_datetime_operator_3']) retrieved from /home/vscode/.local/lib/python3.10/site-packages/airflow/example_dags/example_branch_datetime_operator.py
[2024-09-29T04:35:00.189+0000] {logging_mixin.py:150} INFO - [2024-09-29T04:35:00.189+0000] {dag.py:2742} INFO - Sync 3 DAGs
[2024-09-29T04:35:00.205+0000] {logging_mixin.py:150} INFO - [2024-09-29T04:35:00.205+0000] {dag.py:3504} INFO - Setting next_dagrun for example_branch_datetime_operator to 2024-09-28T00:00:00+00:00, run_after=2024-09-29T00:00:00+00:00
[2024-09-29T04:35:00.210+0000] {logging_mixin.py:150} INFO - [2024-09-29T04:35:00.209+0000] {dag.py:3504} INFO - Setting next_dagrun for example_branch_datetime_operator_2 to 2024-09-28T00:00:00+00:00, run_after=2024-09-29T00:00:00+00:00
[2024-09-29T04:35:00.211+0000] {logging_mixin.py:150} INFO - [2024-09-29T04:35:00.211+0000] {dag.py:3504} INFO - Setting next_dagrun for example_branch_datetime_operator_3 to 2024-09-28T00:00:00+00:00, run_after=2024-09-29T00:00:00+00:00
[2024-09-29T04:35:00.280+0000] {processor.py:179} INFO - Processing /home/vscode/.local/lib/python3.10/site-packages/airflow/example_dags/example_branch_datetime_operator.py took 0.117 seconds
[2024-09-29T04:35:53.049+0000] {processor.py:157} INFO - Started process (PID=14529) to work on /home/vscode/.local/lib/python3.10/site-packages/airflow/example_dags/example_branch_datetime_operator.py
[2024-09-29T04:35:53.050+0000] {processor.py:826} INFO - Processing file /home/vscode/.local/lib/python3.10/site-packages/airflow/example_dags/example_branch_datetime_operator.py for tasks to queue
[2024-09-29T04:35:53.050+0000] {logging_mixin.py:150} INFO - [2024-09-29T04:35:53.050+0000] {dagbag.py:541} INFO - Filling up the DagBag from /home/vscode/.local/lib/python3.10/site-packages/airflow/example_dags/example_branch_datetime_operator.py
[2024-09-29T04:35:53.058+0000] {processor.py:836} INFO - DAG(s) dict_keys(['example_branch_datetime_operator_3', 'example_branch_datetime_operator_2', 'example_branch_datetime_operator']) retrieved from /home/vscode/.local/lib/python3.10/site-packages/airflow/example_dags/example_branch_datetime_operator.py
[2024-09-29T04:35:53.074+0000] {logging_mixin.py:150} INFO - [2024-09-29T04:35:53.074+0000] {dag.py:2742} INFO - Sync 3 DAGs
[2024-09-29T04:35:53.090+0000] {logging_mixin.py:150} INFO - [2024-09-29T04:35:53.090+0000] {dag.py:3504} INFO - Setting next_dagrun for example_branch_datetime_operator to 2024-09-28T00:00:00+00:00, run_after=2024-09-29T00:00:00+00:00
[2024-09-29T04:35:53.093+0000] {logging_mixin.py:150} INFO - [2024-09-29T04:35:53.093+0000] {dag.py:3504} INFO - Setting next_dagrun for example_branch_datetime_operator_2 to 2024-09-28T00:00:00+00:00, run_after=2024-09-29T00:00:00+00:00
[2024-09-29T04:35:53.095+0000] {logging_mixin.py:150} INFO - [2024-09-29T04:35:53.095+0000] {dag.py:3504} INFO - Setting next_dagrun for example_branch_datetime_operator_3 to 2024-09-28T00:00:00+00:00, run_after=2024-09-29T00:00:00+00:00
[2024-09-29T04:35:53.160+0000] {processor.py:179} INFO - Processing /home/vscode/.local/lib/python3.10/site-packages/airflow/example_dags/example_branch_datetime_operator.py took 0.113 seconds
[2024-09-29T04:36:47.963+0000] {processor.py:157} INFO - Started process (PID=14960) to work on /home/vscode/.local/lib/python3.10/site-packages/airflow/example_dags/example_branch_datetime_operator.py
[2024-09-29T04:36:47.964+0000] {processor.py:826} INFO - Processing file /home/vscode/.local/lib/python3.10/site-packages/airflow/example_dags/example_branch_datetime_operator.py for tasks to queue
[2024-09-29T04:36:47.964+0000] {logging_mixin.py:150} INFO - [2024-09-29T04:36:47.964+0000] {dagbag.py:541} INFO - Filling up the DagBag from /home/vscode/.local/lib/python3.10/site-packages/airflow/example_dags/example_branch_datetime_operator.py
[2024-09-29T04:36:47.972+0000] {processor.py:836} INFO - DAG(s) dict_keys(['example_branch_datetime_operator_3', 'example_branch_datetime_operator', 'example_branch_datetime_operator_2']) retrieved from /home/vscode/.local/lib/python3.10/site-packages/airflow/example_dags/example_branch_datetime_operator.py
[2024-09-29T04:36:47.988+0000] {logging_mixin.py:150} INFO - [2024-09-29T04:36:47.988+0000] {dag.py:2742} INFO - Sync 3 DAGs
[2024-09-29T04:36:48.009+0000] {logging_mixin.py:150} INFO - [2024-09-29T04:36:48.009+0000] {dag.py:3504} INFO - Setting next_dagrun for example_branch_datetime_operator to 2024-09-28T00:00:00+00:00, run_after=2024-09-29T00:00:00+00:00
[2024-09-29T04:36:48.012+0000] {logging_mixin.py:150} INFO - [2024-09-29T04:36:48.012+0000] {dag.py:3504} INFO - Setting next_dagrun for example_branch_datetime_operator_2 to 2024-09-28T00:00:00+00:00, run_after=2024-09-29T00:00:00+00:00
[2024-09-29T04:36:48.014+0000] {logging_mixin.py:150} INFO - [2024-09-29T04:36:48.014+0000] {dag.py:3504} INFO - Setting next_dagrun for example_branch_datetime_operator_3 to 2024-09-28T00:00:00+00:00, run_after=2024-09-29T00:00:00+00:00
[2024-09-29T04:36:48.072+0000] {processor.py:179} INFO - Processing /home/vscode/.local/lib/python3.10/site-packages/airflow/example_dags/example_branch_datetime_operator.py took 0.111 seconds
[2024-09-29T04:37:38.957+0000] {processor.py:157} INFO - Started process (PID=15352) to work on /home/vscode/.local/lib/python3.10/site-packages/airflow/example_dags/example_branch_datetime_operator.py
[2024-09-29T04:37:38.958+0000] {processor.py:826} INFO - Processing file /home/vscode/.local/lib/python3.10/site-packages/airflow/example_dags/example_branch_datetime_operator.py for tasks to queue
[2024-09-29T04:37:38.958+0000] {logging_mixin.py:150} INFO - [2024-09-29T04:37:38.958+0000] {dagbag.py:541} INFO - Filling up the DagBag from /home/vscode/.local/lib/python3.10/site-packages/airflow/example_dags/example_branch_datetime_operator.py
[2024-09-29T04:37:38.966+0000] {processor.py:836} INFO - DAG(s) dict_keys(['example_branch_datetime_operator_2', 'example_branch_datetime_operator_3', 'example_branch_datetime_operator']) retrieved from /home/vscode/.local/lib/python3.10/site-packages/airflow/example_dags/example_branch_datetime_operator.py
[2024-09-29T04:37:38.982+0000] {logging_mixin.py:150} INFO - [2024-09-29T04:37:38.982+0000] {dag.py:2742} INFO - Sync 3 DAGs
[2024-09-29T04:37:38.997+0000] {logging_mixin.py:150} INFO - [2024-09-29T04:37:38.997+0000] {dag.py:3504} INFO - Setting next_dagrun for example_branch_datetime_operator to 2024-09-28T00:00:00+00:00, run_after=2024-09-29T00:00:00+00:00
[2024-09-29T04:37:39.000+0000] {logging_mixin.py:150} INFO - [2024-09-29T04:37:39.000+0000] {dag.py:3504} INFO - Setting next_dagrun for example_branch_datetime_operator_2 to 2024-09-28T00:00:00+00:00, run_after=2024-09-29T00:00:00+00:00
[2024-09-29T04:37:39.002+0000] {logging_mixin.py:150} INFO - [2024-09-29T04:37:39.002+0000] {dag.py:3504} INFO - Setting next_dagrun for example_branch_datetime_operator_3 to 2024-09-28T00:00:00+00:00, run_after=2024-09-29T00:00:00+00:00
[2024-09-29T04:37:39.052+0000] {processor.py:179} INFO - Processing /home/vscode/.local/lib/python3.10/site-packages/airflow/example_dags/example_branch_datetime_operator.py took 0.097 seconds
[2024-09-29T04:38:31.105+0000] {processor.py:157} INFO - Started process (PID=15895) to work on /home/vscode/.local/lib/python3.10/site-packages/airflow/example_dags/example_branch_datetime_operator.py
[2024-09-29T04:38:31.106+0000] {processor.py:826} INFO - Processing file /home/vscode/.local/lib/python3.10/site-packages/airflow/example_dags/example_branch_datetime_operator.py for tasks to queue
[2024-09-29T04:38:31.107+0000] {logging_mixin.py:150} INFO - [2024-09-29T04:38:31.107+0000] {dagbag.py:541} INFO - Filling up the DagBag from /home/vscode/.local/lib/python3.10/site-packages/airflow/example_dags/example_branch_datetime_operator.py
[2024-09-29T04:38:31.114+0000] {processor.py:836} INFO - DAG(s) dict_keys(['example_branch_datetime_operator_2', 'example_branch_datetime_operator_3', 'example_branch_datetime_operator']) retrieved from /home/vscode/.local/lib/python3.10/site-packages/airflow/example_dags/example_branch_datetime_operator.py
[2024-09-29T04:38:31.131+0000] {logging_mixin.py:150} INFO - [2024-09-29T04:38:31.131+0000] {dag.py:2742} INFO - Sync 3 DAGs
[2024-09-29T04:38:31.147+0000] {logging_mixin.py:150} INFO - [2024-09-29T04:38:31.147+0000] {dag.py:3504} INFO - Setting next_dagrun for example_branch_datetime_operator to 2024-09-28T00:00:00+00:00, run_after=2024-09-29T00:00:00+00:00
[2024-09-29T04:38:31.151+0000] {logging_mixin.py:150} INFO - [2024-09-29T04:38:31.151+0000] {dag.py:3504} INFO - Setting next_dagrun for example_branch_datetime_operator_2 to 2024-09-28T00:00:00+00:00, run_after=2024-09-29T00:00:00+00:00
[2024-09-29T04:38:31.153+0000] {logging_mixin.py:150} INFO - [2024-09-29T04:38:31.153+0000] {dag.py:3504} INFO - Setting next_dagrun for example_branch_datetime_operator_3 to 2024-09-28T00:00:00+00:00, run_after=2024-09-29T00:00:00+00:00
[2024-09-29T04:38:31.202+0000] {processor.py:179} INFO - Processing /home/vscode/.local/lib/python3.10/site-packages/airflow/example_dags/example_branch_datetime_operator.py took 0.099 seconds
[2024-09-29T04:39:21.910+0000] {processor.py:157} INFO - Started process (PID=16398) to work on /home/vscode/.local/lib/python3.10/site-packages/airflow/example_dags/example_branch_datetime_operator.py
[2024-09-29T04:39:21.911+0000] {processor.py:826} INFO - Processing file /home/vscode/.local/lib/python3.10/site-packages/airflow/example_dags/example_branch_datetime_operator.py for tasks to queue
[2024-09-29T04:39:21.912+0000] {logging_mixin.py:150} INFO - [2024-09-29T04:39:21.912+0000] {dagbag.py:541} INFO - Filling up the DagBag from /home/vscode/.local/lib/python3.10/site-packages/airflow/example_dags/example_branch_datetime_operator.py
[2024-09-29T04:39:21.919+0000] {processor.py:836} INFO - DAG(s) dict_keys(['example_branch_datetime_operator', 'example_branch_datetime_operator_2', 'example_branch_datetime_operator_3']) retrieved from /home/vscode/.local/lib/python3.10/site-packages/airflow/example_dags/example_branch_datetime_operator.py
[2024-09-29T04:39:21.936+0000] {logging_mixin.py:150} INFO - [2024-09-29T04:39:21.936+0000] {dag.py:2742} INFO - Sync 3 DAGs
[2024-09-29T04:39:21.952+0000] {logging_mixin.py:150} INFO - [2024-09-29T04:39:21.952+0000] {dag.py:3504} INFO - Setting next_dagrun for example_branch_datetime_operator to 2024-09-28T00:00:00+00:00, run_after=2024-09-29T00:00:00+00:00
[2024-09-29T04:39:21.955+0000] {logging_mixin.py:150} INFO - [2024-09-29T04:39:21.955+0000] {dag.py:3504} INFO - Setting next_dagrun for example_branch_datetime_operator_2 to 2024-09-28T00:00:00+00:00, run_after=2024-09-29T00:00:00+00:00
[2024-09-29T04:39:21.957+0000] {logging_mixin.py:150} INFO - [2024-09-29T04:39:21.957+0000] {dag.py:3504} INFO - Setting next_dagrun for example_branch_datetime_operator_3 to 2024-09-28T00:00:00+00:00, run_after=2024-09-29T00:00:00+00:00
[2024-09-29T04:39:22.009+0000] {processor.py:179} INFO - Processing /home/vscode/.local/lib/python3.10/site-packages/airflow/example_dags/example_branch_datetime_operator.py took 0.101 seconds
[2024-09-29T04:59:19.012+0000] {processor.py:157} INFO - Started process (PID=23953) to work on /home/vscode/.local/lib/python3.10/site-packages/airflow/example_dags/example_branch_datetime_operator.py
[2024-09-29T04:59:19.013+0000] {processor.py:826} INFO - Processing file /home/vscode/.local/lib/python3.10/site-packages/airflow/example_dags/example_branch_datetime_operator.py for tasks to queue
[2024-09-29T04:59:19.014+0000] {logging_mixin.py:150} INFO - [2024-09-29T04:59:19.014+0000] {dagbag.py:541} INFO - Filling up the DagBag from /home/vscode/.local/lib/python3.10/site-packages/airflow/example_dags/example_branch_datetime_operator.py
[2024-09-29T04:59:19.021+0000] {processor.py:836} INFO - DAG(s) dict_keys(['example_branch_datetime_operator_2', 'example_branch_datetime_operator_3', 'example_branch_datetime_operator']) retrieved from /home/vscode/.local/lib/python3.10/site-packages/airflow/example_dags/example_branch_datetime_operator.py
[2024-09-29T04:59:19.038+0000] {logging_mixin.py:150} INFO - [2024-09-29T04:59:19.038+0000] {dag.py:2742} INFO - Sync 3 DAGs
[2024-09-29T04:59:19.053+0000] {logging_mixin.py:150} INFO - [2024-09-29T04:59:19.053+0000] {dag.py:3504} INFO - Setting next_dagrun for example_branch_datetime_operator to 2024-09-28T00:00:00+00:00, run_after=2024-09-29T00:00:00+00:00
[2024-09-29T04:59:19.056+0000] {logging_mixin.py:150} INFO - [2024-09-29T04:59:19.056+0000] {dag.py:3504} INFO - Setting next_dagrun for example_branch_datetime_operator_2 to 2024-09-28T00:00:00+00:00, run_after=2024-09-29T00:00:00+00:00
[2024-09-29T04:59:19.058+0000] {logging_mixin.py:150} INFO - [2024-09-29T04:59:19.058+0000] {dag.py:3504} INFO - Setting next_dagrun for example_branch_datetime_operator_3 to 2024-09-28T00:00:00+00:00, run_after=2024-09-29T00:00:00+00:00
[2024-09-29T04:59:19.118+0000] {processor.py:179} INFO - Processing /home/vscode/.local/lib/python3.10/site-packages/airflow/example_dags/example_branch_datetime_operator.py took 0.108 seconds
[2024-09-29T05:00:11.972+0000] {processor.py:157} INFO - Started process (PID=24353) to work on /home/vscode/.local/lib/python3.10/site-packages/airflow/example_dags/example_branch_datetime_operator.py
[2024-09-29T05:00:11.973+0000] {processor.py:826} INFO - Processing file /home/vscode/.local/lib/python3.10/site-packages/airflow/example_dags/example_branch_datetime_operator.py for tasks to queue
[2024-09-29T05:00:11.973+0000] {logging_mixin.py:150} INFO - [2024-09-29T05:00:11.973+0000] {dagbag.py:541} INFO - Filling up the DagBag from /home/vscode/.local/lib/python3.10/site-packages/airflow/example_dags/example_branch_datetime_operator.py
[2024-09-29T05:00:11.981+0000] {processor.py:836} INFO - DAG(s) dict_keys(['example_branch_datetime_operator', 'example_branch_datetime_operator_3', 'example_branch_datetime_operator_2']) retrieved from /home/vscode/.local/lib/python3.10/site-packages/airflow/example_dags/example_branch_datetime_operator.py
[2024-09-29T05:00:11.997+0000] {logging_mixin.py:150} INFO - [2024-09-29T05:00:11.997+0000] {dag.py:2742} INFO - Sync 3 DAGs
[2024-09-29T05:00:12.012+0000] {logging_mixin.py:150} INFO - [2024-09-29T05:00:12.012+0000] {dag.py:3504} INFO - Setting next_dagrun for example_branch_datetime_operator to 2024-09-28T00:00:00+00:00, run_after=2024-09-29T00:00:00+00:00
[2024-09-29T05:00:12.015+0000] {logging_mixin.py:150} INFO - [2024-09-29T05:00:12.015+0000] {dag.py:3504} INFO - Setting next_dagrun for example_branch_datetime_operator_2 to 2024-09-28T00:00:00+00:00, run_after=2024-09-29T00:00:00+00:00
[2024-09-29T05:00:12.017+0000] {logging_mixin.py:150} INFO - [2024-09-29T05:00:12.017+0000] {dag.py:3504} INFO - Setting next_dagrun for example_branch_datetime_operator_3 to 2024-09-28T00:00:00+00:00, run_after=2024-09-29T00:00:00+00:00
[2024-09-29T05:00:12.071+0000] {processor.py:179} INFO - Processing /home/vscode/.local/lib/python3.10/site-packages/airflow/example_dags/example_branch_datetime_operator.py took 0.102 seconds
[2024-09-29T05:00:59.382+0000] {processor.py:157} INFO - Started process (PID=24807) to work on /home/vscode/.local/lib/python3.10/site-packages/airflow/example_dags/example_branch_datetime_operator.py
[2024-09-29T05:00:59.382+0000] {processor.py:826} INFO - Processing file /home/vscode/.local/lib/python3.10/site-packages/airflow/example_dags/example_branch_datetime_operator.py for tasks to queue
[2024-09-29T05:00:59.383+0000] {logging_mixin.py:150} INFO - [2024-09-29T05:00:59.383+0000] {dagbag.py:541} INFO - Filling up the DagBag from /home/vscode/.local/lib/python3.10/site-packages/airflow/example_dags/example_branch_datetime_operator.py
[2024-09-29T05:00:59.391+0000] {processor.py:836} INFO - DAG(s) dict_keys(['example_branch_datetime_operator_3', 'example_branch_datetime_operator', 'example_branch_datetime_operator_2']) retrieved from /home/vscode/.local/lib/python3.10/site-packages/airflow/example_dags/example_branch_datetime_operator.py
[2024-09-29T05:00:59.407+0000] {logging_mixin.py:150} INFO - [2024-09-29T05:00:59.407+0000] {dag.py:2742} INFO - Sync 3 DAGs
[2024-09-29T05:00:59.425+0000] {logging_mixin.py:150} INFO - [2024-09-29T05:00:59.425+0000] {dag.py:3504} INFO - Setting next_dagrun for example_branch_datetime_operator to 2024-09-28T00:00:00+00:00, run_after=2024-09-29T00:00:00+00:00
[2024-09-29T05:00:59.428+0000] {logging_mixin.py:150} INFO - [2024-09-29T05:00:59.428+0000] {dag.py:3504} INFO - Setting next_dagrun for example_branch_datetime_operator_2 to 2024-09-28T00:00:00+00:00, run_after=2024-09-29T00:00:00+00:00
[2024-09-29T05:00:59.430+0000] {logging_mixin.py:150} INFO - [2024-09-29T05:00:59.430+0000] {dag.py:3504} INFO - Setting next_dagrun for example_branch_datetime_operator_3 to 2024-09-28T00:00:00+00:00, run_after=2024-09-29T00:00:00+00:00
[2024-09-29T05:00:59.512+0000] {processor.py:179} INFO - Processing /home/vscode/.local/lib/python3.10/site-packages/airflow/example_dags/example_branch_datetime_operator.py took 0.132 seconds
