[2024-09-29T04:34:56.696+0000] {processor.py:157} INFO - Started process (PID=14130) to work on /home/vscode/.local/lib/python3.10/site-packages/airflow/example_dags/example_branch_day_of_week_operator.py
[2024-09-29T04:34:56.697+0000] {processor.py:826} INFO - Processing file /home/vscode/.local/lib/python3.10/site-packages/airflow/example_dags/example_branch_day_of_week_operator.py for tasks to queue
[2024-09-29T04:34:56.697+0000] {logging_mixin.py:150} INFO - [2024-09-29T04:34:56.697+0000] {dagbag.py:541} INFO - Filling up the DagBag from /home/vscode/.local/lib/python3.10/site-packages/airflow/example_dags/example_branch_day_of_week_operator.py
[2024-09-29T04:34:56.703+0000] {processor.py:836} INFO - DAG(s) dict_keys(['example_weekday_branch_operator']) retrieved from /home/vscode/.local/lib/python3.10/site-packages/airflow/example_dags/example_branch_day_of_week_operator.py
[2024-09-29T04:34:56.715+0000] {logging_mixin.py:150} INFO - [2024-09-29T04:34:56.715+0000] {dag.py:2742} INFO - Sync 1 DAGs
[2024-09-29T04:34:56.730+0000] {logging_mixin.py:150} INFO - [2024-09-29T04:34:56.730+0000] {dag.py:3504} INFO - Setting next_dagrun for example_weekday_branch_operator to 2024-09-28T00:00:00+00:00, run_after=2024-09-29T00:00:00+00:00
[2024-09-29T04:34:56.805+0000] {processor.py:179} INFO - Processing /home/vscode/.local/lib/python3.10/site-packages/airflow/example_dags/example_branch_day_of_week_operator.py took 0.111 seconds
[2024-09-29T04:35:50.282+0000] {processor.py:157} INFO - Started process (PID=14492) to work on /home/vscode/.local/lib/python3.10/site-packages/airflow/example_dags/example_branch_day_of_week_operator.py
[2024-09-29T04:35:50.283+0000] {processor.py:826} INFO - Processing file /home/vscode/.local/lib/python3.10/site-packages/airflow/example_dags/example_branch_day_of_week_operator.py for tasks to queue
[2024-09-29T04:35:50.284+0000] {logging_mixin.py:150} INFO - [2024-09-29T04:35:50.283+0000] {dagbag.py:541} INFO - Filling up the DagBag from /home/vscode/.local/lib/python3.10/site-packages/airflow/example_dags/example_branch_day_of_week_operator.py
[2024-09-29T04:35:50.289+0000] {processor.py:836} INFO - DAG(s) dict_keys(['example_weekday_branch_operator']) retrieved from /home/vscode/.local/lib/python3.10/site-packages/airflow/example_dags/example_branch_day_of_week_operator.py
[2024-09-29T04:35:50.308+0000] {logging_mixin.py:150} INFO - [2024-09-29T04:35:50.308+0000] {dag.py:2742} INFO - Sync 1 DAGs
[2024-09-29T04:35:50.332+0000] {logging_mixin.py:150} INFO - [2024-09-29T04:35:50.332+0000] {dag.py:3504} INFO - Setting next_dagrun for example_weekday_branch_operator to 2024-09-28T00:00:00+00:00, run_after=2024-09-29T00:00:00+00:00
[2024-09-29T04:35:50.403+0000] {processor.py:179} INFO - Processing /home/vscode/.local/lib/python3.10/site-packages/airflow/example_dags/example_branch_day_of_week_operator.py took 0.123 seconds
[2024-09-29T04:36:44.284+0000] {processor.py:157} INFO - Started process (PID=14935) to work on /home/vscode/.local/lib/python3.10/site-packages/airflow/example_dags/example_branch_day_of_week_operator.py
[2024-09-29T04:36:44.285+0000] {processor.py:826} INFO - Processing file /home/vscode/.local/lib/python3.10/site-packages/airflow/example_dags/example_branch_day_of_week_operator.py for tasks to queue
[2024-09-29T04:36:44.285+0000] {logging_mixin.py:150} INFO - [2024-09-29T04:36:44.285+0000] {dagbag.py:541} INFO - Filling up the DagBag from /home/vscode/.local/lib/python3.10/site-packages/airflow/example_dags/example_branch_day_of_week_operator.py
[2024-09-29T04:36:44.291+0000] {processor.py:836} INFO - DAG(s) dict_keys(['example_weekday_branch_operator']) retrieved from /home/vscode/.local/lib/python3.10/site-packages/airflow/example_dags/example_branch_day_of_week_operator.py
[2024-09-29T04:36:44.303+0000] {logging_mixin.py:150} INFO - [2024-09-29T04:36:44.303+0000] {dag.py:2742} INFO - Sync 1 DAGs
[2024-09-29T04:36:44.319+0000] {logging_mixin.py:150} INFO - [2024-09-29T04:36:44.319+0000] {dag.py:3504} INFO - Setting next_dagrun for example_weekday_branch_operator to 2024-09-28T00:00:00+00:00, run_after=2024-09-29T00:00:00+00:00
[2024-09-29T04:36:44.390+0000] {processor.py:179} INFO - Processing /home/vscode/.local/lib/python3.10/site-packages/airflow/example_dags/example_branch_day_of_week_operator.py took 0.108 seconds
[2024-09-29T04:37:35.227+0000] {processor.py:157} INFO - Started process (PID=15333) to work on /home/vscode/.local/lib/python3.10/site-packages/airflow/example_dags/example_branch_day_of_week_operator.py
[2024-09-29T04:37:35.228+0000] {processor.py:826} INFO - Processing file /home/vscode/.local/lib/python3.10/site-packages/airflow/example_dags/example_branch_day_of_week_operator.py for tasks to queue
[2024-09-29T04:37:35.228+0000] {logging_mixin.py:150} INFO - [2024-09-29T04:37:35.228+0000] {dagbag.py:541} INFO - Filling up the DagBag from /home/vscode/.local/lib/python3.10/site-packages/airflow/example_dags/example_branch_day_of_week_operator.py
[2024-09-29T04:37:35.234+0000] {processor.py:836} INFO - DAG(s) dict_keys(['example_weekday_branch_operator']) retrieved from /home/vscode/.local/lib/python3.10/site-packages/airflow/example_dags/example_branch_day_of_week_operator.py
[2024-09-29T04:37:35.247+0000] {logging_mixin.py:150} INFO - [2024-09-29T04:37:35.247+0000] {dag.py:2742} INFO - Sync 1 DAGs
[2024-09-29T04:37:35.262+0000] {logging_mixin.py:150} INFO - [2024-09-29T04:37:35.262+0000] {dag.py:3504} INFO - Setting next_dagrun for example_weekday_branch_operator to 2024-09-28T00:00:00+00:00, run_after=2024-09-29T00:00:00+00:00
[2024-09-29T04:37:35.822+0000] {processor.py:179} INFO - Processing /home/vscode/.local/lib/python3.10/site-packages/airflow/example_dags/example_branch_day_of_week_operator.py took 0.598 seconds
[2024-09-29T04:38:28.399+0000] {processor.py:157} INFO - Started process (PID=15865) to work on /home/vscode/.local/lib/python3.10/site-packages/airflow/example_dags/example_branch_day_of_week_operator.py
[2024-09-29T04:38:28.399+0000] {processor.py:826} INFO - Processing file /home/vscode/.local/lib/python3.10/site-packages/airflow/example_dags/example_branch_day_of_week_operator.py for tasks to queue
[2024-09-29T04:38:28.400+0000] {logging_mixin.py:150} INFO - [2024-09-29T04:38:28.400+0000] {dagbag.py:541} INFO - Filling up the DagBag from /home/vscode/.local/lib/python3.10/site-packages/airflow/example_dags/example_branch_day_of_week_operator.py
[2024-09-29T04:38:28.406+0000] {processor.py:836} INFO - DAG(s) dict_keys(['example_weekday_branch_operator']) retrieved from /home/vscode/.local/lib/python3.10/site-packages/airflow/example_dags/example_branch_day_of_week_operator.py
[2024-09-29T04:38:28.419+0000] {logging_mixin.py:150} INFO - [2024-09-29T04:38:28.419+0000] {dag.py:2742} INFO - Sync 1 DAGs
[2024-09-29T04:38:28.435+0000] {logging_mixin.py:150} INFO - [2024-09-29T04:38:28.434+0000] {dag.py:3504} INFO - Setting next_dagrun for example_weekday_branch_operator to 2024-09-28T00:00:00+00:00, run_after=2024-09-29T00:00:00+00:00
[2024-09-29T04:38:28.499+0000] {processor.py:179} INFO - Processing /home/vscode/.local/lib/python3.10/site-packages/airflow/example_dags/example_branch_day_of_week_operator.py took 0.102 seconds
[2024-09-29T04:39:18.308+0000] {processor.py:157} INFO - Started process (PID=16373) to work on /home/vscode/.local/lib/python3.10/site-packages/airflow/example_dags/example_branch_day_of_week_operator.py
[2024-09-29T04:39:18.309+0000] {processor.py:826} INFO - Processing file /home/vscode/.local/lib/python3.10/site-packages/airflow/example_dags/example_branch_day_of_week_operator.py for tasks to queue
[2024-09-29T04:39:18.310+0000] {logging_mixin.py:150} INFO - [2024-09-29T04:39:18.309+0000] {dagbag.py:541} INFO - Filling up the DagBag from /home/vscode/.local/lib/python3.10/site-packages/airflow/example_dags/example_branch_day_of_week_operator.py
[2024-09-29T04:39:18.315+0000] {processor.py:836} INFO - DAG(s) dict_keys(['example_weekday_branch_operator']) retrieved from /home/vscode/.local/lib/python3.10/site-packages/airflow/example_dags/example_branch_day_of_week_operator.py
[2024-09-29T04:39:18.327+0000] {logging_mixin.py:150} INFO - [2024-09-29T04:39:18.327+0000] {dag.py:2742} INFO - Sync 1 DAGs
[2024-09-29T04:39:18.343+0000] {logging_mixin.py:150} INFO - [2024-09-29T04:39:18.343+0000] {dag.py:3504} INFO - Setting next_dagrun for example_weekday_branch_operator to 2024-09-28T00:00:00+00:00, run_after=2024-09-29T00:00:00+00:00
[2024-09-29T04:39:18.431+0000] {processor.py:179} INFO - Processing /home/vscode/.local/lib/python3.10/site-packages/airflow/example_dags/example_branch_day_of_week_operator.py took 0.125 seconds
[2024-09-29T04:59:15.249+0000] {processor.py:157} INFO - Started process (PID=23922) to work on /home/vscode/.local/lib/python3.10/site-packages/airflow/example_dags/example_branch_day_of_week_operator.py
[2024-09-29T04:59:15.250+0000] {processor.py:826} INFO - Processing file /home/vscode/.local/lib/python3.10/site-packages/airflow/example_dags/example_branch_day_of_week_operator.py for tasks to queue
[2024-09-29T04:59:15.250+0000] {logging_mixin.py:150} INFO - [2024-09-29T04:59:15.250+0000] {dagbag.py:541} INFO - Filling up the DagBag from /home/vscode/.local/lib/python3.10/site-packages/airflow/example_dags/example_branch_day_of_week_operator.py
[2024-09-29T04:59:15.256+0000] {processor.py:836} INFO - DAG(s) dict_keys(['example_weekday_branch_operator']) retrieved from /home/vscode/.local/lib/python3.10/site-packages/airflow/example_dags/example_branch_day_of_week_operator.py
[2024-09-29T04:59:15.268+0000] {logging_mixin.py:150} INFO - [2024-09-29T04:59:15.268+0000] {dag.py:2742} INFO - Sync 1 DAGs
[2024-09-29T04:59:15.283+0000] {logging_mixin.py:150} INFO - [2024-09-29T04:59:15.283+0000] {dag.py:3504} INFO - Setting next_dagrun for example_weekday_branch_operator to 2024-09-28T00:00:00+00:00, run_after=2024-09-29T00:00:00+00:00
[2024-09-29T04:59:15.354+0000] {processor.py:179} INFO - Processing /home/vscode/.local/lib/python3.10/site-packages/airflow/example_dags/example_branch_day_of_week_operator.py took 0.107 seconds
[2024-09-29T05:00:08.781+0000] {processor.py:157} INFO - Started process (PID=24315) to work on /home/vscode/.local/lib/python3.10/site-packages/airflow/example_dags/example_branch_day_of_week_operator.py
[2024-09-29T05:00:08.782+0000] {processor.py:826} INFO - Processing file /home/vscode/.local/lib/python3.10/site-packages/airflow/example_dags/example_branch_day_of_week_operator.py for tasks to queue
[2024-09-29T05:00:08.782+0000] {logging_mixin.py:150} INFO - [2024-09-29T05:00:08.782+0000] {dagbag.py:541} INFO - Filling up the DagBag from /home/vscode/.local/lib/python3.10/site-packages/airflow/example_dags/example_branch_day_of_week_operator.py
[2024-09-29T05:00:08.788+0000] {processor.py:836} INFO - DAG(s) dict_keys(['example_weekday_branch_operator']) retrieved from /home/vscode/.local/lib/python3.10/site-packages/airflow/example_dags/example_branch_day_of_week_operator.py
[2024-09-29T05:00:08.802+0000] {logging_mixin.py:150} INFO - [2024-09-29T05:00:08.801+0000] {dag.py:2742} INFO - Sync 1 DAGs
[2024-09-29T05:00:08.821+0000] {logging_mixin.py:150} INFO - [2024-09-29T05:00:08.821+0000] {dag.py:3504} INFO - Setting next_dagrun for example_weekday_branch_operator to 2024-09-28T00:00:00+00:00, run_after=2024-09-29T00:00:00+00:00
[2024-09-29T05:00:08.911+0000] {processor.py:179} INFO - Processing /home/vscode/.local/lib/python3.10/site-packages/airflow/example_dags/example_branch_day_of_week_operator.py took 0.132 seconds
[2024-09-29T05:00:56.134+0000] {processor.py:157} INFO - Started process (PID=24771) to work on /home/vscode/.local/lib/python3.10/site-packages/airflow/example_dags/example_branch_day_of_week_operator.py
[2024-09-29T05:00:56.135+0000] {processor.py:826} INFO - Processing file /home/vscode/.local/lib/python3.10/site-packages/airflow/example_dags/example_branch_day_of_week_operator.py for tasks to queue
[2024-09-29T05:00:56.136+0000] {logging_mixin.py:150} INFO - [2024-09-29T05:00:56.135+0000] {dagbag.py:541} INFO - Filling up the DagBag from /home/vscode/.local/lib/python3.10/site-packages/airflow/example_dags/example_branch_day_of_week_operator.py
[2024-09-29T05:00:56.141+0000] {processor.py:836} INFO - DAG(s) dict_keys(['example_weekday_branch_operator']) retrieved from /home/vscode/.local/lib/python3.10/site-packages/airflow/example_dags/example_branch_day_of_week_operator.py
[2024-09-29T05:00:56.154+0000] {logging_mixin.py:150} INFO - [2024-09-29T05:00:56.154+0000] {dag.py:2742} INFO - Sync 1 DAGs
[2024-09-29T05:00:56.169+0000] {logging_mixin.py:150} INFO - [2024-09-29T05:00:56.169+0000] {dag.py:3504} INFO - Setting next_dagrun for example_weekday_branch_operator to 2024-09-28T00:00:00+00:00, run_after=2024-09-29T00:00:00+00:00
[2024-09-29T05:00:56.226+0000] {processor.py:179} INFO - Processing /home/vscode/.local/lib/python3.10/site-packages/airflow/example_dags/example_branch_day_of_week_operator.py took 0.094 seconds
