[2024-09-29T04:34:46.169+0000] {processor.py:157} INFO - Started process (PID=14062) to work on /home/vscode/.local/lib/python3.10/site-packages/airflow/example_dags/example_external_task_marker_dag.py
[2024-09-29T04:34:46.170+0000] {processor.py:826} INFO - Processing file /home/vscode/.local/lib/python3.10/site-packages/airflow/example_dags/example_external_task_marker_dag.py for tasks to queue
[2024-09-29T04:34:46.171+0000] {logging_mixin.py:150} INFO - [2024-09-29T04:34:46.170+0000] {dagbag.py:541} INFO - Filling up the DagBag from /home/vscode/.local/lib/python3.10/site-packages/airflow/example_dags/example_external_task_marker_dag.py
[2024-09-29T04:34:46.175+0000] {processor.py:836} INFO - DAG(s) dict_keys(['example_external_task_marker_child', 'example_external_task_marker_parent']) retrieved from /home/vscode/.local/lib/python3.10/site-packages/airflow/example_dags/example_external_task_marker_dag.py
[2024-09-29T04:34:46.263+0000] {logging_mixin.py:150} INFO - [2024-09-29T04:34:46.263+0000] {dag.py:2742} INFO - Sync 2 DAGs
[2024-09-29T04:34:46.276+0000] {logging_mixin.py:150} INFO - [2024-09-29T04:34:46.275+0000] {dag.py:3504} INFO - Setting next_dagrun for example_external_task_marker_child to None, run_after=None
[2024-09-29T04:34:46.277+0000] {logging_mixin.py:150} INFO - [2024-09-29T04:34:46.277+0000] {dag.py:3504} INFO - Setting next_dagrun for example_external_task_marker_parent to None, run_after=None
[2024-09-29T04:34:46.368+0000] {processor.py:179} INFO - Processing /home/vscode/.local/lib/python3.10/site-packages/airflow/example_dags/example_external_task_marker_dag.py took 0.201 seconds
[2024-09-29T04:35:33.486+0000] {processor.py:157} INFO - Started process (PID=14375) to work on /home/vscode/.local/lib/python3.10/site-packages/airflow/example_dags/example_external_task_marker_dag.py
[2024-09-29T04:35:33.487+0000] {processor.py:826} INFO - Processing file /home/vscode/.local/lib/python3.10/site-packages/airflow/example_dags/example_external_task_marker_dag.py for tasks to queue
[2024-09-29T04:35:33.487+0000] {logging_mixin.py:150} INFO - [2024-09-29T04:35:33.487+0000] {dagbag.py:541} INFO - Filling up the DagBag from /home/vscode/.local/lib/python3.10/site-packages/airflow/example_dags/example_external_task_marker_dag.py
[2024-09-29T04:35:33.492+0000] {processor.py:836} INFO - DAG(s) dict_keys(['example_external_task_marker_parent', 'example_external_task_marker_child']) retrieved from /home/vscode/.local/lib/python3.10/site-packages/airflow/example_dags/example_external_task_marker_dag.py
[2024-09-29T04:35:33.507+0000] {logging_mixin.py:150} INFO - [2024-09-29T04:35:33.506+0000] {dag.py:2742} INFO - Sync 2 DAGs
[2024-09-29T04:35:33.521+0000] {logging_mixin.py:150} INFO - [2024-09-29T04:35:33.521+0000] {dag.py:3504} INFO - Setting next_dagrun for example_external_task_marker_child to None, run_after=None
[2024-09-29T04:35:33.523+0000] {logging_mixin.py:150} INFO - [2024-09-29T04:35:33.523+0000] {dag.py:3504} INFO - Setting next_dagrun for example_external_task_marker_parent to None, run_after=None
[2024-09-29T04:35:33.632+0000] {processor.py:179} INFO - Processing /home/vscode/.local/lib/python3.10/site-packages/airflow/example_dags/example_external_task_marker_dag.py took 0.148 seconds
[2024-09-29T04:36:26.772+0000] {processor.py:157} INFO - Started process (PID=14789) to work on /home/vscode/.local/lib/python3.10/site-packages/airflow/example_dags/example_external_task_marker_dag.py
[2024-09-29T04:36:26.772+0000] {processor.py:826} INFO - Processing file /home/vscode/.local/lib/python3.10/site-packages/airflow/example_dags/example_external_task_marker_dag.py for tasks to queue
[2024-09-29T04:36:26.773+0000] {logging_mixin.py:150} INFO - [2024-09-29T04:36:26.773+0000] {dagbag.py:541} INFO - Filling up the DagBag from /home/vscode/.local/lib/python3.10/site-packages/airflow/example_dags/example_external_task_marker_dag.py
[2024-09-29T04:36:26.778+0000] {processor.py:836} INFO - DAG(s) dict_keys(['example_external_task_marker_parent', 'example_external_task_marker_child']) retrieved from /home/vscode/.local/lib/python3.10/site-packages/airflow/example_dags/example_external_task_marker_dag.py
[2024-09-29T04:36:26.795+0000] {logging_mixin.py:150} INFO - [2024-09-29T04:36:26.795+0000] {dag.py:2742} INFO - Sync 2 DAGs
[2024-09-29T04:36:26.811+0000] {logging_mixin.py:150} INFO - [2024-09-29T04:36:26.810+0000] {dag.py:3504} INFO - Setting next_dagrun for example_external_task_marker_child to None, run_after=None
[2024-09-29T04:36:26.813+0000] {logging_mixin.py:150} INFO - [2024-09-29T04:36:26.813+0000] {dag.py:3504} INFO - Setting next_dagrun for example_external_task_marker_parent to None, run_after=None
[2024-09-29T04:36:26.882+0000] {processor.py:179} INFO - Processing /home/vscode/.local/lib/python3.10/site-packages/airflow/example_dags/example_external_task_marker_dag.py took 0.112 seconds
[2024-09-29T04:37:20.500+0000] {processor.py:157} INFO - Started process (PID=15222) to work on /home/vscode/.local/lib/python3.10/site-packages/airflow/example_dags/example_external_task_marker_dag.py
[2024-09-29T04:37:20.501+0000] {processor.py:826} INFO - Processing file /home/vscode/.local/lib/python3.10/site-packages/airflow/example_dags/example_external_task_marker_dag.py for tasks to queue
[2024-09-29T04:37:20.501+0000] {logging_mixin.py:150} INFO - [2024-09-29T04:37:20.501+0000] {dagbag.py:541} INFO - Filling up the DagBag from /home/vscode/.local/lib/python3.10/site-packages/airflow/example_dags/example_external_task_marker_dag.py
[2024-09-29T04:37:20.506+0000] {processor.py:836} INFO - DAG(s) dict_keys(['example_external_task_marker_child', 'example_external_task_marker_parent']) retrieved from /home/vscode/.local/lib/python3.10/site-packages/airflow/example_dags/example_external_task_marker_dag.py
[2024-09-29T04:37:20.520+0000] {logging_mixin.py:150} INFO - [2024-09-29T04:37:20.520+0000] {dag.py:2742} INFO - Sync 2 DAGs
[2024-09-29T04:37:20.534+0000] {logging_mixin.py:150} INFO - [2024-09-29T04:37:20.534+0000] {dag.py:3504} INFO - Setting next_dagrun for example_external_task_marker_child to None, run_after=None
[2024-09-29T04:37:20.536+0000] {logging_mixin.py:150} INFO - [2024-09-29T04:37:20.536+0000] {dag.py:3504} INFO - Setting next_dagrun for example_external_task_marker_parent to None, run_after=None
[2024-09-29T04:37:20.593+0000] {processor.py:179} INFO - Processing /home/vscode/.local/lib/python3.10/site-packages/airflow/example_dags/example_external_task_marker_dag.py took 0.095 seconds
[2024-09-29T04:38:10.751+0000] {processor.py:157} INFO - Started process (PID=15646) to work on /home/vscode/.local/lib/python3.10/site-packages/airflow/example_dags/example_external_task_marker_dag.py
[2024-09-29T04:38:10.752+0000] {processor.py:826} INFO - Processing file /home/vscode/.local/lib/python3.10/site-packages/airflow/example_dags/example_external_task_marker_dag.py for tasks to queue
[2024-09-29T04:38:10.753+0000] {logging_mixin.py:150} INFO - [2024-09-29T04:38:10.753+0000] {dagbag.py:541} INFO - Filling up the DagBag from /home/vscode/.local/lib/python3.10/site-packages/airflow/example_dags/example_external_task_marker_dag.py
[2024-09-29T04:38:10.759+0000] {processor.py:836} INFO - DAG(s) dict_keys(['example_external_task_marker_parent', 'example_external_task_marker_child']) retrieved from /home/vscode/.local/lib/python3.10/site-packages/airflow/example_dags/example_external_task_marker_dag.py
[2024-09-29T04:38:10.776+0000] {logging_mixin.py:150} INFO - [2024-09-29T04:38:10.776+0000] {dag.py:2742} INFO - Sync 2 DAGs
[2024-09-29T04:38:10.790+0000] {logging_mixin.py:150} INFO - [2024-09-29T04:38:10.790+0000] {dag.py:3504} INFO - Setting next_dagrun for example_external_task_marker_child to None, run_after=None
[2024-09-29T04:38:10.793+0000] {logging_mixin.py:150} INFO - [2024-09-29T04:38:10.792+0000] {dag.py:3504} INFO - Setting next_dagrun for example_external_task_marker_parent to None, run_after=None
[2024-09-29T04:38:10.849+0000] {processor.py:179} INFO - Processing /home/vscode/.local/lib/python3.10/site-packages/airflow/example_dags/example_external_task_marker_dag.py took 0.100 seconds
[2024-09-29T04:39:00.002+0000] {processor.py:157} INFO - Started process (PID=16229) to work on /home/vscode/.local/lib/python3.10/site-packages/airflow/example_dags/example_external_task_marker_dag.py
[2024-09-29T04:39:00.002+0000] {processor.py:826} INFO - Processing file /home/vscode/.local/lib/python3.10/site-packages/airflow/example_dags/example_external_task_marker_dag.py for tasks to queue
[2024-09-29T04:39:00.003+0000] {logging_mixin.py:150} INFO - [2024-09-29T04:39:00.003+0000] {dagbag.py:541} INFO - Filling up the DagBag from /home/vscode/.local/lib/python3.10/site-packages/airflow/example_dags/example_external_task_marker_dag.py
[2024-09-29T04:39:00.008+0000] {processor.py:836} INFO - DAG(s) dict_keys(['example_external_task_marker_parent', 'example_external_task_marker_child']) retrieved from /home/vscode/.local/lib/python3.10/site-packages/airflow/example_dags/example_external_task_marker_dag.py
[2024-09-29T04:39:00.023+0000] {logging_mixin.py:150} INFO - [2024-09-29T04:39:00.022+0000] {dag.py:2742} INFO - Sync 2 DAGs
[2024-09-29T04:39:00.037+0000] {logging_mixin.py:150} INFO - [2024-09-29T04:39:00.037+0000] {dag.py:3504} INFO - Setting next_dagrun for example_external_task_marker_child to None, run_after=None
[2024-09-29T04:39:00.039+0000] {logging_mixin.py:150} INFO - [2024-09-29T04:39:00.039+0000] {dag.py:3504} INFO - Setting next_dagrun for example_external_task_marker_parent to None, run_after=None
[2024-09-29T04:39:00.134+0000] {processor.py:179} INFO - Processing /home/vscode/.local/lib/python3.10/site-packages/airflow/example_dags/example_external_task_marker_dag.py took 0.134 seconds
[2024-09-29T04:39:55.301+0000] {processor.py:157} INFO - Started process (PID=16728) to work on /home/vscode/.local/lib/python3.10/site-packages/airflow/example_dags/example_external_task_marker_dag.py
[2024-09-29T04:39:55.301+0000] {processor.py:826} INFO - Processing file /home/vscode/.local/lib/python3.10/site-packages/airflow/example_dags/example_external_task_marker_dag.py for tasks to queue
[2024-09-29T04:39:55.302+0000] {logging_mixin.py:150} INFO - [2024-09-29T04:39:55.302+0000] {dagbag.py:541} INFO - Filling up the DagBag from /home/vscode/.local/lib/python3.10/site-packages/airflow/example_dags/example_external_task_marker_dag.py
[2024-09-29T04:39:55.308+0000] {processor.py:836} INFO - DAG(s) dict_keys(['example_external_task_marker_child', 'example_external_task_marker_parent']) retrieved from /home/vscode/.local/lib/python3.10/site-packages/airflow/example_dags/example_external_task_marker_dag.py
[2024-09-29T04:39:55.329+0000] {logging_mixin.py:150} INFO - [2024-09-29T04:39:55.329+0000] {dag.py:2742} INFO - Sync 2 DAGs
[2024-09-29T04:39:55.355+0000] {logging_mixin.py:150} INFO - [2024-09-29T04:39:55.355+0000] {dag.py:3504} INFO - Setting next_dagrun for example_external_task_marker_child to None, run_after=None
[2024-09-29T04:39:55.358+0000] {logging_mixin.py:150} INFO - [2024-09-29T04:39:55.358+0000] {dag.py:3504} INFO - Setting next_dagrun for example_external_task_marker_parent to None, run_after=None
[2024-09-29T04:39:55.416+0000] {processor.py:179} INFO - Processing /home/vscode/.local/lib/python3.10/site-packages/airflow/example_dags/example_external_task_marker_dag.py took 0.118 seconds
[2024-09-29T04:59:04.620+0000] {processor.py:157} INFO - Started process (PID=23853) to work on /home/vscode/.local/lib/python3.10/site-packages/airflow/example_dags/example_external_task_marker_dag.py
[2024-09-29T04:59:04.621+0000] {processor.py:826} INFO - Processing file /home/vscode/.local/lib/python3.10/site-packages/airflow/example_dags/example_external_task_marker_dag.py for tasks to queue
[2024-09-29T04:59:04.622+0000] {logging_mixin.py:150} INFO - [2024-09-29T04:59:04.621+0000] {dagbag.py:541} INFO - Filling up the DagBag from /home/vscode/.local/lib/python3.10/site-packages/airflow/example_dags/example_external_task_marker_dag.py
[2024-09-29T04:59:04.626+0000] {processor.py:836} INFO - DAG(s) dict_keys(['example_external_task_marker_parent', 'example_external_task_marker_child']) retrieved from /home/vscode/.local/lib/python3.10/site-packages/airflow/example_dags/example_external_task_marker_dag.py
[2024-09-29T04:59:04.718+0000] {logging_mixin.py:150} INFO - [2024-09-29T04:59:04.718+0000] {dag.py:2742} INFO - Sync 2 DAGs
[2024-09-29T04:59:04.732+0000] {logging_mixin.py:150} INFO - [2024-09-29T04:59:04.731+0000] {dag.py:3504} INFO - Setting next_dagrun for example_external_task_marker_child to None, run_after=None
[2024-09-29T04:59:04.734+0000] {logging_mixin.py:150} INFO - [2024-09-29T04:59:04.733+0000] {dag.py:3504} INFO - Setting next_dagrun for example_external_task_marker_parent to None, run_after=None
[2024-09-29T04:59:04.811+0000] {processor.py:179} INFO - Processing /home/vscode/.local/lib/python3.10/site-packages/airflow/example_dags/example_external_task_marker_dag.py took 0.193 seconds
[2024-09-29T04:59:51.787+0000] {processor.py:157} INFO - Started process (PID=24189) to work on /home/vscode/.local/lib/python3.10/site-packages/airflow/example_dags/example_external_task_marker_dag.py
[2024-09-29T04:59:51.787+0000] {processor.py:826} INFO - Processing file /home/vscode/.local/lib/python3.10/site-packages/airflow/example_dags/example_external_task_marker_dag.py for tasks to queue
[2024-09-29T04:59:51.788+0000] {logging_mixin.py:150} INFO - [2024-09-29T04:59:51.788+0000] {dagbag.py:541} INFO - Filling up the DagBag from /home/vscode/.local/lib/python3.10/site-packages/airflow/example_dags/example_external_task_marker_dag.py
[2024-09-29T04:59:51.792+0000] {processor.py:836} INFO - DAG(s) dict_keys(['example_external_task_marker_child', 'example_external_task_marker_parent']) retrieved from /home/vscode/.local/lib/python3.10/site-packages/airflow/example_dags/example_external_task_marker_dag.py
[2024-09-29T04:59:51.806+0000] {logging_mixin.py:150} INFO - [2024-09-29T04:59:51.806+0000] {dag.py:2742} INFO - Sync 2 DAGs
[2024-09-29T04:59:51.822+0000] {logging_mixin.py:150} INFO - [2024-09-29T04:59:51.822+0000] {dag.py:3504} INFO - Setting next_dagrun for example_external_task_marker_child to None, run_after=None
[2024-09-29T04:59:51.824+0000] {logging_mixin.py:150} INFO - [2024-09-29T04:59:51.824+0000] {dag.py:3504} INFO - Setting next_dagrun for example_external_task_marker_parent to None, run_after=None
[2024-09-29T04:59:51.878+0000] {processor.py:179} INFO - Processing /home/vscode/.local/lib/python3.10/site-packages/airflow/example_dags/example_external_task_marker_dag.py took 0.094 seconds
[2024-09-29T05:00:41.241+0000] {processor.py:157} INFO - Started process (PID=24607) to work on /home/vscode/.local/lib/python3.10/site-packages/airflow/example_dags/example_external_task_marker_dag.py
[2024-09-29T05:00:41.242+0000] {processor.py:826} INFO - Processing file /home/vscode/.local/lib/python3.10/site-packages/airflow/example_dags/example_external_task_marker_dag.py for tasks to queue
[2024-09-29T05:00:41.243+0000] {logging_mixin.py:150} INFO - [2024-09-29T05:00:41.242+0000] {dagbag.py:541} INFO - Filling up the DagBag from /home/vscode/.local/lib/python3.10/site-packages/airflow/example_dags/example_external_task_marker_dag.py
[2024-09-29T05:00:41.247+0000] {processor.py:836} INFO - DAG(s) dict_keys(['example_external_task_marker_parent', 'example_external_task_marker_child']) retrieved from /home/vscode/.local/lib/python3.10/site-packages/airflow/example_dags/example_external_task_marker_dag.py
[2024-09-29T05:00:41.261+0000] {logging_mixin.py:150} INFO - [2024-09-29T05:00:41.261+0000] {dag.py:2742} INFO - Sync 2 DAGs
[2024-09-29T05:00:41.275+0000] {logging_mixin.py:150} INFO - [2024-09-29T05:00:41.275+0000] {dag.py:3504} INFO - Setting next_dagrun for example_external_task_marker_child to None, run_after=None
[2024-09-29T05:00:41.277+0000] {logging_mixin.py:150} INFO - [2024-09-29T05:00:41.277+0000] {dag.py:3504} INFO - Setting next_dagrun for example_external_task_marker_parent to None, run_after=None
[2024-09-29T05:00:41.336+0000] {processor.py:179} INFO - Processing /home/vscode/.local/lib/python3.10/site-packages/airflow/example_dags/example_external_task_marker_dag.py took 0.097 seconds
