[2024-09-29T04:34:23.908+0000] {processor.py:157} INFO - Started process (PID=13906) to work on /home/vscode/.local/lib/python3.10/site-packages/airflow/example_dags/example_sla_dag.py
[2024-09-29T04:34:23.909+0000] {processor.py:826} INFO - Processing file /home/vscode/.local/lib/python3.10/site-packages/airflow/example_dags/example_sla_dag.py for tasks to queue
[2024-09-29T04:34:23.909+0000] {logging_mixin.py:150} INFO - [2024-09-29T04:34:23.909+0000] {dagbag.py:541} INFO - Filling up the DagBag from /home/vscode/.local/lib/python3.10/site-packages/airflow/example_dags/example_sla_dag.py
[2024-09-29T04:34:23.917+0000] {processor.py:836} INFO - DAG(s) dict_keys(['example_sla_dag']) retrieved from /home/vscode/.local/lib/python3.10/site-packages/airflow/example_dags/example_sla_dag.py
[2024-09-29T04:34:23.928+0000] {logging_mixin.py:150} INFO - [2024-09-29T04:34:23.928+0000] {dag.py:2742} INFO - Sync 1 DAGs
[2024-09-29T04:34:24.022+0000] {logging_mixin.py:150} INFO - [2024-09-29T04:34:24.022+0000] {dag.py:3504} INFO - Setting next_dagrun for example_sla_dag to 2024-09-29T04:32:00+00:00, run_after=2024-09-29T04:34:00+00:00
[2024-09-29T04:34:24.085+0000] {processor.py:179} INFO - Processing /home/vscode/.local/lib/python3.10/site-packages/airflow/example_dags/example_sla_dag.py took 0.179 seconds
[2024-09-29T04:35:13.511+0000] {processor.py:157} INFO - Started process (PID=14247) to work on /home/vscode/.local/lib/python3.10/site-packages/airflow/example_dags/example_sla_dag.py
[2024-09-29T04:35:13.511+0000] {processor.py:826} INFO - Processing file /home/vscode/.local/lib/python3.10/site-packages/airflow/example_dags/example_sla_dag.py for tasks to queue
[2024-09-29T04:35:13.512+0000] {logging_mixin.py:150} INFO - [2024-09-29T04:35:13.512+0000] {dagbag.py:541} INFO - Filling up the DagBag from /home/vscode/.local/lib/python3.10/site-packages/airflow/example_dags/example_sla_dag.py
[2024-09-29T04:35:13.519+0000] {processor.py:836} INFO - DAG(s) dict_keys(['example_sla_dag']) retrieved from /home/vscode/.local/lib/python3.10/site-packages/airflow/example_dags/example_sla_dag.py
[2024-09-29T04:35:13.530+0000] {logging_mixin.py:150} INFO - [2024-09-29T04:35:13.530+0000] {dag.py:2742} INFO - Sync 1 DAGs
[2024-09-29T04:35:13.547+0000] {logging_mixin.py:150} INFO - [2024-09-29T04:35:13.547+0000] {dag.py:3504} INFO - Setting next_dagrun for example_sla_dag to 2024-09-29T04:32:00+00:00, run_after=2024-09-29T04:34:00+00:00
[2024-09-29T04:35:13.600+0000] {processor.py:179} INFO - Processing /home/vscode/.local/lib/python3.10/site-packages/airflow/example_dags/example_sla_dag.py took 0.092 seconds
[2024-09-29T04:36:01.277+0000] {processor.py:157} INFO - Started process (PID=14588) to work on /home/vscode/.local/lib/python3.10/site-packages/airflow/example_dags/example_sla_dag.py
[2024-09-29T04:36:01.278+0000] {processor.py:826} INFO - Processing file /home/vscode/.local/lib/python3.10/site-packages/airflow/example_dags/example_sla_dag.py for tasks to queue
[2024-09-29T04:36:01.279+0000] {logging_mixin.py:150} INFO - [2024-09-29T04:36:01.278+0000] {dagbag.py:541} INFO - Filling up the DagBag from /home/vscode/.local/lib/python3.10/site-packages/airflow/example_dags/example_sla_dag.py
[2024-09-29T04:36:01.285+0000] {processor.py:836} INFO - DAG(s) dict_keys(['example_sla_dag']) retrieved from /home/vscode/.local/lib/python3.10/site-packages/airflow/example_dags/example_sla_dag.py
[2024-09-29T04:36:01.296+0000] {logging_mixin.py:150} INFO - [2024-09-29T04:36:01.296+0000] {dag.py:2742} INFO - Sync 1 DAGs
[2024-09-29T04:36:01.313+0000] {logging_mixin.py:150} INFO - [2024-09-29T04:36:01.313+0000] {dag.py:3504} INFO - Setting next_dagrun for example_sla_dag to 2024-09-29T04:34:00+00:00, run_after=2024-09-29T04:36:00+00:00
[2024-09-29T04:36:01.368+0000] {processor.py:179} INFO - Processing /home/vscode/.local/lib/python3.10/site-packages/airflow/example_dags/example_sla_dag.py took 0.093 seconds
[2024-09-29T04:36:55.524+0000] {processor.py:157} INFO - Started process (PID=15018) to work on /home/vscode/.local/lib/python3.10/site-packages/airflow/example_dags/example_sla_dag.py
[2024-09-29T04:36:55.524+0000] {processor.py:826} INFO - Processing file /home/vscode/.local/lib/python3.10/site-packages/airflow/example_dags/example_sla_dag.py for tasks to queue
[2024-09-29T04:36:55.525+0000] {logging_mixin.py:150} INFO - [2024-09-29T04:36:55.525+0000] {dagbag.py:541} INFO - Filling up the DagBag from /home/vscode/.local/lib/python3.10/site-packages/airflow/example_dags/example_sla_dag.py
[2024-09-29T04:36:55.531+0000] {processor.py:836} INFO - DAG(s) dict_keys(['example_sla_dag']) retrieved from /home/vscode/.local/lib/python3.10/site-packages/airflow/example_dags/example_sla_dag.py
[2024-09-29T04:36:55.542+0000] {logging_mixin.py:150} INFO - [2024-09-29T04:36:55.542+0000] {dag.py:2742} INFO - Sync 1 DAGs
[2024-09-29T04:36:55.559+0000] {logging_mixin.py:150} INFO - [2024-09-29T04:36:55.559+0000] {dag.py:3504} INFO - Setting next_dagrun for example_sla_dag to 2024-09-29T04:34:00+00:00, run_after=2024-09-29T04:36:00+00:00
[2024-09-29T04:36:55.633+0000] {processor.py:179} INFO - Processing /home/vscode/.local/lib/python3.10/site-packages/airflow/example_dags/example_sla_dag.py took 0.112 seconds
[2024-09-29T04:37:43.095+0000] {processor.py:157} INFO - Started process (PID=15393) to work on /home/vscode/.local/lib/python3.10/site-packages/airflow/example_dags/example_sla_dag.py
[2024-09-29T04:37:43.096+0000] {processor.py:826} INFO - Processing file /home/vscode/.local/lib/python3.10/site-packages/airflow/example_dags/example_sla_dag.py for tasks to queue
[2024-09-29T04:37:43.096+0000] {logging_mixin.py:150} INFO - [2024-09-29T04:37:43.096+0000] {dagbag.py:541} INFO - Filling up the DagBag from /home/vscode/.local/lib/python3.10/site-packages/airflow/example_dags/example_sla_dag.py
[2024-09-29T04:37:43.103+0000] {processor.py:836} INFO - DAG(s) dict_keys(['example_sla_dag']) retrieved from /home/vscode/.local/lib/python3.10/site-packages/airflow/example_dags/example_sla_dag.py
[2024-09-29T04:37:43.115+0000] {logging_mixin.py:150} INFO - [2024-09-29T04:37:43.115+0000] {dag.py:2742} INFO - Sync 1 DAGs
[2024-09-29T04:37:43.132+0000] {logging_mixin.py:150} INFO - [2024-09-29T04:37:43.132+0000] {dag.py:3504} INFO - Setting next_dagrun for example_sla_dag to 2024-09-29T04:34:00+00:00, run_after=2024-09-29T04:36:00+00:00
[2024-09-29T04:37:43.206+0000] {processor.py:179} INFO - Processing /home/vscode/.local/lib/python3.10/site-packages/airflow/example_dags/example_sla_dag.py took 0.113 seconds
[2024-09-29T04:38:20.549+0000] {processor.py:157} INFO - Started process (PID=15779) to work on /home/vscode/.local/lib/python3.10/site-packages/airflow/example_dags/example_sla_dag.py
[2024-09-29T04:38:20.550+0000] {processor.py:826} INFO - Processing file /home/vscode/.local/lib/python3.10/site-packages/airflow/example_dags/example_sla_dag.py for tasks to queue
[2024-09-29T04:38:20.550+0000] {logging_mixin.py:150} INFO - [2024-09-29T04:38:20.550+0000] {dagbag.py:541} INFO - Filling up the DagBag from /home/vscode/.local/lib/python3.10/site-packages/airflow/example_dags/example_sla_dag.py
[2024-09-29T04:38:20.557+0000] {processor.py:836} INFO - DAG(s) dict_keys(['example_sla_dag']) retrieved from /home/vscode/.local/lib/python3.10/site-packages/airflow/example_dags/example_sla_dag.py
[2024-09-29T04:38:20.569+0000] {logging_mixin.py:150} INFO - [2024-09-29T04:38:20.569+0000] {dag.py:2742} INFO - Sync 1 DAGs
[2024-09-29T04:38:20.586+0000] {logging_mixin.py:150} INFO - [2024-09-29T04:38:20.586+0000] {dag.py:3504} INFO - Setting next_dagrun for example_sla_dag to 2024-09-29T04:36:00+00:00, run_after=2024-09-29T04:38:00+00:00
[2024-09-29T04:38:20.658+0000] {processor.py:179} INFO - Processing /home/vscode/.local/lib/python3.10/site-packages/airflow/example_dags/example_sla_dag.py took 0.111 seconds
[2024-09-29T04:39:10.985+0000] {processor.py:157} INFO - Started process (PID=16316) to work on /home/vscode/.local/lib/python3.10/site-packages/airflow/example_dags/example_sla_dag.py
[2024-09-29T04:39:10.986+0000] {processor.py:826} INFO - Processing file /home/vscode/.local/lib/python3.10/site-packages/airflow/example_dags/example_sla_dag.py for tasks to queue
[2024-09-29T04:39:10.987+0000] {logging_mixin.py:150} INFO - [2024-09-29T04:39:10.986+0000] {dagbag.py:541} INFO - Filling up the DagBag from /home/vscode/.local/lib/python3.10/site-packages/airflow/example_dags/example_sla_dag.py
[2024-09-29T04:39:10.993+0000] {processor.py:836} INFO - DAG(s) dict_keys(['example_sla_dag']) retrieved from /home/vscode/.local/lib/python3.10/site-packages/airflow/example_dags/example_sla_dag.py
[2024-09-29T04:39:11.005+0000] {logging_mixin.py:150} INFO - [2024-09-29T04:39:11.004+0000] {dag.py:2742} INFO - Sync 1 DAGs
[2024-09-29T04:39:11.022+0000] {logging_mixin.py:150} INFO - [2024-09-29T04:39:11.022+0000] {dag.py:3504} INFO - Setting next_dagrun for example_sla_dag to 2024-09-29T04:36:00+00:00, run_after=2024-09-29T04:38:00+00:00
[2024-09-29T04:39:11.115+0000] {processor.py:179} INFO - Processing /home/vscode/.local/lib/python3.10/site-packages/airflow/example_dags/example_sla_dag.py took 0.131 seconds
[2024-09-29T04:39:47.533+0000] {processor.py:157} INFO - Started process (PID=16662) to work on /home/vscode/.local/lib/python3.10/site-packages/airflow/example_dags/example_sla_dag.py
[2024-09-29T04:39:47.534+0000] {processor.py:826} INFO - Processing file /home/vscode/.local/lib/python3.10/site-packages/airflow/example_dags/example_sla_dag.py for tasks to queue
[2024-09-29T04:39:47.535+0000] {logging_mixin.py:150} INFO - [2024-09-29T04:39:47.534+0000] {dagbag.py:541} INFO - Filling up the DagBag from /home/vscode/.local/lib/python3.10/site-packages/airflow/example_dags/example_sla_dag.py
[2024-09-29T04:39:47.541+0000] {processor.py:836} INFO - DAG(s) dict_keys(['example_sla_dag']) retrieved from /home/vscode/.local/lib/python3.10/site-packages/airflow/example_dags/example_sla_dag.py
[2024-09-29T04:39:47.552+0000] {logging_mixin.py:150} INFO - [2024-09-29T04:39:47.552+0000] {dag.py:2742} INFO - Sync 1 DAGs
[2024-09-29T04:39:47.569+0000] {logging_mixin.py:150} INFO - [2024-09-29T04:39:47.569+0000] {dag.py:3504} INFO - Setting next_dagrun for example_sla_dag to 2024-09-29T04:36:00+00:00, run_after=2024-09-29T04:38:00+00:00
[2024-09-29T04:39:47.631+0000] {processor.py:179} INFO - Processing /home/vscode/.local/lib/python3.10/site-packages/airflow/example_dags/example_sla_dag.py took 0.100 seconds
[2024-09-29T04:58:42.450+0000] {processor.py:157} INFO - Started process (PID=23627) to work on /home/vscode/.local/lib/python3.10/site-packages/airflow/example_dags/example_sla_dag.py
[2024-09-29T04:58:42.450+0000] {processor.py:826} INFO - Processing file /home/vscode/.local/lib/python3.10/site-packages/airflow/example_dags/example_sla_dag.py for tasks to queue
[2024-09-29T04:58:42.451+0000] {logging_mixin.py:150} INFO - [2024-09-29T04:58:42.451+0000] {dagbag.py:541} INFO - Filling up the DagBag from /home/vscode/.local/lib/python3.10/site-packages/airflow/example_dags/example_sla_dag.py
[2024-09-29T04:58:42.459+0000] {processor.py:836} INFO - DAG(s) dict_keys(['example_sla_dag']) retrieved from /home/vscode/.local/lib/python3.10/site-packages/airflow/example_dags/example_sla_dag.py
[2024-09-29T04:58:42.471+0000] {logging_mixin.py:150} INFO - [2024-09-29T04:58:42.471+0000] {dag.py:2742} INFO - Sync 1 DAGs
[2024-09-29T04:58:42.574+0000] {logging_mixin.py:150} INFO - [2024-09-29T04:58:42.574+0000] {dag.py:3504} INFO - Setting next_dagrun for example_sla_dag to 2024-09-29T04:56:00+00:00, run_after=2024-09-29T04:58:00+00:00
[2024-09-29T04:58:42.652+0000] {processor.py:179} INFO - Processing /home/vscode/.local/lib/python3.10/site-packages/airflow/example_dags/example_sla_dag.py took 0.204 seconds
[2024-09-29T04:59:32.113+0000] {processor.py:157} INFO - Started process (PID=24033) to work on /home/vscode/.local/lib/python3.10/site-packages/airflow/example_dags/example_sla_dag.py
[2024-09-29T04:59:32.114+0000] {processor.py:826} INFO - Processing file /home/vscode/.local/lib/python3.10/site-packages/airflow/example_dags/example_sla_dag.py for tasks to queue
[2024-09-29T04:59:32.115+0000] {logging_mixin.py:150} INFO - [2024-09-29T04:59:32.115+0000] {dagbag.py:541} INFO - Filling up the DagBag from /home/vscode/.local/lib/python3.10/site-packages/airflow/example_dags/example_sla_dag.py
[2024-09-29T04:59:32.121+0000] {processor.py:836} INFO - DAG(s) dict_keys(['example_sla_dag']) retrieved from /home/vscode/.local/lib/python3.10/site-packages/airflow/example_dags/example_sla_dag.py
[2024-09-29T04:59:32.132+0000] {logging_mixin.py:150} INFO - [2024-09-29T04:59:32.132+0000] {dag.py:2742} INFO - Sync 1 DAGs
[2024-09-29T04:59:32.149+0000] {logging_mixin.py:150} INFO - [2024-09-29T04:59:32.149+0000] {dag.py:3504} INFO - Setting next_dagrun for example_sla_dag to 2024-09-29T04:56:00+00:00, run_after=2024-09-29T04:58:00+00:00
[2024-09-29T04:59:32.211+0000] {processor.py:179} INFO - Processing /home/vscode/.local/lib/python3.10/site-packages/airflow/example_dags/example_sla_dag.py took 0.099 seconds
[2024-09-29T05:00:19.344+0000] {processor.py:157} INFO - Started process (PID=24403) to work on /home/vscode/.local/lib/python3.10/site-packages/airflow/example_dags/example_sla_dag.py
[2024-09-29T05:00:19.344+0000] {processor.py:826} INFO - Processing file /home/vscode/.local/lib/python3.10/site-packages/airflow/example_dags/example_sla_dag.py for tasks to queue
[2024-09-29T05:00:19.345+0000] {logging_mixin.py:150} INFO - [2024-09-29T05:00:19.345+0000] {dagbag.py:541} INFO - Filling up the DagBag from /home/vscode/.local/lib/python3.10/site-packages/airflow/example_dags/example_sla_dag.py
[2024-09-29T05:00:19.351+0000] {processor.py:836} INFO - DAG(s) dict_keys(['example_sla_dag']) retrieved from /home/vscode/.local/lib/python3.10/site-packages/airflow/example_dags/example_sla_dag.py
[2024-09-29T05:00:19.362+0000] {logging_mixin.py:150} INFO - [2024-09-29T05:00:19.362+0000] {dag.py:2742} INFO - Sync 1 DAGs
[2024-09-29T05:00:19.378+0000] {logging_mixin.py:150} INFO - [2024-09-29T05:00:19.378+0000] {dag.py:3504} INFO - Setting next_dagrun for example_sla_dag to 2024-09-29T04:58:00+00:00, run_after=2024-09-29T05:00:00+00:00
[2024-09-29T05:00:19.433+0000] {processor.py:179} INFO - Processing /home/vscode/.local/lib/python3.10/site-packages/airflow/example_dags/example_sla_dag.py took 0.092 seconds
[2024-09-29T05:01:06.623+0000] {processor.py:157} INFO - Started process (PID=24864) to work on /home/vscode/.local/lib/python3.10/site-packages/airflow/example_dags/example_sla_dag.py
[2024-09-29T05:01:06.624+0000] {processor.py:826} INFO - Processing file /home/vscode/.local/lib/python3.10/site-packages/airflow/example_dags/example_sla_dag.py for tasks to queue
[2024-09-29T05:01:06.625+0000] {logging_mixin.py:150} INFO - [2024-09-29T05:01:06.624+0000] {dagbag.py:541} INFO - Filling up the DagBag from /home/vscode/.local/lib/python3.10/site-packages/airflow/example_dags/example_sla_dag.py
[2024-09-29T05:01:06.631+0000] {processor.py:836} INFO - DAG(s) dict_keys(['example_sla_dag']) retrieved from /home/vscode/.local/lib/python3.10/site-packages/airflow/example_dags/example_sla_dag.py
[2024-09-29T05:01:06.643+0000] {logging_mixin.py:150} INFO - [2024-09-29T05:01:06.642+0000] {dag.py:2742} INFO - Sync 1 DAGs
[2024-09-29T05:01:06.659+0000] {logging_mixin.py:150} INFO - [2024-09-29T05:01:06.659+0000] {dag.py:3504} INFO - Setting next_dagrun for example_sla_dag to 2024-09-29T04:58:00+00:00, run_after=2024-09-29T05:00:00+00:00
[2024-09-29T05:01:06.735+0000] {processor.py:179} INFO - Processing /home/vscode/.local/lib/python3.10/site-packages/airflow/example_dags/example_sla_dag.py took 0.114 seconds
