[2024-09-29T04:34:32.021+0000] {processor.py:157} INFO - Started process (PID=13970) to work on /home/vscode/.local/lib/python3.10/site-packages/airflow/example_dags/example_short_circuit_decorator.py
[2024-09-29T04:34:32.022+0000] {processor.py:826} INFO - Processing file /home/vscode/.local/lib/python3.10/site-packages/airflow/example_dags/example_short_circuit_decorator.py for tasks to queue
[2024-09-29T04:34:32.022+0000] {logging_mixin.py:150} INFO - [2024-09-29T04:34:32.022+0000] {dagbag.py:541} INFO - Filling up the DagBag from /home/vscode/.local/lib/python3.10/site-packages/airflow/example_dags/example_short_circuit_decorator.py
[2024-09-29T04:34:32.029+0000] {processor.py:836} INFO - DAG(s) dict_keys(['example_short_circuit_decorator']) retrieved from /home/vscode/.local/lib/python3.10/site-packages/airflow/example_dags/example_short_circuit_decorator.py
[2024-09-29T04:34:32.044+0000] {logging_mixin.py:150} INFO - [2024-09-29T04:34:32.044+0000] {dag.py:2742} INFO - Sync 1 DAGs
[2024-09-29T04:34:32.140+0000] {logging_mixin.py:150} INFO - [2024-09-29T04:34:32.140+0000] {dag.py:3504} INFO - Setting next_dagrun for example_short_circuit_decorator to 2024-09-28T04:34:32.140423+00:00, run_after=2024-09-29T04:34:32.140423+00:00
[2024-09-29T04:34:32.195+0000] {processor.py:179} INFO - Processing /home/vscode/.local/lib/python3.10/site-packages/airflow/example_dags/example_short_circuit_decorator.py took 0.176 seconds
[2024-09-29T04:35:20.535+0000] {processor.py:157} INFO - Started process (PID=14291) to work on /home/vscode/.local/lib/python3.10/site-packages/airflow/example_dags/example_short_circuit_decorator.py
[2024-09-29T04:35:20.536+0000] {processor.py:826} INFO - Processing file /home/vscode/.local/lib/python3.10/site-packages/airflow/example_dags/example_short_circuit_decorator.py for tasks to queue
[2024-09-29T04:35:20.537+0000] {logging_mixin.py:150} INFO - [2024-09-29T04:35:20.536+0000] {dagbag.py:541} INFO - Filling up the DagBag from /home/vscode/.local/lib/python3.10/site-packages/airflow/example_dags/example_short_circuit_decorator.py
[2024-09-29T04:35:20.544+0000] {processor.py:836} INFO - DAG(s) dict_keys(['example_short_circuit_decorator']) retrieved from /home/vscode/.local/lib/python3.10/site-packages/airflow/example_dags/example_short_circuit_decorator.py
[2024-09-29T04:35:20.558+0000] {logging_mixin.py:150} INFO - [2024-09-29T04:35:20.557+0000] {dag.py:2742} INFO - Sync 1 DAGs
[2024-09-29T04:35:20.572+0000] {logging_mixin.py:150} INFO - [2024-09-29T04:35:20.572+0000] {dag.py:3504} INFO - Setting next_dagrun for example_short_circuit_decorator to 2024-09-28T04:35:20.572575+00:00, run_after=2024-09-29T04:35:20.572575+00:00
[2024-09-29T04:35:20.636+0000] {processor.py:179} INFO - Processing /home/vscode/.local/lib/python3.10/site-packages/airflow/example_dags/example_short_circuit_decorator.py took 0.102 seconds
[2024-09-29T04:36:08.707+0000] {processor.py:157} INFO - Started process (PID=14646) to work on /home/vscode/.local/lib/python3.10/site-packages/airflow/example_dags/example_short_circuit_decorator.py
[2024-09-29T04:36:08.708+0000] {processor.py:826} INFO - Processing file /home/vscode/.local/lib/python3.10/site-packages/airflow/example_dags/example_short_circuit_decorator.py for tasks to queue
[2024-09-29T04:36:08.709+0000] {logging_mixin.py:150} INFO - [2024-09-29T04:36:08.708+0000] {dagbag.py:541} INFO - Filling up the DagBag from /home/vscode/.local/lib/python3.10/site-packages/airflow/example_dags/example_short_circuit_decorator.py
[2024-09-29T04:36:08.716+0000] {processor.py:836} INFO - DAG(s) dict_keys(['example_short_circuit_decorator']) retrieved from /home/vscode/.local/lib/python3.10/site-packages/airflow/example_dags/example_short_circuit_decorator.py
[2024-09-29T04:36:08.731+0000] {logging_mixin.py:150} INFO - [2024-09-29T04:36:08.731+0000] {dag.py:2742} INFO - Sync 1 DAGs
[2024-09-29T04:36:08.751+0000] {logging_mixin.py:150} INFO - [2024-09-29T04:36:08.751+0000] {dag.py:3504} INFO - Setting next_dagrun for example_short_circuit_decorator to 2024-09-28T04:36:08.751151+00:00, run_after=2024-09-29T04:36:08.751151+00:00
[2024-09-29T04:36:08.875+0000] {processor.py:179} INFO - Processing /home/vscode/.local/lib/python3.10/site-packages/airflow/example_dags/example_short_circuit_decorator.py took 0.170 seconds
[2024-09-29T04:37:02.258+0000] {processor.py:157} INFO - Started process (PID=15080) to work on /home/vscode/.local/lib/python3.10/site-packages/airflow/example_dags/example_short_circuit_decorator.py
[2024-09-29T04:37:02.259+0000] {processor.py:826} INFO - Processing file /home/vscode/.local/lib/python3.10/site-packages/airflow/example_dags/example_short_circuit_decorator.py for tasks to queue
[2024-09-29T04:37:02.260+0000] {logging_mixin.py:150} INFO - [2024-09-29T04:37:02.259+0000] {dagbag.py:541} INFO - Filling up the DagBag from /home/vscode/.local/lib/python3.10/site-packages/airflow/example_dags/example_short_circuit_decorator.py
[2024-09-29T04:37:02.267+0000] {processor.py:836} INFO - DAG(s) dict_keys(['example_short_circuit_decorator']) retrieved from /home/vscode/.local/lib/python3.10/site-packages/airflow/example_dags/example_short_circuit_decorator.py
[2024-09-29T04:37:02.280+0000] {logging_mixin.py:150} INFO - [2024-09-29T04:37:02.280+0000] {dag.py:2742} INFO - Sync 1 DAGs
[2024-09-29T04:37:02.295+0000] {logging_mixin.py:150} INFO - [2024-09-29T04:37:02.295+0000] {dag.py:3504} INFO - Setting next_dagrun for example_short_circuit_decorator to 2024-09-28T04:37:02.295017+00:00, run_after=2024-09-29T04:37:02.295017+00:00
[2024-09-29T04:37:02.382+0000] {processor.py:179} INFO - Processing /home/vscode/.local/lib/python3.10/site-packages/airflow/example_dags/example_short_circuit_decorator.py took 0.125 seconds
[2024-09-29T04:37:51.658+0000] {processor.py:157} INFO - Started process (PID=15469) to work on /home/vscode/.local/lib/python3.10/site-packages/airflow/example_dags/example_short_circuit_decorator.py
[2024-09-29T04:37:51.659+0000] {processor.py:826} INFO - Processing file /home/vscode/.local/lib/python3.10/site-packages/airflow/example_dags/example_short_circuit_decorator.py for tasks to queue
[2024-09-29T04:37:51.659+0000] {logging_mixin.py:150} INFO - [2024-09-29T04:37:51.659+0000] {dagbag.py:541} INFO - Filling up the DagBag from /home/vscode/.local/lib/python3.10/site-packages/airflow/example_dags/example_short_circuit_decorator.py
[2024-09-29T04:37:51.670+0000] {processor.py:836} INFO - DAG(s) dict_keys(['example_short_circuit_decorator']) retrieved from /home/vscode/.local/lib/python3.10/site-packages/airflow/example_dags/example_short_circuit_decorator.py
[2024-09-29T04:37:51.696+0000] {logging_mixin.py:150} INFO - [2024-09-29T04:37:51.695+0000] {dag.py:2742} INFO - Sync 1 DAGs
[2024-09-29T04:37:51.720+0000] {logging_mixin.py:150} INFO - [2024-09-29T04:37:51.720+0000] {dag.py:3504} INFO - Setting next_dagrun for example_short_circuit_decorator to 2024-09-28T04:37:51.720219+00:00, run_after=2024-09-29T04:37:51.720219+00:00
[2024-09-29T04:37:51.814+0000] {processor.py:179} INFO - Processing /home/vscode/.local/lib/python3.10/site-packages/airflow/example_dags/example_short_circuit_decorator.py took 0.158 seconds
[2024-09-29T04:38:43.635+0000] {processor.py:157} INFO - Started process (PID=16039) to work on /home/vscode/.local/lib/python3.10/site-packages/airflow/example_dags/example_short_circuit_decorator.py
[2024-09-29T04:38:43.636+0000] {processor.py:826} INFO - Processing file /home/vscode/.local/lib/python3.10/site-packages/airflow/example_dags/example_short_circuit_decorator.py for tasks to queue
[2024-09-29T04:38:43.637+0000] {logging_mixin.py:150} INFO - [2024-09-29T04:38:43.636+0000] {dagbag.py:541} INFO - Filling up the DagBag from /home/vscode/.local/lib/python3.10/site-packages/airflow/example_dags/example_short_circuit_decorator.py
[2024-09-29T04:38:43.644+0000] {processor.py:836} INFO - DAG(s) dict_keys(['example_short_circuit_decorator']) retrieved from /home/vscode/.local/lib/python3.10/site-packages/airflow/example_dags/example_short_circuit_decorator.py
[2024-09-29T04:38:43.658+0000] {logging_mixin.py:150} INFO - [2024-09-29T04:38:43.658+0000] {dag.py:2742} INFO - Sync 1 DAGs
[2024-09-29T04:38:43.672+0000] {logging_mixin.py:150} INFO - [2024-09-29T04:38:43.672+0000] {dag.py:3504} INFO - Setting next_dagrun for example_short_circuit_decorator to 2024-09-28T04:38:43.672536+00:00, run_after=2024-09-29T04:38:43.672536+00:00
[2024-09-29T04:38:43.753+0000] {processor.py:179} INFO - Processing /home/vscode/.local/lib/python3.10/site-packages/airflow/example_dags/example_short_circuit_decorator.py took 0.120 seconds
[2024-09-29T04:39:36.163+0000] {processor.py:157} INFO - Started process (PID=16518) to work on /home/vscode/.local/lib/python3.10/site-packages/airflow/example_dags/example_short_circuit_decorator.py
[2024-09-29T04:39:36.164+0000] {processor.py:826} INFO - Processing file /home/vscode/.local/lib/python3.10/site-packages/airflow/example_dags/example_short_circuit_decorator.py for tasks to queue
[2024-09-29T04:39:36.164+0000] {logging_mixin.py:150} INFO - [2024-09-29T04:39:36.164+0000] {dagbag.py:541} INFO - Filling up the DagBag from /home/vscode/.local/lib/python3.10/site-packages/airflow/example_dags/example_short_circuit_decorator.py
[2024-09-29T04:39:36.172+0000] {processor.py:836} INFO - DAG(s) dict_keys(['example_short_circuit_decorator']) retrieved from /home/vscode/.local/lib/python3.10/site-packages/airflow/example_dags/example_short_circuit_decorator.py
[2024-09-29T04:39:36.185+0000] {logging_mixin.py:150} INFO - [2024-09-29T04:39:36.185+0000] {dag.py:2742} INFO - Sync 1 DAGs
[2024-09-29T04:39:36.202+0000] {logging_mixin.py:150} INFO - [2024-09-29T04:39:36.201+0000] {dag.py:3504} INFO - Setting next_dagrun for example_short_circuit_decorator to 2024-09-28T04:39:36.201776+00:00, run_after=2024-09-29T04:39:36.201776+00:00
[2024-09-29T04:39:36.257+0000] {processor.py:179} INFO - Processing /home/vscode/.local/lib/python3.10/site-packages/airflow/example_dags/example_short_circuit_decorator.py took 0.096 seconds
[2024-09-29T04:58:49.768+0000] {processor.py:157} INFO - Started process (PID=23754) to work on /home/vscode/.local/lib/python3.10/site-packages/airflow/example_dags/example_short_circuit_decorator.py
[2024-09-29T04:58:49.769+0000] {processor.py:826} INFO - Processing file /home/vscode/.local/lib/python3.10/site-packages/airflow/example_dags/example_short_circuit_decorator.py for tasks to queue
[2024-09-29T04:58:49.770+0000] {logging_mixin.py:150} INFO - [2024-09-29T04:58:49.769+0000] {dagbag.py:541} INFO - Filling up the DagBag from /home/vscode/.local/lib/python3.10/site-packages/airflow/example_dags/example_short_circuit_decorator.py
[2024-09-29T04:58:49.778+0000] {processor.py:836} INFO - DAG(s) dict_keys(['example_short_circuit_decorator']) retrieved from /home/vscode/.local/lib/python3.10/site-packages/airflow/example_dags/example_short_circuit_decorator.py
[2024-09-29T04:58:49.794+0000] {logging_mixin.py:150} INFO - [2024-09-29T04:58:49.794+0000] {dag.py:2742} INFO - Sync 1 DAGs
[2024-09-29T04:58:49.891+0000] {logging_mixin.py:150} INFO - [2024-09-29T04:58:49.891+0000] {dag.py:3504} INFO - Setting next_dagrun for example_short_circuit_decorator to 2024-09-28T04:58:49.891412+00:00, run_after=2024-09-29T04:58:49.891412+00:00
[2024-09-29T04:58:49.954+0000] {processor.py:179} INFO - Processing /home/vscode/.local/lib/python3.10/site-packages/airflow/example_dags/example_short_circuit_decorator.py took 0.188 seconds
[2024-09-29T04:59:39.794+0000] {processor.py:157} INFO - Started process (PID=24090) to work on /home/vscode/.local/lib/python3.10/site-packages/airflow/example_dags/example_short_circuit_decorator.py
[2024-09-29T04:59:39.795+0000] {processor.py:826} INFO - Processing file /home/vscode/.local/lib/python3.10/site-packages/airflow/example_dags/example_short_circuit_decorator.py for tasks to queue
[2024-09-29T04:59:39.795+0000] {logging_mixin.py:150} INFO - [2024-09-29T04:59:39.795+0000] {dagbag.py:541} INFO - Filling up the DagBag from /home/vscode/.local/lib/python3.10/site-packages/airflow/example_dags/example_short_circuit_decorator.py
[2024-09-29T04:59:39.802+0000] {processor.py:836} INFO - DAG(s) dict_keys(['example_short_circuit_decorator']) retrieved from /home/vscode/.local/lib/python3.10/site-packages/airflow/example_dags/example_short_circuit_decorator.py
[2024-09-29T04:59:39.815+0000] {logging_mixin.py:150} INFO - [2024-09-29T04:59:39.815+0000] {dag.py:2742} INFO - Sync 1 DAGs
[2024-09-29T04:59:39.836+0000] {logging_mixin.py:150} INFO - [2024-09-29T04:59:39.836+0000] {dag.py:3504} INFO - Setting next_dagrun for example_short_circuit_decorator to 2024-09-28T04:59:39.836490+00:00, run_after=2024-09-29T04:59:39.836490+00:00
[2024-09-29T04:59:39.901+0000] {processor.py:179} INFO - Processing /home/vscode/.local/lib/python3.10/site-packages/airflow/example_dags/example_short_circuit_decorator.py took 0.109 seconds
[2024-09-29T05:00:26.997+0000] {processor.py:157} INFO - Started process (PID=24461) to work on /home/vscode/.local/lib/python3.10/site-packages/airflow/example_dags/example_short_circuit_decorator.py
[2024-09-29T05:00:26.998+0000] {processor.py:826} INFO - Processing file /home/vscode/.local/lib/python3.10/site-packages/airflow/example_dags/example_short_circuit_decorator.py for tasks to queue
[2024-09-29T05:00:26.998+0000] {logging_mixin.py:150} INFO - [2024-09-29T05:00:26.998+0000] {dagbag.py:541} INFO - Filling up the DagBag from /home/vscode/.local/lib/python3.10/site-packages/airflow/example_dags/example_short_circuit_decorator.py
[2024-09-29T05:00:27.005+0000] {processor.py:836} INFO - DAG(s) dict_keys(['example_short_circuit_decorator']) retrieved from /home/vscode/.local/lib/python3.10/site-packages/airflow/example_dags/example_short_circuit_decorator.py
[2024-09-29T05:00:27.018+0000] {logging_mixin.py:150} INFO - [2024-09-29T05:00:27.018+0000] {dag.py:2742} INFO - Sync 1 DAGs
[2024-09-29T05:00:27.032+0000] {logging_mixin.py:150} INFO - [2024-09-29T05:00:27.032+0000] {dag.py:3504} INFO - Setting next_dagrun for example_short_circuit_decorator to 2024-09-28T05:00:27.031896+00:00, run_after=2024-09-29T05:00:27.031896+00:00
[2024-09-29T05:00:27.185+0000] {processor.py:179} INFO - Processing /home/vscode/.local/lib/python3.10/site-packages/airflow/example_dags/example_short_circuit_decorator.py took 0.190 seconds
[2024-09-29T05:01:14.620+0000] {processor.py:157} INFO - Started process (PID=24946) to work on /home/vscode/.local/lib/python3.10/site-packages/airflow/example_dags/example_short_circuit_decorator.py
[2024-09-29T05:01:14.620+0000] {processor.py:826} INFO - Processing file /home/vscode/.local/lib/python3.10/site-packages/airflow/example_dags/example_short_circuit_decorator.py for tasks to queue
[2024-09-29T05:01:14.621+0000] {logging_mixin.py:150} INFO - [2024-09-29T05:01:14.621+0000] {dagbag.py:541} INFO - Filling up the DagBag from /home/vscode/.local/lib/python3.10/site-packages/airflow/example_dags/example_short_circuit_decorator.py
[2024-09-29T05:01:14.628+0000] {processor.py:836} INFO - DAG(s) dict_keys(['example_short_circuit_decorator']) retrieved from /home/vscode/.local/lib/python3.10/site-packages/airflow/example_dags/example_short_circuit_decorator.py
[2024-09-29T05:01:14.641+0000] {logging_mixin.py:150} INFO - [2024-09-29T05:01:14.641+0000] {dag.py:2742} INFO - Sync 1 DAGs
[2024-09-29T05:01:14.658+0000] {logging_mixin.py:150} INFO - [2024-09-29T05:01:14.658+0000] {dag.py:3504} INFO - Setting next_dagrun for example_short_circuit_decorator to 2024-09-28T05:01:14.657914+00:00, run_after=2024-09-29T05:01:14.657914+00:00
[2024-09-29T05:01:14.710+0000] {processor.py:179} INFO - Processing /home/vscode/.local/lib/python3.10/site-packages/airflow/example_dags/example_short_circuit_decorator.py took 0.093 seconds
