[2024-09-29T04:34:52.713+0000] {processor.py:157} INFO - Started process (PID=14110) to work on /home/vscode/.local/lib/python3.10/site-packages/airflow/example_dags/example_branch_labels.py
[2024-09-29T04:34:52.714+0000] {processor.py:826} INFO - Processing file /home/vscode/.local/lib/python3.10/site-packages/airflow/example_dags/example_branch_labels.py for tasks to queue
[2024-09-29T04:34:52.714+0000] {logging_mixin.py:150} INFO - [2024-09-29T04:34:52.714+0000] {dagbag.py:541} INFO - Filling up the DagBag from /home/vscode/.local/lib/python3.10/site-packages/airflow/example_dags/example_branch_labels.py
[2024-09-29T04:34:52.720+0000] {processor.py:836} INFO - DAG(s) dict_keys(['example_branch_labels']) retrieved from /home/vscode/.local/lib/python3.10/site-packages/airflow/example_dags/example_branch_labels.py
[2024-09-29T04:34:52.732+0000] {logging_mixin.py:150} INFO - [2024-09-29T04:34:52.732+0000] {dag.py:2742} INFO - Sync 1 DAGs
[2024-09-29T04:34:52.747+0000] {logging_mixin.py:150} INFO - [2024-09-29T04:34:52.747+0000] {dag.py:3504} INFO - Setting next_dagrun for example_branch_labels to 2024-09-28T00:00:00+00:00, run_after=2024-09-29T00:00:00+00:00
[2024-09-29T04:34:52.810+0000] {processor.py:179} INFO - Processing /home/vscode/.local/lib/python3.10/site-packages/airflow/example_dags/example_branch_labels.py took 0.099 seconds
[2024-09-29T04:35:45.178+0000] {processor.py:157} INFO - Started process (PID=14459) to work on /home/vscode/.local/lib/python3.10/site-packages/airflow/example_dags/example_branch_labels.py
[2024-09-29T04:35:45.179+0000] {processor.py:826} INFO - Processing file /home/vscode/.local/lib/python3.10/site-packages/airflow/example_dags/example_branch_labels.py for tasks to queue
[2024-09-29T04:35:45.180+0000] {logging_mixin.py:150} INFO - [2024-09-29T04:35:45.179+0000] {dagbag.py:541} INFO - Filling up the DagBag from /home/vscode/.local/lib/python3.10/site-packages/airflow/example_dags/example_branch_labels.py
[2024-09-29T04:35:45.185+0000] {processor.py:836} INFO - DAG(s) dict_keys(['example_branch_labels']) retrieved from /home/vscode/.local/lib/python3.10/site-packages/airflow/example_dags/example_branch_labels.py
[2024-09-29T04:35:45.200+0000] {logging_mixin.py:150} INFO - [2024-09-29T04:35:45.200+0000] {dag.py:2742} INFO - Sync 1 DAGs
[2024-09-29T04:35:45.225+0000] {logging_mixin.py:150} INFO - [2024-09-29T04:35:45.224+0000] {dag.py:3504} INFO - Setting next_dagrun for example_branch_labels to 2024-09-28T00:00:00+00:00, run_after=2024-09-29T00:00:00+00:00
[2024-09-29T04:35:45.278+0000] {processor.py:179} INFO - Processing /home/vscode/.local/lib/python3.10/site-packages/airflow/example_dags/example_branch_labels.py took 0.102 seconds
[2024-09-29T04:36:40.256+0000] {processor.py:157} INFO - Started process (PID=14897) to work on /home/vscode/.local/lib/python3.10/site-packages/airflow/example_dags/example_branch_labels.py
[2024-09-29T04:36:40.257+0000] {processor.py:826} INFO - Processing file /home/vscode/.local/lib/python3.10/site-packages/airflow/example_dags/example_branch_labels.py for tasks to queue
[2024-09-29T04:36:40.258+0000] {logging_mixin.py:150} INFO - [2024-09-29T04:36:40.257+0000] {dagbag.py:541} INFO - Filling up the DagBag from /home/vscode/.local/lib/python3.10/site-packages/airflow/example_dags/example_branch_labels.py
[2024-09-29T04:36:40.264+0000] {processor.py:836} INFO - DAG(s) dict_keys(['example_branch_labels']) retrieved from /home/vscode/.local/lib/python3.10/site-packages/airflow/example_dags/example_branch_labels.py
[2024-09-29T04:36:40.281+0000] {logging_mixin.py:150} INFO - [2024-09-29T04:36:40.281+0000] {dag.py:2742} INFO - Sync 1 DAGs
[2024-09-29T04:36:40.308+0000] {logging_mixin.py:150} INFO - [2024-09-29T04:36:40.308+0000] {dag.py:3504} INFO - Setting next_dagrun for example_branch_labels to 2024-09-28T00:00:00+00:00, run_after=2024-09-29T00:00:00+00:00
[2024-09-29T04:36:40.369+0000] {processor.py:179} INFO - Processing /home/vscode/.local/lib/python3.10/site-packages/airflow/example_dags/example_branch_labels.py took 0.115 seconds
[2024-09-29T04:37:31.999+0000] {processor.py:157} INFO - Started process (PID=15307) to work on /home/vscode/.local/lib/python3.10/site-packages/airflow/example_dags/example_branch_labels.py
[2024-09-29T04:37:31.999+0000] {processor.py:826} INFO - Processing file /home/vscode/.local/lib/python3.10/site-packages/airflow/example_dags/example_branch_labels.py for tasks to queue
[2024-09-29T04:37:32.000+0000] {logging_mixin.py:150} INFO - [2024-09-29T04:37:32.000+0000] {dagbag.py:541} INFO - Filling up the DagBag from /home/vscode/.local/lib/python3.10/site-packages/airflow/example_dags/example_branch_labels.py
[2024-09-29T04:37:32.006+0000] {processor.py:836} INFO - DAG(s) dict_keys(['example_branch_labels']) retrieved from /home/vscode/.local/lib/python3.10/site-packages/airflow/example_dags/example_branch_labels.py
[2024-09-29T04:37:32.018+0000] {logging_mixin.py:150} INFO - [2024-09-29T04:37:32.018+0000] {dag.py:2742} INFO - Sync 1 DAGs
[2024-09-29T04:37:32.034+0000] {logging_mixin.py:150} INFO - [2024-09-29T04:37:32.034+0000] {dag.py:3504} INFO - Setting next_dagrun for example_branch_labels to 2024-09-28T00:00:00+00:00, run_after=2024-09-29T00:00:00+00:00
[2024-09-29T04:37:32.107+0000] {processor.py:179} INFO - Processing /home/vscode/.local/lib/python3.10/site-packages/airflow/example_dags/example_branch_labels.py took 0.111 seconds
[2024-09-29T04:38:23.850+0000] {processor.py:157} INFO - Started process (PID=15829) to work on /home/vscode/.local/lib/python3.10/site-packages/airflow/example_dags/example_branch_labels.py
[2024-09-29T04:38:23.850+0000] {processor.py:826} INFO - Processing file /home/vscode/.local/lib/python3.10/site-packages/airflow/example_dags/example_branch_labels.py for tasks to queue
[2024-09-29T04:38:23.851+0000] {logging_mixin.py:150} INFO - [2024-09-29T04:38:23.851+0000] {dagbag.py:541} INFO - Filling up the DagBag from /home/vscode/.local/lib/python3.10/site-packages/airflow/example_dags/example_branch_labels.py
[2024-09-29T04:38:23.857+0000] {processor.py:836} INFO - DAG(s) dict_keys(['example_branch_labels']) retrieved from /home/vscode/.local/lib/python3.10/site-packages/airflow/example_dags/example_branch_labels.py
[2024-09-29T04:38:23.869+0000] {logging_mixin.py:150} INFO - [2024-09-29T04:38:23.869+0000] {dag.py:2742} INFO - Sync 1 DAGs
[2024-09-29T04:38:23.884+0000] {logging_mixin.py:150} INFO - [2024-09-29T04:38:23.884+0000] {dag.py:3504} INFO - Setting next_dagrun for example_branch_labels to 2024-09-28T00:00:00+00:00, run_after=2024-09-29T00:00:00+00:00
[2024-09-29T04:38:23.940+0000] {processor.py:179} INFO - Processing /home/vscode/.local/lib/python3.10/site-packages/airflow/example_dags/example_branch_labels.py took 0.092 seconds
[2024-09-29T04:39:14.024+0000] {processor.py:157} INFO - Started process (PID=16347) to work on /home/vscode/.local/lib/python3.10/site-packages/airflow/example_dags/example_branch_labels.py
[2024-09-29T04:39:14.024+0000] {processor.py:826} INFO - Processing file /home/vscode/.local/lib/python3.10/site-packages/airflow/example_dags/example_branch_labels.py for tasks to queue
[2024-09-29T04:39:14.025+0000] {logging_mixin.py:150} INFO - [2024-09-29T04:39:14.025+0000] {dagbag.py:541} INFO - Filling up the DagBag from /home/vscode/.local/lib/python3.10/site-packages/airflow/example_dags/example_branch_labels.py
[2024-09-29T04:39:14.031+0000] {processor.py:836} INFO - DAG(s) dict_keys(['example_branch_labels']) retrieved from /home/vscode/.local/lib/python3.10/site-packages/airflow/example_dags/example_branch_labels.py
[2024-09-29T04:39:14.043+0000] {logging_mixin.py:150} INFO - [2024-09-29T04:39:14.043+0000] {dag.py:2742} INFO - Sync 1 DAGs
[2024-09-29T04:39:14.060+0000] {logging_mixin.py:150} INFO - [2024-09-29T04:39:14.059+0000] {dag.py:3504} INFO - Setting next_dagrun for example_branch_labels to 2024-09-28T00:00:00+00:00, run_after=2024-09-29T00:00:00+00:00
[2024-09-29T04:39:14.138+0000] {processor.py:179} INFO - Processing /home/vscode/.local/lib/python3.10/site-packages/airflow/example_dags/example_branch_labels.py took 0.117 seconds
[2024-09-29T04:40:09.043+0000] {processor.py:157} INFO - Started process (PID=16865) to work on /home/vscode/.local/lib/python3.10/site-packages/airflow/example_dags/example_branch_labels.py
[2024-09-29T04:40:09.044+0000] {processor.py:826} INFO - Processing file /home/vscode/.local/lib/python3.10/site-packages/airflow/example_dags/example_branch_labels.py for tasks to queue
[2024-09-29T04:40:09.045+0000] {logging_mixin.py:150} INFO - [2024-09-29T04:40:09.044+0000] {dagbag.py:541} INFO - Filling up the DagBag from /home/vscode/.local/lib/python3.10/site-packages/airflow/example_dags/example_branch_labels.py
[2024-09-29T04:40:09.051+0000] {processor.py:836} INFO - DAG(s) dict_keys(['example_branch_labels']) retrieved from /home/vscode/.local/lib/python3.10/site-packages/airflow/example_dags/example_branch_labels.py
[2024-09-29T04:40:09.064+0000] {logging_mixin.py:150} INFO - [2024-09-29T04:40:09.064+0000] {dag.py:2742} INFO - Sync 1 DAGs
[2024-09-29T04:40:09.080+0000] {logging_mixin.py:150} INFO - [2024-09-29T04:40:09.080+0000] {dag.py:3504} INFO - Setting next_dagrun for example_branch_labels to 2024-09-28T00:00:00+00:00, run_after=2024-09-29T00:00:00+00:00
[2024-09-29T04:40:09.189+0000] {processor.py:179} INFO - Processing /home/vscode/.local/lib/python3.10/site-packages/airflow/example_dags/example_branch_labels.py took 0.148 seconds
[2024-09-29T04:59:11.249+0000] {processor.py:157} INFO - Started process (PID=23896) to work on /home/vscode/.local/lib/python3.10/site-packages/airflow/example_dags/example_branch_labels.py
[2024-09-29T04:59:11.250+0000] {processor.py:826} INFO - Processing file /home/vscode/.local/lib/python3.10/site-packages/airflow/example_dags/example_branch_labels.py for tasks to queue
[2024-09-29T04:59:11.250+0000] {logging_mixin.py:150} INFO - [2024-09-29T04:59:11.250+0000] {dagbag.py:541} INFO - Filling up the DagBag from /home/vscode/.local/lib/python3.10/site-packages/airflow/example_dags/example_branch_labels.py
[2024-09-29T04:59:11.256+0000] {processor.py:836} INFO - DAG(s) dict_keys(['example_branch_labels']) retrieved from /home/vscode/.local/lib/python3.10/site-packages/airflow/example_dags/example_branch_labels.py
[2024-09-29T04:59:11.269+0000] {logging_mixin.py:150} INFO - [2024-09-29T04:59:11.269+0000] {dag.py:2742} INFO - Sync 1 DAGs
[2024-09-29T04:59:11.284+0000] {logging_mixin.py:150} INFO - [2024-09-29T04:59:11.284+0000] {dag.py:3504} INFO - Setting next_dagrun for example_branch_labels to 2024-09-28T00:00:00+00:00, run_after=2024-09-29T00:00:00+00:00
[2024-09-29T04:59:11.338+0000] {processor.py:179} INFO - Processing /home/vscode/.local/lib/python3.10/site-packages/airflow/example_dags/example_branch_labels.py took 0.092 seconds
[2024-09-29T05:00:04.728+0000] {processor.py:157} INFO - Started process (PID=24282) to work on /home/vscode/.local/lib/python3.10/site-packages/airflow/example_dags/example_branch_labels.py
[2024-09-29T05:00:04.729+0000] {processor.py:826} INFO - Processing file /home/vscode/.local/lib/python3.10/site-packages/airflow/example_dags/example_branch_labels.py for tasks to queue
[2024-09-29T05:00:04.730+0000] {logging_mixin.py:150} INFO - [2024-09-29T05:00:04.729+0000] {dagbag.py:541} INFO - Filling up the DagBag from /home/vscode/.local/lib/python3.10/site-packages/airflow/example_dags/example_branch_labels.py
[2024-09-29T05:00:04.735+0000] {processor.py:836} INFO - DAG(s) dict_keys(['example_branch_labels']) retrieved from /home/vscode/.local/lib/python3.10/site-packages/airflow/example_dags/example_branch_labels.py
[2024-09-29T05:00:04.749+0000] {logging_mixin.py:150} INFO - [2024-09-29T05:00:04.749+0000] {dag.py:2742} INFO - Sync 1 DAGs
[2024-09-29T05:00:04.765+0000] {logging_mixin.py:150} INFO - [2024-09-29T05:00:04.765+0000] {dag.py:3504} INFO - Setting next_dagrun for example_branch_labels to 2024-09-28T00:00:00+00:00, run_after=2024-09-29T00:00:00+00:00
[2024-09-29T05:00:04.825+0000] {processor.py:179} INFO - Processing /home/vscode/.local/lib/python3.10/site-packages/airflow/example_dags/example_branch_labels.py took 0.099 seconds
[2024-09-29T05:00:51.381+0000] {processor.py:157} INFO - Started process (PID=24722) to work on /home/vscode/.local/lib/python3.10/site-packages/airflow/example_dags/example_branch_labels.py
[2024-09-29T05:00:51.381+0000] {processor.py:826} INFO - Processing file /home/vscode/.local/lib/python3.10/site-packages/airflow/example_dags/example_branch_labels.py for tasks to queue
[2024-09-29T05:00:51.382+0000] {logging_mixin.py:150} INFO - [2024-09-29T05:00:51.382+0000] {dagbag.py:541} INFO - Filling up the DagBag from /home/vscode/.local/lib/python3.10/site-packages/airflow/example_dags/example_branch_labels.py
[2024-09-29T05:00:51.388+0000] {processor.py:836} INFO - DAG(s) dict_keys(['example_branch_labels']) retrieved from /home/vscode/.local/lib/python3.10/site-packages/airflow/example_dags/example_branch_labels.py
[2024-09-29T05:00:51.401+0000] {logging_mixin.py:150} INFO - [2024-09-29T05:00:51.401+0000] {dag.py:2742} INFO - Sync 1 DAGs
[2024-09-29T05:00:51.417+0000] {logging_mixin.py:150} INFO - [2024-09-29T05:00:51.416+0000] {dag.py:3504} INFO - Setting next_dagrun for example_branch_labels to 2024-09-28T00:00:00+00:00, run_after=2024-09-29T00:00:00+00:00
[2024-09-29T05:00:51.484+0000] {processor.py:179} INFO - Processing /home/vscode/.local/lib/python3.10/site-packages/airflow/example_dags/example_branch_labels.py took 0.106 seconds
