[2024-09-29T04:34:18.913+0000] {processor.py:157} INFO - Started process (PID=13873) to work on /home/vscode/.local/lib/python3.10/site-packages/airflow/example_dags/example_trigger_controller_dag.py
[2024-09-29T04:34:18.914+0000] {processor.py:826} INFO - Processing file /home/vscode/.local/lib/python3.10/site-packages/airflow/example_dags/example_trigger_controller_dag.py for tasks to queue
[2024-09-29T04:34:18.915+0000] {logging_mixin.py:150} INFO - [2024-09-29T04:34:18.915+0000] {dagbag.py:541} INFO - Filling up the DagBag from /home/vscode/.local/lib/python3.10/site-packages/airflow/example_dags/example_trigger_controller_dag.py
[2024-09-29T04:34:18.920+0000] {processor.py:836} INFO - DAG(s) dict_keys(['example_trigger_controller_dag']) retrieved from /home/vscode/.local/lib/python3.10/site-packages/airflow/example_dags/example_trigger_controller_dag.py
[2024-09-29T04:34:18.934+0000] {logging_mixin.py:150} INFO - [2024-09-29T04:34:18.934+0000] {dag.py:2742} INFO - Sync 1 DAGs
[2024-09-29T04:34:19.034+0000] {logging_mixin.py:150} INFO - [2024-09-29T04:34:19.034+0000] {dag.py:3504} INFO - Setting next_dagrun for example_trigger_controller_dag to 2021-01-01T00:00:00+00:00, run_after=2021-01-01T00:00:00+00:00
[2024-09-29T04:34:19.118+0000] {processor.py:179} INFO - Processing /home/vscode/.local/lib/python3.10/site-packages/airflow/example_dags/example_trigger_controller_dag.py took 0.206 seconds
[2024-09-29T04:35:09.728+0000] {processor.py:157} INFO - Started process (PID=14222) to work on /home/vscode/.local/lib/python3.10/site-packages/airflow/example_dags/example_trigger_controller_dag.py
[2024-09-29T04:35:09.729+0000] {processor.py:826} INFO - Processing file /home/vscode/.local/lib/python3.10/site-packages/airflow/example_dags/example_trigger_controller_dag.py for tasks to queue
[2024-09-29T04:35:09.730+0000] {logging_mixin.py:150} INFO - [2024-09-29T04:35:09.729+0000] {dagbag.py:541} INFO - Filling up the DagBag from /home/vscode/.local/lib/python3.10/site-packages/airflow/example_dags/example_trigger_controller_dag.py
[2024-09-29T04:35:09.733+0000] {processor.py:836} INFO - DAG(s) dict_keys(['example_trigger_controller_dag']) retrieved from /home/vscode/.local/lib/python3.10/site-packages/airflow/example_dags/example_trigger_controller_dag.py
[2024-09-29T04:35:09.746+0000] {logging_mixin.py:150} INFO - [2024-09-29T04:35:09.745+0000] {dag.py:2742} INFO - Sync 1 DAGs
[2024-09-29T04:35:09.760+0000] {logging_mixin.py:150} INFO - [2024-09-29T04:35:09.760+0000] {dag.py:3504} INFO - Setting next_dagrun for example_trigger_controller_dag to 2021-01-01T00:00:00+00:00, run_after=2021-01-01T00:00:00+00:00
[2024-09-29T04:35:09.818+0000] {processor.py:179} INFO - Processing /home/vscode/.local/lib/python3.10/site-packages/airflow/example_dags/example_trigger_controller_dag.py took 0.092 seconds
[2024-09-29T04:35:57.532+0000] {processor.py:157} INFO - Started process (PID=14555) to work on /home/vscode/.local/lib/python3.10/site-packages/airflow/example_dags/example_trigger_controller_dag.py
[2024-09-29T04:35:57.533+0000] {processor.py:826} INFO - Processing file /home/vscode/.local/lib/python3.10/site-packages/airflow/example_dags/example_trigger_controller_dag.py for tasks to queue
[2024-09-29T04:35:57.534+0000] {logging_mixin.py:150} INFO - [2024-09-29T04:35:57.534+0000] {dagbag.py:541} INFO - Filling up the DagBag from /home/vscode/.local/lib/python3.10/site-packages/airflow/example_dags/example_trigger_controller_dag.py
[2024-09-29T04:35:57.537+0000] {processor.py:836} INFO - DAG(s) dict_keys(['example_trigger_controller_dag']) retrieved from /home/vscode/.local/lib/python3.10/site-packages/airflow/example_dags/example_trigger_controller_dag.py
[2024-09-29T04:35:57.549+0000] {logging_mixin.py:150} INFO - [2024-09-29T04:35:57.549+0000] {dag.py:2742} INFO - Sync 1 DAGs
[2024-09-29T04:35:57.563+0000] {logging_mixin.py:150} INFO - [2024-09-29T04:35:57.563+0000] {dag.py:3504} INFO - Setting next_dagrun for example_trigger_controller_dag to 2021-01-01T00:00:00+00:00, run_after=2021-01-01T00:00:00+00:00
[2024-09-29T04:35:57.616+0000] {processor.py:179} INFO - Processing /home/vscode/.local/lib/python3.10/site-packages/airflow/example_dags/example_trigger_controller_dag.py took 0.086 seconds
[2024-09-29T04:36:34.059+0000] {processor.py:157} INFO - Started process (PID=14855) to work on /home/vscode/.local/lib/python3.10/site-packages/airflow/example_dags/example_trigger_controller_dag.py
[2024-09-29T04:36:34.060+0000] {processor.py:826} INFO - Processing file /home/vscode/.local/lib/python3.10/site-packages/airflow/example_dags/example_trigger_controller_dag.py for tasks to queue
[2024-09-29T04:36:34.061+0000] {logging_mixin.py:150} INFO - [2024-09-29T04:36:34.060+0000] {dagbag.py:541} INFO - Filling up the DagBag from /home/vscode/.local/lib/python3.10/site-packages/airflow/example_dags/example_trigger_controller_dag.py
[2024-09-29T04:36:34.064+0000] {processor.py:836} INFO - DAG(s) dict_keys(['example_trigger_controller_dag']) retrieved from /home/vscode/.local/lib/python3.10/site-packages/airflow/example_dags/example_trigger_controller_dag.py
[2024-09-29T04:36:34.076+0000] {logging_mixin.py:150} INFO - [2024-09-29T04:36:34.076+0000] {dag.py:2742} INFO - Sync 1 DAGs
[2024-09-29T04:36:34.090+0000] {logging_mixin.py:150} INFO - [2024-09-29T04:36:34.090+0000] {dag.py:3504} INFO - Setting next_dagrun for example_trigger_controller_dag to 2021-01-01T00:00:00+00:00, run_after=2021-01-01T00:00:00+00:00
[2024-09-29T04:36:34.150+0000] {processor.py:179} INFO - Processing /home/vscode/.local/lib/python3.10/site-packages/airflow/example_dags/example_trigger_controller_dag.py took 0.093 seconds
[2024-09-29T04:37:10.517+0000] {processor.py:157} INFO - Started process (PID=15140) to work on /home/vscode/.local/lib/python3.10/site-packages/airflow/example_dags/example_trigger_controller_dag.py
[2024-09-29T04:37:10.518+0000] {processor.py:826} INFO - Processing file /home/vscode/.local/lib/python3.10/site-packages/airflow/example_dags/example_trigger_controller_dag.py for tasks to queue
[2024-09-29T04:37:10.519+0000] {logging_mixin.py:150} INFO - [2024-09-29T04:37:10.518+0000] {dagbag.py:541} INFO - Filling up the DagBag from /home/vscode/.local/lib/python3.10/site-packages/airflow/example_dags/example_trigger_controller_dag.py
[2024-09-29T04:37:10.522+0000] {processor.py:836} INFO - DAG(s) dict_keys(['example_trigger_controller_dag']) retrieved from /home/vscode/.local/lib/python3.10/site-packages/airflow/example_dags/example_trigger_controller_dag.py
[2024-09-29T04:37:10.534+0000] {logging_mixin.py:150} INFO - [2024-09-29T04:37:10.534+0000] {dag.py:2742} INFO - Sync 1 DAGs
[2024-09-29T04:37:10.548+0000] {logging_mixin.py:150} INFO - [2024-09-29T04:37:10.547+0000] {dag.py:3504} INFO - Setting next_dagrun for example_trigger_controller_dag to 2021-01-01T00:00:00+00:00, run_after=2021-01-01T00:00:00+00:00
[2024-09-29T04:37:10.608+0000] {processor.py:179} INFO - Processing /home/vscode/.local/lib/python3.10/site-packages/airflow/example_dags/example_trigger_controller_dag.py took 0.093 seconds
[2024-09-29T04:38:01.014+0000] {processor.py:157} INFO - Started process (PID=15566) to work on /home/vscode/.local/lib/python3.10/site-packages/airflow/example_dags/example_trigger_controller_dag.py
[2024-09-29T04:38:01.015+0000] {processor.py:826} INFO - Processing file /home/vscode/.local/lib/python3.10/site-packages/airflow/example_dags/example_trigger_controller_dag.py for tasks to queue
[2024-09-29T04:38:01.016+0000] {logging_mixin.py:150} INFO - [2024-09-29T04:38:01.015+0000] {dagbag.py:541} INFO - Filling up the DagBag from /home/vscode/.local/lib/python3.10/site-packages/airflow/example_dags/example_trigger_controller_dag.py
[2024-09-29T04:38:01.019+0000] {processor.py:836} INFO - DAG(s) dict_keys(['example_trigger_controller_dag']) retrieved from /home/vscode/.local/lib/python3.10/site-packages/airflow/example_dags/example_trigger_controller_dag.py
[2024-09-29T04:38:01.031+0000] {logging_mixin.py:150} INFO - [2024-09-29T04:38:01.031+0000] {dag.py:2742} INFO - Sync 1 DAGs
[2024-09-29T04:38:01.045+0000] {logging_mixin.py:150} INFO - [2024-09-29T04:38:01.044+0000] {dag.py:3504} INFO - Setting next_dagrun for example_trigger_controller_dag to 2021-01-01T00:00:00+00:00, run_after=2021-01-01T00:00:00+00:00
[2024-09-29T04:38:01.120+0000] {processor.py:179} INFO - Processing /home/vscode/.local/lib/python3.10/site-packages/airflow/example_dags/example_trigger_controller_dag.py took 0.107 seconds
[2024-09-29T04:38:36.301+0000] {processor.py:157} INFO - Started process (PID=15966) to work on /home/vscode/.local/lib/python3.10/site-packages/airflow/example_dags/example_trigger_controller_dag.py
[2024-09-29T04:38:36.301+0000] {processor.py:826} INFO - Processing file /home/vscode/.local/lib/python3.10/site-packages/airflow/example_dags/example_trigger_controller_dag.py for tasks to queue
[2024-09-29T04:38:36.302+0000] {logging_mixin.py:150} INFO - [2024-09-29T04:38:36.302+0000] {dagbag.py:541} INFO - Filling up the DagBag from /home/vscode/.local/lib/python3.10/site-packages/airflow/example_dags/example_trigger_controller_dag.py
[2024-09-29T04:38:36.305+0000] {processor.py:836} INFO - DAG(s) dict_keys(['example_trigger_controller_dag']) retrieved from /home/vscode/.local/lib/python3.10/site-packages/airflow/example_dags/example_trigger_controller_dag.py
[2024-09-29T04:38:36.318+0000] {logging_mixin.py:150} INFO - [2024-09-29T04:38:36.317+0000] {dag.py:2742} INFO - Sync 1 DAGs
[2024-09-29T04:38:36.332+0000] {logging_mixin.py:150} INFO - [2024-09-29T04:38:36.332+0000] {dag.py:3504} INFO - Setting next_dagrun for example_trigger_controller_dag to 2021-01-01T00:00:00+00:00, run_after=2021-01-01T00:00:00+00:00
[2024-09-29T04:38:36.386+0000] {processor.py:179} INFO - Processing /home/vscode/.local/lib/python3.10/site-packages/airflow/example_dags/example_trigger_controller_dag.py took 0.087 seconds
[2024-09-29T04:39:26.026+0000] {processor.py:157} INFO - Started process (PID=16439) to work on /home/vscode/.local/lib/python3.10/site-packages/airflow/example_dags/example_trigger_controller_dag.py
[2024-09-29T04:39:26.027+0000] {processor.py:826} INFO - Processing file /home/vscode/.local/lib/python3.10/site-packages/airflow/example_dags/example_trigger_controller_dag.py for tasks to queue
[2024-09-29T04:39:26.027+0000] {logging_mixin.py:150} INFO - [2024-09-29T04:39:26.027+0000] {dagbag.py:541} INFO - Filling up the DagBag from /home/vscode/.local/lib/python3.10/site-packages/airflow/example_dags/example_trigger_controller_dag.py
[2024-09-29T04:39:26.031+0000] {processor.py:836} INFO - DAG(s) dict_keys(['example_trigger_controller_dag']) retrieved from /home/vscode/.local/lib/python3.10/site-packages/airflow/example_dags/example_trigger_controller_dag.py
[2024-09-29T04:39:26.043+0000] {logging_mixin.py:150} INFO - [2024-09-29T04:39:26.043+0000] {dag.py:2742} INFO - Sync 1 DAGs
[2024-09-29T04:39:26.057+0000] {logging_mixin.py:150} INFO - [2024-09-29T04:39:26.057+0000] {dag.py:3504} INFO - Setting next_dagrun for example_trigger_controller_dag to 2021-01-01T00:00:00+00:00, run_after=2021-01-01T00:00:00+00:00
[2024-09-29T04:39:26.127+0000] {processor.py:179} INFO - Processing /home/vscode/.local/lib/python3.10/site-packages/airflow/example_dags/example_trigger_controller_dag.py took 0.104 seconds
[2024-09-29T04:40:03.756+0000] {processor.py:157} INFO - Started process (PID=16799) to work on /home/vscode/.local/lib/python3.10/site-packages/airflow/example_dags/example_trigger_controller_dag.py
[2024-09-29T04:40:03.756+0000] {processor.py:826} INFO - Processing file /home/vscode/.local/lib/python3.10/site-packages/airflow/example_dags/example_trigger_controller_dag.py for tasks to queue
[2024-09-29T04:40:03.757+0000] {logging_mixin.py:150} INFO - [2024-09-29T04:40:03.757+0000] {dagbag.py:541} INFO - Filling up the DagBag from /home/vscode/.local/lib/python3.10/site-packages/airflow/example_dags/example_trigger_controller_dag.py
[2024-09-29T04:40:03.760+0000] {processor.py:836} INFO - DAG(s) dict_keys(['example_trigger_controller_dag']) retrieved from /home/vscode/.local/lib/python3.10/site-packages/airflow/example_dags/example_trigger_controller_dag.py
[2024-09-29T04:40:03.772+0000] {logging_mixin.py:150} INFO - [2024-09-29T04:40:03.772+0000] {dag.py:2742} INFO - Sync 1 DAGs
[2024-09-29T04:40:03.787+0000] {logging_mixin.py:150} INFO - [2024-09-29T04:40:03.786+0000] {dag.py:3504} INFO - Setting next_dagrun for example_trigger_controller_dag to 2021-01-01T00:00:00+00:00, run_after=2021-01-01T00:00:00+00:00
[2024-09-29T04:40:03.844+0000] {processor.py:179} INFO - Processing /home/vscode/.local/lib/python3.10/site-packages/airflow/example_dags/example_trigger_controller_dag.py took 0.091 seconds
[2024-09-29T04:58:37.455+0000] {processor.py:157} INFO - Started process (PID=23587) to work on /home/vscode/.local/lib/python3.10/site-packages/airflow/example_dags/example_trigger_controller_dag.py
[2024-09-29T04:58:37.456+0000] {processor.py:826} INFO - Processing file /home/vscode/.local/lib/python3.10/site-packages/airflow/example_dags/example_trigger_controller_dag.py for tasks to queue
[2024-09-29T04:58:37.456+0000] {logging_mixin.py:150} INFO - [2024-09-29T04:58:37.456+0000] {dagbag.py:541} INFO - Filling up the DagBag from /home/vscode/.local/lib/python3.10/site-packages/airflow/example_dags/example_trigger_controller_dag.py
[2024-09-29T04:58:37.461+0000] {processor.py:836} INFO - DAG(s) dict_keys(['example_trigger_controller_dag']) retrieved from /home/vscode/.local/lib/python3.10/site-packages/airflow/example_dags/example_trigger_controller_dag.py
[2024-09-29T04:58:37.475+0000] {logging_mixin.py:150} INFO - [2024-09-29T04:58:37.474+0000] {dag.py:2742} INFO - Sync 1 DAGs
[2024-09-29T04:58:37.565+0000] {logging_mixin.py:150} INFO - [2024-09-29T04:58:37.565+0000] {dag.py:3504} INFO - Setting next_dagrun for example_trigger_controller_dag to 2021-01-01T00:00:00+00:00, run_after=2021-01-01T00:00:00+00:00
[2024-09-29T04:58:37.667+0000] {processor.py:179} INFO - Processing /home/vscode/.local/lib/python3.10/site-packages/airflow/example_dags/example_trigger_controller_dag.py took 0.214 seconds
[2024-09-29T04:59:28.243+0000] {processor.py:157} INFO - Started process (PID=24008) to work on /home/vscode/.local/lib/python3.10/site-packages/airflow/example_dags/example_trigger_controller_dag.py
[2024-09-29T04:59:28.244+0000] {processor.py:826} INFO - Processing file /home/vscode/.local/lib/python3.10/site-packages/airflow/example_dags/example_trigger_controller_dag.py for tasks to queue
[2024-09-29T04:59:28.244+0000] {logging_mixin.py:150} INFO - [2024-09-29T04:59:28.244+0000] {dagbag.py:541} INFO - Filling up the DagBag from /home/vscode/.local/lib/python3.10/site-packages/airflow/example_dags/example_trigger_controller_dag.py
[2024-09-29T04:59:28.248+0000] {processor.py:836} INFO - DAG(s) dict_keys(['example_trigger_controller_dag']) retrieved from /home/vscode/.local/lib/python3.10/site-packages/airflow/example_dags/example_trigger_controller_dag.py
[2024-09-29T04:59:28.260+0000] {logging_mixin.py:150} INFO - [2024-09-29T04:59:28.260+0000] {dag.py:2742} INFO - Sync 1 DAGs
[2024-09-29T04:59:28.279+0000] {logging_mixin.py:150} INFO - [2024-09-29T04:59:28.278+0000] {dag.py:3504} INFO - Setting next_dagrun for example_trigger_controller_dag to 2021-01-01T00:00:00+00:00, run_after=2021-01-01T00:00:00+00:00
[2024-09-29T04:59:28.348+0000] {processor.py:179} INFO - Processing /home/vscode/.local/lib/python3.10/site-packages/airflow/example_dags/example_trigger_controller_dag.py took 0.107 seconds
[2024-09-29T05:00:15.093+0000] {processor.py:157} INFO - Started process (PID=24365) to work on /home/vscode/.local/lib/python3.10/site-packages/airflow/example_dags/example_trigger_controller_dag.py
[2024-09-29T05:00:15.094+0000] {processor.py:826} INFO - Processing file /home/vscode/.local/lib/python3.10/site-packages/airflow/example_dags/example_trigger_controller_dag.py for tasks to queue
[2024-09-29T05:00:15.095+0000] {logging_mixin.py:150} INFO - [2024-09-29T05:00:15.094+0000] {dagbag.py:541} INFO - Filling up the DagBag from /home/vscode/.local/lib/python3.10/site-packages/airflow/example_dags/example_trigger_controller_dag.py
[2024-09-29T05:00:15.098+0000] {processor.py:836} INFO - DAG(s) dict_keys(['example_trigger_controller_dag']) retrieved from /home/vscode/.local/lib/python3.10/site-packages/airflow/example_dags/example_trigger_controller_dag.py
[2024-09-29T05:00:15.111+0000] {logging_mixin.py:150} INFO - [2024-09-29T05:00:15.110+0000] {dag.py:2742} INFO - Sync 1 DAGs
[2024-09-29T05:00:15.125+0000] {logging_mixin.py:150} INFO - [2024-09-29T05:00:15.125+0000] {dag.py:3504} INFO - Setting next_dagrun for example_trigger_controller_dag to 2021-01-01T00:00:00+00:00, run_after=2021-01-01T00:00:00+00:00
[2024-09-29T05:00:15.202+0000] {processor.py:179} INFO - Processing /home/vscode/.local/lib/python3.10/site-packages/airflow/example_dags/example_trigger_controller_dag.py took 0.111 seconds
[2024-09-29T05:01:01.309+0000] {processor.py:157} INFO - Started process (PID=24830) to work on /home/vscode/.local/lib/python3.10/site-packages/airflow/example_dags/example_trigger_controller_dag.py
[2024-09-29T05:01:01.310+0000] {processor.py:826} INFO - Processing file /home/vscode/.local/lib/python3.10/site-packages/airflow/example_dags/example_trigger_controller_dag.py for tasks to queue
[2024-09-29T05:01:01.310+0000] {logging_mixin.py:150} INFO - [2024-09-29T05:01:01.310+0000] {dagbag.py:541} INFO - Filling up the DagBag from /home/vscode/.local/lib/python3.10/site-packages/airflow/example_dags/example_trigger_controller_dag.py
[2024-09-29T05:01:01.314+0000] {processor.py:836} INFO - DAG(s) dict_keys(['example_trigger_controller_dag']) retrieved from /home/vscode/.local/lib/python3.10/site-packages/airflow/example_dags/example_trigger_controller_dag.py
[2024-09-29T05:01:01.326+0000] {logging_mixin.py:150} INFO - [2024-09-29T05:01:01.325+0000] {dag.py:2742} INFO - Sync 1 DAGs
[2024-09-29T05:01:01.339+0000] {logging_mixin.py:150} INFO - [2024-09-29T05:01:01.339+0000] {dag.py:3504} INFO - Setting next_dagrun for example_trigger_controller_dag to 2021-01-01T00:00:00+00:00, run_after=2021-01-01T00:00:00+00:00
[2024-09-29T05:01:01.557+0000] {processor.py:179} INFO - Processing /home/vscode/.local/lib/python3.10/site-packages/airflow/example_dags/example_trigger_controller_dag.py took 0.250 seconds
