[2024-09-29T04:34:27.130+0000] {processor.py:157} INFO - Started process (PID=13930) to work on /home/vscode/.local/lib/python3.10/site-packages/airflow/example_dags/example_task_group_decorator.py
[2024-09-29T04:34:27.131+0000] {processor.py:826} INFO - Processing file /home/vscode/.local/lib/python3.10/site-packages/airflow/example_dags/example_task_group_decorator.py for tasks to queue
[2024-09-29T04:34:27.131+0000] {logging_mixin.py:150} INFO - [2024-09-29T04:34:27.131+0000] {dagbag.py:541} INFO - Filling up the DagBag from /home/vscode/.local/lib/python3.10/site-packages/airflow/example_dags/example_task_group_decorator.py
[2024-09-29T04:34:27.144+0000] {processor.py:836} INFO - DAG(s) dict_keys(['example_task_group_decorator']) retrieved from /home/vscode/.local/lib/python3.10/site-packages/airflow/example_dags/example_task_group_decorator.py
[2024-09-29T04:34:27.159+0000] {logging_mixin.py:150} INFO - [2024-09-29T04:34:27.159+0000] {dag.py:2742} INFO - Sync 1 DAGs
[2024-09-29T04:34:27.252+0000] {logging_mixin.py:150} INFO - [2024-09-29T04:34:27.252+0000] {dag.py:3504} INFO - Setting next_dagrun for example_task_group_decorator to 2024-09-28T04:34:27.252543+00:00, run_after=2024-09-29T04:34:27.252543+00:00
[2024-09-29T04:34:27.309+0000] {processor.py:179} INFO - Processing /home/vscode/.local/lib/python3.10/site-packages/airflow/example_dags/example_task_group_decorator.py took 0.181 seconds
[2024-09-29T04:35:16.377+0000] {processor.py:157} INFO - Started process (PID=14265) to work on /home/vscode/.local/lib/python3.10/site-packages/airflow/example_dags/example_task_group_decorator.py
[2024-09-29T04:35:16.378+0000] {processor.py:826} INFO - Processing file /home/vscode/.local/lib/python3.10/site-packages/airflow/example_dags/example_task_group_decorator.py for tasks to queue
[2024-09-29T04:35:16.379+0000] {logging_mixin.py:150} INFO - [2024-09-29T04:35:16.378+0000] {dagbag.py:541} INFO - Filling up the DagBag from /home/vscode/.local/lib/python3.10/site-packages/airflow/example_dags/example_task_group_decorator.py
[2024-09-29T04:35:16.390+0000] {processor.py:836} INFO - DAG(s) dict_keys(['example_task_group_decorator']) retrieved from /home/vscode/.local/lib/python3.10/site-packages/airflow/example_dags/example_task_group_decorator.py
[2024-09-29T04:35:16.406+0000] {logging_mixin.py:150} INFO - [2024-09-29T04:35:16.406+0000] {dag.py:2742} INFO - Sync 1 DAGs
[2024-09-29T04:35:16.421+0000] {logging_mixin.py:150} INFO - [2024-09-29T04:35:16.421+0000] {dag.py:3504} INFO - Setting next_dagrun for example_task_group_decorator to 2024-09-28T04:35:16.420871+00:00, run_after=2024-09-29T04:35:16.420871+00:00
[2024-09-29T04:35:16.495+0000] {processor.py:179} INFO - Processing /home/vscode/.local/lib/python3.10/site-packages/airflow/example_dags/example_task_group_decorator.py took 0.120 seconds
[2024-09-29T04:36:04.708+0000] {processor.py:157} INFO - Started process (PID=14619) to work on /home/vscode/.local/lib/python3.10/site-packages/airflow/example_dags/example_task_group_decorator.py
[2024-09-29T04:36:04.709+0000] {processor.py:826} INFO - Processing file /home/vscode/.local/lib/python3.10/site-packages/airflow/example_dags/example_task_group_decorator.py for tasks to queue
[2024-09-29T04:36:04.709+0000] {logging_mixin.py:150} INFO - [2024-09-29T04:36:04.709+0000] {dagbag.py:541} INFO - Filling up the DagBag from /home/vscode/.local/lib/python3.10/site-packages/airflow/example_dags/example_task_group_decorator.py
[2024-09-29T04:36:04.721+0000] {processor.py:836} INFO - DAG(s) dict_keys(['example_task_group_decorator']) retrieved from /home/vscode/.local/lib/python3.10/site-packages/airflow/example_dags/example_task_group_decorator.py
[2024-09-29T04:36:04.736+0000] {logging_mixin.py:150} INFO - [2024-09-29T04:36:04.736+0000] {dag.py:2742} INFO - Sync 1 DAGs
[2024-09-29T04:36:04.750+0000] {logging_mixin.py:150} INFO - [2024-09-29T04:36:04.750+0000] {dag.py:3504} INFO - Setting next_dagrun for example_task_group_decorator to 2024-09-28T04:36:04.750037+00:00, run_after=2024-09-29T04:36:04.750037+00:00
[2024-09-29T04:36:04.820+0000] {processor.py:179} INFO - Processing /home/vscode/.local/lib/python3.10/site-packages/airflow/example_dags/example_task_group_decorator.py took 0.114 seconds
[2024-09-29T04:36:58.432+0000] {processor.py:157} INFO - Started process (PID=15049) to work on /home/vscode/.local/lib/python3.10/site-packages/airflow/example_dags/example_task_group_decorator.py
[2024-09-29T04:36:58.433+0000] {processor.py:826} INFO - Processing file /home/vscode/.local/lib/python3.10/site-packages/airflow/example_dags/example_task_group_decorator.py for tasks to queue
[2024-09-29T04:36:58.433+0000] {logging_mixin.py:150} INFO - [2024-09-29T04:36:58.433+0000] {dagbag.py:541} INFO - Filling up the DagBag from /home/vscode/.local/lib/python3.10/site-packages/airflow/example_dags/example_task_group_decorator.py
[2024-09-29T04:36:58.445+0000] {processor.py:836} INFO - DAG(s) dict_keys(['example_task_group_decorator']) retrieved from /home/vscode/.local/lib/python3.10/site-packages/airflow/example_dags/example_task_group_decorator.py
[2024-09-29T04:36:58.459+0000] {logging_mixin.py:150} INFO - [2024-09-29T04:36:58.459+0000] {dag.py:2742} INFO - Sync 1 DAGs
[2024-09-29T04:36:58.473+0000] {logging_mixin.py:150} INFO - [2024-09-29T04:36:58.473+0000] {dag.py:3504} INFO - Setting next_dagrun for example_task_group_decorator to 2024-09-28T04:36:58.473180+00:00, run_after=2024-09-29T04:36:58.473180+00:00
[2024-09-29T04:36:58.531+0000] {processor.py:179} INFO - Processing /home/vscode/.local/lib/python3.10/site-packages/airflow/example_dags/example_task_group_decorator.py took 0.101 seconds
[2024-09-29T04:37:46.808+0000] {processor.py:157} INFO - Started process (PID=15418) to work on /home/vscode/.local/lib/python3.10/site-packages/airflow/example_dags/example_task_group_decorator.py
[2024-09-29T04:37:46.809+0000] {processor.py:826} INFO - Processing file /home/vscode/.local/lib/python3.10/site-packages/airflow/example_dags/example_task_group_decorator.py for tasks to queue
[2024-09-29T04:37:46.810+0000] {logging_mixin.py:150} INFO - [2024-09-29T04:37:46.810+0000] {dagbag.py:541} INFO - Filling up the DagBag from /home/vscode/.local/lib/python3.10/site-packages/airflow/example_dags/example_task_group_decorator.py
[2024-09-29T04:37:46.821+0000] {processor.py:836} INFO - DAG(s) dict_keys(['example_task_group_decorator']) retrieved from /home/vscode/.local/lib/python3.10/site-packages/airflow/example_dags/example_task_group_decorator.py
[2024-09-29T04:37:46.835+0000] {logging_mixin.py:150} INFO - [2024-09-29T04:37:46.835+0000] {dag.py:2742} INFO - Sync 1 DAGs
[2024-09-29T04:37:46.850+0000] {logging_mixin.py:150} INFO - [2024-09-29T04:37:46.850+0000] {dag.py:3504} INFO - Setting next_dagrun for example_task_group_decorator to 2024-09-28T04:37:46.849843+00:00, run_after=2024-09-29T04:37:46.849843+00:00
[2024-09-29T04:37:46.907+0000] {processor.py:179} INFO - Processing /home/vscode/.local/lib/python3.10/site-packages/airflow/example_dags/example_task_group_decorator.py took 0.101 seconds
[2024-09-29T04:38:39.800+0000] {processor.py:157} INFO - Started process (PID=15994) to work on /home/vscode/.local/lib/python3.10/site-packages/airflow/example_dags/example_task_group_decorator.py
[2024-09-29T04:38:39.800+0000] {processor.py:826} INFO - Processing file /home/vscode/.local/lib/python3.10/site-packages/airflow/example_dags/example_task_group_decorator.py for tasks to queue
[2024-09-29T04:38:39.801+0000] {logging_mixin.py:150} INFO - [2024-09-29T04:38:39.801+0000] {dagbag.py:541} INFO - Filling up the DagBag from /home/vscode/.local/lib/python3.10/site-packages/airflow/example_dags/example_task_group_decorator.py
[2024-09-29T04:38:39.819+0000] {processor.py:836} INFO - DAG(s) dict_keys(['example_task_group_decorator']) retrieved from /home/vscode/.local/lib/python3.10/site-packages/airflow/example_dags/example_task_group_decorator.py
[2024-09-29T04:38:39.841+0000] {logging_mixin.py:150} INFO - [2024-09-29T04:38:39.841+0000] {dag.py:2742} INFO - Sync 1 DAGs
[2024-09-29T04:38:39.864+0000] {logging_mixin.py:150} INFO - [2024-09-29T04:38:39.864+0000] {dag.py:3504} INFO - Setting next_dagrun for example_task_group_decorator to 2024-09-28T04:38:39.864531+00:00, run_after=2024-09-29T04:38:39.864531+00:00
[2024-09-29T04:38:39.934+0000] {processor.py:179} INFO - Processing /home/vscode/.local/lib/python3.10/site-packages/airflow/example_dags/example_task_group_decorator.py took 0.136 seconds
[2024-09-29T04:39:31.531+0000] {processor.py:157} INFO - Started process (PID=16479) to work on /home/vscode/.local/lib/python3.10/site-packages/airflow/example_dags/example_task_group_decorator.py
[2024-09-29T04:39:31.532+0000] {processor.py:826} INFO - Processing file /home/vscode/.local/lib/python3.10/site-packages/airflow/example_dags/example_task_group_decorator.py for tasks to queue
[2024-09-29T04:39:31.533+0000] {logging_mixin.py:150} INFO - [2024-09-29T04:39:31.533+0000] {dagbag.py:541} INFO - Filling up the DagBag from /home/vscode/.local/lib/python3.10/site-packages/airflow/example_dags/example_task_group_decorator.py
[2024-09-29T04:39:31.544+0000] {processor.py:836} INFO - DAG(s) dict_keys(['example_task_group_decorator']) retrieved from /home/vscode/.local/lib/python3.10/site-packages/airflow/example_dags/example_task_group_decorator.py
[2024-09-29T04:39:31.558+0000] {logging_mixin.py:150} INFO - [2024-09-29T04:39:31.558+0000] {dag.py:2742} INFO - Sync 1 DAGs
[2024-09-29T04:39:31.572+0000] {logging_mixin.py:150} INFO - [2024-09-29T04:39:31.572+0000] {dag.py:3504} INFO - Setting next_dagrun for example_task_group_decorator to 2024-09-28T04:39:31.572302+00:00, run_after=2024-09-29T04:39:31.572302+00:00
[2024-09-29T04:39:31.628+0000] {processor.py:179} INFO - Processing /home/vscode/.local/lib/python3.10/site-packages/airflow/example_dags/example_task_group_decorator.py took 0.099 seconds
[2024-09-29T04:58:45.621+0000] {processor.py:157} INFO - Started process (PID=23688) to work on /home/vscode/.local/lib/python3.10/site-packages/airflow/example_dags/example_task_group_decorator.py
[2024-09-29T04:58:45.621+0000] {processor.py:826} INFO - Processing file /home/vscode/.local/lib/python3.10/site-packages/airflow/example_dags/example_task_group_decorator.py for tasks to queue
[2024-09-29T04:58:45.622+0000] {logging_mixin.py:150} INFO - [2024-09-29T04:58:45.622+0000] {dagbag.py:541} INFO - Filling up the DagBag from /home/vscode/.local/lib/python3.10/site-packages/airflow/example_dags/example_task_group_decorator.py
[2024-09-29T04:58:45.643+0000] {processor.py:836} INFO - DAG(s) dict_keys(['example_task_group_decorator']) retrieved from /home/vscode/.local/lib/python3.10/site-packages/airflow/example_dags/example_task_group_decorator.py
[2024-09-29T04:58:45.670+0000] {logging_mixin.py:150} INFO - [2024-09-29T04:58:45.670+0000] {dag.py:2742} INFO - Sync 1 DAGs
[2024-09-29T04:58:45.808+0000] {logging_mixin.py:150} INFO - [2024-09-29T04:58:45.808+0000] {dag.py:3504} INFO - Setting next_dagrun for example_task_group_decorator to 2024-09-28T04:58:45.808042+00:00, run_after=2024-09-29T04:58:45.808042+00:00
[2024-09-29T04:58:45.885+0000] {processor.py:179} INFO - Processing /home/vscode/.local/lib/python3.10/site-packages/airflow/example_dags/example_task_group_decorator.py took 0.268 seconds
[2024-09-29T04:59:35.838+0000] {processor.py:157} INFO - Started process (PID=24058) to work on /home/vscode/.local/lib/python3.10/site-packages/airflow/example_dags/example_task_group_decorator.py
[2024-09-29T04:59:35.838+0000] {processor.py:826} INFO - Processing file /home/vscode/.local/lib/python3.10/site-packages/airflow/example_dags/example_task_group_decorator.py for tasks to queue
[2024-09-29T04:59:35.839+0000] {logging_mixin.py:150} INFO - [2024-09-29T04:59:35.839+0000] {dagbag.py:541} INFO - Filling up the DagBag from /home/vscode/.local/lib/python3.10/site-packages/airflow/example_dags/example_task_group_decorator.py
[2024-09-29T04:59:35.851+0000] {processor.py:836} INFO - DAG(s) dict_keys(['example_task_group_decorator']) retrieved from /home/vscode/.local/lib/python3.10/site-packages/airflow/example_dags/example_task_group_decorator.py
[2024-09-29T04:59:35.865+0000] {logging_mixin.py:150} INFO - [2024-09-29T04:59:35.865+0000] {dag.py:2742} INFO - Sync 1 DAGs
[2024-09-29T04:59:35.879+0000] {logging_mixin.py:150} INFO - [2024-09-29T04:59:35.879+0000] {dag.py:3504} INFO - Setting next_dagrun for example_task_group_decorator to 2024-09-28T04:59:35.879175+00:00, run_after=2024-09-29T04:59:35.879175+00:00
[2024-09-29T04:59:35.930+0000] {processor.py:179} INFO - Processing /home/vscode/.local/lib/python3.10/site-packages/airflow/example_dags/example_task_group_decorator.py took 0.094 seconds
[2024-09-29T05:00:22.106+0000] {processor.py:157} INFO - Started process (PID=24428) to work on /home/vscode/.local/lib/python3.10/site-packages/airflow/example_dags/example_task_group_decorator.py
[2024-09-29T05:00:22.107+0000] {processor.py:826} INFO - Processing file /home/vscode/.local/lib/python3.10/site-packages/airflow/example_dags/example_task_group_decorator.py for tasks to queue
[2024-09-29T05:00:22.108+0000] {logging_mixin.py:150} INFO - [2024-09-29T05:00:22.108+0000] {dagbag.py:541} INFO - Filling up the DagBag from /home/vscode/.local/lib/python3.10/site-packages/airflow/example_dags/example_task_group_decorator.py
[2024-09-29T05:00:22.126+0000] {processor.py:836} INFO - DAG(s) dict_keys(['example_task_group_decorator']) retrieved from /home/vscode/.local/lib/python3.10/site-packages/airflow/example_dags/example_task_group_decorator.py
[2024-09-29T05:00:22.152+0000] {logging_mixin.py:150} INFO - [2024-09-29T05:00:22.152+0000] {dag.py:2742} INFO - Sync 1 DAGs
[2024-09-29T05:00:22.172+0000] {logging_mixin.py:150} INFO - [2024-09-29T05:00:22.172+0000] {dag.py:3504} INFO - Setting next_dagrun for example_task_group_decorator to 2024-09-28T05:00:22.172214+00:00, run_after=2024-09-29T05:00:22.172214+00:00
[2024-09-29T05:00:22.229+0000] {processor.py:179} INFO - Processing /home/vscode/.local/lib/python3.10/site-packages/airflow/example_dags/example_task_group_decorator.py took 0.125 seconds
[2024-09-29T05:01:10.531+0000] {processor.py:157} INFO - Started process (PID=24901) to work on /home/vscode/.local/lib/python3.10/site-packages/airflow/example_dags/example_task_group_decorator.py
[2024-09-29T05:01:10.532+0000] {processor.py:826} INFO - Processing file /home/vscode/.local/lib/python3.10/site-packages/airflow/example_dags/example_task_group_decorator.py for tasks to queue
[2024-09-29T05:01:10.533+0000] {logging_mixin.py:150} INFO - [2024-09-29T05:01:10.533+0000] {dagbag.py:541} INFO - Filling up the DagBag from /home/vscode/.local/lib/python3.10/site-packages/airflow/example_dags/example_task_group_decorator.py
[2024-09-29T05:01:10.546+0000] {processor.py:836} INFO - DAG(s) dict_keys(['example_task_group_decorator']) retrieved from /home/vscode/.local/lib/python3.10/site-packages/airflow/example_dags/example_task_group_decorator.py
[2024-09-29T05:01:10.561+0000] {logging_mixin.py:150} INFO - [2024-09-29T05:01:10.560+0000] {dag.py:2742} INFO - Sync 1 DAGs
[2024-09-29T05:01:10.576+0000] {logging_mixin.py:150} INFO - [2024-09-29T05:01:10.576+0000] {dag.py:3504} INFO - Setting next_dagrun for example_task_group_decorator to 2024-09-28T05:01:10.575825+00:00, run_after=2024-09-29T05:01:10.575825+00:00
[2024-09-29T05:01:11.001+0000] {processor.py:179} INFO - Processing /home/vscode/.local/lib/python3.10/site-packages/airflow/example_dags/example_task_group_decorator.py took 0.471 seconds
