[2024-09-29T04:34:33.254+0000] {processor.py:157} INFO - Started process (PID=13978) to work on /home/vscode/.local/lib/python3.10/site-packages/airflow/example_dags/example_short_circuit_operator.py
[2024-09-29T04:34:33.254+0000] {processor.py:826} INFO - Processing file /home/vscode/.local/lib/python3.10/site-packages/airflow/example_dags/example_short_circuit_operator.py for tasks to queue
[2024-09-29T04:34:33.255+0000] {logging_mixin.py:150} INFO - [2024-09-29T04:34:33.255+0000] {dagbag.py:541} INFO - Filling up the DagBag from /home/vscode/.local/lib/python3.10/site-packages/airflow/example_dags/example_short_circuit_operator.py
[2024-09-29T04:34:33.261+0000] {processor.py:836} INFO - DAG(s) dict_keys(['example_short_circuit_operator']) retrieved from /home/vscode/.local/lib/python3.10/site-packages/airflow/example_dags/example_short_circuit_operator.py
[2024-09-29T04:34:33.275+0000] {logging_mixin.py:150} INFO - [2024-09-29T04:34:33.275+0000] {dag.py:2742} INFO - Sync 1 DAGs
[2024-09-29T04:34:33.367+0000] {logging_mixin.py:150} INFO - [2024-09-29T04:34:33.366+0000] {dag.py:3504} INFO - Setting next_dagrun for example_short_circuit_operator to 2024-09-28T04:34:33.366824+00:00, run_after=2024-09-29T04:34:33.366824+00:00
[2024-09-29T04:34:33.434+0000] {processor.py:179} INFO - Processing /home/vscode/.local/lib/python3.10/site-packages/airflow/example_dags/example_short_circuit_operator.py took 0.182 seconds
[2024-09-29T04:35:21.671+0000] {processor.py:157} INFO - Started process (PID=14303) to work on /home/vscode/.local/lib/python3.10/site-packages/airflow/example_dags/example_short_circuit_operator.py
[2024-09-29T04:35:21.672+0000] {processor.py:826} INFO - Processing file /home/vscode/.local/lib/python3.10/site-packages/airflow/example_dags/example_short_circuit_operator.py for tasks to queue
[2024-09-29T04:35:21.673+0000] {logging_mixin.py:150} INFO - [2024-09-29T04:35:21.673+0000] {dagbag.py:541} INFO - Filling up the DagBag from /home/vscode/.local/lib/python3.10/site-packages/airflow/example_dags/example_short_circuit_operator.py
[2024-09-29T04:35:21.682+0000] {processor.py:836} INFO - DAG(s) dict_keys(['example_short_circuit_operator']) retrieved from /home/vscode/.local/lib/python3.10/site-packages/airflow/example_dags/example_short_circuit_operator.py
[2024-09-29T04:35:21.701+0000] {logging_mixin.py:150} INFO - [2024-09-29T04:35:21.701+0000] {dag.py:2742} INFO - Sync 1 DAGs
[2024-09-29T04:35:21.716+0000] {logging_mixin.py:150} INFO - [2024-09-29T04:35:21.716+0000] {dag.py:3504} INFO - Setting next_dagrun for example_short_circuit_operator to 2024-09-28T04:35:21.716471+00:00, run_after=2024-09-29T04:35:21.716471+00:00
[2024-09-29T04:35:21.768+0000] {processor.py:179} INFO - Processing /home/vscode/.local/lib/python3.10/site-packages/airflow/example_dags/example_short_circuit_operator.py took 0.100 seconds
[2024-09-29T04:36:09.144+0000] {processor.py:157} INFO - Started process (PID=14653) to work on /home/vscode/.local/lib/python3.10/site-packages/airflow/example_dags/example_short_circuit_operator.py
[2024-09-29T04:36:09.145+0000] {processor.py:826} INFO - Processing file /home/vscode/.local/lib/python3.10/site-packages/airflow/example_dags/example_short_circuit_operator.py for tasks to queue
[2024-09-29T04:36:09.145+0000] {logging_mixin.py:150} INFO - [2024-09-29T04:36:09.145+0000] {dagbag.py:541} INFO - Filling up the DagBag from /home/vscode/.local/lib/python3.10/site-packages/airflow/example_dags/example_short_circuit_operator.py
[2024-09-29T04:36:09.153+0000] {processor.py:836} INFO - DAG(s) dict_keys(['example_short_circuit_operator']) retrieved from /home/vscode/.local/lib/python3.10/site-packages/airflow/example_dags/example_short_circuit_operator.py
[2024-09-29T04:36:09.167+0000] {logging_mixin.py:150} INFO - [2024-09-29T04:36:09.167+0000] {dag.py:2742} INFO - Sync 1 DAGs
[2024-09-29T04:36:09.182+0000] {logging_mixin.py:150} INFO - [2024-09-29T04:36:09.182+0000] {dag.py:3504} INFO - Setting next_dagrun for example_short_circuit_operator to 2024-09-28T04:36:09.182086+00:00, run_after=2024-09-29T04:36:09.182086+00:00
[2024-09-29T04:36:09.258+0000] {processor.py:179} INFO - Processing /home/vscode/.local/lib/python3.10/site-packages/airflow/example_dags/example_short_circuit_operator.py took 0.116 seconds
[2024-09-29T04:37:03.493+0000] {processor.py:157} INFO - Started process (PID=15089) to work on /home/vscode/.local/lib/python3.10/site-packages/airflow/example_dags/example_short_circuit_operator.py
[2024-09-29T04:37:03.494+0000] {processor.py:826} INFO - Processing file /home/vscode/.local/lib/python3.10/site-packages/airflow/example_dags/example_short_circuit_operator.py for tasks to queue
[2024-09-29T04:37:03.495+0000] {logging_mixin.py:150} INFO - [2024-09-29T04:37:03.495+0000] {dagbag.py:541} INFO - Filling up the DagBag from /home/vscode/.local/lib/python3.10/site-packages/airflow/example_dags/example_short_circuit_operator.py
[2024-09-29T04:37:03.501+0000] {processor.py:836} INFO - DAG(s) dict_keys(['example_short_circuit_operator']) retrieved from /home/vscode/.local/lib/python3.10/site-packages/airflow/example_dags/example_short_circuit_operator.py
[2024-09-29T04:37:03.514+0000] {logging_mixin.py:150} INFO - [2024-09-29T04:37:03.514+0000] {dag.py:2742} INFO - Sync 1 DAGs
[2024-09-29T04:37:03.529+0000] {logging_mixin.py:150} INFO - [2024-09-29T04:37:03.529+0000] {dag.py:3504} INFO - Setting next_dagrun for example_short_circuit_operator to 2024-09-28T04:37:03.528840+00:00, run_after=2024-09-29T04:37:03.528840+00:00
[2024-09-29T04:37:03.610+0000] {processor.py:179} INFO - Processing /home/vscode/.local/lib/python3.10/site-packages/airflow/example_dags/example_short_circuit_operator.py took 0.119 seconds
[2024-09-29T04:37:52.891+0000] {processor.py:157} INFO - Started process (PID=15477) to work on /home/vscode/.local/lib/python3.10/site-packages/airflow/example_dags/example_short_circuit_operator.py
[2024-09-29T04:37:52.892+0000] {processor.py:826} INFO - Processing file /home/vscode/.local/lib/python3.10/site-packages/airflow/example_dags/example_short_circuit_operator.py for tasks to queue
[2024-09-29T04:37:52.893+0000] {logging_mixin.py:150} INFO - [2024-09-29T04:37:52.893+0000] {dagbag.py:541} INFO - Filling up the DagBag from /home/vscode/.local/lib/python3.10/site-packages/airflow/example_dags/example_short_circuit_operator.py
[2024-09-29T04:37:52.900+0000] {processor.py:836} INFO - DAG(s) dict_keys(['example_short_circuit_operator']) retrieved from /home/vscode/.local/lib/python3.10/site-packages/airflow/example_dags/example_short_circuit_operator.py
[2024-09-29T04:37:52.915+0000] {logging_mixin.py:150} INFO - [2024-09-29T04:37:52.915+0000] {dag.py:2742} INFO - Sync 1 DAGs
[2024-09-29T04:37:52.931+0000] {logging_mixin.py:150} INFO - [2024-09-29T04:37:52.931+0000] {dag.py:3504} INFO - Setting next_dagrun for example_short_circuit_operator to 2024-09-28T04:37:52.930866+00:00, run_after=2024-09-29T04:37:52.930866+00:00
[2024-09-29T04:37:52.983+0000] {processor.py:179} INFO - Processing /home/vscode/.local/lib/python3.10/site-packages/airflow/example_dags/example_short_circuit_operator.py took 0.093 seconds
[2024-09-29T04:38:44.132+0000] {processor.py:157} INFO - Started process (PID=16041) to work on /home/vscode/.local/lib/python3.10/site-packages/airflow/example_dags/example_short_circuit_operator.py
[2024-09-29T04:38:44.133+0000] {processor.py:826} INFO - Processing file /home/vscode/.local/lib/python3.10/site-packages/airflow/example_dags/example_short_circuit_operator.py for tasks to queue
[2024-09-29T04:38:44.134+0000] {logging_mixin.py:150} INFO - [2024-09-29T04:38:44.134+0000] {dagbag.py:541} INFO - Filling up the DagBag from /home/vscode/.local/lib/python3.10/site-packages/airflow/example_dags/example_short_circuit_operator.py
[2024-09-29T04:38:44.140+0000] {processor.py:836} INFO - DAG(s) dict_keys(['example_short_circuit_operator']) retrieved from /home/vscode/.local/lib/python3.10/site-packages/airflow/example_dags/example_short_circuit_operator.py
[2024-09-29T04:38:44.156+0000] {logging_mixin.py:150} INFO - [2024-09-29T04:38:44.156+0000] {dag.py:2742} INFO - Sync 1 DAGs
[2024-09-29T04:38:44.173+0000] {logging_mixin.py:150} INFO - [2024-09-29T04:38:44.173+0000] {dag.py:3504} INFO - Setting next_dagrun for example_short_circuit_operator to 2024-09-28T04:38:44.173120+00:00, run_after=2024-09-29T04:38:44.173120+00:00
[2024-09-29T04:38:44.271+0000] {processor.py:179} INFO - Processing /home/vscode/.local/lib/python3.10/site-packages/airflow/example_dags/example_short_circuit_operator.py took 0.141 seconds
[2024-09-29T04:39:37.298+0000] {processor.py:157} INFO - Started process (PID=16529) to work on /home/vscode/.local/lib/python3.10/site-packages/airflow/example_dags/example_short_circuit_operator.py
[2024-09-29T04:39:37.299+0000] {processor.py:826} INFO - Processing file /home/vscode/.local/lib/python3.10/site-packages/airflow/example_dags/example_short_circuit_operator.py for tasks to queue
[2024-09-29T04:39:37.300+0000] {logging_mixin.py:150} INFO - [2024-09-29T04:39:37.300+0000] {dagbag.py:541} INFO - Filling up the DagBag from /home/vscode/.local/lib/python3.10/site-packages/airflow/example_dags/example_short_circuit_operator.py
[2024-09-29T04:39:37.306+0000] {processor.py:836} INFO - DAG(s) dict_keys(['example_short_circuit_operator']) retrieved from /home/vscode/.local/lib/python3.10/site-packages/airflow/example_dags/example_short_circuit_operator.py
[2024-09-29T04:39:37.319+0000] {logging_mixin.py:150} INFO - [2024-09-29T04:39:37.319+0000] {dag.py:2742} INFO - Sync 1 DAGs
[2024-09-29T04:39:37.333+0000] {logging_mixin.py:150} INFO - [2024-09-29T04:39:37.333+0000] {dag.py:3504} INFO - Setting next_dagrun for example_short_circuit_operator to 2024-09-28T04:39:37.333652+00:00, run_after=2024-09-29T04:39:37.333652+00:00
[2024-09-29T04:39:37.393+0000] {processor.py:179} INFO - Processing /home/vscode/.local/lib/python3.10/site-packages/airflow/example_dags/example_short_circuit_operator.py took 0.097 seconds
[2024-09-29T04:58:51.003+0000] {processor.py:157} INFO - Started process (PID=23762) to work on /home/vscode/.local/lib/python3.10/site-packages/airflow/example_dags/example_short_circuit_operator.py
[2024-09-29T04:58:51.003+0000] {processor.py:826} INFO - Processing file /home/vscode/.local/lib/python3.10/site-packages/airflow/example_dags/example_short_circuit_operator.py for tasks to queue
[2024-09-29T04:58:51.004+0000] {logging_mixin.py:150} INFO - [2024-09-29T04:58:51.004+0000] {dagbag.py:541} INFO - Filling up the DagBag from /home/vscode/.local/lib/python3.10/site-packages/airflow/example_dags/example_short_circuit_operator.py
[2024-09-29T04:58:51.010+0000] {processor.py:836} INFO - DAG(s) dict_keys(['example_short_circuit_operator']) retrieved from /home/vscode/.local/lib/python3.10/site-packages/airflow/example_dags/example_short_circuit_operator.py
[2024-09-29T04:58:51.025+0000] {logging_mixin.py:150} INFO - [2024-09-29T04:58:51.025+0000] {dag.py:2742} INFO - Sync 1 DAGs
[2024-09-29T04:58:51.120+0000] {logging_mixin.py:150} INFO - [2024-09-29T04:58:51.120+0000] {dag.py:3504} INFO - Setting next_dagrun for example_short_circuit_operator to 2024-09-28T04:58:51.120527+00:00, run_after=2024-09-29T04:58:51.120527+00:00
[2024-09-29T04:58:51.191+0000] {processor.py:179} INFO - Processing /home/vscode/.local/lib/python3.10/site-packages/airflow/example_dags/example_short_circuit_operator.py took 0.190 seconds
[2024-09-29T04:59:40.301+0000] {processor.py:157} INFO - Started process (PID=24091) to work on /home/vscode/.local/lib/python3.10/site-packages/airflow/example_dags/example_short_circuit_operator.py
[2024-09-29T04:59:40.301+0000] {processor.py:826} INFO - Processing file /home/vscode/.local/lib/python3.10/site-packages/airflow/example_dags/example_short_circuit_operator.py for tasks to queue
[2024-09-29T04:59:40.302+0000] {logging_mixin.py:150} INFO - [2024-09-29T04:59:40.302+0000] {dagbag.py:541} INFO - Filling up the DagBag from /home/vscode/.local/lib/python3.10/site-packages/airflow/example_dags/example_short_circuit_operator.py
[2024-09-29T04:59:40.308+0000] {processor.py:836} INFO - DAG(s) dict_keys(['example_short_circuit_operator']) retrieved from /home/vscode/.local/lib/python3.10/site-packages/airflow/example_dags/example_short_circuit_operator.py
[2024-09-29T04:59:40.321+0000] {logging_mixin.py:150} INFO - [2024-09-29T04:59:40.321+0000] {dag.py:2742} INFO - Sync 1 DAGs
[2024-09-29T04:59:40.336+0000] {logging_mixin.py:150} INFO - [2024-09-29T04:59:40.335+0000] {dag.py:3504} INFO - Setting next_dagrun for example_short_circuit_operator to 2024-09-28T04:59:40.335745+00:00, run_after=2024-09-29T04:59:40.335745+00:00
[2024-09-29T04:59:40.391+0000] {processor.py:179} INFO - Processing /home/vscode/.local/lib/python3.10/site-packages/airflow/example_dags/example_short_circuit_operator.py took 0.093 seconds
[2024-09-29T05:00:27.450+0000] {processor.py:157} INFO - Started process (PID=24462) to work on /home/vscode/.local/lib/python3.10/site-packages/airflow/example_dags/example_short_circuit_operator.py
[2024-09-29T05:00:27.450+0000] {processor.py:826} INFO - Processing file /home/vscode/.local/lib/python3.10/site-packages/airflow/example_dags/example_short_circuit_operator.py for tasks to queue
[2024-09-29T05:00:27.451+0000] {logging_mixin.py:150} INFO - [2024-09-29T05:00:27.451+0000] {dagbag.py:541} INFO - Filling up the DagBag from /home/vscode/.local/lib/python3.10/site-packages/airflow/example_dags/example_short_circuit_operator.py
[2024-09-29T05:00:27.457+0000] {processor.py:836} INFO - DAG(s) dict_keys(['example_short_circuit_operator']) retrieved from /home/vscode/.local/lib/python3.10/site-packages/airflow/example_dags/example_short_circuit_operator.py
[2024-09-29T05:00:27.471+0000] {logging_mixin.py:150} INFO - [2024-09-29T05:00:27.471+0000] {dag.py:2742} INFO - Sync 1 DAGs
[2024-09-29T05:00:27.484+0000] {logging_mixin.py:150} INFO - [2024-09-29T05:00:27.484+0000] {dag.py:3504} INFO - Setting next_dagrun for example_short_circuit_operator to 2024-09-28T05:00:27.484611+00:00, run_after=2024-09-29T05:00:27.484611+00:00
[2024-09-29T05:00:27.555+0000] {processor.py:179} INFO - Processing /home/vscode/.local/lib/python3.10/site-packages/airflow/example_dags/example_short_circuit_operator.py took 0.107 seconds
[2024-09-29T05:01:15.755+0000] {processor.py:157} INFO - Started process (PID=24963) to work on /home/vscode/.local/lib/python3.10/site-packages/airflow/example_dags/example_short_circuit_operator.py
[2024-09-29T05:01:15.755+0000] {processor.py:826} INFO - Processing file /home/vscode/.local/lib/python3.10/site-packages/airflow/example_dags/example_short_circuit_operator.py for tasks to queue
[2024-09-29T05:01:15.756+0000] {logging_mixin.py:150} INFO - [2024-09-29T05:01:15.756+0000] {dagbag.py:541} INFO - Filling up the DagBag from /home/vscode/.local/lib/python3.10/site-packages/airflow/example_dags/example_short_circuit_operator.py
[2024-09-29T05:01:15.762+0000] {processor.py:836} INFO - DAG(s) dict_keys(['example_short_circuit_operator']) retrieved from /home/vscode/.local/lib/python3.10/site-packages/airflow/example_dags/example_short_circuit_operator.py
[2024-09-29T05:01:15.775+0000] {logging_mixin.py:150} INFO - [2024-09-29T05:01:15.775+0000] {dag.py:2742} INFO - Sync 1 DAGs
[2024-09-29T05:01:15.789+0000] {logging_mixin.py:150} INFO - [2024-09-29T05:01:15.789+0000] {dag.py:3504} INFO - Setting next_dagrun for example_short_circuit_operator to 2024-09-28T05:01:15.789512+00:00, run_after=2024-09-29T05:01:15.789512+00:00
[2024-09-29T05:01:15.858+0000] {processor.py:179} INFO - Processing /home/vscode/.local/lib/python3.10/site-packages/airflow/example_dags/example_short_circuit_operator.py took 0.105 seconds
