[2024-09-29T04:34:21.646+0000] {processor.py:157} INFO - Started process (PID=13896) to work on /home/vscode/.local/lib/python3.10/site-packages/airflow/example_dags/example_xcom.py
[2024-09-29T04:34:21.647+0000] {processor.py:826} INFO - Processing file /home/vscode/.local/lib/python3.10/site-packages/airflow/example_dags/example_xcom.py for tasks to queue
[2024-09-29T04:34:21.647+0000] {logging_mixin.py:150} INFO - [2024-09-29T04:34:21.647+0000] {dagbag.py:541} INFO - Filling up the DagBag from /home/vscode/.local/lib/python3.10/site-packages/airflow/example_dags/example_xcom.py
[2024-09-29T04:34:21.654+0000] {processor.py:836} INFO - DAG(s) dict_keys(['example_xcom']) retrieved from /home/vscode/.local/lib/python3.10/site-packages/airflow/example_dags/example_xcom.py
[2024-09-29T04:34:21.667+0000] {logging_mixin.py:150} INFO - [2024-09-29T04:34:21.667+0000] {dag.py:2742} INFO - Sync 1 DAGs
[2024-09-29T04:34:21.759+0000] {logging_mixin.py:150} INFO - [2024-09-29T04:34:21.759+0000] {dag.py:3504} INFO - Setting next_dagrun for example_xcom to 2021-01-01T00:00:00+00:00, run_after=2021-01-01T00:00:00+00:00
[2024-09-29T04:34:21.842+0000] {processor.py:179} INFO - Processing /home/vscode/.local/lib/python3.10/site-packages/airflow/example_dags/example_xcom.py took 0.198 seconds
[2024-09-29T04:35:11.180+0000] {processor.py:157} INFO - Started process (PID=14231) to work on /home/vscode/.local/lib/python3.10/site-packages/airflow/example_dags/example_xcom.py
[2024-09-29T04:35:11.180+0000] {processor.py:826} INFO - Processing file /home/vscode/.local/lib/python3.10/site-packages/airflow/example_dags/example_xcom.py for tasks to queue
[2024-09-29T04:35:11.181+0000] {logging_mixin.py:150} INFO - [2024-09-29T04:35:11.181+0000] {dagbag.py:541} INFO - Filling up the DagBag from /home/vscode/.local/lib/python3.10/site-packages/airflow/example_dags/example_xcom.py
[2024-09-29T04:35:11.187+0000] {processor.py:836} INFO - DAG(s) dict_keys(['example_xcom']) retrieved from /home/vscode/.local/lib/python3.10/site-packages/airflow/example_dags/example_xcom.py
[2024-09-29T04:35:11.199+0000] {logging_mixin.py:150} INFO - [2024-09-29T04:35:11.199+0000] {dag.py:2742} INFO - Sync 1 DAGs
[2024-09-29T04:35:11.212+0000] {logging_mixin.py:150} INFO - [2024-09-29T04:35:11.212+0000] {dag.py:3504} INFO - Setting next_dagrun for example_xcom to 2021-01-01T00:00:00+00:00, run_after=2021-01-01T00:00:00+00:00
[2024-09-29T04:35:11.266+0000] {processor.py:179} INFO - Processing /home/vscode/.local/lib/python3.10/site-packages/airflow/example_dags/example_xcom.py took 0.088 seconds
[2024-09-29T04:35:59.517+0000] {processor.py:157} INFO - Started process (PID=14572) to work on /home/vscode/.local/lib/python3.10/site-packages/airflow/example_dags/example_xcom.py
[2024-09-29T04:35:59.517+0000] {processor.py:826} INFO - Processing file /home/vscode/.local/lib/python3.10/site-packages/airflow/example_dags/example_xcom.py for tasks to queue
[2024-09-29T04:35:59.518+0000] {logging_mixin.py:150} INFO - [2024-09-29T04:35:59.518+0000] {dagbag.py:541} INFO - Filling up the DagBag from /home/vscode/.local/lib/python3.10/site-packages/airflow/example_dags/example_xcom.py
[2024-09-29T04:35:59.524+0000] {processor.py:836} INFO - DAG(s) dict_keys(['example_xcom']) retrieved from /home/vscode/.local/lib/python3.10/site-packages/airflow/example_dags/example_xcom.py
[2024-09-29T04:35:59.536+0000] {logging_mixin.py:150} INFO - [2024-09-29T04:35:59.535+0000] {dag.py:2742} INFO - Sync 1 DAGs
[2024-09-29T04:35:59.554+0000] {logging_mixin.py:150} INFO - [2024-09-29T04:35:59.554+0000] {dag.py:3504} INFO - Setting next_dagrun for example_xcom to 2021-01-01T00:00:00+00:00, run_after=2021-01-01T00:00:00+00:00
[2024-09-29T04:35:59.635+0000] {processor.py:179} INFO - Processing /home/vscode/.local/lib/python3.10/site-packages/airflow/example_dags/example_xcom.py took 0.120 seconds
[2024-09-29T04:36:36.257+0000] {processor.py:157} INFO - Started process (PID=14870) to work on /home/vscode/.local/lib/python3.10/site-packages/airflow/example_dags/example_xcom.py
[2024-09-29T04:36:36.257+0000] {processor.py:826} INFO - Processing file /home/vscode/.local/lib/python3.10/site-packages/airflow/example_dags/example_xcom.py for tasks to queue
[2024-09-29T04:36:36.258+0000] {logging_mixin.py:150} INFO - [2024-09-29T04:36:36.258+0000] {dagbag.py:541} INFO - Filling up the DagBag from /home/vscode/.local/lib/python3.10/site-packages/airflow/example_dags/example_xcom.py
[2024-09-29T04:36:36.263+0000] {processor.py:836} INFO - DAG(s) dict_keys(['example_xcom']) retrieved from /home/vscode/.local/lib/python3.10/site-packages/airflow/example_dags/example_xcom.py
[2024-09-29T04:36:36.276+0000] {logging_mixin.py:150} INFO - [2024-09-29T04:36:36.275+0000] {dag.py:2742} INFO - Sync 1 DAGs
[2024-09-29T04:36:36.290+0000] {logging_mixin.py:150} INFO - [2024-09-29T04:36:36.290+0000] {dag.py:3504} INFO - Setting next_dagrun for example_xcom to 2021-01-01T00:00:00+00:00, run_after=2021-01-01T00:00:00+00:00
[2024-09-29T04:36:36.356+0000] {processor.py:179} INFO - Processing /home/vscode/.local/lib/python3.10/site-packages/airflow/example_dags/example_xcom.py took 0.101 seconds
[2024-09-29T04:37:11.571+0000] {processor.py:157} INFO - Started process (PID=15149) to work on /home/vscode/.local/lib/python3.10/site-packages/airflow/example_dags/example_xcom.py
[2024-09-29T04:37:11.572+0000] {processor.py:826} INFO - Processing file /home/vscode/.local/lib/python3.10/site-packages/airflow/example_dags/example_xcom.py for tasks to queue
[2024-09-29T04:37:11.572+0000] {logging_mixin.py:150} INFO - [2024-09-29T04:37:11.572+0000] {dagbag.py:541} INFO - Filling up the DagBag from /home/vscode/.local/lib/python3.10/site-packages/airflow/example_dags/example_xcom.py
[2024-09-29T04:37:11.578+0000] {processor.py:836} INFO - DAG(s) dict_keys(['example_xcom']) retrieved from /home/vscode/.local/lib/python3.10/site-packages/airflow/example_dags/example_xcom.py
[2024-09-29T04:37:11.590+0000] {logging_mixin.py:150} INFO - [2024-09-29T04:37:11.590+0000] {dag.py:2742} INFO - Sync 1 DAGs
[2024-09-29T04:37:11.604+0000] {logging_mixin.py:150} INFO - [2024-09-29T04:37:11.604+0000] {dag.py:3504} INFO - Setting next_dagrun for example_xcom to 2021-01-01T00:00:00+00:00, run_after=2021-01-01T00:00:00+00:00
[2024-09-29T04:37:11.675+0000] {processor.py:179} INFO - Processing /home/vscode/.local/lib/python3.10/site-packages/airflow/example_dags/example_xcom.py took 0.106 seconds
[2024-09-29T04:38:03.480+0000] {processor.py:157} INFO - Started process (PID=15600) to work on /home/vscode/.local/lib/python3.10/site-packages/airflow/example_dags/example_xcom.py
[2024-09-29T04:38:03.481+0000] {processor.py:826} INFO - Processing file /home/vscode/.local/lib/python3.10/site-packages/airflow/example_dags/example_xcom.py for tasks to queue
[2024-09-29T04:38:03.481+0000] {logging_mixin.py:150} INFO - [2024-09-29T04:38:03.481+0000] {dagbag.py:541} INFO - Filling up the DagBag from /home/vscode/.local/lib/python3.10/site-packages/airflow/example_dags/example_xcom.py
[2024-09-29T04:38:03.487+0000] {processor.py:836} INFO - DAG(s) dict_keys(['example_xcom']) retrieved from /home/vscode/.local/lib/python3.10/site-packages/airflow/example_dags/example_xcom.py
[2024-09-29T04:38:03.499+0000] {logging_mixin.py:150} INFO - [2024-09-29T04:38:03.499+0000] {dag.py:2742} INFO - Sync 1 DAGs
[2024-09-29T04:38:03.514+0000] {logging_mixin.py:150} INFO - [2024-09-29T04:38:03.514+0000] {dag.py:3504} INFO - Setting next_dagrun for example_xcom to 2021-01-01T00:00:00+00:00, run_after=2021-01-01T00:00:00+00:00
[2024-09-29T04:38:03.587+0000] {processor.py:179} INFO - Processing /home/vscode/.local/lib/python3.10/site-packages/airflow/example_dags/example_xcom.py took 0.109 seconds
[2024-09-29T04:38:51.967+0000] {processor.py:157} INFO - Started process (PID=16128) to work on /home/vscode/.local/lib/python3.10/site-packages/airflow/example_dags/example_xcom.py
[2024-09-29T04:38:51.968+0000] {processor.py:826} INFO - Processing file /home/vscode/.local/lib/python3.10/site-packages/airflow/example_dags/example_xcom.py for tasks to queue
[2024-09-29T04:38:51.968+0000] {logging_mixin.py:150} INFO - [2024-09-29T04:38:51.968+0000] {dagbag.py:541} INFO - Filling up the DagBag from /home/vscode/.local/lib/python3.10/site-packages/airflow/example_dags/example_xcom.py
[2024-09-29T04:38:51.974+0000] {processor.py:836} INFO - DAG(s) dict_keys(['example_xcom']) retrieved from /home/vscode/.local/lib/python3.10/site-packages/airflow/example_dags/example_xcom.py
[2024-09-29T04:38:51.986+0000] {logging_mixin.py:150} INFO - [2024-09-29T04:38:51.986+0000] {dag.py:2742} INFO - Sync 1 DAGs
[2024-09-29T04:38:52.000+0000] {logging_mixin.py:150} INFO - [2024-09-29T04:38:52.000+0000] {dag.py:3504} INFO - Setting next_dagrun for example_xcom to 2021-01-01T00:00:00+00:00, run_after=2021-01-01T00:00:00+00:00
[2024-09-29T04:38:52.101+0000] {processor.py:179} INFO - Processing /home/vscode/.local/lib/python3.10/site-packages/airflow/example_dags/example_xcom.py took 0.136 seconds
[2024-09-29T04:39:28.023+0000] {processor.py:157} INFO - Started process (PID=16449) to work on /home/vscode/.local/lib/python3.10/site-packages/airflow/example_dags/example_xcom.py
[2024-09-29T04:39:28.024+0000] {processor.py:826} INFO - Processing file /home/vscode/.local/lib/python3.10/site-packages/airflow/example_dags/example_xcom.py for tasks to queue
[2024-09-29T04:39:28.025+0000] {logging_mixin.py:150} INFO - [2024-09-29T04:39:28.024+0000] {dagbag.py:541} INFO - Filling up the DagBag from /home/vscode/.local/lib/python3.10/site-packages/airflow/example_dags/example_xcom.py
[2024-09-29T04:39:28.030+0000] {processor.py:836} INFO - DAG(s) dict_keys(['example_xcom']) retrieved from /home/vscode/.local/lib/python3.10/site-packages/airflow/example_dags/example_xcom.py
[2024-09-29T04:39:28.043+0000] {logging_mixin.py:150} INFO - [2024-09-29T04:39:28.042+0000] {dag.py:2742} INFO - Sync 1 DAGs
[2024-09-29T04:39:28.057+0000] {logging_mixin.py:150} INFO - [2024-09-29T04:39:28.057+0000] {dag.py:3504} INFO - Setting next_dagrun for example_xcom to 2021-01-01T00:00:00+00:00, run_after=2021-01-01T00:00:00+00:00
[2024-09-29T04:39:28.167+0000] {processor.py:179} INFO - Processing /home/vscode/.local/lib/python3.10/site-packages/airflow/example_dags/example_xcom.py took 0.146 seconds
[2024-09-29T04:40:05.534+0000] {processor.py:157} INFO - Started process (PID=16818) to work on /home/vscode/.local/lib/python3.10/site-packages/airflow/example_dags/example_xcom.py
[2024-09-29T04:40:05.535+0000] {processor.py:826} INFO - Processing file /home/vscode/.local/lib/python3.10/site-packages/airflow/example_dags/example_xcom.py for tasks to queue
[2024-09-29T04:40:05.535+0000] {logging_mixin.py:150} INFO - [2024-09-29T04:40:05.535+0000] {dagbag.py:541} INFO - Filling up the DagBag from /home/vscode/.local/lib/python3.10/site-packages/airflow/example_dags/example_xcom.py
[2024-09-29T04:40:05.541+0000] {processor.py:836} INFO - DAG(s) dict_keys(['example_xcom']) retrieved from /home/vscode/.local/lib/python3.10/site-packages/airflow/example_dags/example_xcom.py
[2024-09-29T04:40:05.553+0000] {logging_mixin.py:150} INFO - [2024-09-29T04:40:05.553+0000] {dag.py:2742} INFO - Sync 1 DAGs
[2024-09-29T04:40:05.568+0000] {logging_mixin.py:150} INFO - [2024-09-29T04:40:05.568+0000] {dag.py:3504} INFO - Setting next_dagrun for example_xcom to 2021-01-01T00:00:00+00:00, run_after=2021-01-01T00:00:00+00:00
[2024-09-29T04:40:05.629+0000] {processor.py:179} INFO - Processing /home/vscode/.local/lib/python3.10/site-packages/airflow/example_dags/example_xcom.py took 0.097 seconds
[2024-09-29T04:58:40.259+0000] {processor.py:157} INFO - Started process (PID=23617) to work on /home/vscode/.local/lib/python3.10/site-packages/airflow/example_dags/example_xcom.py
[2024-09-29T04:58:40.260+0000] {processor.py:826} INFO - Processing file /home/vscode/.local/lib/python3.10/site-packages/airflow/example_dags/example_xcom.py for tasks to queue
[2024-09-29T04:58:40.261+0000] {logging_mixin.py:150} INFO - [2024-09-29T04:58:40.260+0000] {dagbag.py:541} INFO - Filling up the DagBag from /home/vscode/.local/lib/python3.10/site-packages/airflow/example_dags/example_xcom.py
[2024-09-29T04:58:40.268+0000] {processor.py:836} INFO - DAG(s) dict_keys(['example_xcom']) retrieved from /home/vscode/.local/lib/python3.10/site-packages/airflow/example_dags/example_xcom.py
[2024-09-29T04:58:40.281+0000] {logging_mixin.py:150} INFO - [2024-09-29T04:58:40.281+0000] {dag.py:2742} INFO - Sync 1 DAGs
[2024-09-29T04:58:40.373+0000] {logging_mixin.py:150} INFO - [2024-09-29T04:58:40.373+0000] {dag.py:3504} INFO - Setting next_dagrun for example_xcom to 2021-01-01T00:00:00+00:00, run_after=2021-01-01T00:00:00+00:00
[2024-09-29T04:58:40.472+0000] {processor.py:179} INFO - Processing /home/vscode/.local/lib/python3.10/site-packages/airflow/example_dags/example_xcom.py took 0.215 seconds
[2024-09-29T04:59:30.066+0000] {processor.py:157} INFO - Started process (PID=24023) to work on /home/vscode/.local/lib/python3.10/site-packages/airflow/example_dags/example_xcom.py
[2024-09-29T04:59:30.066+0000] {processor.py:826} INFO - Processing file /home/vscode/.local/lib/python3.10/site-packages/airflow/example_dags/example_xcom.py for tasks to queue
[2024-09-29T04:59:30.067+0000] {logging_mixin.py:150} INFO - [2024-09-29T04:59:30.067+0000] {dagbag.py:541} INFO - Filling up the DagBag from /home/vscode/.local/lib/python3.10/site-packages/airflow/example_dags/example_xcom.py
[2024-09-29T04:59:30.073+0000] {processor.py:836} INFO - DAG(s) dict_keys(['example_xcom']) retrieved from /home/vscode/.local/lib/python3.10/site-packages/airflow/example_dags/example_xcom.py
[2024-09-29T04:59:30.086+0000] {logging_mixin.py:150} INFO - [2024-09-29T04:59:30.085+0000] {dag.py:2742} INFO - Sync 1 DAGs
[2024-09-29T04:59:30.099+0000] {logging_mixin.py:150} INFO - [2024-09-29T04:59:30.099+0000] {dag.py:3504} INFO - Setting next_dagrun for example_xcom to 2021-01-01T00:00:00+00:00, run_after=2021-01-01T00:00:00+00:00
[2024-09-29T04:59:30.175+0000] {processor.py:179} INFO - Processing /home/vscode/.local/lib/python3.10/site-packages/airflow/example_dags/example_xcom.py took 0.112 seconds
[2024-09-29T05:00:17.459+0000] {processor.py:157} INFO - Started process (PID=24387) to work on /home/vscode/.local/lib/python3.10/site-packages/airflow/example_dags/example_xcom.py
[2024-09-29T05:00:17.460+0000] {processor.py:826} INFO - Processing file /home/vscode/.local/lib/python3.10/site-packages/airflow/example_dags/example_xcom.py for tasks to queue
[2024-09-29T05:00:17.461+0000] {logging_mixin.py:150} INFO - [2024-09-29T05:00:17.460+0000] {dagbag.py:541} INFO - Filling up the DagBag from /home/vscode/.local/lib/python3.10/site-packages/airflow/example_dags/example_xcom.py
[2024-09-29T05:00:17.466+0000] {processor.py:836} INFO - DAG(s) dict_keys(['example_xcom']) retrieved from /home/vscode/.local/lib/python3.10/site-packages/airflow/example_dags/example_xcom.py
[2024-09-29T05:00:17.478+0000] {logging_mixin.py:150} INFO - [2024-09-29T05:00:17.478+0000] {dag.py:2742} INFO - Sync 1 DAGs
[2024-09-29T05:00:17.492+0000] {logging_mixin.py:150} INFO - [2024-09-29T05:00:17.492+0000] {dag.py:3504} INFO - Setting next_dagrun for example_xcom to 2021-01-01T00:00:00+00:00, run_after=2021-01-01T00:00:00+00:00
[2024-09-29T05:00:17.551+0000] {processor.py:179} INFO - Processing /home/vscode/.local/lib/python3.10/site-packages/airflow/example_dags/example_xcom.py took 0.094 seconds
[2024-09-29T05:01:04.180+0000] {processor.py:157} INFO - Started process (PID=24841) to work on /home/vscode/.local/lib/python3.10/site-packages/airflow/example_dags/example_xcom.py
[2024-09-29T05:01:04.180+0000] {processor.py:826} INFO - Processing file /home/vscode/.local/lib/python3.10/site-packages/airflow/example_dags/example_xcom.py for tasks to queue
[2024-09-29T05:01:04.181+0000] {logging_mixin.py:150} INFO - [2024-09-29T05:01:04.181+0000] {dagbag.py:541} INFO - Filling up the DagBag from /home/vscode/.local/lib/python3.10/site-packages/airflow/example_dags/example_xcom.py
[2024-09-29T05:01:04.186+0000] {processor.py:836} INFO - DAG(s) dict_keys(['example_xcom']) retrieved from /home/vscode/.local/lib/python3.10/site-packages/airflow/example_dags/example_xcom.py
[2024-09-29T05:01:04.199+0000] {logging_mixin.py:150} INFO - [2024-09-29T05:01:04.199+0000] {dag.py:2742} INFO - Sync 1 DAGs
[2024-09-29T05:01:04.213+0000] {logging_mixin.py:150} INFO - [2024-09-29T05:01:04.213+0000] {dag.py:3504} INFO - Setting next_dagrun for example_xcom to 2021-01-01T00:00:00+00:00, run_after=2021-01-01T00:00:00+00:00
[2024-09-29T05:01:04.272+0000] {processor.py:179} INFO - Processing /home/vscode/.local/lib/python3.10/site-packages/airflow/example_dags/example_xcom.py took 0.094 seconds
