[2024-09-29T04:34:20.302+0000] {processor.py:157} INFO - Started process (PID=13887) to work on /home/vscode/.local/lib/python3.10/site-packages/airflow/example_dags/tutorial_dag.py
[2024-09-29T04:34:20.302+0000] {processor.py:826} INFO - Processing file /home/vscode/.local/lib/python3.10/site-packages/airflow/example_dags/tutorial_dag.py for tasks to queue
[2024-09-29T04:34:20.303+0000] {logging_mixin.py:150} INFO - [2024-09-29T04:34:20.303+0000] {dagbag.py:541} INFO - Filling up the DagBag from /home/vscode/.local/lib/python3.10/site-packages/airflow/example_dags/tutorial_dag.py
[2024-09-29T04:34:20.308+0000] {processor.py:836} INFO - DAG(s) dict_keys(['tutorial_dag']) retrieved from /home/vscode/.local/lib/python3.10/site-packages/airflow/example_dags/tutorial_dag.py
[2024-09-29T04:34:20.321+0000] {logging_mixin.py:150} INFO - [2024-09-29T04:34:20.321+0000] {dag.py:2742} INFO - Sync 1 DAGs
[2024-09-29T04:34:20.427+0000] {logging_mixin.py:150} INFO - [2024-09-29T04:34:20.427+0000] {dag.py:3504} INFO - Setting next_dagrun for tutorial_dag to None, run_after=None
[2024-09-29T04:34:20.505+0000] {processor.py:179} INFO - Processing /home/vscode/.local/lib/python3.10/site-packages/airflow/example_dags/tutorial_dag.py took 0.206 seconds
[2024-09-29T04:35:10.399+0000] {processor.py:157} INFO - Started process (PID=14223) to work on /home/vscode/.local/lib/python3.10/site-packages/airflow/example_dags/tutorial_dag.py
[2024-09-29T04:35:10.400+0000] {processor.py:826} INFO - Processing file /home/vscode/.local/lib/python3.10/site-packages/airflow/example_dags/tutorial_dag.py for tasks to queue
[2024-09-29T04:35:10.401+0000] {logging_mixin.py:150} INFO - [2024-09-29T04:35:10.400+0000] {dagbag.py:541} INFO - Filling up the DagBag from /home/vscode/.local/lib/python3.10/site-packages/airflow/example_dags/tutorial_dag.py
[2024-09-29T04:35:10.404+0000] {processor.py:836} INFO - DAG(s) dict_keys(['tutorial_dag']) retrieved from /home/vscode/.local/lib/python3.10/site-packages/airflow/example_dags/tutorial_dag.py
[2024-09-29T04:35:10.416+0000] {logging_mixin.py:150} INFO - [2024-09-29T04:35:10.416+0000] {dag.py:2742} INFO - Sync 1 DAGs
[2024-09-29T04:35:10.430+0000] {logging_mixin.py:150} INFO - [2024-09-29T04:35:10.430+0000] {dag.py:3504} INFO - Setting next_dagrun for tutorial_dag to None, run_after=None
[2024-09-29T04:35:10.492+0000] {processor.py:179} INFO - Processing /home/vscode/.local/lib/python3.10/site-packages/airflow/example_dags/tutorial_dag.py took 0.095 seconds
[2024-09-29T04:35:58.325+0000] {processor.py:157} INFO - Started process (PID=14564) to work on /home/vscode/.local/lib/python3.10/site-packages/airflow/example_dags/tutorial_dag.py
[2024-09-29T04:35:58.326+0000] {processor.py:826} INFO - Processing file /home/vscode/.local/lib/python3.10/site-packages/airflow/example_dags/tutorial_dag.py for tasks to queue
[2024-09-29T04:35:58.326+0000] {logging_mixin.py:150} INFO - [2024-09-29T04:35:58.326+0000] {dagbag.py:541} INFO - Filling up the DagBag from /home/vscode/.local/lib/python3.10/site-packages/airflow/example_dags/tutorial_dag.py
[2024-09-29T04:35:58.330+0000] {processor.py:836} INFO - DAG(s) dict_keys(['tutorial_dag']) retrieved from /home/vscode/.local/lib/python3.10/site-packages/airflow/example_dags/tutorial_dag.py
[2024-09-29T04:35:58.342+0000] {logging_mixin.py:150} INFO - [2024-09-29T04:35:58.342+0000] {dag.py:2742} INFO - Sync 1 DAGs
[2024-09-29T04:35:58.356+0000] {logging_mixin.py:150} INFO - [2024-09-29T04:35:58.356+0000] {dag.py:3504} INFO - Setting next_dagrun for tutorial_dag to None, run_after=None
[2024-09-29T04:35:58.410+0000] {processor.py:179} INFO - Processing /home/vscode/.local/lib/python3.10/site-packages/airflow/example_dags/tutorial_dag.py took 0.087 seconds
[2024-09-29T04:36:35.072+0000] {processor.py:157} INFO - Started process (PID=14862) to work on /home/vscode/.local/lib/python3.10/site-packages/airflow/example_dags/tutorial_dag.py
[2024-09-29T04:36:35.073+0000] {processor.py:826} INFO - Processing file /home/vscode/.local/lib/python3.10/site-packages/airflow/example_dags/tutorial_dag.py for tasks to queue
[2024-09-29T04:36:35.074+0000] {logging_mixin.py:150} INFO - [2024-09-29T04:36:35.074+0000] {dagbag.py:541} INFO - Filling up the DagBag from /home/vscode/.local/lib/python3.10/site-packages/airflow/example_dags/tutorial_dag.py
[2024-09-29T04:36:35.081+0000] {processor.py:836} INFO - DAG(s) dict_keys(['tutorial_dag']) retrieved from /home/vscode/.local/lib/python3.10/site-packages/airflow/example_dags/tutorial_dag.py
[2024-09-29T04:36:35.095+0000] {logging_mixin.py:150} INFO - [2024-09-29T04:36:35.095+0000] {dag.py:2742} INFO - Sync 1 DAGs
[2024-09-29T04:36:35.109+0000] {logging_mixin.py:150} INFO - [2024-09-29T04:36:35.108+0000] {dag.py:3504} INFO - Setting next_dagrun for tutorial_dag to None, run_after=None
[2024-09-29T04:36:35.167+0000] {processor.py:179} INFO - Processing /home/vscode/.local/lib/python3.10/site-packages/airflow/example_dags/tutorial_dag.py took 0.098 seconds
[2024-09-29T04:37:11.197+0000] {processor.py:157} INFO - Started process (PID=15142) to work on /home/vscode/.local/lib/python3.10/site-packages/airflow/example_dags/tutorial_dag.py
[2024-09-29T04:37:11.197+0000] {processor.py:826} INFO - Processing file /home/vscode/.local/lib/python3.10/site-packages/airflow/example_dags/tutorial_dag.py for tasks to queue
[2024-09-29T04:37:11.198+0000] {logging_mixin.py:150} INFO - [2024-09-29T04:37:11.198+0000] {dagbag.py:541} INFO - Filling up the DagBag from /home/vscode/.local/lib/python3.10/site-packages/airflow/example_dags/tutorial_dag.py
[2024-09-29T04:37:11.203+0000] {processor.py:836} INFO - DAG(s) dict_keys(['tutorial_dag']) retrieved from /home/vscode/.local/lib/python3.10/site-packages/airflow/example_dags/tutorial_dag.py
[2024-09-29T04:37:11.217+0000] {logging_mixin.py:150} INFO - [2024-09-29T04:37:11.217+0000] {dag.py:2742} INFO - Sync 1 DAGs
[2024-09-29T04:37:11.231+0000] {logging_mixin.py:150} INFO - [2024-09-29T04:37:11.231+0000] {dag.py:3504} INFO - Setting next_dagrun for tutorial_dag to None, run_after=None
[2024-09-29T04:37:11.292+0000] {processor.py:179} INFO - Processing /home/vscode/.local/lib/python3.10/site-packages/airflow/example_dags/tutorial_dag.py took 0.098 seconds
[2024-09-29T04:38:02.247+0000] {processor.py:157} INFO - Started process (PID=15592) to work on /home/vscode/.local/lib/python3.10/site-packages/airflow/example_dags/tutorial_dag.py
[2024-09-29T04:38:02.248+0000] {processor.py:826} INFO - Processing file /home/vscode/.local/lib/python3.10/site-packages/airflow/example_dags/tutorial_dag.py for tasks to queue
[2024-09-29T04:38:02.248+0000] {logging_mixin.py:150} INFO - [2024-09-29T04:38:02.248+0000] {dagbag.py:541} INFO - Filling up the DagBag from /home/vscode/.local/lib/python3.10/site-packages/airflow/example_dags/tutorial_dag.py
[2024-09-29T04:38:02.252+0000] {processor.py:836} INFO - DAG(s) dict_keys(['tutorial_dag']) retrieved from /home/vscode/.local/lib/python3.10/site-packages/airflow/example_dags/tutorial_dag.py
[2024-09-29T04:38:02.264+0000] {logging_mixin.py:150} INFO - [2024-09-29T04:38:02.264+0000] {dag.py:2742} INFO - Sync 1 DAGs
[2024-09-29T04:38:02.278+0000] {logging_mixin.py:150} INFO - [2024-09-29T04:38:02.278+0000] {dag.py:3504} INFO - Setting next_dagrun for tutorial_dag to None, run_after=None
[2024-09-29T04:38:02.357+0000] {processor.py:179} INFO - Processing /home/vscode/.local/lib/python3.10/site-packages/airflow/example_dags/tutorial_dag.py took 0.112 seconds
[2024-09-29T04:38:50.781+0000] {processor.py:157} INFO - Started process (PID=16109) to work on /home/vscode/.local/lib/python3.10/site-packages/airflow/example_dags/tutorial_dag.py
[2024-09-29T04:38:50.781+0000] {processor.py:826} INFO - Processing file /home/vscode/.local/lib/python3.10/site-packages/airflow/example_dags/tutorial_dag.py for tasks to queue
[2024-09-29T04:38:50.782+0000] {logging_mixin.py:150} INFO - [2024-09-29T04:38:50.782+0000] {dagbag.py:541} INFO - Filling up the DagBag from /home/vscode/.local/lib/python3.10/site-packages/airflow/example_dags/tutorial_dag.py
[2024-09-29T04:38:50.786+0000] {processor.py:836} INFO - DAG(s) dict_keys(['tutorial_dag']) retrieved from /home/vscode/.local/lib/python3.10/site-packages/airflow/example_dags/tutorial_dag.py
[2024-09-29T04:38:50.798+0000] {logging_mixin.py:150} INFO - [2024-09-29T04:38:50.797+0000] {dag.py:2742} INFO - Sync 1 DAGs
[2024-09-29T04:38:50.812+0000] {logging_mixin.py:150} INFO - [2024-09-29T04:38:50.811+0000] {dag.py:3504} INFO - Setting next_dagrun for tutorial_dag to None, run_after=None
[2024-09-29T04:38:50.867+0000] {processor.py:179} INFO - Processing /home/vscode/.local/lib/python3.10/site-packages/airflow/example_dags/tutorial_dag.py took 0.088 seconds
[2024-09-29T04:39:27.258+0000] {processor.py:157} INFO - Started process (PID=16441) to work on /home/vscode/.local/lib/python3.10/site-packages/airflow/example_dags/tutorial_dag.py
[2024-09-29T04:39:27.259+0000] {processor.py:826} INFO - Processing file /home/vscode/.local/lib/python3.10/site-packages/airflow/example_dags/tutorial_dag.py for tasks to queue
[2024-09-29T04:39:27.259+0000] {logging_mixin.py:150} INFO - [2024-09-29T04:39:27.259+0000] {dagbag.py:541} INFO - Filling up the DagBag from /home/vscode/.local/lib/python3.10/site-packages/airflow/example_dags/tutorial_dag.py
[2024-09-29T04:39:27.263+0000] {processor.py:836} INFO - DAG(s) dict_keys(['tutorial_dag']) retrieved from /home/vscode/.local/lib/python3.10/site-packages/airflow/example_dags/tutorial_dag.py
[2024-09-29T04:39:27.275+0000] {logging_mixin.py:150} INFO - [2024-09-29T04:39:27.275+0000] {dag.py:2742} INFO - Sync 1 DAGs
[2024-09-29T04:39:27.289+0000] {logging_mixin.py:150} INFO - [2024-09-29T04:39:27.289+0000] {dag.py:3504} INFO - Setting next_dagrun for tutorial_dag to None, run_after=None
[2024-09-29T04:39:27.361+0000] {processor.py:179} INFO - Processing /home/vscode/.local/lib/python3.10/site-packages/airflow/example_dags/tutorial_dag.py took 0.105 seconds
[2024-09-29T04:40:04.158+0000] {processor.py:157} INFO - Started process (PID=16801) to work on /home/vscode/.local/lib/python3.10/site-packages/airflow/example_dags/tutorial_dag.py
[2024-09-29T04:40:04.159+0000] {processor.py:826} INFO - Processing file /home/vscode/.local/lib/python3.10/site-packages/airflow/example_dags/tutorial_dag.py for tasks to queue
[2024-09-29T04:40:04.159+0000] {logging_mixin.py:150} INFO - [2024-09-29T04:40:04.159+0000] {dagbag.py:541} INFO - Filling up the DagBag from /home/vscode/.local/lib/python3.10/site-packages/airflow/example_dags/tutorial_dag.py
[2024-09-29T04:40:04.164+0000] {processor.py:836} INFO - DAG(s) dict_keys(['tutorial_dag']) retrieved from /home/vscode/.local/lib/python3.10/site-packages/airflow/example_dags/tutorial_dag.py
[2024-09-29T04:40:04.176+0000] {logging_mixin.py:150} INFO - [2024-09-29T04:40:04.176+0000] {dag.py:2742} INFO - Sync 1 DAGs
[2024-09-29T04:40:04.190+0000] {logging_mixin.py:150} INFO - [2024-09-29T04:40:04.190+0000] {dag.py:3504} INFO - Setting next_dagrun for tutorial_dag to None, run_after=None
[2024-09-29T04:40:04.273+0000] {processor.py:179} INFO - Processing /home/vscode/.local/lib/python3.10/site-packages/airflow/example_dags/tutorial_dag.py took 0.118 seconds
[2024-09-29T04:58:38.849+0000] {processor.py:157} INFO - Started process (PID=23603) to work on /home/vscode/.local/lib/python3.10/site-packages/airflow/example_dags/tutorial_dag.py
[2024-09-29T04:58:38.850+0000] {processor.py:826} INFO - Processing file /home/vscode/.local/lib/python3.10/site-packages/airflow/example_dags/tutorial_dag.py for tasks to queue
[2024-09-29T04:58:38.850+0000] {logging_mixin.py:150} INFO - [2024-09-29T04:58:38.850+0000] {dagbag.py:541} INFO - Filling up the DagBag from /home/vscode/.local/lib/python3.10/site-packages/airflow/example_dags/tutorial_dag.py
[2024-09-29T04:58:38.855+0000] {processor.py:836} INFO - DAG(s) dict_keys(['tutorial_dag']) retrieved from /home/vscode/.local/lib/python3.10/site-packages/airflow/example_dags/tutorial_dag.py
[2024-09-29T04:58:38.869+0000] {logging_mixin.py:150} INFO - [2024-09-29T04:58:38.869+0000] {dag.py:2742} INFO - Sync 1 DAGs
[2024-09-29T04:58:38.975+0000] {logging_mixin.py:150} INFO - [2024-09-29T04:58:38.975+0000] {dag.py:3504} INFO - Setting next_dagrun for tutorial_dag to None, run_after=None
[2024-09-29T04:58:39.054+0000] {processor.py:179} INFO - Processing /home/vscode/.local/lib/python3.10/site-packages/airflow/example_dags/tutorial_dag.py took 0.207 seconds
[2024-09-29T04:59:29.486+0000] {processor.py:157} INFO - Started process (PID=24021) to work on /home/vscode/.local/lib/python3.10/site-packages/airflow/example_dags/tutorial_dag.py
[2024-09-29T04:59:29.487+0000] {processor.py:826} INFO - Processing file /home/vscode/.local/lib/python3.10/site-packages/airflow/example_dags/tutorial_dag.py for tasks to queue
[2024-09-29T04:59:29.488+0000] {logging_mixin.py:150} INFO - [2024-09-29T04:59:29.487+0000] {dagbag.py:541} INFO - Filling up the DagBag from /home/vscode/.local/lib/python3.10/site-packages/airflow/example_dags/tutorial_dag.py
[2024-09-29T04:59:29.491+0000] {processor.py:836} INFO - DAG(s) dict_keys(['tutorial_dag']) retrieved from /home/vscode/.local/lib/python3.10/site-packages/airflow/example_dags/tutorial_dag.py
[2024-09-29T04:59:29.504+0000] {logging_mixin.py:150} INFO - [2024-09-29T04:59:29.503+0000] {dag.py:2742} INFO - Sync 1 DAGs
[2024-09-29T04:59:29.518+0000] {logging_mixin.py:150} INFO - [2024-09-29T04:59:29.518+0000] {dag.py:3504} INFO - Setting next_dagrun for tutorial_dag to None, run_after=None
[2024-09-29T04:59:29.570+0000] {processor.py:179} INFO - Processing /home/vscode/.local/lib/python3.10/site-packages/airflow/example_dags/tutorial_dag.py took 0.085 seconds
[2024-09-29T05:00:16.327+0000] {processor.py:157} INFO - Started process (PID=24380) to work on /home/vscode/.local/lib/python3.10/site-packages/airflow/example_dags/tutorial_dag.py
[2024-09-29T05:00:16.327+0000] {processor.py:826} INFO - Processing file /home/vscode/.local/lib/python3.10/site-packages/airflow/example_dags/tutorial_dag.py for tasks to queue
[2024-09-29T05:00:16.328+0000] {logging_mixin.py:150} INFO - [2024-09-29T05:00:16.328+0000] {dagbag.py:541} INFO - Filling up the DagBag from /home/vscode/.local/lib/python3.10/site-packages/airflow/example_dags/tutorial_dag.py
[2024-09-29T05:00:16.332+0000] {processor.py:836} INFO - DAG(s) dict_keys(['tutorial_dag']) retrieved from /home/vscode/.local/lib/python3.10/site-packages/airflow/example_dags/tutorial_dag.py
[2024-09-29T05:00:16.343+0000] {logging_mixin.py:150} INFO - [2024-09-29T05:00:16.343+0000] {dag.py:2742} INFO - Sync 1 DAGs
[2024-09-29T05:00:16.357+0000] {logging_mixin.py:150} INFO - [2024-09-29T05:00:16.357+0000] {dag.py:3504} INFO - Setting next_dagrun for tutorial_dag to None, run_after=None
[2024-09-29T05:00:16.410+0000] {processor.py:179} INFO - Processing /home/vscode/.local/lib/python3.10/site-packages/airflow/example_dags/tutorial_dag.py took 0.085 seconds
[2024-09-29T05:01:02.646+0000] {processor.py:157} INFO - Started process (PID=24832) to work on /home/vscode/.local/lib/python3.10/site-packages/airflow/example_dags/tutorial_dag.py
[2024-09-29T05:01:02.646+0000] {processor.py:826} INFO - Processing file /home/vscode/.local/lib/python3.10/site-packages/airflow/example_dags/tutorial_dag.py for tasks to queue
[2024-09-29T05:01:02.647+0000] {logging_mixin.py:150} INFO - [2024-09-29T05:01:02.647+0000] {dagbag.py:541} INFO - Filling up the DagBag from /home/vscode/.local/lib/python3.10/site-packages/airflow/example_dags/tutorial_dag.py
[2024-09-29T05:01:02.651+0000] {processor.py:836} INFO - DAG(s) dict_keys(['tutorial_dag']) retrieved from /home/vscode/.local/lib/python3.10/site-packages/airflow/example_dags/tutorial_dag.py
[2024-09-29T05:01:02.663+0000] {logging_mixin.py:150} INFO - [2024-09-29T05:01:02.663+0000] {dag.py:2742} INFO - Sync 1 DAGs
[2024-09-29T05:01:02.677+0000] {logging_mixin.py:150} INFO - [2024-09-29T05:01:02.677+0000] {dag.py:3504} INFO - Setting next_dagrun for tutorial_dag to None, run_after=None
[2024-09-29T05:01:03.052+0000] {processor.py:179} INFO - Processing /home/vscode/.local/lib/python3.10/site-packages/airflow/example_dags/tutorial_dag.py took 0.409 seconds
