[2024-09-29T04:34:11.256+0000] {processor.py:157} INFO - Started process (PID=13816) to work on /home/vscode/.local/lib/python3.10/site-packages/airflow/example_dags/plugins/workday.py
[2024-09-29T04:34:11.257+0000] {processor.py:826} INFO - Processing file /home/vscode/.local/lib/python3.10/site-packages/airflow/example_dags/plugins/workday.py for tasks to queue
[2024-09-29T04:34:11.258+0000] {logging_mixin.py:150} INFO - [2024-09-29T04:34:11.257+0000] {dagbag.py:541} INFO - Filling up the DagBag from /home/vscode/.local/lib/python3.10/site-packages/airflow/example_dags/plugins/workday.py
[2024-09-29T04:34:11.260+0000] {logging_mixin.py:150} INFO - [2024-09-29T04:34:11.259+0000] {workday.py:36} WARNING - Could not import pandas. Holidays will not be considered.
[2024-09-29T04:34:11.260+0000] {processor.py:838} WARNING - No viable dags retrieved from /home/vscode/.local/lib/python3.10/site-packages/airflow/example_dags/plugins/workday.py
[2024-09-29T04:34:11.266+0000] {processor.py:179} INFO - Processing /home/vscode/.local/lib/python3.10/site-packages/airflow/example_dags/plugins/workday.py took 0.012 seconds
[2024-09-29T04:35:03.013+0000] {processor.py:157} INFO - Started process (PID=14178) to work on /home/vscode/.local/lib/python3.10/site-packages/airflow/example_dags/plugins/workday.py
[2024-09-29T04:35:03.014+0000] {processor.py:826} INFO - Processing file /home/vscode/.local/lib/python3.10/site-packages/airflow/example_dags/plugins/workday.py for tasks to queue
[2024-09-29T04:35:03.014+0000] {logging_mixin.py:150} INFO - [2024-09-29T04:35:03.014+0000] {dagbag.py:541} INFO - Filling up the DagBag from /home/vscode/.local/lib/python3.10/site-packages/airflow/example_dags/plugins/workday.py
[2024-09-29T04:35:03.016+0000] {logging_mixin.py:150} INFO - [2024-09-29T04:35:03.016+0000] {workday.py:36} WARNING - Could not import pandas. Holidays will not be considered.
[2024-09-29T04:35:03.017+0000] {processor.py:838} WARNING - No viable dags retrieved from /home/vscode/.local/lib/python3.10/site-packages/airflow/example_dags/plugins/workday.py
[2024-09-29T04:35:03.023+0000] {processor.py:179} INFO - Processing /home/vscode/.local/lib/python3.10/site-packages/airflow/example_dags/plugins/workday.py took 0.013 seconds
[2024-09-29T04:35:38.664+0000] {processor.py:157} INFO - Started process (PID=14410) to work on /home/vscode/.local/lib/python3.10/site-packages/airflow/example_dags/plugins/workday.py
[2024-09-29T04:35:38.665+0000] {processor.py:826} INFO - Processing file /home/vscode/.local/lib/python3.10/site-packages/airflow/example_dags/plugins/workday.py for tasks to queue
[2024-09-29T04:35:38.665+0000] {logging_mixin.py:150} INFO - [2024-09-29T04:35:38.665+0000] {dagbag.py:541} INFO - Filling up the DagBag from /home/vscode/.local/lib/python3.10/site-packages/airflow/example_dags/plugins/workday.py
[2024-09-29T04:35:38.667+0000] {logging_mixin.py:150} INFO - [2024-09-29T04:35:38.667+0000] {workday.py:36} WARNING - Could not import pandas. Holidays will not be considered.
[2024-09-29T04:35:38.668+0000] {processor.py:838} WARNING - No viable dags retrieved from /home/vscode/.local/lib/python3.10/site-packages/airflow/example_dags/plugins/workday.py
[2024-09-29T04:35:38.675+0000] {processor.py:179} INFO - Processing /home/vscode/.local/lib/python3.10/site-packages/airflow/example_dags/plugins/workday.py took 0.013 seconds
[2024-09-29T04:36:14.003+0000] {processor.py:157} INFO - Started process (PID=14694) to work on /home/vscode/.local/lib/python3.10/site-packages/airflow/example_dags/plugins/workday.py
[2024-09-29T04:36:14.004+0000] {processor.py:826} INFO - Processing file /home/vscode/.local/lib/python3.10/site-packages/airflow/example_dags/plugins/workday.py for tasks to queue
[2024-09-29T04:36:14.005+0000] {logging_mixin.py:150} INFO - [2024-09-29T04:36:14.005+0000] {dagbag.py:541} INFO - Filling up the DagBag from /home/vscode/.local/lib/python3.10/site-packages/airflow/example_dags/plugins/workday.py
[2024-09-29T04:36:14.007+0000] {logging_mixin.py:150} INFO - [2024-09-29T04:36:14.007+0000] {workday.py:36} WARNING - Could not import pandas. Holidays will not be considered.
[2024-09-29T04:36:14.007+0000] {processor.py:838} WARNING - No viable dags retrieved from /home/vscode/.local/lib/python3.10/site-packages/airflow/example_dags/plugins/workday.py
[2024-09-29T04:36:14.014+0000] {processor.py:179} INFO - Processing /home/vscode/.local/lib/python3.10/site-packages/airflow/example_dags/plugins/workday.py took 0.012 seconds
[2024-09-29T04:36:50.829+0000] {processor.py:157} INFO - Started process (PID=14979) to work on /home/vscode/.local/lib/python3.10/site-packages/airflow/example_dags/plugins/workday.py
[2024-09-29T04:36:50.830+0000] {processor.py:826} INFO - Processing file /home/vscode/.local/lib/python3.10/site-packages/airflow/example_dags/plugins/workday.py for tasks to queue
[2024-09-29T04:36:50.831+0000] {logging_mixin.py:150} INFO - [2024-09-29T04:36:50.830+0000] {dagbag.py:541} INFO - Filling up the DagBag from /home/vscode/.local/lib/python3.10/site-packages/airflow/example_dags/plugins/workday.py
[2024-09-29T04:36:50.834+0000] {logging_mixin.py:150} INFO - [2024-09-29T04:36:50.834+0000] {workday.py:36} WARNING - Could not import pandas. Holidays will not be considered.
[2024-09-29T04:36:50.834+0000] {processor.py:838} WARNING - No viable dags retrieved from /home/vscode/.local/lib/python3.10/site-packages/airflow/example_dags/plugins/workday.py
[2024-09-29T04:36:50.844+0000] {processor.py:179} INFO - Processing /home/vscode/.local/lib/python3.10/site-packages/airflow/example_dags/plugins/workday.py took 0.018 seconds
[2024-09-29T04:37:26.129+0000] {processor.py:157} INFO - Started process (PID=15265) to work on /home/vscode/.local/lib/python3.10/site-packages/airflow/example_dags/plugins/workday.py
[2024-09-29T04:37:26.130+0000] {processor.py:826} INFO - Processing file /home/vscode/.local/lib/python3.10/site-packages/airflow/example_dags/plugins/workday.py for tasks to queue
[2024-09-29T04:37:26.130+0000] {logging_mixin.py:150} INFO - [2024-09-29T04:37:26.130+0000] {dagbag.py:541} INFO - Filling up the DagBag from /home/vscode/.local/lib/python3.10/site-packages/airflow/example_dags/plugins/workday.py
[2024-09-29T04:37:26.132+0000] {logging_mixin.py:150} INFO - [2024-09-29T04:37:26.132+0000] {workday.py:36} WARNING - Could not import pandas. Holidays will not be considered.
[2024-09-29T04:37:26.133+0000] {processor.py:838} WARNING - No viable dags retrieved from /home/vscode/.local/lib/python3.10/site-packages/airflow/example_dags/plugins/workday.py
[2024-09-29T04:37:26.139+0000] {processor.py:179} INFO - Processing /home/vscode/.local/lib/python3.10/site-packages/airflow/example_dags/plugins/workday.py took 0.013 seconds
[2024-09-29T04:37:58.587+0000] {processor.py:157} INFO - Started process (PID=15552) to work on /home/vscode/.local/lib/python3.10/site-packages/airflow/example_dags/plugins/workday.py
[2024-09-29T04:37:58.587+0000] {processor.py:826} INFO - Processing file /home/vscode/.local/lib/python3.10/site-packages/airflow/example_dags/plugins/workday.py for tasks to queue
[2024-09-29T04:37:58.588+0000] {logging_mixin.py:150} INFO - [2024-09-29T04:37:58.588+0000] {dagbag.py:541} INFO - Filling up the DagBag from /home/vscode/.local/lib/python3.10/site-packages/airflow/example_dags/plugins/workday.py
[2024-09-29T04:37:58.590+0000] {logging_mixin.py:150} INFO - [2024-09-29T04:37:58.590+0000] {workday.py:36} WARNING - Could not import pandas. Holidays will not be considered.
[2024-09-29T04:37:58.591+0000] {processor.py:838} WARNING - No viable dags retrieved from /home/vscode/.local/lib/python3.10/site-packages/airflow/example_dags/plugins/workday.py
[2024-09-29T04:37:58.598+0000] {processor.py:179} INFO - Processing /home/vscode/.local/lib/python3.10/site-packages/airflow/example_dags/plugins/workday.py took 0.013 seconds
[2024-09-29T04:38:33.985+0000] {processor.py:157} INFO - Started process (PID=15932) to work on /home/vscode/.local/lib/python3.10/site-packages/airflow/example_dags/plugins/workday.py
[2024-09-29T04:38:33.985+0000] {processor.py:826} INFO - Processing file /home/vscode/.local/lib/python3.10/site-packages/airflow/example_dags/plugins/workday.py for tasks to queue
[2024-09-29T04:38:33.986+0000] {logging_mixin.py:150} INFO - [2024-09-29T04:38:33.986+0000] {dagbag.py:541} INFO - Filling up the DagBag from /home/vscode/.local/lib/python3.10/site-packages/airflow/example_dags/plugins/workday.py
[2024-09-29T04:38:33.988+0000] {logging_mixin.py:150} INFO - [2024-09-29T04:38:33.988+0000] {workday.py:36} WARNING - Could not import pandas. Holidays will not be considered.
[2024-09-29T04:38:33.988+0000] {processor.py:838} WARNING - No viable dags retrieved from /home/vscode/.local/lib/python3.10/site-packages/airflow/example_dags/plugins/workday.py
[2024-09-29T04:38:33.995+0000] {processor.py:179} INFO - Processing /home/vscode/.local/lib/python3.10/site-packages/airflow/example_dags/plugins/workday.py took 0.013 seconds
[2024-09-29T04:39:06.542+0000] {processor.py:157} INFO - Started process (PID=16277) to work on /home/vscode/.local/lib/python3.10/site-packages/airflow/example_dags/plugins/workday.py
[2024-09-29T04:39:06.543+0000] {processor.py:826} INFO - Processing file /home/vscode/.local/lib/python3.10/site-packages/airflow/example_dags/plugins/workday.py for tasks to queue
[2024-09-29T04:39:06.544+0000] {logging_mixin.py:150} INFO - [2024-09-29T04:39:06.544+0000] {dagbag.py:541} INFO - Filling up the DagBag from /home/vscode/.local/lib/python3.10/site-packages/airflow/example_dags/plugins/workday.py
[2024-09-29T04:39:06.547+0000] {logging_mixin.py:150} INFO - [2024-09-29T04:39:06.547+0000] {workday.py:36} WARNING - Could not import pandas. Holidays will not be considered.
[2024-09-29T04:39:06.548+0000] {processor.py:838} WARNING - No viable dags retrieved from /home/vscode/.local/lib/python3.10/site-packages/airflow/example_dags/plugins/workday.py
[2024-09-29T04:39:06.560+0000] {processor.py:179} INFO - Processing /home/vscode/.local/lib/python3.10/site-packages/airflow/example_dags/plugins/workday.py took 0.021 seconds
[2024-09-29T04:39:43.127+0000] {processor.py:157} INFO - Started process (PID=16614) to work on /home/vscode/.local/lib/python3.10/site-packages/airflow/example_dags/plugins/workday.py
[2024-09-29T04:39:43.128+0000] {processor.py:826} INFO - Processing file /home/vscode/.local/lib/python3.10/site-packages/airflow/example_dags/plugins/workday.py for tasks to queue
[2024-09-29T04:39:43.129+0000] {logging_mixin.py:150} INFO - [2024-09-29T04:39:43.128+0000] {dagbag.py:541} INFO - Filling up the DagBag from /home/vscode/.local/lib/python3.10/site-packages/airflow/example_dags/plugins/workday.py
[2024-09-29T04:39:43.131+0000] {logging_mixin.py:150} INFO - [2024-09-29T04:39:43.131+0000] {workday.py:36} WARNING - Could not import pandas. Holidays will not be considered.
[2024-09-29T04:39:43.131+0000] {processor.py:838} WARNING - No viable dags retrieved from /home/vscode/.local/lib/python3.10/site-packages/airflow/example_dags/plugins/workday.py
[2024-09-29T04:39:43.138+0000] {processor.py:179} INFO - Processing /home/vscode/.local/lib/python3.10/site-packages/airflow/example_dags/plugins/workday.py took 0.013 seconds
[2024-09-29T04:58:29.774+0000] {processor.py:157} INFO - Started process (PID=23524) to work on /home/vscode/.local/lib/python3.10/site-packages/airflow/example_dags/plugins/workday.py
[2024-09-29T04:58:29.774+0000] {processor.py:826} INFO - Processing file /home/vscode/.local/lib/python3.10/site-packages/airflow/example_dags/plugins/workday.py for tasks to queue
[2024-09-29T04:58:29.775+0000] {logging_mixin.py:150} INFO - [2024-09-29T04:58:29.775+0000] {dagbag.py:541} INFO - Filling up the DagBag from /home/vscode/.local/lib/python3.10/site-packages/airflow/example_dags/plugins/workday.py
[2024-09-29T04:58:29.777+0000] {logging_mixin.py:150} INFO - [2024-09-29T04:58:29.777+0000] {workday.py:36} WARNING - Could not import pandas. Holidays will not be considered.
[2024-09-29T04:58:29.777+0000] {processor.py:838} WARNING - No viable dags retrieved from /home/vscode/.local/lib/python3.10/site-packages/airflow/example_dags/plugins/workday.py
[2024-09-29T04:58:29.784+0000] {processor.py:179} INFO - Processing /home/vscode/.local/lib/python3.10/site-packages/airflow/example_dags/plugins/workday.py took 0.012 seconds
[2024-09-29T04:59:21.719+0000] {processor.py:157} INFO - Started process (PID=23964) to work on /home/vscode/.local/lib/python3.10/site-packages/airflow/example_dags/plugins/workday.py
[2024-09-29T04:59:21.720+0000] {processor.py:826} INFO - Processing file /home/vscode/.local/lib/python3.10/site-packages/airflow/example_dags/plugins/workday.py for tasks to queue
[2024-09-29T04:59:21.721+0000] {logging_mixin.py:150} INFO - [2024-09-29T04:59:21.720+0000] {dagbag.py:541} INFO - Filling up the DagBag from /home/vscode/.local/lib/python3.10/site-packages/airflow/example_dags/plugins/workday.py
[2024-09-29T04:59:21.723+0000] {logging_mixin.py:150} INFO - [2024-09-29T04:59:21.723+0000] {workday.py:36} WARNING - Could not import pandas. Holidays will not be considered.
[2024-09-29T04:59:21.723+0000] {processor.py:838} WARNING - No viable dags retrieved from /home/vscode/.local/lib/python3.10/site-packages/airflow/example_dags/plugins/workday.py
[2024-09-29T04:59:21.730+0000] {processor.py:179} INFO - Processing /home/vscode/.local/lib/python3.10/site-packages/airflow/example_dags/plugins/workday.py took 0.013 seconds
[2024-09-29T04:59:58.208+0000] {processor.py:157} INFO - Started process (PID=24232) to work on /home/vscode/.local/lib/python3.10/site-packages/airflow/example_dags/plugins/workday.py
[2024-09-29T04:59:58.209+0000] {processor.py:826} INFO - Processing file /home/vscode/.local/lib/python3.10/site-packages/airflow/example_dags/plugins/workday.py for tasks to queue
[2024-09-29T04:59:58.210+0000] {logging_mixin.py:150} INFO - [2024-09-29T04:59:58.210+0000] {dagbag.py:541} INFO - Filling up the DagBag from /home/vscode/.local/lib/python3.10/site-packages/airflow/example_dags/plugins/workday.py
[2024-09-29T04:59:58.212+0000] {logging_mixin.py:150} INFO - [2024-09-29T04:59:58.212+0000] {workday.py:36} WARNING - Could not import pandas. Holidays will not be considered.
[2024-09-29T04:59:58.212+0000] {processor.py:838} WARNING - No viable dags retrieved from /home/vscode/.local/lib/python3.10/site-packages/airflow/example_dags/plugins/workday.py
[2024-09-29T04:59:58.219+0000] {processor.py:179} INFO - Processing /home/vscode/.local/lib/python3.10/site-packages/airflow/example_dags/plugins/workday.py took 0.013 seconds
[2024-09-29T05:00:31.107+0000] {processor.py:157} INFO - Started process (PID=24502) to work on /home/vscode/.local/lib/python3.10/site-packages/airflow/example_dags/plugins/workday.py
[2024-09-29T05:00:31.107+0000] {processor.py:826} INFO - Processing file /home/vscode/.local/lib/python3.10/site-packages/airflow/example_dags/plugins/workday.py for tasks to queue
[2024-09-29T05:00:31.108+0000] {logging_mixin.py:150} INFO - [2024-09-29T05:00:31.108+0000] {dagbag.py:541} INFO - Filling up the DagBag from /home/vscode/.local/lib/python3.10/site-packages/airflow/example_dags/plugins/workday.py
[2024-09-29T05:00:31.110+0000] {logging_mixin.py:150} INFO - [2024-09-29T05:00:31.110+0000] {workday.py:36} WARNING - Could not import pandas. Holidays will not be considered.
[2024-09-29T05:00:31.110+0000] {processor.py:838} WARNING - No viable dags retrieved from /home/vscode/.local/lib/python3.10/site-packages/airflow/example_dags/plugins/workday.py
[2024-09-29T05:00:31.118+0000] {processor.py:179} INFO - Processing /home/vscode/.local/lib/python3.10/site-packages/airflow/example_dags/plugins/workday.py took 0.013 seconds
