[[34m2024-09-29T05:02:02.588+0000[0m] {[34mscheduler_job_runner.py:[0m788} INFO[0m - Starting the scheduler[0m
[[34m2024-09-29T05:02:02.589+0000[0m] {[34mscheduler_job_runner.py:[0m795} INFO[0m - Processing each file at most -1 times[0m
[[34m2024-09-29T05:02:02.594+0000[0m] {[34mmanager.py:[0m165} INFO[0m - Launched DagFileProcessorManager with pid: 25430[0m
[[34m2024-09-29T05:02:02.595+0000[0m] {[34mscheduler_job_runner.py:[0m1553} INFO[0m - Resetting orphaned tasks for active dag runs[0m
[[34m2024-09-29T05:02:02.598+0000[0m] {[34msettings.py:[0m60} INFO[0m - Configured default timezone Timezone('UTC')[0m
[2024-09-29T05:02:02.617+0000] {manager.py:411} WARNING - Because we cannot use more than 1 thread (parsing_processes = 2) when using sqlite. So we set parallelism to 1.
[[34m2024-09-29T05:07:02.753+0000[0m] {[34mscheduler_job_runner.py:[0m1553} INFO[0m - Resetting orphaned tasks for active dag runs[0m
[[34m2024-09-29T05:12:03.302+0000[0m] {[34mscheduler_job_runner.py:[0m1553} INFO[0m - Resetting orphaned tasks for active dag runs[0m
[[34m2024-09-29T05:13:27.901+0000[0m] {[34mscheduler_job_runner.py:[0m411} INFO[0m - 1 tasks up for execution:
	<TaskInstance: one_task_dag.one_task manual__2024-09-29T05:13:25.327104+00:00 [scheduled]>[0m
[[34m2024-09-29T05:13:27.901+0000[0m] {[34mscheduler_job_runner.py:[0m476} INFO[0m - DAG one_task_dag has 0/16 running and queued tasks[0m
[[34m2024-09-29T05:13:27.901+0000[0m] {[34mscheduler_job_runner.py:[0m587} INFO[0m - Setting the following tasks to queued state:
	<TaskInstance: one_task_dag.one_task manual__2024-09-29T05:13:25.327104+00:00 [scheduled]>[0m
[[34m2024-09-29T05:13:27.903+0000[0m] {[34mscheduler_job_runner.py:[0m625} INFO[0m - Sending TaskInstanceKey(dag_id='one_task_dag', task_id='one_task', run_id='manual__2024-09-29T05:13:25.327104+00:00', try_number=1, map_index=-1) to executor with priority 1 and queue default[0m
[[34m2024-09-29T05:13:27.904+0000[0m] {[34mbase_executor.py:[0m147} INFO[0m - Adding to queue: ['airflow', 'tasks', 'run', 'one_task_dag', 'one_task', 'manual__2024-09-29T05:13:25.327104+00:00', '--local', '--subdir', 'DAGS_FOLDER/one_task_dag.py'][0m
[[34m2024-09-29T05:13:27.954+0000[0m] {[34msequential_executor.py:[0m74} INFO[0m - Executing command: ['airflow', 'tasks', 'run', 'one_task_dag', 'one_task', 'manual__2024-09-29T05:13:25.327104+00:00', '--local', '--subdir', 'DAGS_FOLDER/one_task_dag.py'][0m
[[34m2024-09-29T05:13:28.768+0000[0m] {[34mdagbag.py:[0m541} INFO[0m - Filling up the DagBag from /workspaces/hands-on-introduction-data-engineering-4395021/airflow/dags/one_task_dag.py[0m
[[34m2024-09-29T05:13:29.239+0000[0m] {[34mtask_command.py:[0m410} INFO[0m - Running <TaskInstance: one_task_dag.one_task manual__2024-09-29T05:13:25.327104+00:00 [queued]> on host codespaces-c567e2[0m
[[34m2024-09-29T05:13:30.096+0000[0m] {[34mscheduler_job_runner.py:[0m677} INFO[0m - Received executor event with state success for task instance TaskInstanceKey(dag_id='one_task_dag', task_id='one_task', run_id='manual__2024-09-29T05:13:25.327104+00:00', try_number=1, map_index=-1)[0m
[[34m2024-09-29T05:13:30.102+0000[0m] {[34mscheduler_job_runner.py:[0m713} INFO[0m - TaskInstance Finished: dag_id=one_task_dag, task_id=one_task, run_id=manual__2024-09-29T05:13:25.327104+00:00, map_index=-1, run_start_date=2024-09-29 05:13:29.324045+00:00, run_end_date=2024-09-29 05:13:29.760875+00:00, run_duration=0.43683, state=success, executor_state=success, try_number=1, max_tries=0, job_id=4, pool=default_pool, queue=default, priority_weight=1, operator=BashOperator, queued_dttm=2024-09-29 05:13:27.902420+00:00, queued_by_job_id=3, pid=30313[0m
[[34m2024-09-29T05:13:30.188+0000[0m] {[34mdagrun.py:[0m630} INFO[0m - Marking run <DagRun one_task_dag @ 2024-09-29 05:13:25.327104+00:00: manual__2024-09-29T05:13:25.327104+00:00, state:running, queued_at: 2024-09-29 05:13:25.403305+00:00. externally triggered: True> successful[0m
[[34m2024-09-29T05:13:30.189+0000[0m] {[34mdagrun.py:[0m681} INFO[0m - DagRun Finished: dag_id=one_task_dag, execution_date=2024-09-29 05:13:25.327104+00:00, run_id=manual__2024-09-29T05:13:25.327104+00:00, run_start_date=2024-09-29 05:13:26.224848+00:00, run_end_date=2024-09-29 05:13:30.189274+00:00, run_duration=3.964426, state=success, external_trigger=True, run_type=manual, data_interval_start=2024-09-29 05:13:25.327104+00:00, data_interval_end=2024-09-29 05:13:25.327104+00:00, dag_hash=3e1b820a4adcc81953d03899ce23f9da[0m
