2024-09-29 04:34:08,819 INFO - Starting the scheduler
2024-09-29 04:34:08,820 INFO - Processing each file at most -1 times
2024-09-29 04:34:08,825 INFO - Launched DagFileProcessorManager with pid: 13787
2024-09-29 04:34:08,826 INFO - Resetting orphaned tasks for active dag runs
2024-09-29 04:34:08,829 INFO - Configured default timezone Timezone('UTC')
2024-09-29 04:39:09,158 INFO - Resetting orphaned tasks for active dag runs
2024-09-29 04:40:11,839 INFO - Exiting gracefully upon receiving signal 15
2024-09-29 04:40:12,843 INFO - Sending Signals.SIGTERM to group 13787. PIDs of all processes in the group: [13787]
2024-09-29 04:40:12,844 INFO - Sending the signal Signals.SIGTERM to group 13787
2024-09-29 04:40:13,019 INFO - Process psutil.Process(pid=13787, status='terminated', exitcode=0, started='04:34:08') (13787) terminated with exit code 0
2024-09-29 04:40:13,021 INFO - Sending Signals.SIGTERM to group 13787. PIDs of all processes in the group: []
2024-09-29 04:40:13,021 INFO - Sending the signal Signals.SIGTERM to group 13787
2024-09-29 04:40:13,021 INFO - Sending the signal Signals.SIGTERM to process 13787 as process group is missing.
2024-09-29 04:40:13,021 INFO - Exited execute loop
2024-09-29 04:58:27,397 INFO - Starting the scheduler
2024-09-29 04:58:27,397 INFO - Processing each file at most -1 times
2024-09-29 04:58:27,402 INFO - Launched DagFileProcessorManager with pid: 23489
2024-09-29 04:58:27,403 INFO - Resetting orphaned tasks for active dag runs
2024-09-29 04:58:27,406 INFO - Configured default timezone Timezone('UTC')
2024-09-29 05:01:19,330 INFO - Exiting gracefully upon receiving signal 15
2024-09-29 05:01:20,333 INFO - Sending Signals.SIGTERM to group 23489. PIDs of all processes in the group: [23489]
2024-09-29 05:01:20,334 INFO - Sending the signal Signals.SIGTERM to group 23489
2024-09-29 05:01:20,508 INFO - Process psutil.Process(pid=23489, status='terminated', exitcode=0, started='04:58:26') (23489) terminated with exit code 0
2024-09-29 05:01:20,510 INFO - Sending Signals.SIGTERM to group 23489. PIDs of all processes in the group: []
2024-09-29 05:01:20,510 INFO - Sending the signal Signals.SIGTERM to group 23489
2024-09-29 05:01:20,510 INFO - Sending the signal Signals.SIGTERM to process 23489 as process group is missing.
2024-09-29 05:01:20,510 INFO - Exited execute loop
2024-09-29 05:02:02,588 INFO - Starting the scheduler
2024-09-29 05:02:02,589 INFO - Processing each file at most -1 times
2024-09-29 05:02:02,594 INFO - Launched DagFileProcessorManager with pid: 25430
2024-09-29 05:02:02,595 INFO - Resetting orphaned tasks for active dag runs
2024-09-29 05:02:02,598 INFO - Configured default timezone Timezone('UTC')
2024-09-29 05:07:02,753 INFO - Resetting orphaned tasks for active dag runs
2024-09-29 05:12:03,302 INFO - Resetting orphaned tasks for active dag runs
2024-09-29 05:13:27,901 INFO - 1 tasks up for execution:
	<TaskInstance: one_task_dag.one_task manual__2024-09-29T05:13:25.327104+00:00 [scheduled]>
2024-09-29 05:13:27,901 INFO - DAG one_task_dag has 0/16 running and queued tasks
2024-09-29 05:13:27,901 INFO - Setting the following tasks to queued state:
	<TaskInstance: one_task_dag.one_task manual__2024-09-29T05:13:25.327104+00:00 [scheduled]>
2024-09-29 05:13:27,903 INFO - Sending TaskInstanceKey(dag_id='one_task_dag', task_id='one_task', run_id='manual__2024-09-29T05:13:25.327104+00:00', try_number=1, map_index=-1) to executor with priority 1 and queue default
2024-09-29 05:13:27,904 INFO - Adding to queue: ['airflow', 'tasks', 'run', 'one_task_dag', 'one_task', 'manual__2024-09-29T05:13:25.327104+00:00', '--local', '--subdir', 'DAGS_FOLDER/one_task_dag.py']
2024-09-29 05:13:27,954 INFO - Executing command: ['airflow', 'tasks', 'run', 'one_task_dag', 'one_task', 'manual__2024-09-29T05:13:25.327104+00:00', '--local', '--subdir', 'DAGS_FOLDER/one_task_dag.py']
2024-09-29 05:13:30,096 INFO - Received executor event with state success for task instance TaskInstanceKey(dag_id='one_task_dag', task_id='one_task', run_id='manual__2024-09-29T05:13:25.327104+00:00', try_number=1, map_index=-1)
2024-09-29 05:13:30,102 INFO - TaskInstance Finished: dag_id=one_task_dag, task_id=one_task, run_id=manual__2024-09-29T05:13:25.327104+00:00, map_index=-1, run_start_date=2024-09-29 05:13:29.324045+00:00, run_end_date=2024-09-29 05:13:29.760875+00:00, run_duration=0.43683, state=success, executor_state=success, try_number=1, max_tries=0, job_id=4, pool=default_pool, queue=default, priority_weight=1, operator=BashOperator, queued_dttm=2024-09-29 05:13:27.902420+00:00, queued_by_job_id=3, pid=30313
2024-09-29 05:13:30,188 INFO - Marking run <DagRun one_task_dag @ 2024-09-29 05:13:25.327104+00:00: manual__2024-09-29T05:13:25.327104+00:00, state:running, queued_at: 2024-09-29 05:13:25.403305+00:00. externally triggered: True> successful
2024-09-29 05:13:30,189 INFO - DagRun Finished: dag_id=one_task_dag, execution_date=2024-09-29 05:13:25.327104+00:00, run_id=manual__2024-09-29T05:13:25.327104+00:00, run_start_date=2024-09-29 05:13:26.224848+00:00, run_end_date=2024-09-29 05:13:30.189274+00:00, run_duration=3.964426, state=success, external_trigger=True, run_type=manual, data_interval_start=2024-09-29 05:13:25.327104+00:00, data_interval_end=2024-09-29 05:13:25.327104+00:00, dag_hash=3e1b820a4adcc81953d03899ce23f9da
2024-09-29 05:17:03,329 INFO - Resetting orphaned tasks for active dag runs
2024-09-29 05:22:03,874 INFO - Resetting orphaned tasks for active dag runs
2024-09-29 05:24:40,417 INFO - 1 tasks up for execution:
	<TaskInstance: two_task_dag.bash_task_0 manual__2024-09-29T05:24:39.706209+00:00 [scheduled]>
2024-09-29 05:24:40,417 INFO - DAG two_task_dag has 0/16 running and queued tasks
2024-09-29 05:24:40,417 INFO - Setting the following tasks to queued state:
	<TaskInstance: two_task_dag.bash_task_0 manual__2024-09-29T05:24:39.706209+00:00 [scheduled]>
2024-09-29 05:24:40,419 INFO - Sending TaskInstanceKey(dag_id='two_task_dag', task_id='bash_task_0', run_id='manual__2024-09-29T05:24:39.706209+00:00', try_number=1, map_index=-1) to executor with priority 2 and queue default
2024-09-29 05:24:40,419 INFO - Adding to queue: ['airflow', 'tasks', 'run', 'two_task_dag', 'bash_task_0', 'manual__2024-09-29T05:24:39.706209+00:00', '--local', '--subdir', 'DAGS_FOLDER/two_task_dag.py']
2024-09-29 05:24:40,478 INFO - Executing command: ['airflow', 'tasks', 'run', 'two_task_dag', 'bash_task_0', 'manual__2024-09-29T05:24:39.706209+00:00', '--local', '--subdir', 'DAGS_FOLDER/two_task_dag.py']
2024-09-29 05:24:42,747 INFO - Received executor event with state success for task instance TaskInstanceKey(dag_id='two_task_dag', task_id='bash_task_0', run_id='manual__2024-09-29T05:24:39.706209+00:00', try_number=1, map_index=-1)
2024-09-29 05:24:42,750 INFO - TaskInstance Finished: dag_id=two_task_dag, task_id=bash_task_0, run_id=manual__2024-09-29T05:24:39.706209+00:00, map_index=-1, run_start_date=2024-09-29 05:24:41.845674+00:00, run_end_date=2024-09-29 05:24:42.297887+00:00, run_duration=0.452213, state=success, executor_state=success, try_number=1, max_tries=0, job_id=5, pool=default_pool, queue=default, priority_weight=2, operator=BashOperator, queued_dttm=2024-09-29 05:24:40.418358+00:00, queued_by_job_id=3, pid=35436
2024-09-29 05:24:43,103 INFO - 1 tasks up for execution:
	<TaskInstance: two_task_dag.bash_task_1 manual__2024-09-29T05:24:39.706209+00:00 [scheduled]>
2024-09-29 05:24:43,103 INFO - DAG two_task_dag has 0/16 running and queued tasks
2024-09-29 05:24:43,103 INFO - Setting the following tasks to queued state:
	<TaskInstance: two_task_dag.bash_task_1 manual__2024-09-29T05:24:39.706209+00:00 [scheduled]>
2024-09-29 05:24:43,105 INFO - Sending TaskInstanceKey(dag_id='two_task_dag', task_id='bash_task_1', run_id='manual__2024-09-29T05:24:39.706209+00:00', try_number=1, map_index=-1) to executor with priority 1 and queue default
2024-09-29 05:24:43,105 INFO - Adding to queue: ['airflow', 'tasks', 'run', 'two_task_dag', 'bash_task_1', 'manual__2024-09-29T05:24:39.706209+00:00', '--local', '--subdir', 'DAGS_FOLDER/two_task_dag.py']
2024-09-29 05:24:43,169 INFO - Executing command: ['airflow', 'tasks', 'run', 'two_task_dag', 'bash_task_1', 'manual__2024-09-29T05:24:39.706209+00:00', '--local', '--subdir', 'DAGS_FOLDER/two_task_dag.py']
2024-09-29 05:24:50,425 INFO - Received executor event with state success for task instance TaskInstanceKey(dag_id='two_task_dag', task_id='bash_task_1', run_id='manual__2024-09-29T05:24:39.706209+00:00', try_number=1, map_index=-1)
2024-09-29 05:24:50,428 INFO - TaskInstance Finished: dag_id=two_task_dag, task_id=bash_task_1, run_id=manual__2024-09-29T05:24:39.706209+00:00, map_index=-1, run_start_date=2024-09-29 05:24:44.582386+00:00, run_end_date=2024-09-29 05:24:49.989504+00:00, run_duration=5.407118, state=success, executor_state=success, try_number=1, max_tries=0, job_id=6, pool=default_pool, queue=default, priority_weight=1, operator=BashOperator, queued_dttm=2024-09-29 05:24:43.104331+00:00, queued_by_job_id=3, pid=35455
2024-09-29 05:24:50,511 INFO - Marking run <DagRun two_task_dag @ 2024-09-29 05:24:39.706209+00:00: manual__2024-09-29T05:24:39.706209+00:00, state:running, queued_at: 2024-09-29 05:24:39.760714+00:00. externally triggered: True> successful
2024-09-29 05:24:50,511 INFO - DagRun Finished: dag_id=two_task_dag, execution_date=2024-09-29 05:24:39.706209+00:00, run_id=manual__2024-09-29T05:24:39.706209+00:00, run_start_date=2024-09-29 05:24:40.296047+00:00, run_end_date=2024-09-29 05:24:50.511688+00:00, run_duration=10.215641, state=success, external_trigger=True, run_type=manual, data_interval_start=2024-09-29 05:24:39.706209+00:00, data_interval_end=2024-09-29 05:24:39.706209+00:00, dag_hash=a09d6de304709dd5ea129fc4a5b66bc1
2024-09-29 05:25:29,587 INFO - 1 tasks up for execution:
	<TaskInstance: two_task_dag.bash_task_0 manual__2024-09-29T05:25:28.285095+00:00 [scheduled]>
2024-09-29 05:25:29,588 INFO - DAG two_task_dag has 0/16 running and queued tasks
2024-09-29 05:25:29,588 INFO - Setting the following tasks to queued state:
	<TaskInstance: two_task_dag.bash_task_0 manual__2024-09-29T05:25:28.285095+00:00 [scheduled]>
2024-09-29 05:25:29,589 INFO - Sending TaskInstanceKey(dag_id='two_task_dag', task_id='bash_task_0', run_id='manual__2024-09-29T05:25:28.285095+00:00', try_number=1, map_index=-1) to executor with priority 2 and queue default
2024-09-29 05:25:29,589 INFO - Adding to queue: ['airflow', 'tasks', 'run', 'two_task_dag', 'bash_task_0', 'manual__2024-09-29T05:25:28.285095+00:00', '--local', '--subdir', 'DAGS_FOLDER/two_task_dag.py']
2024-09-29 05:25:29,653 INFO - Executing command: ['airflow', 'tasks', 'run', 'two_task_dag', 'bash_task_0', 'manual__2024-09-29T05:25:28.285095+00:00', '--local', '--subdir', 'DAGS_FOLDER/two_task_dag.py']
2024-09-29 05:25:31,781 INFO - Received executor event with state success for task instance TaskInstanceKey(dag_id='two_task_dag', task_id='bash_task_0', run_id='manual__2024-09-29T05:25:28.285095+00:00', try_number=1, map_index=-1)
2024-09-29 05:25:31,784 INFO - TaskInstance Finished: dag_id=two_task_dag, task_id=bash_task_0, run_id=manual__2024-09-29T05:25:28.285095+00:00, map_index=-1, run_start_date=2024-09-29 05:25:30.959400+00:00, run_end_date=2024-09-29 05:25:31.336537+00:00, run_duration=0.377137, state=success, executor_state=success, try_number=1, max_tries=0, job_id=7, pool=default_pool, queue=default, priority_weight=2, operator=BashOperator, queued_dttm=2024-09-29 05:25:29.588674+00:00, queued_by_job_id=3, pid=35761
2024-09-29 05:25:31,865 INFO - 1 tasks up for execution:
	<TaskInstance: two_task_dag.bash_task_1 manual__2024-09-29T05:25:28.285095+00:00 [scheduled]>
2024-09-29 05:25:31,865 INFO - DAG two_task_dag has 0/16 running and queued tasks
2024-09-29 05:25:31,865 INFO - Setting the following tasks to queued state:
	<TaskInstance: two_task_dag.bash_task_1 manual__2024-09-29T05:25:28.285095+00:00 [scheduled]>
2024-09-29 05:25:31,866 INFO - Sending TaskInstanceKey(dag_id='two_task_dag', task_id='bash_task_1', run_id='manual__2024-09-29T05:25:28.285095+00:00', try_number=1, map_index=-1) to executor with priority 1 and queue default
2024-09-29 05:25:31,867 INFO - Adding to queue: ['airflow', 'tasks', 'run', 'two_task_dag', 'bash_task_1', 'manual__2024-09-29T05:25:28.285095+00:00', '--local', '--subdir', 'DAGS_FOLDER/two_task_dag.py']
2024-09-29 05:25:31,920 INFO - Executing command: ['airflow', 'tasks', 'run', 'two_task_dag', 'bash_task_1', 'manual__2024-09-29T05:25:28.285095+00:00', '--local', '--subdir', 'DAGS_FOLDER/two_task_dag.py']
2024-09-29 05:25:39,696 INFO - Received executor event with state success for task instance TaskInstanceKey(dag_id='two_task_dag', task_id='bash_task_1', run_id='manual__2024-09-29T05:25:28.285095+00:00', try_number=1, map_index=-1)
2024-09-29 05:25:39,754 INFO - TaskInstance Finished: dag_id=two_task_dag, task_id=bash_task_1, run_id=manual__2024-09-29T05:25:28.285095+00:00, map_index=-1, run_start_date=2024-09-29 05:25:33.430602+00:00, run_end_date=2024-09-29 05:25:39.188778+00:00, run_duration=5.758176, state=success, executor_state=success, try_number=1, max_tries=0, job_id=8, pool=default_pool, queue=default, priority_weight=1, operator=BashOperator, queued_dttm=2024-09-29 05:25:31.865929+00:00, queued_by_job_id=3, pid=35779
2024-09-29 05:25:41,334 INFO - Marking run <DagRun two_task_dag @ 2024-09-29 05:25:28.285095+00:00: manual__2024-09-29T05:25:28.285095+00:00, state:running, queued_at: 2024-09-29 05:25:28.290792+00:00. externally triggered: True> successful
2024-09-29 05:25:41,335 INFO - DagRun Finished: dag_id=two_task_dag, execution_date=2024-09-29 05:25:28.285095+00:00, run_id=manual__2024-09-29T05:25:28.285095+00:00, run_start_date=2024-09-29 05:25:29.468103+00:00, run_end_date=2024-09-29 05:25:41.335312+00:00, run_duration=11.867209, state=success, external_trigger=True, run_type=manual, data_interval_start=2024-09-29 05:25:28.285095+00:00, data_interval_end=2024-09-29 05:25:28.285095+00:00, dag_hash=a09d6de304709dd5ea129fc4a5b66bc1
2024-09-29 05:27:03,902 INFO - Resetting orphaned tasks for active dag runs
2024-09-29 05:32:03,930 INFO - Resetting orphaned tasks for active dag runs
2024-09-29 05:37:03,969 INFO - Resetting orphaned tasks for active dag runs
2024-09-29 05:42:04,008 INFO - Resetting orphaned tasks for active dag runs
2024-09-29 05:47:04,039 INFO - Resetting orphaned tasks for active dag runs
2024-09-29 05:52:04,064 INFO - Resetting orphaned tasks for active dag runs
